#
# There is insufficient memory for the Java Runtime Environment to continue.
# Native memory allocation (mmap) failed to map 62914560 bytes. Error detail: G1 virtual space
# Possible reasons:
#   The system is out of physical RAM or swap space
#   This process is running with CompressedOops enabled, and the Java Heap may be blocking the growth of the native heap
# Possible solutions:
#   Reduce memory load on the system
#   Increase physical memory or swap space
#   Check if swap backing store is full
#   Decrease Java heap size (-Xmx/-Xms)
#   Decrease number of Java threads
#   Decrease Java thread stack sizes (-Xss)
#   Set larger code cache with -XX:ReservedCodeCacheSize=
#   JVM is running with Unscaled Compressed Oops mode in which the Java heap is
#     placed in the first 4GB address space. The Java Heap base address is the
#     maximum limit for the native heap growth. Please use -XX:HeapBaseMinAddress
#     to set the Java Heap base and to place the Java Heap above 4GB virtual address.
# This output file may be truncated or incomplete.
#
#  Out of Memory Error (os_windows.cpp:3564), pid=41304, tid=24332
#
# JRE version:  (24.0.1+9) (build )
# Java VM: Java HotSpot(TM) 64-Bit Server VM (24.0.1+9-30, mixed mode, sharing, tiered, compressed oops, compressed class ptrs, g1 gc, windows-amd64)
# No core dump will be written. Minidumps are not enabled by default on client versions of Windows
#

---------------  S U M M A R Y ------------

Command Line: C:\Users\ADMIN\AppData\Local\Temp\surefire7287329239540472081\surefirebooter-20250531145659568_3.jar C:\Users\ADMIN\AppData\Local\Temp\surefire7287329239540472081 2025-05-31T14-56-58_045-jvmRun1 surefire-20250531145659568_1tmp surefire_0-20250531145659568_2tmp

Host: Intel(R) Core(TM) i3-1005G1 CPU @ 1.20GHz, 4 cores, 3G,  Windows 11 , 64 bit Build 22621 (10.0.22621.5262)
Time: Sat May 31 14:57:00 2025 SE Asia Standard Time elapsed time: 0.135532 seconds (0d 0h 0m 0s)

---------------  T H R E A D  ---------------

Current thread (0x000001f740692970):  JavaThread "Unknown thread" [_thread_in_vm, id=24332, stack(0x0000008bcd900000,0x0000008bcda00000) (1024K)]

Stack: [0x0000008bcd900000,0x0000008bcda00000]
Native frames: (J=compiled Java code, j=interpreted, Vv=VM code, C=native code)
V  [jvm.dll+0x730739]  (no source info available)
V  [jvm.dll+0x8d9b23]  (no source info available)
V  [jvm.dll+0x8dc00d]  (no source info available)
V  [jvm.dll+0x8dc683]  (no source info available)
V  [jvm.dll+0x2aa086]  (no source info available)
V  [jvm.dll+0x72cc65]  (no source info available)
V  [jvm.dll+0x72059a]  (no source info available)
V  [jvm.dll+0x390cea]  (no source info available)
V  [jvm.dll+0x3989f6]  (no source info available)
V  [jvm.dll+0x38523e]  (no source info available)
V  [jvm.dll+0x3854f8]  (no source info available)
V  [jvm.dll+0x35d0cc]  (no source info available)
V  [jvm.dll+0x35dd8d]  (no source info available)
V  [jvm.dll+0x89d28f]  (no source info available)
V  [jvm.dll+0x3f985d]  (no source info available)
V  [jvm.dll+0x8858e6]  (no source info available)
V  [jvm.dll+0x495f3e]  (no source info available)
V  [jvm.dll+0x497d11]  (no source info available)
C  [jli.dll+0x52a1]  (no source info available)
C  [ucrtbase.dll+0x29333]  (no source info available)
C  [KERNEL32.DLL+0x1259d]  (no source info available)
C  [ntdll.dll+0x5af58]  (no source info available)

Lock stack of current Java thread (top to bottom):


---------------  P R O C E S S  ---------------

Threads class SMR info:
_java_thread_list=0x00007ffcb3b5f318, length=0, elements={
}

Java Threads: ( => current thread )
Total: 0

Other Threads:
  0x000001f7428f4ea0 WorkerThread "GC Thread#0"                     [id=28256, stack(0x0000008bcda00000,0x0000008bcdb00000) (1024K)]
  0x000001f742900220 ConcurrentGCThread "G1 Main Marker"            [id=41512, stack(0x0000008bcdb00000,0x0000008bcdc00000) (1024K)]
  0x000001f742900c30 WorkerThread "G1 Conc#0"                       [id=26724, stack(0x0000008bcdc00000,0x0000008bcdd00000) (1024K)]

[error occurred during error reporting (printing all threads), id 0xc0000005, EXCEPTION_ACCESS_VIOLATION (0xc0000005) at pc=0x00007ffcb32914ea]
VM state: not at safepoint (not fully initialized)

VM Mutex/Monitor currently owned by a thread:  ([mutex/lock_event])
[0x00007ffcb3be45b0] Heap_lock - owner thread: 0x000001f740692970

Heap address: 0x00000000c4c00000, size: 948 MB, Compressed Oops mode: 32-bit

CDS archive(s) mapped at: [0x0000000000000000-0x0000000000000000-0x0000000000000000), size 0, SharedBaseAddress: 0x0000000800000000, ArchiveRelocationMode: 1.
UseCompressedClassPointers 1, UseCompactObjectHeaders 0
Narrow klass pointer bits 32, Max shift 3
Narrow klass base: 0xffffffffffffffff, Narrow klass shift: -1
Encoding Range: [0xffffffffffffffff - 0x000000007fffffff), (2147483648 bytes)
Klass Range:    [0x0000000000000000 - 0x0000000000000000), (0 bytes)
Klass ID Range:  [4294967295 - 0) (1)

GC Precious Log:
 CardTable entry size: 512
 Card Set container configuration: InlinePtr #cards 5 size 8 Array Of Cards #cards 10 size 36 Howl #buckets 4 coarsen threshold 1843 Howl Bitmap #cards 512 size 80 coarsen threshold 460 Card regions per heap region 1 cards per card region 2048

Heap:
 garbage-first heap   total reserved 970752K, committed 0K, used 0K [0x00000000c4c00000, 0x0000000100000000)
  region size 1024K, 0 young (0K), 0 survivors (0K)

[error occurred during error reporting (printing heap information), id 0xc0000005, EXCEPTION_ACCESS_VIOLATION (0xc0000005) at pc=0x00007ffcb36ae3e9]
GC Heap History (0 events):
No events

Dll operation events (1 events):
Event: 0.098 Loaded shared library C:\Program Files\Java\jdk-24\bin\java.dll

Deoptimization events (0 events):
No events

Classes loaded (0 events):
No events

Classes unloaded (0 events):
No events

Classes redefined (0 events):
No events

Internal exceptions (0 events):
No events

VM Operations (0 events):
No events

Memory protections (0 events):
No events

Nmethod flushes (0 events):
No events

Events (0 events):
No events


Dynamic libraries:
0x00007ff65ce80000 - 0x00007ff65ce90000 	C:\Program Files\Java\jdk-24\bin\java.exe
0x00007ffd28bb0000 - 0x00007ffd28dc7000 	C:\WINDOWS\SYSTEM32\ntdll.dll
0x00007ffd278e0000 - 0x00007ffd279a4000 	C:\WINDOWS\System32\KERNEL32.DLL
0x00007ffd26100000 - 0x00007ffd264d3000 	C:\WINDOWS\System32\KERNELBASE.dll
0x00007ffd25ca0000 - 0x00007ffd25db1000 	C:\WINDOWS\System32\ucrtbase.dll
0x00007ffd0be90000 - 0x00007ffd0bea6000 	C:\Program Files\Java\jdk-24\bin\jli.dll
0x00007ffd0b6a0000 - 0x00007ffd0b6bb000 	C:\Program Files\Java\jdk-24\bin\VCRUNTIME140.dll
0x00007ffd273b0000 - 0x00007ffd27561000 	C:\WINDOWS\System32\USER32.dll
0x00007ffd25e40000 - 0x00007ffd25e66000 	C:\WINDOWS\System32\win32u.dll
0x00007ffd27820000 - 0x00007ffd27849000 	C:\WINDOWS\System32\GDI32.dll
0x00007ffd26710000 - 0x00007ffd26832000 	C:\WINDOWS\System32\gdi32full.dll
0x00007ffd25e70000 - 0x00007ffd25f0a000 	C:\WINDOWS\System32\msvcp_win.dll
0x00007ffd07a40000 - 0x00007ffd07cdb000 	C:\WINDOWS\WinSxS\amd64_microsoft.windows.common-controls_6595b64144ccf1df_6.0.22621.5262_none_2712bde373830908\COMCTL32.dll
0x00007ffd27720000 - 0x00007ffd277c7000 	C:\WINDOWS\System32\msvcrt.dll
0x00007ffd269a0000 - 0x00007ffd269d1000 	C:\WINDOWS\System32\IMM32.DLL
0x00007ffd1fd70000 - 0x00007ffd1fd7c000 	C:\Program Files\Java\jdk-24\bin\vcruntime140_1.dll
0x00007ffccdde0000 - 0x00007ffccde6e000 	C:\Program Files\Java\jdk-24\bin\msvcp140.dll
0x00007ffcb2f20000 - 0x00007ffcb3cc2000 	C:\Program Files\Java\jdk-24\bin\server\jvm.dll
0x00007ffd26850000 - 0x00007ffd26901000 	C:\WINDOWS\System32\ADVAPI32.dll
0x00007ffd269e0000 - 0x00007ffd26a87000 	C:\WINDOWS\System32\sechost.dll
0x00007ffd260d0000 - 0x00007ffd260f8000 	C:\WINDOWS\System32\bcrypt.dll
0x00007ffd286e0000 - 0x00007ffd287f4000 	C:\WINDOWS\System32\RPCRT4.dll
0x00007ffd283b0000 - 0x00007ffd28421000 	C:\WINDOWS\System32\WS2_32.dll
0x00007ffd25b70000 - 0x00007ffd25bbd000 	C:\WINDOWS\SYSTEM32\POWRPROF.dll
0x00007ffd1f730000 - 0x00007ffd1f73a000 	C:\WINDOWS\SYSTEM32\VERSION.dll
0x00007ffd1fbc0000 - 0x00007ffd1fbf4000 	C:\WINDOWS\SYSTEM32\WINMM.dll
0x00007ffd25b50000 - 0x00007ffd25b63000 	C:\WINDOWS\SYSTEM32\UMPDC.dll
0x00007ffd24ca0000 - 0x00007ffd24cb8000 	C:\WINDOWS\SYSTEM32\kernel.appcore.dll
0x00007ffd1dc90000 - 0x00007ffd1dc9a000 	C:\Program Files\Java\jdk-24\bin\jimage.dll
0x00007ffd234b0000 - 0x00007ffd236e2000 	C:\WINDOWS\SYSTEM32\DBGHELP.DLL
0x00007ffd28010000 - 0x00007ffd283a3000 	C:\WINDOWS\System32\combase.dll
0x00007ffd28600000 - 0x00007ffd286d7000 	C:\WINDOWS\System32\OLEAUT32.dll
0x00007ffd1dbb0000 - 0x00007ffd1dbe2000 	C:\WINDOWS\SYSTEM32\dbgcore.DLL
0x00007ffd25dc0000 - 0x00007ffd25e3b000 	C:\WINDOWS\System32\bcryptPrimitives.dll
0x00007ffd0b260000 - 0x00007ffd0b27e000 	C:\Program Files\Java\jdk-24\bin\java.dll
0x00007ffd27570000 - 0x00007ffd27711000 	C:\WINDOWS\System32\ole32.dll
0x00007ffd26aa0000 - 0x00007ffd2733d000 	C:\WINDOWS\System32\SHELL32.dll
0x00007ffd25f90000 - 0x00007ffd260cf000 	C:\WINDOWS\System32\wintypes.dll

JVMTI agents: none

dbghelp: loaded successfully - version: 4.0.5 - missing functions: none
symbol engine: initialized successfully - sym options: 0x614 - pdb path: .;C:\Program Files\Java\jdk-24\bin;C:\WINDOWS\SYSTEM32;C:\WINDOWS\WinSxS\amd64_microsoft.windows.common-controls_6595b64144ccf1df_6.0.22621.5262_none_2712bde373830908;C:\Program Files\Java\jdk-24\bin\server

VM Arguments:
java_command: C:\Users\ADMIN\AppData\Local\Temp\surefire7287329239540472081\surefirebooter-20250531145659568_3.jar C:\Users\ADMIN\AppData\Local\Temp\surefire7287329239540472081 2025-05-31T14-56-58_045-jvmRun1 surefire-20250531145659568_1tmp surefire_0-20250531145659568_2tmp
java_class_path (initial): C:\Users\ADMIN\AppData\Local\Temp\surefire7287329239540472081\surefirebooter-20250531145659568_3.jar
Launcher Type: SUN_STANDARD

[Global flags]
     intx CICompilerCount                          = 3                                         {product} {ergonomic}
     uint ConcGCThreads                            = 1                                         {product} {ergonomic}
     uint G1ConcRefinementThreads                  = 4                                         {product} {ergonomic}
   size_t G1HeapRegionSize                         = 1048576                                   {product} {ergonomic}
   size_t InitialHeapSize                          = 62914560                                  {product} {ergonomic}
   size_t MarkStackSize                            = 4194304                                   {product} {ergonomic}
   size_t MarkStackSizeMax                         = 536870912                                 {product} {ergonomic}
   size_t MaxHeapSize                              = 994050048                                 {product} {ergonomic}
   size_t MinHeapDeltaBytes                        = 1048576                                   {product} {ergonomic}
   size_t MinHeapSize                              = 8388608                                   {product} {ergonomic}
    uintx NonNMethodCodeHeapSize                   = 5832704                                {pd product} {ergonomic}
    uintx NonProfiledCodeHeapSize                  = 122945536                              {pd product} {ergonomic}
    uintx ProfiledCodeHeapSize                     = 122880000                              {pd product} {ergonomic}
    uintx ReservedCodeCacheSize                    = 251658240                              {pd product} {ergonomic}
     bool SegmentedCodeCache                       = true                                      {product} {ergonomic}
   size_t SoftMaxHeapSize                          = 994050048                              {manageable} {ergonomic}
     bool UseCompressedOops                        = true                           {product lp64_product} {ergonomic}
     bool UseG1GC                                  = true                                      {product} {ergonomic}
     bool UseLargePagesIndividualAllocation        = false                                  {pd product} {ergonomic}

Logging:
Log output configuration:
 #0: stdout all=warning uptime,level,tags foldmultilines=false
 #1: stderr all=off uptime,level,tags foldmultilines=false

Environment Variables:
JAVA_HOME=C:\Program Files\Java\jdk-24
PATH=C:\Program Files\Common Files\Oracle\Java\javapath;C:\WINDOWS\system32;C:\WINDOWS;C:\WINDOWS\System32\Wbem;C:\WINDOWS\System32\WindowsPowerShell\v1.0\;C:\WINDOWS\System32\OpenSSH\;C:\MinGW\bin;C:\MinGW\mingw32\bin;E:\msys64\ucrt64\bin;C:\Program Files (x86)\Microsoft SQL Server\160\Tools\Binn\;C:\Program Files\Microsoft SQL Server\160\Tools\Binn\;C:\Program Files\Microsoft SQL Server\Client SDK\ODBC\170\Tools\Binn\;C:\Program Files\Microsoft SQL Server\160\DTS\Binn\;C:\Program Files (x86)\Microsoft SQL Server\160\DTS\Binn\;C:\Users\ADMIN\AppData\Local\Microsoft\WindowsApps;C:\Program Files\JetBrains\PyCharm Community Edition 2021.3.3\bin;E:\Microsoft VS Code\bin;C:\Program Files (x86)\Nmap;C:\Users\ADMIN\AppData\Local\Microsoft\WinGet\Packages\Schniz.fnm_Microsoft.Winget.Source_8wekyb3d8bbwe;C:\Users\ADMIN\AppData\Roaming\fnm\node-versions\v22.14.0\installation;C:\Program Files\Erlang OTP\bin;C:\Program Files\RabbitMQ Server\rabbitmq_server-4.0.7\sbin;C:\Program Files\Java\jdk-24\bin;C:\Program Files\Docker\Docker\resources\bin;C:\Program Files\Git\cmd;E:\apache-maven-3.9.9-bin\apache-maven-3.9.9\bin;C:\Program Files\nodejs\;C:\Users\ADMIN\AppData\Local\Microsoft\WindowsApps;C:\Program Files\JetBrains\PyCharm Community Edition 2021.3.3\bin;;C:\Program Files (x86)\Nmap;C:\Users\ADMIN\AppData\Local\Microsoft\WinGet\Packages\Schniz.fnm_Microsoft.Winget.Source_8wekyb3d8bbwe;C:\Users\ADMIN\AppData\Local\Programs\Microsoft VS Code\bin;C:\Users\ADMIN\AppData\Roaming\npm
USERNAME=ADMIN
OS=Windows_NT
PROCESSOR_IDENTIFIER=Intel64 Family 6 Model 126 Stepping 5, GenuineIntel
TMP=C:\Users\ADMIN\AppData\Local\Temp
TEMP=C:\Users\ADMIN\AppData\Local\Temp




Periodic native trim disabled

---------------  S Y S T E M  ---------------

OS:
 Windows 11 , 64 bit Build 22621 (10.0.22621.5262)
OS uptime: 15 days 14:55 hours
Hyper-V role detected

CPU: total 4 (initial active 4) (2 cores per cpu, 2 threads per core) family 6 model 126 stepping 5 microcode 0xa0, cx8, cmov, fxsr, ht, mmx, 3dnowpref, sse, sse2, sse3, ssse3, sse4.1, sse4.2, popcnt, lzcnt, tsc, tscinvbit, avx, avx2, aes, erms, clmul, bmi1, bmi2, adx, avx512f, avx512dq, avx512cd, avx512bw, avx512vl, sha, fma, vzeroupper, avx512_vpopcntdq, avx512_vpclmulqdq, avx512_vaes, avx512_vnni, clflush, clflushopt, avx512_vbmi2, avx512_vbmi, hv, rdtscp, rdpid, fsrm, gfni, avx512_bitalg, f16c, avx512_ifma
Processor Information for the first 4 processors :
  Max Mhz: 1190, Current Mhz: 1190, Mhz Limit: 1190

Memory: 4k page, system-wide physical 3784M (15M free)
TotalPageFile size 15560M (AvailPageFile size 36M)
current process WorkingSet (physical memory assigned to process): 11M, peak: 11M
current process commit charge ("private bytes"): 52M, peak: 111M

vm_info: Java HotSpot(TM) 64-Bit Server VM (24.0.1+9-30) for windows-amd64 JRE (24.0.1+9-30), built on 2025-03-05T07:23:45Z with MS VC++ 17.6 (VS2022)

END.
