#
# There is insufficient memory for the Java Runtime Environment to continue.
# Native memory allocation (malloc) failed to allocate 316576 bytes. Error detail: Chunk::new
# Possible reasons:
#   The system is out of physical RAM or swap space
#   This process is running with CompressedOops enabled, and the Java Heap may be blocking the growth of the native heap
# Possible solutions:
#   Reduce memory load on the system
#   Increase physical memory or swap space
#   Check if swap backing store is full
#   Decrease Java heap size (-Xmx/-Xms)
#   Decrease number of Java threads
#   Decrease Java thread stack sizes (-Xss)
#   Set larger code cache with -XX:ReservedCodeCacheSize=
#   JVM is running with Unscaled Compressed Oops mode in which the Java heap is
#     placed in the first 4GB address space. The Java Heap base address is the
#     maximum limit for the native heap growth. Please use -XX:HeapBaseMinAddress
#     to set the Java Heap base and to place the Java Heap above 4GB virtual address.
# This output file may be truncated or incomplete.
#
#  Out of Memory Error (arena.cpp:168), pid=14404, tid=13748
#
# JRE version: OpenJDK Runtime Environment Temurin-21.0.7+6 (21.0.7+6) (build 21.0.7+6-LTS)
# Java VM: OpenJDK 64-Bit Server VM Temurin-21.0.7+6 (21.0.7+6-LTS, mixed mode, sharing, tiered, compressed oops, compressed class ptrs, parallel gc, windows-amd64)
# No core dump will be written. Minidumps are not enabled by default on client versions of Windows
#

---------------  S U M M A R Y ------------

Command Line: --add-modules=ALL-SYSTEM --add-opens=java.base/java.util=ALL-UNNAMED --add-opens=java.base/java.lang=ALL-UNNAMED --add-opens=java.base/sun.nio.fs=ALL-UNNAMED -Declipse.application=org.eclipse.jdt.ls.core.id1 -Dosgi.bundles.defaultStartLevel=4 -Declipse.product=org.eclipse.jdt.ls.core.product -Djava.import.generatesMetadataFilesAtProjectRoot=false -DDetectVMInstallationsJob.disabled=true -Dfile.encoding=utf8 -XX:+UseParallelGC -XX:GCTimeRatio=4 -XX:AdaptiveSizePolicyWeight=90 -Dsun.zip.disableMemoryMapping=true -Xmx1G -Xms100m -Xlog:disable -javaagent:c:\Users\ADMIN\.vscode\extensions\redhat.java-1.42.0-win32-x64\lombok\lombok-1.18.36.jar -XX:+HeapDumpOnOutOfMemoryError -XX:HeapDumpPath=c:\Users\ADMIN\AppData\Roaming\Code\User\workspaceStorage\3aee1dc51a8e176d073eb485a32cd561\redhat.java -Daether.dependencyCollector.impl=bf c:\Users\ADMIN\.vscode\extensions\redhat.java-1.42.0-win32-x64\server\plugins\org.eclipse.equinox.launcher_1.7.0.v20250424-1814.jar -configuration c:\Users\ADMIN\AppData\Roaming\Code\User\globalStorage\redhat.java\1.42.0\config_win -data c:\Users\ADMIN\AppData\Roaming\Code\User\workspaceStorage\3aee1dc51a8e176d073eb485a32cd561\redhat.java\jdt_ws --pipe=\\.\pipe\lsp-3ab5dd33ad879af7e727ddc173cbf3c8-sock

Host: Intel(R) Core(TM) i3-1005G1 CPU @ 1.20GHz, 4 cores, 3G,  Windows 11 , 64 bit Build 22621 (10.0.22621.5262)
Time: Sat Jun  7 21:14:08 2025 SE Asia Standard Time elapsed time: 1.786830 seconds (0d 0h 0m 1s)

---------------  T H R E A D  ---------------

Current thread (0x0000025ffcca8b40):  JavaThread "C2 CompilerThread0" daemon [_thread_in_native, id=13748, stack(0x000000ba80500000,0x000000ba80600000) (1024K)]


Current CompileTask:
C2:1786  675       4       lombok.patcher.PatchScript::classMatches (41 bytes)

Stack: [0x000000ba80500000,0x000000ba80600000]
Native frames: (J=compiled Java code, j=interpreted, Vv=VM code, C=native code)
V  [jvm.dll+0x6ce119]
V  [jvm.dll+0x8a84a1]
V  [jvm.dll+0x8aa9ce]
V  [jvm.dll+0x8ab0b3]
V  [jvm.dll+0x27f8a6]
V  [jvm.dll+0xc507d]
V  [jvm.dll+0xc55b3]
V  [jvm.dll+0x2f2c6d]
V  [jvm.dll+0x5f6bca]
V  [jvm.dll+0x250cb2]
V  [jvm.dll+0x25106f]
V  [jvm.dll+0x249934]
V  [jvm.dll+0x246fc4]
V  [jvm.dll+0x1c760e]
V  [jvm.dll+0x25695a]
V  [jvm.dll+0x254efa]
V  [jvm.dll+0x3f03f6]
V  [jvm.dll+0x851f6b]
V  [jvm.dll+0x6cc7dd]
C  [ucrtbase.dll+0x29333]
C  [KERNEL32.DLL+0x1259d]
C  [ntdll.dll+0x5af58]


---------------  P R O C E S S  ---------------

Threads class SMR info:
_java_thread_list=0x0000025ffdbda6b0, length=11, elements={
0x0000025fe89710a0, 0x0000025ffcc9d110, 0x0000025ffcc9ff30, 0x0000025ffcca25e0,
0x0000025ffcca34f0, 0x0000025ffcca52b0, 0x0000025ffcca7d10, 0x0000025ffcca8b40,
0x0000025ffcd1b640, 0x0000025fe89dcfa0, 0x0000025ffdc9ba90
}

Java Threads: ( => current thread )
  0x0000025fe89710a0 JavaThread "main"                              [_thread_in_Java, id=25096, stack(0x000000baffb00000,0x000000baffc00000) (1024K)]
  0x0000025ffcc9d110 JavaThread "Reference Handler"          daemon [_thread_blocked, id=13776, stack(0x000000bafff00000,0x000000bb00000000) (1024K)]
  0x0000025ffcc9ff30 JavaThread "Finalizer"                  daemon [_thread_blocked, id=10200, stack(0x000000ba80000000,0x000000ba80100000) (1024K)]
  0x0000025ffcca25e0 JavaThread "Signal Dispatcher"          daemon [_thread_blocked, id=15864, stack(0x000000ba80100000,0x000000ba80200000) (1024K)]
  0x0000025ffcca34f0 JavaThread "Attach Listener"            daemon [_thread_blocked, id=26544, stack(0x000000ba80200000,0x000000ba80300000) (1024K)]
  0x0000025ffcca52b0 JavaThread "Service Thread"             daemon [_thread_blocked, id=24976, stack(0x000000ba80300000,0x000000ba80400000) (1024K)]
  0x0000025ffcca7d10 JavaThread "Monitor Deflation Thread"   daemon [_thread_blocked, id=23992, stack(0x000000ba80400000,0x000000ba80500000) (1024K)]
=>0x0000025ffcca8b40 JavaThread "C2 CompilerThread0"         daemon [_thread_in_native, id=13748, stack(0x000000ba80500000,0x000000ba80600000) (1024K)]
  0x0000025ffcd1b640 JavaThread "C1 CompilerThread0"         daemon [_thread_blocked, id=17472, stack(0x000000ba80600000,0x000000ba80700000) (1024K)]
  0x0000025fe89dcfa0 JavaThread "Common-Cleaner"             daemon [_thread_blocked, id=7416, stack(0x000000ba80700000,0x000000ba80800000) (1024K)]
  0x0000025ffdc9ba90 JavaThread "Notification Thread"        daemon [_thread_blocked, id=22560, stack(0x000000ba80800000,0x000000ba80900000) (1024K)]
Total: 11

Other Threads:
  0x0000025fe8a2ebf0 VMThread "VM Thread"                           [id=21044, stack(0x000000baffe00000,0x000000bafff00000) (1024K)]
  0x0000025fe89db900 WatcherThread "VM Periodic Task Thread"        [id=25288, stack(0x000000baffd00000,0x000000baffe00000) (1024K)]
  0x0000025fe898f490 WorkerThread "GC Thread#0"                     [id=3916, stack(0x000000baffc00000,0x000000baffd00000) (1024K)]
Total: 3

Threads with active compile tasks:
C2 CompilerThread0  1813  675       4       lombok.patcher.PatchScript::classMatches (41 bytes)
Total: 1

VM state: not at safepoint (normal execution)

VM Mutex/Monitor currently owned by a thread: None

Heap address: 0x00000000c0000000, size: 1024 MB, Compressed Oops mode: 32-bit

CDS archive(s) mapped at: [0x0000025f80000000-0x0000025f80ba0000-0x0000025f80ba0000), size 12189696, SharedBaseAddress: 0x0000025f80000000, ArchiveRelocationMode: 1.
Compressed class space mapped at: 0x0000025f81000000-0x0000025fc1000000, reserved size: 1073741824
Narrow klass base: 0x0000025f80000000, Narrow klass shift: 0, Narrow klass range: 0x100000000

GC Precious Log:
 CardTable entry size: 512
 CPUs: 4 total, 4 available
 Memory: 3784M
 Large Page Support: Disabled
 NUMA Support: Disabled
 Compressed Oops: Enabled (32-bit)
 Alignments: Space 512K, Generation 512K, Heap 2M
 Heap Min Capacity: 100M
 Heap Initial Capacity: 100M
 Heap Max Capacity: 1G
 Pre-touch: Disabled
 Parallel Workers: 4

Heap:
 PSYoungGen      total 29696K, used 15467K [0x00000000eab00000, 0x00000000ecc00000, 0x0000000100000000)
  eden space 25600K, 60% used [0x00000000eab00000,0x00000000eba1ad60,0x00000000ec400000)
  from space 4096K, 0% used [0x00000000ec800000,0x00000000ec800000,0x00000000ecc00000)
  to   space 4096K, 0% used [0x00000000ec400000,0x00000000ec400000,0x00000000ec800000)
 ParOldGen       total 68608K, used 0K [0x00000000c0000000, 0x00000000c4300000, 0x00000000eab00000)
  object space 68608K, 0% used [0x00000000c0000000,0x00000000c0000000,0x00000000c4300000)
 Metaspace       used 2992K, committed 3136K, reserved 1114112K
  class space    used 301K, committed 384K, reserved 1048576K

Card table byte_map: [0x0000025fe8320000,0x0000025fe8530000] _byte_map_base: 0x0000025fe7d20000

Marking Bits: (ParMarkBitMap*) 0x00007ff93b0231f0
 Begin Bits: [0x0000025ffab60000, 0x0000025ffbb60000)
 End Bits:   [0x0000025ffbb60000, 0x0000025ffcb60000)

Polling page: 0x0000025fe6850000

Metaspace:

Usage:
  Non-class:      2.63 MB used.
      Class:    301.05 KB used.
       Both:      2.92 MB used.

Virtual space:
  Non-class space:       64.00 MB reserved,       2.69 MB (  4%) committed,  1 nodes.
      Class space:        1.00 GB reserved,     384.00 KB ( <1%) committed,  1 nodes.
             Both:        1.06 GB reserved,       3.06 MB ( <1%) committed. 

Chunk freelists:
   Non-Class:  11.57 MB
       Class:  15.66 MB
        Both:  27.23 MB

MaxMetaspaceSize: unlimited
CompressedClassSpaceSize: 1.00 GB
Initial GC threshold: 21.00 MB
Current GC threshold: 21.00 MB
CDS: on
 - commit_granule_bytes: 65536.
 - commit_granule_words: 8192.
 - virtual_space_node_default_size: 8388608.
 - enlarge_chunks_in_place: 1.
 - use_allocation_guard: 0.


Internal statistics:

num_allocs_failed_limit: 0.
num_arena_births: 84.
num_arena_deaths: 0.
num_vsnodes_births: 2.
num_vsnodes_deaths: 0.
num_space_committed: 49.
num_space_uncommitted: 0.
num_chunks_returned_to_freelist: 0.
num_chunks_taken_from_freelist: 112.
num_chunk_merges: 0.
num_chunk_splits: 76.
num_chunks_enlarged: 48.
num_inconsistent_stats: 0.

CodeHeap 'non-profiled nmethods': size=120000Kb used=280Kb max_used=280Kb free=119719Kb
 bounds [0x0000025ff3630000, 0x0000025ff38a0000, 0x0000025ffab60000]
CodeHeap 'profiled nmethods': size=120000Kb used=1151Kb max_used=1151Kb free=118848Kb
 bounds [0x0000025febb60000, 0x0000025febdd0000, 0x0000025ff3090000]
CodeHeap 'non-nmethods': size=5760Kb used=1194Kb max_used=1211Kb free=4565Kb
 bounds [0x0000025ff3090000, 0x0000025ff3300000, 0x0000025ff3630000]
 total_blobs=1184 nmethods=741 adapters=350
 compilation: enabled
              stopped_count=0, restarted_count=0
 full_count=0

Compilation events (20 events):
Event: 1.774 Thread 0x0000025ffcd1b640  718       2       java.util.HashMap::putVal (300 bytes)
Event: 1.775 Thread 0x0000025ffcd1b640 nmethod 718 0x0000025febc6e310 code [0x0000025febc6e580, 0x0000025febc6ecb8]
Event: 1.775 Thread 0x0000025ffcd1b640  717       1       java.util.LinkedHashMap::removeEldestEntry (2 bytes)
Event: 1.775 Thread 0x0000025ffcd1b640 nmethod 717 0x0000025ff3672e90 code [0x0000025ff3673020, 0x0000025ff36730e8]
Event: 1.775 Thread 0x0000025ffcd1b640  719       3       java.security.Provider$ServiceKey::<init> (39 bytes)
Event: 1.776 Thread 0x0000025ffcd1b640 nmethod 719 0x0000025febc6f110 code [0x0000025febc6f300, 0x0000025febc6f740]
Event: 1.776 Thread 0x0000025ffcd1b640  720       1       java.security.Provider$UString::toString (5 bytes)
Event: 1.776 Thread 0x0000025ffcd1b640 nmethod 720 0x0000025ff3673610 code [0x0000025ff36737a0, 0x0000025ff3673868]
Event: 1.776 Thread 0x0000025ffcd1b640  721       1       java.security.Provider$Service::getProvider (5 bytes)
Event: 1.776 Thread 0x0000025ffcd1b640 nmethod 721 0x0000025ff3673910 code [0x0000025ff3673aa0, 0x0000025ff3673b68]
Event: 1.776 Thread 0x0000025ffcd1b640  722       1       java.security.Provider$Service::getClassName (5 bytes)
Event: 1.776 Thread 0x0000025ffcd1b640 nmethod 722 0x0000025ff3673c10 code [0x0000025ff3673da0, 0x0000025ff3673e68]
Event: 1.777 Thread 0x0000025ffcd1b640  724       3       sun.security.provider.SHA2::implCompress0 (448 bytes)
Event: 1.778 Thread 0x0000025ffcd1b640 nmethod 724 0x0000025febc6f910 code [0x0000025febc6fb60, 0x0000025febc70710]
Event: 1.779 Thread 0x0000025ffcd1b640  726       3       sun.security.provider.ByteArrayAccess::b2iBig64 (231 bytes)
Event: 1.783 Thread 0x0000025ffcd1b640 nmethod 726 0x0000025febc70e10 code [0x0000025febc71660, 0x0000025febc761f0]
Event: 1.783 Thread 0x0000025ffcd1b640  727       3       sun.security.provider.SHA2::implCompress (13 bytes)
Event: 1.783 Thread 0x0000025ffcd1b640 nmethod 727 0x0000025febc77690 code [0x0000025febc77880, 0x0000025febc77cb8]
Event: 1.783 Thread 0x0000025ffcd1b640  728       3       sun.security.provider.SHA2::implCompressCheck (18 bytes)
Event: 1.784 Thread 0x0000025ffcd1b640 nmethod 728 0x0000025febc77f10 code [0x0000025febc780e0, 0x0000025febc78470]

GC Heap History (0 events):
No events

Dll operation events (8 events):
Event: 0.190 Loaded shared library c:\Users\ADMIN\.vscode\extensions\redhat.java-1.42.0-win32-x64\jre\21.0.7-win32-x86_64\bin\java.dll
Event: 0.688 Loaded shared library c:\Users\ADMIN\.vscode\extensions\redhat.java-1.42.0-win32-x64\jre\21.0.7-win32-x86_64\bin\zip.dll
Event: 0.792 Loaded shared library C:\Users\ADMIN\.vscode\extensions\redhat.java-1.42.0-win32-x64\jre\21.0.7-win32-x86_64\bin\instrument.dll
Event: 0.845 Loaded shared library C:\Users\ADMIN\.vscode\extensions\redhat.java-1.42.0-win32-x64\jre\21.0.7-win32-x86_64\bin\net.dll
Event: 0.858 Loaded shared library C:\Users\ADMIN\.vscode\extensions\redhat.java-1.42.0-win32-x64\jre\21.0.7-win32-x86_64\bin\nio.dll
Event: 0.865 Loaded shared library C:\Users\ADMIN\.vscode\extensions\redhat.java-1.42.0-win32-x64\jre\21.0.7-win32-x86_64\bin\zip.dll
Event: 0.955 Loaded shared library C:\Users\ADMIN\.vscode\extensions\redhat.java-1.42.0-win32-x64\jre\21.0.7-win32-x86_64\bin\jimage.dll
Event: 1.159 Loaded shared library c:\Users\ADMIN\.vscode\extensions\redhat.java-1.42.0-win32-x64\jre\21.0.7-win32-x86_64\bin\verify.dll

Deoptimization events (20 events):
Event: 1.717 Thread 0x0000025fe89710a0 DEOPT PACKING pc=0x0000025ff366894c sp=0x000000baffbfdb60
Event: 1.717 Thread 0x0000025fe89710a0 DEOPT UNPACKING pc=0x0000025ff30e6da2 sp=0x000000baffbfdaf0 mode 2
Event: 1.735 Thread 0x0000025fe89710a0 Uncommon trap: trap_request=0xffffffde fr.pc=0x0000025ff366894c relative=0x000000000000012c
Event: 1.735 Thread 0x0000025fe89710a0 Uncommon trap: reason=class_check action=maybe_recompile pc=0x0000025ff366894c method=jdk.internal.misc.Unsafe.allocateUninitializedArray(Ljava/lang/Class;I)Ljava/lang/Object; @ 51 c2
Event: 1.735 Thread 0x0000025fe89710a0 DEOPT PACKING pc=0x0000025ff366894c sp=0x000000baffbfdd00
Event: 1.735 Thread 0x0000025fe89710a0 DEOPT UNPACKING pc=0x0000025ff30e6da2 sp=0x000000baffbfdc90 mode 2
Event: 1.735 Thread 0x0000025fe89710a0 Uncommon trap: trap_request=0xffffffde fr.pc=0x0000025ff366894c relative=0x000000000000012c
Event: 1.735 Thread 0x0000025fe89710a0 Uncommon trap: reason=class_check action=maybe_recompile pc=0x0000025ff366894c method=jdk.internal.misc.Unsafe.allocateUninitializedArray(Ljava/lang/Class;I)Ljava/lang/Object; @ 51 c2
Event: 1.735 Thread 0x0000025fe89710a0 DEOPT PACKING pc=0x0000025ff366894c sp=0x000000baffbfdd00
Event: 1.735 Thread 0x0000025fe89710a0 DEOPT UNPACKING pc=0x0000025ff30e6da2 sp=0x000000baffbfdc90 mode 2
Event: 1.738 Thread 0x0000025fe89710a0 Uncommon trap: trap_request=0xffffffde fr.pc=0x0000025ff36608e0 relative=0x0000000000000980
Event: 1.738 Thread 0x0000025fe89710a0 Uncommon trap: reason=class_check action=maybe_recompile pc=0x0000025ff36608e0 method=java.util.HashMap.putVal(ILjava/lang/Object;Ljava/lang/Object;ZZ)Ljava/lang/Object; @ 91 c2
Event: 1.738 Thread 0x0000025fe89710a0 DEOPT PACKING pc=0x0000025ff36608e0 sp=0x000000baffbfdfd0
Event: 1.738 Thread 0x0000025fe89710a0 DEOPT UNPACKING pc=0x0000025ff30e6da2 sp=0x000000baffbfdf90 mode 2
Event: 1.738 Thread 0x0000025fe89710a0 Uncommon trap: trap_request=0xffffffde fr.pc=0x0000025ff36608e0 relative=0x0000000000000980
Event: 1.738 Thread 0x0000025fe89710a0 Uncommon trap: reason=class_check action=maybe_recompile pc=0x0000025ff36608e0 method=java.util.HashMap.putVal(ILjava/lang/Object;Ljava/lang/Object;ZZ)Ljava/lang/Object; @ 91 c2
Event: 1.739 Thread 0x0000025fe89710a0 DEOPT PACKING pc=0x0000025ff36608e0 sp=0x000000baffbfe0f0
Event: 1.739 Thread 0x0000025fe89710a0 DEOPT UNPACKING pc=0x0000025ff30e6da2 sp=0x000000baffbfe080 mode 2
Event: 1.763 Thread 0x0000025fe89710a0 DEOPT PACKING pc=0x0000025febc5a484 sp=0x000000baffbfdc30
Event: 1.763 Thread 0x0000025fe89710a0 DEOPT UNPACKING pc=0x0000025ff30e78e2 sp=0x000000baffbfd088 mode 0

Classes loaded (20 events):
Event: 1.766 Loading class java/security/interfaces/ECKey
Event: 1.766 Loading class java/security/interfaces/ECKey done
Event: 1.766 Loading class java/security/interfaces/XECKey
Event: 1.766 Loading class java/security/interfaces/XECKey done
Event: 1.766 Loading class sun/security/util/KeyUtil
Event: 1.767 Loading class sun/security/util/KeyUtil done
Event: 1.767 Loading class sun/security/util/Length
Event: 1.767 Loading class sun/security/util/Length done
Event: 1.767 Loading class javax/crypto/SecretKey
Event: 1.767 Loading class javax/crypto/SecretKey done
Event: 1.772 Loading class java/util/Base64
Event: 1.772 Loading class java/util/Base64 done
Event: 1.772 Loading class java/util/Base64$Decoder
Event: 1.773 Loading class java/util/Base64$Decoder done
Event: 1.773 Loading class java/util/Base64$Encoder
Event: 1.773 Loading class java/util/Base64$Encoder done
Event: 1.773 Loading class java/util/jar/JarVerifier$VerifierStream
Event: 1.774 Loading class java/util/jar/JarVerifier$VerifierStream done
Event: 1.774 Loading class sun/security/util/ManifestEntryVerifier$SunProviderHolder
Event: 1.774 Loading class sun/security/util/ManifestEntryVerifier$SunProviderHolder done

Classes unloaded (0 events):
No events

Classes redefined (0 events):
No events

Internal exceptions (12 events):
Event: 0.675 Thread 0x0000025fe89710a0 Exception <a 'java/lang/NoSuchMethodError'{0x00000000ead2a380}: 'void java.lang.invoke.DirectMethodHandle$Holder.invokeStatic(java.lang.Object, java.lang.Object, java.lang.Object)'> (0x00000000ead2a380) 
thrown [s\src\hotspot\share\interpreter\linkResolver.cpp, line 773]
Event: 0.894 Thread 0x0000025fe89710a0 Exception <a 'java/lang/NoSuchMethodError'{0x00000000eae92bc0}: 'java.lang.Object java.lang.invoke.Invokers$Holder.invokeExact_MT(java.lang.Object, java.lang.Object, java.lang.Object, java.lang.Object, java.lang.Object)'> (0x00000000eae92bc0) 
thrown [s\src\hotspot\share\interpreter\linkResolver.cpp, line 773]
Event: 1.040 Thread 0x0000025fe89710a0 Exception <a 'java/lang/NoSuchMethodError'{0x00000000eaf4bd40}: 'int java.lang.invoke.DirectMethodHandle$Holder.invokeSpecial(java.lang.Object, java.lang.Object, java.lang.Object, int)'> (0x00000000eaf4bd40) 
thrown [s\src\hotspot\share\interpreter\linkResolver.cpp, line 773]
Event: 1.055 Thread 0x0000025fe89710a0 Exception <a 'java/lang/NoSuchMethodError'{0x00000000eaf5e728}: 'java.lang.Object java.lang.invoke.DirectMethodHandle$Holder.invokeStatic(java.lang.Object, java.lang.Object, java.lang.Object, java.lang.Object, int)'> (0x00000000eaf5e728) 
thrown [s\src\hotspot\share\interpreter\linkResolver.cpp, line 773]
Event: 1.073 Thread 0x0000025fe89710a0 Exception <a 'java/lang/NoSuchMethodError'{0x00000000eaf69bd0}: 'void java.lang.invoke.DelegatingMethodHandle$Holder.reinvoke_L(java.lang.Object, java.lang.Object, java.lang.Object, int, java.lang.Object)'> (0x00000000eaf69bd0) 
thrown [s\src\hotspot\share\interpreter\linkResolver.cpp, line 773]
Event: 1.087 Thread 0x0000025fe89710a0 Exception <a 'java/lang/NoSuchMethodError'{0x00000000eaf7a520}: 'int java.lang.invoke.DirectMethodHandle$Holder.invokeSpecial(java.lang.Object, java.lang.Object, java.lang.Object)'> (0x00000000eaf7a520) 
thrown [s\src\hotspot\share\interpreter\linkResolver.cpp, line 773]
Event: 1.097 Thread 0x0000025fe89710a0 Exception <a 'java/lang/NoSuchMethodError'{0x00000000eaf861e0}: 'java.lang.Object java.lang.invoke.DirectMethodHandle$Holder.invokeStatic(java.lang.Object, java.lang.Object, int)'> (0x00000000eaf861e0) 
thrown [s\src\hotspot\share\interpreter\linkResolver.cpp, line 773]
Event: 1.098 Thread 0x0000025fe89710a0 Exception <a 'java/lang/NoSuchMethodError'{0x00000000eaf8ab30}: 'void java.lang.invoke.DirectMethodHandle$Holder.invokeStatic(java.lang.Object, java.lang.Object, int, java.lang.Object)'> (0x00000000eaf8ab30) 
thrown [s\src\hotspot\share\interpreter\linkResolver.cpp, line 773]
Event: 1.098 Thread 0x0000025fe89710a0 Exception <a 'java/lang/NoSuchMethodError'{0x00000000eaf8e6c0}: 'void java.lang.invoke.DirectMethodHandle$Holder.invokeSpecial(java.lang.Object, java.lang.Object, java.lang.Object, int, java.lang.Object)'> (0x00000000eaf8e6c0) 
thrown [s\src\hotspot\share\interpreter\linkResolver.cpp, line 773]
Event: 1.099 Thread 0x0000025fe89710a0 Exception <a 'java/lang/NoSuchMethodError'{0x00000000eaf91b30}: 'void java.lang.invoke.DelegatingMethodHandle$Holder.delegate(java.lang.Object, java.lang.Object, int, java.lang.Object)'> (0x00000000eaf91b30) 
thrown [s\src\hotspot\share\interpreter\linkResolver.cpp, line 773]
Event: 1.215 Thread 0x0000025fe89710a0 Exception <a 'java/lang/NoSuchMethodError'{0x00000000eb14e740}: 'void java.lang.invoke.DelegatingMethodHandle$Holder.reinvoke_L(java.lang.Object, java.lang.Object, java.lang.Object, int)'> (0x00000000eb14e740) 
thrown [s\src\hotspot\share\interpreter\linkResolver.cpp, line 773]
Event: 1.548 Thread 0x0000025fe89710a0 Exception <a 'java/lang/NoSuchMethodError'{0x00000000eb5d6348}: 'void java.lang.invoke.DirectMethodHandle$Holder.invokeVirtual(java.lang.Object, java.lang.Object)'> (0x00000000eb5d6348) 
thrown [s\src\hotspot\share\interpreter\linkResolver.cpp, line 773]

ZGC Phase Switch (0 events):
No events

VM Operations (8 events):
Event: 0.679 Executing VM operation: HandshakeAllThreads (Deoptimize)
Event: 0.679 Executing VM operation: HandshakeAllThreads (Deoptimize) done
Event: 0.993 Executing VM operation: HandshakeAllThreads (Deoptimize)
Event: 0.993 Executing VM operation: HandshakeAllThreads (Deoptimize) done
Event: 1.768 Executing VM operation: HandshakeAllThreads (Deoptimize)
Event: 1.768 Executing VM operation: HandshakeAllThreads (Deoptimize) done
Event: 1.768 Executing VM operation: Cleanup
Event: 1.768 Executing VM operation: Cleanup done

Memory protections (0 events):
No events

Nmethod flushes (0 events):
No events

Events (11 events):
Event: 0.349 Thread 0x0000025fe89710a0 Thread added: 0x0000025fe89710a0
Event: 0.441 Thread 0x0000025fe89710a0 Thread added: 0x0000025ffcc9d110
Event: 0.441 Thread 0x0000025fe89710a0 Thread added: 0x0000025ffcc9ff30
Event: 0.441 Thread 0x0000025fe89710a0 Thread added: 0x0000025ffcca25e0
Event: 0.442 Thread 0x0000025fe89710a0 Thread added: 0x0000025ffcca34f0
Event: 0.442 Thread 0x0000025fe89710a0 Thread added: 0x0000025ffcca52b0
Event: 0.442 Thread 0x0000025fe89710a0 Thread added: 0x0000025ffcca7d10
Event: 0.442 Thread 0x0000025fe89710a0 Thread added: 0x0000025ffcca8b40
Event: 0.483 Thread 0x0000025fe89710a0 Thread added: 0x0000025ffcd1b640
Event: 0.611 Thread 0x0000025fe89710a0 Thread added: 0x0000025fe89dcfa0
Event: 1.371 Thread 0x0000025fe89710a0 Thread added: 0x0000025ffdc9ba90


Dynamic libraries:
0x00007ff738ed0000 - 0x00007ff738ede000 	c:\Users\ADMIN\.vscode\extensions\redhat.java-1.42.0-win32-x64\jre\21.0.7-win32-x86_64\bin\java.exe
0x00007ff99e170000 - 0x00007ff99e387000 	C:\WINDOWS\SYSTEM32\ntdll.dll
0x00007ff99d480000 - 0x00007ff99d544000 	C:\WINDOWS\System32\KERNEL32.DLL
0x00007ff99b5b0000 - 0x00007ff99b983000 	C:\WINDOWS\System32\KERNELBASE.dll
0x00007ff99bc60000 - 0x00007ff99bd71000 	C:\WINDOWS\System32\ucrtbase.dll
0x00007ff95dbc0000 - 0x00007ff95dbd8000 	c:\Users\ADMIN\.vscode\extensions\redhat.java-1.42.0-win32-x64\jre\21.0.7-win32-x86_64\bin\jli.dll
0x00007ff99c140000 - 0x00007ff99c2f1000 	C:\WINDOWS\System32\USER32.dll
0x00007ff99b500000 - 0x00007ff99b526000 	C:\WINDOWS\System32\win32u.dll
0x00007ff99c000000 - 0x00007ff99c029000 	C:\WINDOWS\System32\GDI32.dll
0x00007ff99b9c0000 - 0x00007ff99bae2000 	C:\WINDOWS\System32\gdi32full.dll
0x00007ff99b320000 - 0x00007ff99b3ba000 	C:\WINDOWS\System32\msvcp_win.dll
0x00007ff95bac0000 - 0x00007ff95bade000 	c:\Users\ADMIN\.vscode\extensions\redhat.java-1.42.0-win32-x64\jre\21.0.7-win32-x86_64\bin\VCRUNTIME140.dll
0x00007ff980a40000 - 0x00007ff980cdb000 	C:\WINDOWS\WinSxS\amd64_microsoft.windows.common-controls_6595b64144ccf1df_6.0.22621.5262_none_2712bde373830908\COMCTL32.dll
0x00007ff99dff0000 - 0x00007ff99e097000 	C:\WINDOWS\System32\msvcrt.dll
0x00007ff99cc20000 - 0x00007ff99cc51000 	C:\WINDOWS\System32\IMM32.DLL
0x00007ff97f0d0000 - 0x00007ff97f0dc000 	c:\Users\ADMIN\.vscode\extensions\redhat.java-1.42.0-win32-x64\jre\21.0.7-win32-x86_64\bin\vcruntime140_1.dll
0x00007ff9555e0000 - 0x00007ff95566d000 	c:\Users\ADMIN\.vscode\extensions\redhat.java-1.42.0-win32-x64\jre\21.0.7-win32-x86_64\bin\msvcp140.dll
0x00007ff93a370000 - 0x00007ff93b100000 	c:\Users\ADMIN\.vscode\extensions\redhat.java-1.42.0-win32-x64\jre\21.0.7-win32-x86_64\bin\server\jvm.dll
0x00007ff99dea0000 - 0x00007ff99df51000 	C:\WINDOWS\System32\ADVAPI32.dll
0x00007ff99d2f0000 - 0x00007ff99d397000 	C:\WINDOWS\System32\sechost.dll
0x00007ff99b990000 - 0x00007ff99b9b8000 	C:\WINDOWS\System32\bcrypt.dll
0x00007ff99d0e0000 - 0x00007ff99d1f4000 	C:\WINDOWS\System32\RPCRT4.dll
0x00007ff99e0b0000 - 0x00007ff99e121000 	C:\WINDOWS\System32\WS2_32.dll
0x00007ff99b130000 - 0x00007ff99b17d000 	C:\WINDOWS\SYSTEM32\POWRPROF.dll
0x00007ff996980000 - 0x00007ff9969b4000 	C:\WINDOWS\SYSTEM32\WINMM.dll
0x00007ff9967c0000 - 0x00007ff9967ca000 	C:\WINDOWS\SYSTEM32\VERSION.dll
0x00007ff99b110000 - 0x00007ff99b123000 	C:\WINDOWS\SYSTEM32\UMPDC.dll
0x00007ff99a260000 - 0x00007ff99a278000 	C:\WINDOWS\SYSTEM32\kernel.appcore.dll
0x00007ff97eab0000 - 0x00007ff97eaba000 	c:\Users\ADMIN\.vscode\extensions\redhat.java-1.42.0-win32-x64\jre\21.0.7-win32-x86_64\bin\jimage.dll
0x00007ff998c00000 - 0x00007ff998e32000 	C:\WINDOWS\SYSTEM32\DBGHELP.DLL
0x00007ff99c300000 - 0x00007ff99c693000 	C:\WINDOWS\System32\combase.dll
0x00007ff99d3a0000 - 0x00007ff99d477000 	C:\WINDOWS\System32\OLEAUT32.dll
0x00007ff979f40000 - 0x00007ff979f72000 	C:\WINDOWS\SYSTEM32\dbgcore.DLL
0x00007ff99b530000 - 0x00007ff99b5ab000 	C:\WINDOWS\System32\bcryptPrimitives.dll
0x00007ff983750000 - 0x00007ff98375f000 	c:\Users\ADMIN\.vscode\extensions\redhat.java-1.42.0-win32-x64\jre\21.0.7-win32-x86_64\bin\instrument.dll
0x00007ff955b90000 - 0x00007ff955baf000 	c:\Users\ADMIN\.vscode\extensions\redhat.java-1.42.0-win32-x64\jre\21.0.7-win32-x86_64\bin\java.dll
0x00007ff99d600000 - 0x00007ff99de9d000 	C:\WINDOWS\System32\SHELL32.dll
0x00007ff99b3c0000 - 0x00007ff99b4ff000 	C:\WINDOWS\System32\wintypes.dll
0x00007ff999150000 - 0x00007ff999a6d000 	C:\WINDOWS\SYSTEM32\windows.storage.dll
0x00007ff99c030000 - 0x00007ff99c13b000 	C:\WINDOWS\System32\SHCORE.dll
0x00007ff99d210000 - 0x00007ff99d276000 	C:\WINDOWS\System32\shlwapi.dll
0x00007ff99b190000 - 0x00007ff99b1bb000 	C:\WINDOWS\SYSTEM32\profapi.dll
0x00007ff955a20000 - 0x00007ff955a38000 	c:\Users\ADMIN\.vscode\extensions\redhat.java-1.42.0-win32-x64\jre\21.0.7-win32-x86_64\bin\zip.dll
0x00007ff97e620000 - 0x00007ff97e630000 	C:\Users\ADMIN\.vscode\extensions\redhat.java-1.42.0-win32-x64\jre\21.0.7-win32-x86_64\bin\net.dll
0x00007ff994810000 - 0x00007ff99493c000 	C:\WINDOWS\SYSTEM32\WINHTTP.dll
0x00007ff99a6e0000 - 0x00007ff99a74a000 	C:\WINDOWS\system32\mswsock.dll
0x00007ff951580000 - 0x00007ff951596000 	C:\Users\ADMIN\.vscode\extensions\redhat.java-1.42.0-win32-x64\jre\21.0.7-win32-x86_64\bin\nio.dll
0x00007ff983740000 - 0x00007ff983750000 	c:\Users\ADMIN\.vscode\extensions\redhat.java-1.42.0-win32-x64\jre\21.0.7-win32-x86_64\bin\verify.dll

dbghelp: loaded successfully - version: 4.0.5 - missing functions: none
symbol engine: initialized successfully - sym options: 0x614 - pdb path: .;c:\Users\ADMIN\.vscode\extensions\redhat.java-1.42.0-win32-x64\jre\21.0.7-win32-x86_64\bin;C:\WINDOWS\SYSTEM32;C:\WINDOWS\WinSxS\amd64_microsoft.windows.common-controls_6595b64144ccf1df_6.0.22621.5262_none_2712bde373830908;c:\Users\ADMIN\.vscode\extensions\redhat.java-1.42.0-win32-x64\jre\21.0.7-win32-x86_64\bin\server

VM Arguments:
jvm_args: --add-modules=ALL-SYSTEM --add-opens=java.base/java.util=ALL-UNNAMED --add-opens=java.base/java.lang=ALL-UNNAMED --add-opens=java.base/sun.nio.fs=ALL-UNNAMED -Declipse.application=org.eclipse.jdt.ls.core.id1 -Dosgi.bundles.defaultStartLevel=4 -Declipse.product=org.eclipse.jdt.ls.core.product -Djava.import.generatesMetadataFilesAtProjectRoot=false -DDetectVMInstallationsJob.disabled=true -Dfile.encoding=utf8 -XX:+UseParallelGC -XX:GCTimeRatio=4 -XX:AdaptiveSizePolicyWeight=90 -Dsun.zip.disableMemoryMapping=true -Xmx1G -Xms100m -Xlog:disable -javaagent:c:\Users\ADMIN\.vscode\extensions\redhat.java-1.42.0-win32-x64\lombok\lombok-1.18.36.jar -XX:+HeapDumpOnOutOfMemoryError -XX:HeapDumpPath=c:\Users\ADMIN\AppData\Roaming\Code\User\workspaceStorage\3aee1dc51a8e176d073eb485a32cd561\redhat.java -Daether.dependencyCollector.impl=bf 
java_command: c:\Users\ADMIN\.vscode\extensions\redhat.java-1.42.0-win32-x64\server\plugins\org.eclipse.equinox.launcher_1.7.0.v20250424-1814.jar -configuration c:\Users\ADMIN\AppData\Roaming\Code\User\globalStorage\redhat.java\1.42.0\config_win -data c:\Users\ADMIN\AppData\Roaming\Code\User\workspaceStorage\3aee1dc51a8e176d073eb485a32cd561\redhat.java\jdt_ws --pipe=\\.\pipe\lsp-3ab5dd33ad879af7e727ddc173cbf3c8-sock
java_class_path (initial): c:\Users\ADMIN\.vscode\extensions\redhat.java-1.42.0-win32-x64\server\plugins\org.eclipse.equinox.launcher_1.7.0.v20250424-1814.jar
Launcher Type: SUN_STANDARD

[Global flags]
    uintx AdaptiveSizePolicyWeight                 = 90                                        {product} {command line}
     intx CICompilerCount                          = 3                                         {product} {ergonomic}
    uintx GCTimeRatio                              = 4                                         {product} {command line}
     bool HeapDumpOnOutOfMemoryError               = true                                   {manageable} {command line}
    ccstr HeapDumpPath                             = c:\Users\ADMIN\AppData\Roaming\Code\User\workspaceStorage\3aee1dc51a8e176d073eb485a32cd561\redhat.java         {manageable} {command line}
   size_t InitialHeapSize                          = 104857600                                 {product} {command line}
   size_t MaxHeapSize                              = 1073741824                                {product} {command line}
   size_t MaxNewSize                               = 357564416                                 {product} {ergonomic}
   size_t MinHeapDeltaBytes                        = 524288                                    {product} {ergonomic}
   size_t MinHeapSize                              = 104857600                                 {product} {command line}
   size_t NewSize                                  = 34603008                                  {product} {ergonomic}
    uintx NonNMethodCodeHeapSize                   = 5832780                                {pd product} {ergonomic}
    uintx NonProfiledCodeHeapSize                  = 122912730                              {pd product} {ergonomic}
   size_t OldSize                                  = 70254592                                  {product} {ergonomic}
    uintx ProfiledCodeHeapSize                     = 122912730                              {pd product} {ergonomic}
    uintx ReservedCodeCacheSize                    = 251658240                              {pd product} {ergonomic}
     bool SegmentedCodeCache                       = true                                      {product} {ergonomic}
   size_t SoftMaxHeapSize                          = 1073741824                             {manageable} {ergonomic}
     bool UseCompressedOops                        = true                           {product lp64_product} {ergonomic}
     bool UseLargePagesIndividualAllocation        = false                                  {pd product} {ergonomic}
     bool UseParallelGC                            = true                                      {product} {command line}

Logging:
Log output configuration:
 #0: stdout all=off uptime,level,tags foldmultilines=false
 #1: stderr all=off uptime,level,tags foldmultilines=false

Environment Variables:
JAVA_HOME=C:\Program Files\Java\jdk-24
PATH=C:\Program Files\Common Files\Oracle\Java\javapath;C:\WINDOWS\system32;C:\WINDOWS;C:\WINDOWS\System32\Wbem;C:\WINDOWS\System32\WindowsPowerShell\v1.0\;C:\WINDOWS\System32\OpenSSH\;C:\MinGW\bin;C:\MinGW\mingw32\bin;E:\msys64\ucrt64\bin;C:\Program Files (x86)\Microsoft SQL Server\160\Tools\Binn\;C:\Program Files\Microsoft SQL Server\160\Tools\Binn\;C:\Program Files\Microsoft SQL Server\Client SDK\ODBC\170\Tools\Binn\;C:\Program Files\Microsoft SQL Server\160\DTS\Binn\;C:\Program Files (x86)\Microsoft SQL Server\160\DTS\Binn\;C:\Users\ADMIN\AppData\Local\Microsoft\WindowsApps;C:\Program Files\JetBrains\PyCharm Community Edition 2021.3.3\bin;E:\Microsoft VS Code\bin;C:\Program Files (x86)\Nmap;C:\Users\ADMIN\AppData\Local\Microsoft\WinGet\Packages\Schniz.fnm_Microsoft.Winget.Source_8wekyb3d8bbwe;C:\Users\ADMIN\AppData\Roaming\fnm\node-versions\v22.14.0\installation;C:\Program Files\Erlang OTP\bin;C:\Program Files\RabbitMQ Server\rabbitmq_server-4.0.7\sbin;C:\Program Files\Java\jdk-24\bin;C:\Program Files\Docker\Docker\resources\bin;C:\Program Files\Git\cmd;E:\apache-maven-3.9.9-bin\apache-maven-3.9.9\bin;C:\Program Files\nodejs\;C:\Users\ADMIN\AppData\Local\Microsoft\WindowsApps;C:\Program Files\JetBrains\PyCharm Community Edition 2021.3.3\bin;;C:\Program Files (x86)\Nmap;C:\Users\ADMIN\AppData\Local\Microsoft\WinGet\Packages\Schniz.fnm_Microsoft.Winget.Source_8wekyb3d8bbwe;C:\Users\ADMIN\AppData\Local\Programs\Microsoft VS Code\bin;C:\Users\ADMIN\AppData\Roaming\npm
USERNAME=ADMIN
OS=Windows_NT
PROCESSOR_IDENTIFIER=Intel64 Family 6 Model 126 Stepping 5, GenuineIntel
TMP=C:\Users\ADMIN\AppData\Local\Temp
TEMP=C:\Users\ADMIN\AppData\Local\Temp




Periodic native trim disabled

---------------  S Y S T E M  ---------------

OS:
 Windows 11 , 64 bit Build 22621 (10.0.22621.5262)
OS uptime: 2 days 14:22 hours
Hyper-V role detected

CPU: total 4 (initial active 4) (2 cores per cpu, 2 threads per core) family 6 model 126 stepping 5 microcode 0xa0, cx8, cmov, fxsr, ht, mmx, 3dnowpref, sse, sse2, sse3, ssse3, sse4.1, sse4.2, popcnt, lzcnt, tsc, tscinvbit, avx, avx2, aes, erms, clmul, bmi1, bmi2, adx, avx512f, avx512dq, avx512cd, avx512bw, avx512vl, sha, fma, vzeroupper, avx512_vpopcntdq, avx512_vpclmulqdq, avx512_vaes, avx512_vnni, clflush, clflushopt, avx512_vbmi2, avx512_vbmi, hv, rdtscp, rdpid, fsrm, gfni, avx512_bitalg, f16c, avx512_ifma
Processor Information for the first 4 processors :
  Max Mhz: 1190, Current Mhz: 1190, Mhz Limit: 1190

Memory: 4k page, system-wide physical 3784M (104M free)
TotalPageFile size 15560M (AvailPageFile size 0M)
current process WorkingSet (physical memory assigned to process): 59M, peak: 59M
current process commit charge ("private bytes"): 182M, peak: 182M

vm_info: OpenJDK 64-Bit Server VM (21.0.7+6-LTS) for windows-amd64 JRE (21.0.7+6-LTS), built on 2025-04-15T00:00:00Z by "admin" with MS VC++ 17.7 (VS2022)

END.
