#
# There is insufficient memory for the Java Runtime Environment to continue.
# Native memory allocation (malloc) failed to allocate 2109936 bytes. Error detail: Chunk::new
# Possible reasons:
#   The system is out of physical RAM or swap space
#   This process is running with CompressedOops enabled, and the Java Heap may be blocking the growth of the native heap
# Possible solutions:
#   Reduce memory load on the system
#   Increase physical memory or swap space
#   Check if swap backing store is full
#   Decrease Java heap size (-Xmx/-Xms)
#   Decrease number of Java threads
#   Decrease Java thread stack sizes (-Xss)
#   Set larger code cache with -XX:ReservedCodeCacheSize=
#   JVM is running with Unscaled Compressed Oops mode in which the Java heap is
#     placed in the first 4GB address space. The Java Heap base address is the
#     maximum limit for the native heap growth. Please use -XX:HeapBaseMinAddress
#     to set the Java Heap base and to place the Java Heap above 4GB virtual address.
# This output file may be truncated or incomplete.
#
#  Out of Memory Error (arena.cpp:168), pid=2488, tid=26460
#
# JRE version: OpenJDK Runtime Environment Temurin-21.0.7+6 (21.0.7+6) (build 21.0.7+6-LTS)
# Java VM: OpenJDK 64-Bit Server VM Temurin-21.0.7+6 (21.0.7+6-LTS, mixed mode, sharing, tiered, compressed oops, compressed class ptrs, parallel gc, windows-amd64)
# No core dump will be written. Minidumps are not enabled by default on client versions of Windows
#

---------------  S U M M A R Y ------------

Command Line: --add-modules=ALL-SYSTEM --add-opens=java.base/java.util=ALL-UNNAMED --add-opens=java.base/java.lang=ALL-UNNAMED --add-opens=java.base/sun.nio.fs=ALL-UNNAMED -Declipse.application=org.eclipse.jdt.ls.core.id1 -Dosgi.bundles.defaultStartLevel=4 -Declipse.product=org.eclipse.jdt.ls.core.product -Djava.import.generatesMetadataFilesAtProjectRoot=false -DDetectVMInstallationsJob.disabled=true -Dfile.encoding=utf8 -XX:+UseParallelGC -XX:GCTimeRatio=4 -XX:AdaptiveSizePolicyWeight=90 -Dsun.zip.disableMemoryMapping=true -Xmx1G -Xms100m -Xlog:disable -javaagent:c:\Users\ADMIN\.vscode\extensions\redhat.java-1.42.0-win32-x64\lombok\lombok-1.18.36.jar c:\Users\ADMIN\.vscode\extensions\redhat.java-1.42.0-win32-x64\server\plugins\org.eclipse.equinox.launcher_1.7.0.v20250424-1814.jar -configuration c:\Users\ADMIN\AppData\Roaming\Code\User\globalStorage\redhat.java\1.42.0\config_ss_win -data c:\Users\ADMIN\AppData\Roaming\Code\User\workspaceStorage\3aee1dc51a8e176d073eb485a32cd561\redhat.java\ss_ws --pipe=\\.\pipe\lsp-b688e4f618907261085cfd449dd3e209-sock

Host: Intel(R) Core(TM) i3-1005G1 CPU @ 1.20GHz, 4 cores, 3G,  Windows 11 , 64 bit Build 22621 (10.0.22621.5262)
Time: Sat Jun  7 21:15:31 2025 SE Asia Standard Time elapsed time: 14.252313 seconds (0d 0h 0m 14s)

---------------  T H R E A D  ---------------

Current thread (0x000001edfabb88b0):  JavaThread "C2 CompilerThread0" daemon [_thread_in_native, id=26460, stack(0x000000d10e700000,0x000000d10e800000) (1024K)]


Current CompileTask:
C2:14252 2786       4       org.lombokweb.asm.ClassReader::readMethod (1070 bytes)

Stack: [0x000000d10e700000,0x000000d10e800000]
Native frames: (J=compiled Java code, j=interpreted, Vv=VM code, C=native code)
V  [jvm.dll+0x6ce119]
V  [jvm.dll+0x8a84a1]
V  [jvm.dll+0x8aa9ce]
V  [jvm.dll+0x8ab0b3]
V  [jvm.dll+0x27f8a6]
V  [jvm.dll+0xc507d]
V  [jvm.dll+0xc55b3]
V  [jvm.dll+0x3b68f2]
V  [jvm.dll+0x1e0029]
V  [jvm.dll+0x247c42]
V  [jvm.dll+0x2470cf]
V  [jvm.dll+0x1c760e]
V  [jvm.dll+0x25695a]
V  [jvm.dll+0x254efa]
V  [jvm.dll+0x3f03f6]
V  [jvm.dll+0x851f6b]
V  [jvm.dll+0x6cc7dd]
C  [ucrtbase.dll+0x29333]
C  [KERNEL32.DLL+0x1259d]
C  [ntdll.dll+0x5af58]


---------------  P R O C E S S  ---------------

Threads class SMR info:
_java_thread_list=0x000001edc5f4a200, length=20, elements={
0x000001ede6883a90, 0x000001ede693c1f0, 0x000001edfabaff50, 0x000001edfabb1c60,
0x000001edfabb4a80, 0x000001edfabb6640, 0x000001edfabb7090, 0x000001edfabb88b0,
0x000001edfabec210, 0x000001edc50774e0, 0x000001edc52d9400, 0x000001edc53a2e50,
0x000001edc549b750, 0x000001edc556f6e0, 0x000001edc58c12d0, 0x000001edc5abcfc0,
0x000001edc6073200, 0x000001edc5f5a060, 0x000001edc5f5a6f0, 0x000001edc5f5ad80
}

Java Threads: ( => current thread )
  0x000001ede6883a90 JavaThread "main"                              [_thread_blocked, id=14688, stack(0x000000d10dd00000,0x000000d10de00000) (1024K)]
  0x000001ede693c1f0 JavaThread "Reference Handler"          daemon [_thread_blocked, id=19928, stack(0x000000d10e100000,0x000000d10e200000) (1024K)]
  0x000001edfabaff50 JavaThread "Finalizer"                  daemon [_thread_blocked, id=7208, stack(0x000000d10e200000,0x000000d10e300000) (1024K)]
  0x000001edfabb1c60 JavaThread "Signal Dispatcher"          daemon [_thread_blocked, id=10732, stack(0x000000d10e300000,0x000000d10e400000) (1024K)]
  0x000001edfabb4a80 JavaThread "Attach Listener"            daemon [_thread_blocked, id=12860, stack(0x000000d10e400000,0x000000d10e500000) (1024K)]
  0x000001edfabb6640 JavaThread "Service Thread"             daemon [_thread_blocked, id=24620, stack(0x000000d10e500000,0x000000d10e600000) (1024K)]
  0x000001edfabb7090 JavaThread "Monitor Deflation Thread"   daemon [_thread_blocked, id=5096, stack(0x000000d10e600000,0x000000d10e700000) (1024K)]
=>0x000001edfabb88b0 JavaThread "C2 CompilerThread0"         daemon [_thread_in_native, id=26460, stack(0x000000d10e700000,0x000000d10e800000) (1024K)]
  0x000001edfabec210 JavaThread "C1 CompilerThread0"         daemon [_thread_blocked, id=19012, stack(0x000000d10e800000,0x000000d10e900000) (1024K)]
  0x000001edc50774e0 JavaThread "Common-Cleaner"             daemon [_thread_blocked, id=18532, stack(0x000000d10e900000,0x000000d10ea00000) (1024K)]
  0x000001edc52d9400 JavaThread "Notification Thread"        daemon [_thread_blocked, id=17968, stack(0x000000d10ea00000,0x000000d10eb00000) (1024K)]
  0x000001edc53a2e50 JavaThread "Active Thread: Equinox Container: 36d8b1d3-0a08-423c-a15d-aa5b14673258"        [_thread_blocked, id=9144, stack(0x000000d10ee00000,0x000000d10ef00000) (1024K)]
  0x000001edc549b750 JavaThread "Framework Event Dispatcher: Equinox Container: 36d8b1d3-0a08-423c-a15d-aa5b14673258" daemon [_thread_blocked, id=16800, stack(0x000000d10ef00000,0x000000d10f000000) (1024K)]
  0x000001edc556f6e0 JavaThread "Start Level: Equinox Container: 36d8b1d3-0a08-423c-a15d-aa5b14673258" daemon [_thread_in_vm, id=23104, stack(0x000000d10f000000,0x000000d10f100000) (1024K)]
  0x000001edc58c12d0 JavaThread "SCR Component Actor"        daemon [_thread_blocked, id=17108, stack(0x000000d10f100000,0x000000d10f200000) (1024K)]
  0x000001edc5abcfc0 JavaThread "Worker-JM"                         [_thread_blocked, id=24896, stack(0x000000d10f300000,0x000000d10f400000) (1024K)]
  0x000001edc6073200 JavaThread "JNA Cleaner"                daemon [_thread_blocked, id=18804, stack(0x000000d10f400000,0x000000d10f500000) (1024K)]
  0x000001edc5f5a060 JavaThread "Worker-0"                          [_thread_blocked, id=23356, stack(0x000000d10f200000,0x000000d10f300000) (1024K)]
  0x000001edc5f5a6f0 JavaThread "Worker-1"                          [_thread_blocked, id=5140, stack(0x000000d10f500000,0x000000d10f600000) (1024K)]
  0x000001edc5f5ad80 JavaThread "SCR Component Registry"     daemon [_thread_blocked, id=25972, stack(0x000000d10f600000,0x000000d10f700000) (1024K)]
Total: 20

Other Threads:
  0x000001edfabaf140 VMThread "VM Thread"                           [id=3008, stack(0x000000d10e000000,0x000000d10e100000) (1024K)]
  0x000001ede68f06a0 WatcherThread "VM Periodic Task Thread"        [id=6356, stack(0x000000d10df00000,0x000000d10e000000) (1024K)]
  0x000001ede68a3f90 WorkerThread "GC Thread#0"                     [id=18108, stack(0x000000d10de00000,0x000000d10df00000) (1024K)]
  0x000001edc571d660 WorkerThread "GC Thread#1"                     [id=16856, stack(0x000000d10eb00000,0x000000d10ec00000) (1024K)]
  0x000001edc5349ad0 WorkerThread "GC Thread#2"                     [id=19960, stack(0x000000d10ec00000,0x000000d10ed00000) (1024K)]
  0x000001edc571da00 WorkerThread "GC Thread#3"                     [id=24640, stack(0x000000d10ed00000,0x000000d10ee00000) (1024K)]
Total: 6

Threads with active compile tasks:
C2 CompilerThread0  14366 2786       4       org.lombokweb.asm.ClassReader::readMethod (1070 bytes)
Total: 1

VM state: not at safepoint (normal execution)

VM Mutex/Monitor currently owned by a thread: None

Heap address: 0x00000000c0000000, size: 1024 MB, Compressed Oops mode: 32-bit

CDS archive(s) mapped at: [0x000001ed80000000-0x000001ed80ba0000-0x000001ed80ba0000), size 12189696, SharedBaseAddress: 0x000001ed80000000, ArchiveRelocationMode: 1.
Compressed class space mapped at: 0x000001ed81000000-0x000001edc1000000, reserved size: 1073741824
Narrow klass base: 0x000001ed80000000, Narrow klass shift: 0, Narrow klass range: 0x100000000

GC Precious Log:
 CardTable entry size: 512
 CPUs: 4 total, 4 available
 Memory: 3784M
 Large Page Support: Disabled
 NUMA Support: Disabled
 Compressed Oops: Enabled (32-bit)
 Alignments: Space 512K, Generation 512K, Heap 2M
 Heap Min Capacity: 100M
 Heap Initial Capacity: 100M
 Heap Max Capacity: 1G
 Pre-touch: Disabled
 Parallel Workers: 4

Heap:
 PSYoungGen      total 29696K, used 5283K [0x00000000eab00000, 0x00000000ecd00000, 0x0000000100000000)
  eden space 25088K, 21% used [0x00000000eab00000,0x00000000eb028de0,0x00000000ec380000)
  from space 4608K, 0% used [0x00000000ec880000,0x00000000ec880000,0x00000000ecd00000)
  to   space 4608K, 0% used [0x00000000ec400000,0x00000000ec400000,0x00000000ec880000)
 ParOldGen       total 68608K, used 9043K [0x00000000c0000000, 0x00000000c4300000, 0x00000000eab00000)
  object space 68608K, 13% used [0x00000000c0000000,0x00000000c08d4ef8,0x00000000c4300000)
 Metaspace       used 21586K, committed 22336K, reserved 1114112K
  class space    used 2043K, committed 2368K, reserved 1048576K

Card table byte_map: [0x000001ede6230000,0x000001ede6440000] _byte_map_base: 0x000001ede5c30000

Marking Bits: (ParMarkBitMap*) 0x00007ff93b0231f0
 Begin Bits: [0x000001edf8a70000, 0x000001edf9a70000)
 End Bits:   [0x000001edf9a70000, 0x000001edfaa70000)

Polling page: 0x000001ede4870000

Metaspace:

Usage:
  Non-class:     19.11 MB used.
      Class:      2.00 MB used.
       Both:     21.10 MB used.

Virtual space:
  Non-class space:       64.00 MB reserved,      19.50 MB ( 30%) committed,  1 nodes.
      Class space:        1.00 GB reserved,       2.31 MB ( <1%) committed,  1 nodes.
             Both:        1.06 GB reserved,      21.81 MB (  2%) committed. 

Chunk freelists:
   Non-Class:  12.08 MB
       Class:  13.71 MB
        Both:  25.78 MB

MaxMetaspaceSize: unlimited
CompressedClassSpaceSize: 1.00 GB
Initial GC threshold: 21.00 MB
Current GC threshold: 35.00 MB
CDS: on
 - commit_granule_bytes: 65536.
 - commit_granule_words: 8192.
 - virtual_space_node_default_size: 8388608.
 - enlarge_chunks_in_place: 1.
 - use_allocation_guard: 0.


Internal statistics:

num_allocs_failed_limit: 3.
num_arena_births: 526.
num_arena_deaths: 14.
num_vsnodes_births: 2.
num_vsnodes_deaths: 0.
num_space_committed: 349.
num_space_uncommitted: 0.
num_chunks_returned_to_freelist: 17.
num_chunks_taken_from_freelist: 1321.
num_chunk_merges: 9.
num_chunk_splits: 886.
num_chunks_enlarged: 584.
num_inconsistent_stats: 0.

CodeHeap 'non-profiled nmethods': size=120000Kb used=1239Kb max_used=1239Kb free=118760Kb
 bounds [0x000001edf1540000, 0x000001edf17b0000, 0x000001edf8a70000]
CodeHeap 'profiled nmethods': size=120000Kb used=5419Kb max_used=5419Kb free=114580Kb
 bounds [0x000001ede9a70000, 0x000001ede9fc0000, 0x000001edf0fa0000]
CodeHeap 'non-nmethods': size=5760Kb used=1322Kb max_used=1327Kb free=4437Kb
 bounds [0x000001edf0fa0000, 0x000001edf1210000, 0x000001edf1540000]
 total_blobs=3395 nmethods=2797 adapters=504
 compilation: enabled
              stopped_count=0, restarted_count=0
 full_count=0

Compilation events (20 events):
Event: 13.335 Thread 0x000001edfabec210 2789       1       lombok.patcher.MethodLogistics::getReturnOpcode (5 bytes)
Event: 13.335 Thread 0x000001edfabec210 nmethod 2789 0x000001edf1675810 code [0x000001edf16759a0, 0x000001edf1675a68]
Event: 13.335 Thread 0x000001edfabec210 2790       3       org.lombokweb.asm.Label::put (83 bytes)
Event: 13.335 Thread 0x000001edfabec210 nmethod 2790 0x000001ede9fb7790 code [0x000001ede9fb79c0, 0x000001ede9fb7de0]
Event: 13.335 Thread 0x000001edfabec210 2792       3       org.lombokweb.asm.MethodWriter::visitLabel (332 bytes)
Event: 13.336 Thread 0x000001edfabec210 nmethod 2792 0x000001ede9fb7f90 code [0x000001ede9fb81e0, 0x000001ede9fb8ad8]
Event: 13.336 Thread 0x000001edfabec210 2791       3       org.lombokweb.asm.MethodVisitor::visitMethodInsn (80 bytes)
Event: 13.336 Thread 0x000001edfabec210 nmethod 2791 0x000001ede9fb8d10 code [0x000001ede9fb8f00, 0x000001ede9fb93a8]
Event: 13.619 Thread 0x000001edfabec210 2794       3       org.lombokweb.asm.SymbolTable::hash (14 bytes)
Event: 13.619 Thread 0x000001edfabec210 nmethod 2794 0x000001ede9fb9510 code [0x000001ede9fb96a0, 0x000001ede9fb97a8]
Event: 13.619 Thread 0x000001edfabec210 2795       3       org.lombokweb.asm.Label::addForwardReference (102 bytes)
Event: 13.619 Thread 0x000001edfabec210 nmethod 2795 0x000001ede9fb9810 code [0x000001ede9fb99e0, 0x000001ede9fb9e40]
Event: 13.619 Thread 0x000001edfabec210 2796       3       org.lombokweb.asm.MethodVisitor::visitJumpInsn (17 bytes)
Event: 13.620 Thread 0x000001edfabec210 nmethod 2796 0x000001ede9fba010 code [0x000001ede9fba1c0, 0x000001ede9fba3c8]
Event: 13.625 Thread 0x000001edfabec210 2797       3       org.lombokweb.asm.ByteVector::putByteArray (49 bytes)
Event: 13.626 Thread 0x000001edfabec210 nmethod 2797 0x000001ede9fba490 code [0x000001ede9fba660, 0x000001ede9fba928]
Event: 14.194 Thread 0x000001edfabec210 2799       3       org.eclipse.core.internal.registry.Handle::<init> (15 bytes)
Event: 14.194 Thread 0x000001edfabec210 nmethod 2799 0x000001ede9fbaa90 code [0x000001ede9fbac40, 0x000001ede9fbadc8]
Event: 14.198 Thread 0x000001edfabec210 2800       1       java.lang.reflect.Constructor::getDeclaringClass (5 bytes)
Event: 14.198 Thread 0x000001edfabec210 nmethod 2800 0x000001edf1675b10 code [0x000001edf1675ca0, 0x000001edf1675d68]

GC Heap History (14 events):
Event: 2.913 GC heap before
{Heap before GC invocations=1 (full 0):
 PSYoungGen      total 29696K, used 25600K [0x00000000eab00000, 0x00000000ecc00000, 0x0000000100000000)
  eden space 25600K, 100% used [0x00000000eab00000,0x00000000ec400000,0x00000000ec400000)
  from space 4096K, 0% used [0x00000000ec800000,0x00000000ec800000,0x00000000ecc00000)
  to   space 4096K, 0% used [0x00000000ec400000,0x00000000ec400000,0x00000000ec800000)
 ParOldGen       total 68608K, used 0K [0x00000000c0000000, 0x00000000c4300000, 0x00000000eab00000)
  object space 68608K, 0% used [0x00000000c0000000,0x00000000c0000000,0x00000000c4300000)
 Metaspace       used 4370K, committed 4608K, reserved 1114112K
  class space    used 460K, committed 576K, reserved 1048576K
}
Event: 2.937 GC heap after
{Heap after GC invocations=1 (full 0):
 PSYoungGen      total 29696K, used 3270K [0x00000000eab00000, 0x00000000ecc00000, 0x0000000100000000)
  eden space 25600K, 0% used [0x00000000eab00000,0x00000000eab00000,0x00000000ec400000)
  from space 4096K, 79% used [0x00000000ec400000,0x00000000ec731870,0x00000000ec800000)
  to   space 4096K, 0% used [0x00000000ec800000,0x00000000ec800000,0x00000000ecc00000)
 ParOldGen       total 68608K, used 0K [0x00000000c0000000, 0x00000000c4300000, 0x00000000eab00000)
  object space 68608K, 0% used [0x00000000c0000000,0x00000000c0000000,0x00000000c4300000)
 Metaspace       used 4370K, committed 4608K, reserved 1114112K
  class space    used 460K, committed 576K, reserved 1048576K
}
Event: 5.105 GC heap before
{Heap before GC invocations=2 (full 0):
 PSYoungGen      total 29696K, used 28870K [0x00000000eab00000, 0x00000000ecc00000, 0x0000000100000000)
  eden space 25600K, 100% used [0x00000000eab00000,0x00000000ec400000,0x00000000ec400000)
  from space 4096K, 79% used [0x00000000ec400000,0x00000000ec731870,0x00000000ec800000)
  to   space 4096K, 0% used [0x00000000ec800000,0x00000000ec800000,0x00000000ecc00000)
 ParOldGen       total 68608K, used 0K [0x00000000c0000000, 0x00000000c4300000, 0x00000000eab00000)
  object space 68608K, 0% used [0x00000000c0000000,0x00000000c0000000,0x00000000c4300000)
 Metaspace       used 8275K, committed 8640K, reserved 1114112K
  class space    used 846K, committed 1024K, reserved 1048576K
}
Event: 5.112 GC heap after
{Heap after GC invocations=2 (full 0):
 PSYoungGen      total 29696K, used 4086K [0x00000000eab00000, 0x00000000ecc00000, 0x0000000100000000)
  eden space 25600K, 0% used [0x00000000eab00000,0x00000000eab00000,0x00000000ec400000)
  from space 4096K, 99% used [0x00000000ec800000,0x00000000ecbfd860,0x00000000ecc00000)
  to   space 4096K, 0% used [0x00000000ec400000,0x00000000ec400000,0x00000000ec800000)
 ParOldGen       total 68608K, used 880K [0x00000000c0000000, 0x00000000c4300000, 0x00000000eab00000)
  object space 68608K, 1% used [0x00000000c0000000,0x00000000c00dc2f8,0x00000000c4300000)
 Metaspace       used 8275K, committed 8640K, reserved 1114112K
  class space    used 846K, committed 1024K, reserved 1048576K
}
Event: 6.684 GC heap before
{Heap before GC invocations=3 (full 0):
 PSYoungGen      total 29696K, used 29686K [0x00000000eab00000, 0x00000000ecc00000, 0x0000000100000000)
  eden space 25600K, 100% used [0x00000000eab00000,0x00000000ec400000,0x00000000ec400000)
  from space 4096K, 99% used [0x00000000ec800000,0x00000000ecbfd860,0x00000000ecc00000)
  to   space 4096K, 0% used [0x00000000ec400000,0x00000000ec400000,0x00000000ec800000)
 ParOldGen       total 68608K, used 880K [0x00000000c0000000, 0x00000000c4300000, 0x00000000eab00000)
  object space 68608K, 1% used [0x00000000c0000000,0x00000000c00dc2f8,0x00000000c4300000)
 Metaspace       used 13051K, committed 13568K, reserved 1114112K
  class space    used 1335K, committed 1536K, reserved 1048576K
}
Event: 6.688 GC heap after
{Heap after GC invocations=3 (full 0):
 PSYoungGen      total 29696K, used 4083K [0x00000000eab00000, 0x00000000ecc00000, 0x0000000100000000)
  eden space 25600K, 0% used [0x00000000eab00000,0x00000000eab00000,0x00000000ec400000)
  from space 4096K, 99% used [0x00000000ec400000,0x00000000ec7fcf38,0x00000000ec800000)
  to   space 4096K, 0% used [0x00000000ec800000,0x00000000ec800000,0x00000000ecc00000)
 ParOldGen       total 68608K, used 2814K [0x00000000c0000000, 0x00000000c4300000, 0x00000000eab00000)
  object space 68608K, 4% used [0x00000000c0000000,0x00000000c02bfa48,0x00000000c4300000)
 Metaspace       used 13051K, committed 13568K, reserved 1114112K
  class space    used 1335K, committed 1536K, reserved 1048576K
}
Event: 11.916 GC heap before
{Heap before GC invocations=4 (full 0):
 PSYoungGen      total 29696K, used 29683K [0x00000000eab00000, 0x00000000ecc00000, 0x0000000100000000)
  eden space 25600K, 100% used [0x00000000eab00000,0x00000000ec400000,0x00000000ec400000)
  from space 4096K, 99% used [0x00000000ec400000,0x00000000ec7fcf38,0x00000000ec800000)
  to   space 4096K, 0% used [0x00000000ec800000,0x00000000ec800000,0x00000000ecc00000)
 ParOldGen       total 68608K, used 2814K [0x00000000c0000000, 0x00000000c4300000, 0x00000000eab00000)
  object space 68608K, 4% used [0x00000000c0000000,0x00000000c02bfa48,0x00000000c4300000)
 Metaspace       used 17154K, committed 17856K, reserved 1114112K
  class space    used 1745K, committed 2048K, reserved 1048576K
}
Event: 11.923 GC heap after
{Heap after GC invocations=4 (full 0):
 PSYoungGen      total 29696K, used 4089K [0x00000000eab00000, 0x00000000ecc00000, 0x0000000100000000)
  eden space 25600K, 0% used [0x00000000eab00000,0x00000000eab00000,0x00000000ec400000)
  from space 4096K, 99% used [0x00000000ec800000,0x00000000ecbfe710,0x00000000ecc00000)
  to   space 4096K, 0% used [0x00000000ec400000,0x00000000ec400000,0x00000000ec800000)
 ParOldGen       total 68608K, used 4697K [0x00000000c0000000, 0x00000000c4300000, 0x00000000eab00000)
  object space 68608K, 6% used [0x00000000c0000000,0x00000000c0496518,0x00000000c4300000)
 Metaspace       used 17154K, committed 17856K, reserved 1114112K
  class space    used 1745K, committed 2048K, reserved 1048576K
}
Event: 13.399 GC heap before
{Heap before GC invocations=5 (full 0):
 PSYoungGen      total 29696K, used 29689K [0x00000000eab00000, 0x00000000ecc00000, 0x0000000100000000)
  eden space 25600K, 100% used [0x00000000eab00000,0x00000000ec400000,0x00000000ec400000)
  from space 4096K, 99% used [0x00000000ec800000,0x00000000ecbfe710,0x00000000ecc00000)
  to   space 4096K, 0% used [0x00000000ec400000,0x00000000ec400000,0x00000000ec800000)
 ParOldGen       total 68608K, used 4697K [0x00000000c0000000, 0x00000000c4300000, 0x00000000eab00000)
  object space 68608K, 6% used [0x00000000c0000000,0x00000000c0496518,0x00000000c4300000)
 Metaspace       used 20359K, committed 21120K, reserved 1114112K
  class space    used 1958K, committed 2304K, reserved 1048576K
}
Event: 13.405 GC heap after
{Heap after GC invocations=5 (full 0):
 PSYoungGen      total 29184K, used 4078K [0x00000000eab00000, 0x00000000ecd80000, 0x0000000100000000)
  eden space 25088K, 0% used [0x00000000eab00000,0x00000000eab00000,0x00000000ec380000)
  from space 4096K, 99% used [0x00000000ec400000,0x00000000ec7fb948,0x00000000ec800000)
  to   space 5120K, 0% used [0x00000000ec880000,0x00000000ec880000,0x00000000ecd80000)
 ParOldGen       total 68608K, used 4909K [0x00000000c0000000, 0x00000000c4300000, 0x00000000eab00000)
  object space 68608K, 7% used [0x00000000c0000000,0x00000000c04cb630,0x00000000c4300000)
 Metaspace       used 20359K, committed 21120K, reserved 1114112K
  class space    used 1958K, committed 2304K, reserved 1048576K
}
Event: 13.640 GC heap before
{Heap before GC invocations=6 (full 0):
 PSYoungGen      total 29184K, used 9380K [0x00000000eab00000, 0x00000000ecd80000, 0x0000000100000000)
  eden space 25088K, 21% used [0x00000000eab00000,0x00000000eb02d880,0x00000000ec380000)
  from space 4096K, 99% used [0x00000000ec400000,0x00000000ec7fb948,0x00000000ec800000)
  to   space 5120K, 0% used [0x00000000ec880000,0x00000000ec880000,0x00000000ecd80000)
 ParOldGen       total 68608K, used 4909K [0x00000000c0000000, 0x00000000c4300000, 0x00000000eab00000)
  object space 68608K, 7% used [0x00000000c0000000,0x00000000c04cb630,0x00000000c4300000)
 Metaspace       used 20801K, committed 21504K, reserved 1114112K
  class space    used 1983K, committed 2304K, reserved 1048576K
}
Event: 13.646 GC heap after
{Heap after GC invocations=6 (full 0):
 PSYoungGen      total 29696K, used 4405K [0x00000000eab00000, 0x00000000ecd00000, 0x0000000100000000)
  eden space 25088K, 0% used [0x00000000eab00000,0x00000000eab00000,0x00000000ec380000)
  from space 4608K, 95% used [0x00000000ec880000,0x00000000ecccd4d8,0x00000000ecd00000)
  to   space 4608K, 0% used [0x00000000ec400000,0x00000000ec400000,0x00000000ec880000)
 ParOldGen       total 68608K, used 4909K [0x00000000c0000000, 0x00000000c4300000, 0x00000000eab00000)
  object space 68608K, 7% used [0x00000000c0000000,0x00000000c04cb630,0x00000000c4300000)
 Metaspace       used 20801K, committed 21504K, reserved 1114112K
  class space    used 1983K, committed 2304K, reserved 1048576K
}
Event: 13.646 GC heap before
{Heap before GC invocations=7 (full 1):
 PSYoungGen      total 29696K, used 4405K [0x00000000eab00000, 0x00000000ecd00000, 0x0000000100000000)
  eden space 25088K, 0% used [0x00000000eab00000,0x00000000eab00000,0x00000000ec380000)
  from space 4608K, 95% used [0x00000000ec880000,0x00000000ecccd4d8,0x00000000ecd00000)
  to   space 4608K, 0% used [0x00000000ec400000,0x00000000ec400000,0x00000000ec880000)
 ParOldGen       total 68608K, used 4909K [0x00000000c0000000, 0x00000000c4300000, 0x00000000eab00000)
  object space 68608K, 7% used [0x00000000c0000000,0x00000000c04cb630,0x00000000c4300000)
 Metaspace       used 20801K, committed 21504K, reserved 1114112K
  class space    used 1983K, committed 2304K, reserved 1048576K
}
Event: 13.701 GC heap after
{Heap after GC invocations=7 (full 1):
 PSYoungGen      total 29696K, used 0K [0x00000000eab00000, 0x00000000ecd00000, 0x0000000100000000)
  eden space 25088K, 0% used [0x00000000eab00000,0x00000000eab00000,0x00000000ec380000)
  from space 4608K, 0% used [0x00000000ec880000,0x00000000ec880000,0x00000000ecd00000)
  to   space 4608K, 0% used [0x00000000ec400000,0x00000000ec400000,0x00000000ec880000)
 ParOldGen       total 68608K, used 9043K [0x00000000c0000000, 0x00000000c4300000, 0x00000000eab00000)
  object space 68608K, 13% used [0x00000000c0000000,0x00000000c08d4ef8,0x00000000c4300000)
 Metaspace       used 20788K, committed 21504K, reserved 1114112K
  class space    used 1980K, committed 2304K, reserved 1048576K
}

Dll operation events (10 events):
Event: 0.060 Loaded shared library c:\Users\ADMIN\.vscode\extensions\redhat.java-1.42.0-win32-x64\jre\21.0.7-win32-x86_64\bin\java.dll
Event: 0.388 Loaded shared library c:\Users\ADMIN\.vscode\extensions\redhat.java-1.42.0-win32-x64\jre\21.0.7-win32-x86_64\bin\zip.dll
Event: 0.451 Loaded shared library C:\Users\ADMIN\.vscode\extensions\redhat.java-1.42.0-win32-x64\jre\21.0.7-win32-x86_64\bin\instrument.dll
Event: 0.472 Loaded shared library C:\Users\ADMIN\.vscode\extensions\redhat.java-1.42.0-win32-x64\jre\21.0.7-win32-x86_64\bin\net.dll
Event: 0.490 Loaded shared library C:\Users\ADMIN\.vscode\extensions\redhat.java-1.42.0-win32-x64\jre\21.0.7-win32-x86_64\bin\nio.dll
Event: 0.497 Loaded shared library C:\Users\ADMIN\.vscode\extensions\redhat.java-1.42.0-win32-x64\jre\21.0.7-win32-x86_64\bin\zip.dll
Event: 0.555 Loaded shared library C:\Users\ADMIN\.vscode\extensions\redhat.java-1.42.0-win32-x64\jre\21.0.7-win32-x86_64\bin\jimage.dll
Event: 0.805 Loaded shared library c:\Users\ADMIN\.vscode\extensions\redhat.java-1.42.0-win32-x64\jre\21.0.7-win32-x86_64\bin\verify.dll
Event: 5.080 Loaded shared library C:\Users\ADMIN\AppData\Roaming\Code\User\globalStorage\redhat.java\1.42.0\config_ss_win\org.eclipse.equinox.launcher\org.eclipse.equinox.launcher.win32.win32.x86_64_1.2.1300.v20250331-1702\eclipse_11911.dll
Event: 10.584 Loaded shared library C:\Users\ADMIN\AppData\Local\Temp\jna-62130991\jna4343686702706636046.dll

Deoptimization events (20 events):
Event: 11.708 Thread 0x000001edc556f6e0 Uncommon trap: trap_request=0xffffffde fr.pc=0x000001edf1638894 relative=0x00000000000003b4
Event: 11.708 Thread 0x000001edc556f6e0 Uncommon trap: reason=class_check action=maybe_recompile pc=0x000001edf1638894 method=java.util.regex.Pattern$BmpCharPropertyGreedy.match(Ljava/util/regex/Matcher;ILjava/lang/CharSequence;)Z @ 70 c2
Event: 11.708 Thread 0x000001edc556f6e0 DEOPT PACKING pc=0x000001edf1638894 sp=0x000000d10f0ef340
Event: 11.708 Thread 0x000001edc556f6e0 DEOPT UNPACKING pc=0x000001edf0ff6da2 sp=0x000000d10f0ef2e8 mode 2
Event: 11.867 Thread 0x000001edc556f6e0 Uncommon trap: trap_request=0xffffffde fr.pc=0x000001edf1654578 relative=0x00000000000003b8
Event: 11.867 Thread 0x000001edc556f6e0 Uncommon trap: reason=class_check action=maybe_recompile pc=0x000001edf1654578 method=java.lang.String.<init>(Ljava/lang/AbstractStringBuilder;Ljava/lang/Void;)V @ 10 c2
Event: 11.867 Thread 0x000001edc556f6e0 DEOPT PACKING pc=0x000001edf1654578 sp=0x000000d10f0f8350
Event: 11.867 Thread 0x000001edc556f6e0 DEOPT UNPACKING pc=0x000001edf0ff6da2 sp=0x000000d10f0f8318 mode 2
Event: 11.867 Thread 0x000001edc556f6e0 Uncommon trap: trap_request=0xffffffde fr.pc=0x000001edf1654578 relative=0x00000000000003b8
Event: 11.867 Thread 0x000001edc556f6e0 Uncommon trap: reason=class_check action=maybe_recompile pc=0x000001edf1654578 method=java.lang.String.<init>(Ljava/lang/AbstractStringBuilder;Ljava/lang/Void;)V @ 10 c2
Event: 11.867 Thread 0x000001edc556f6e0 DEOPT PACKING pc=0x000001edf1654578 sp=0x000000d10f0f84f0
Event: 11.867 Thread 0x000001edc556f6e0 DEOPT UNPACKING pc=0x000001edf0ff6da2 sp=0x000000d10f0f84b8 mode 2
Event: 13.333 Thread 0x000001edc556f6e0 Uncommon trap: trap_request=0xffffff45 fr.pc=0x000001edf1674a24 relative=0x0000000000000184
Event: 13.333 Thread 0x000001edc556f6e0 Uncommon trap: reason=unstable_if action=reinterpret pc=0x000001edf1674a24 method=org.lombokweb.asm.ByteVector.putByteArray([BII)Lorg/lombokweb/asm/ByteVector; @ 20 c2
Event: 13.333 Thread 0x000001edc556f6e0 DEOPT PACKING pc=0x000001edf1674a24 sp=0x000000d10f0f2690
Event: 13.333 Thread 0x000001edc556f6e0 DEOPT UNPACKING pc=0x000001edf0ff6da2 sp=0x000000d10f0f2660 mode 2
Event: 13.333 Thread 0x000001edc556f6e0 Uncommon trap: trap_request=0xffffff45 fr.pc=0x000001edf1675424 relative=0x0000000000000364
Event: 13.333 Thread 0x000001edc556f6e0 Uncommon trap: reason=unstable_if action=reinterpret pc=0x000001edf1675424 method=org.lombokweb.asm.Label.resolve([BLorg/lombokweb/asm/ByteVector;I)Z @ 81 c2
Event: 13.333 Thread 0x000001edc556f6e0 DEOPT PACKING pc=0x000001edf1675424 sp=0x000000d10f0f2720
Event: 13.333 Thread 0x000001edc556f6e0 DEOPT UNPACKING pc=0x000001edf0ff6da2 sp=0x000000d10f0f2628 mode 2

Classes loaded (20 events):
Event: 11.690 Loading class java/util/zip/GZIPInputStream
Event: 11.691 Loading class java/util/zip/GZIPInputStream done
Event: 11.737 Loading class java/io/StringReader
Event: 11.737 Loading class java/io/StringReader done
Event: 11.816 Loading class java/net/SocketTimeoutException
Event: 11.816 Loading class java/io/InterruptedIOException
Event: 11.816 Loading class java/io/InterruptedIOException done
Event: 11.817 Loading class java/net/SocketTimeoutException done
Event: 11.817 Loading class java/net/SocketException
Event: 11.817 Loading class java/net/SocketException done
Event: 11.817 Loading class java/net/UnknownHostException
Event: 11.817 Loading class java/net/UnknownHostException done
Event: 11.817 Loading class java/net/ProtocolException
Event: 11.817 Loading class java/net/ProtocolException done
Event: 11.886 Loading class java/lang/ThreadLocal$SuppliedThreadLocal
Event: 11.887 Loading class java/lang/ThreadLocal$SuppliedThreadLocal done
Event: 11.914 Loading class java/io/FileWriter
Event: 11.915 Loading class java/io/FileWriter done
Event: 11.926 Loading class java/lang/NegativeArraySizeException
Event: 11.926 Loading class java/lang/NegativeArraySizeException done

Classes unloaded (7 events):
Event: 13.654 Thread 0x000001edfabaf140 Unloading class 0x000001ed8118b400 'java/lang/invoke/LambdaForm$MH+0x000001ed8118b400'
Event: 13.654 Thread 0x000001edfabaf140 Unloading class 0x000001ed8118b000 'java/lang/invoke/LambdaForm$MH+0x000001ed8118b000'
Event: 13.654 Thread 0x000001edfabaf140 Unloading class 0x000001ed8118ac00 'java/lang/invoke/LambdaForm$MH+0x000001ed8118ac00'
Event: 13.654 Thread 0x000001edfabaf140 Unloading class 0x000001ed8118a800 'java/lang/invoke/LambdaForm$MH+0x000001ed8118a800'
Event: 13.654 Thread 0x000001edfabaf140 Unloading class 0x000001ed8118a400 'java/lang/invoke/LambdaForm$BMH+0x000001ed8118a400'
Event: 13.654 Thread 0x000001edfabaf140 Unloading class 0x000001ed8118a000 'java/lang/invoke/LambdaForm$DMH+0x000001ed8118a000'
Event: 13.654 Thread 0x000001edfabaf140 Unloading class 0x000001ed81188c00 'java/lang/invoke/LambdaForm$DMH+0x000001ed81188c00'

Classes redefined (0 events):
No events

Internal exceptions (20 events):
Event: 7.662 Thread 0x000001edc556f6e0 Exception <a 'java/lang/NoSuchMethodError'{0x00000000eb6c0200}: 'java.lang.Object java.lang.invoke.DirectMethodHandle$Holder.invokeStaticInit(java.lang.Object, int, int, int, int)'> (0x00000000eb6c0200) 
thrown [s\src\hotspot\share\interpreter\linkResolver.cpp, line 773]
Event: 8.572 Thread 0x000001edc556f6e0 Exception <a 'java/lang/NoSuchMethodError'{0x00000000eb81b5c0}: 'java.lang.Object java.lang.invoke.DirectMethodHandle$Holder.invokeStaticInit(java.lang.Object, java.lang.Object, int, int, int, int)'> (0x00000000eb81b5c0) 
thrown [s\src\hotspot\share\interpreter\linkResolver.cpp, line 773]
Event: 10.672 Thread 0x000001edc556f6e0 Exception <a 'java/lang/NoSuchMethodError'{0x00000000eb91dc80}: 'void java.lang.invoke.DirectMethodHandle$Holder.invokeSpecial(java.lang.Object, java.lang.Object, java.lang.Object, int)'> (0x00000000eb91dc80) 
thrown [s\src\hotspot\share\interpreter\linkResolver.cpp, line 773]
Event: 10.673 Thread 0x000001edc556f6e0 Exception <a 'java/lang/NoSuchMethodError'{0x00000000eb921610}: 'void java.lang.invoke.DelegatingMethodHandle$Holder.reinvoke_L(java.lang.Object, java.lang.Object, int)'> (0x00000000eb921610) 
thrown [s\src\hotspot\share\interpreter\linkResolver.cpp, line 773]
Event: 10.677 Thread 0x000001edc556f6e0 Exception <a 'java/lang/NoSuchMethodError'{0x00000000eb9285d0}: 'int java.lang.invoke.Invokers$Holder.invokeExact_MT(java.lang.Object, java.lang.Object, java.lang.Object)'> (0x00000000eb9285d0) 
thrown [s\src\hotspot\share\interpreter\linkResolver.cpp, line 773]
Event: 10.809 Thread 0x000001edc556f6e0 Exception <a 'java/lang/NoSuchMethodError'{0x00000000eba381e8}: 'void java.lang.invoke.Invokers$Holder.invokeExact_MT(java.lang.Object, java.lang.Object, int, java.lang.Object)'> (0x00000000eba381e8) 
thrown [s\src\hotspot\share\interpreter\linkResolver.cpp, line 773]
Event: 11.078 Thread 0x000001edc556f6e0 Exception <a 'java/lang/NoSuchMethodError'{0x00000000ebb4ff60}: 'java.lang.Object java.lang.invoke.DirectMethodHandle$Holder.invokeSpecial(java.lang.Object, java.lang.Object, java.lang.Object, long, java.lang.Object)'> (0x00000000ebb4ff60) 
thrown [s\src\hotspot\share\interpreter\linkResolver.cpp, line 773]
Event: 11.079 Thread 0x000001edc556f6e0 Exception <a 'java/lang/NoSuchMethodError'{0x00000000ebb576f0}: 'java.lang.Object java.lang.invoke.DirectMethodHandle$Holder.newInvokeSpecial(java.lang.Object, java.lang.Object, java.lang.Object, long)'> (0x00000000ebb576f0) 
thrown [s\src\hotspot\share\interpreter\linkResolver.cpp, line 773]
Event: 11.080 Thread 0x000001edc556f6e0 Exception <a 'java/lang/NoSuchMethodError'{0x00000000ebb5b550}: 'java.lang.Object java.lang.invoke.Invokers$Holder.linkToTargetMethod(java.lang.Object, java.lang.Object, long, java.lang.Object)'> (0x00000000ebb5b550) 
thrown [s\src\hotspot\share\interpreter\linkResolver.cpp, line 773]
Event: 11.130 Thread 0x000001edc556f6e0 Exception <a 'java/lang/NoSuchMethodError'{0x00000000ebbb2e98}: 'int java.lang.invoke.DirectMethodHandle$Holder.invokeStaticInit(java.lang.Object, java.lang.Object, java.lang.Object)'> (0x00000000ebbb2e98) 
thrown [s\src\hotspot\share\interpreter\linkResolver.cpp, line 773]
Event: 11.243 Thread 0x000001edc556f6e0 Exception <a 'java/lang/IncompatibleClassChangeError'{0x00000000ebc345d8}: Found class java.lang.Object, but interface was expected> (0x00000000ebc345d8) 
thrown [s\src\hotspot\share\interpreter\linkResolver.cpp, line 840]
Event: 11.288 Thread 0x000001edc556f6e0 Exception <a 'java/lang/NoSuchMethodError'{0x00000000ebc483f0}: 'java.lang.Object java.lang.invoke.DirectMethodHandle$Holder.invokeSpecial(java.lang.Object, java.lang.Object, java.lang.Object, int, java.lang.Object, java.lang.Object)'> (0x00000000ebc483f0) 
thrown [s\src\hotspot\share\interpreter\linkResolver.cpp, line 773]
Event: 11.289 Thread 0x000001edc556f6e0 Exception <a 'java/lang/NoSuchMethodError'{0x00000000ebc4fc88}: 'java.lang.Object java.lang.invoke.DirectMethodHandle$Holder.newInvokeSpecial(java.lang.Object, java.lang.Object, java.lang.Object, int, java.lang.Object)'> (0x00000000ebc4fc88) 
thrown [s\src\hotspot\share\interpreter\linkResolver.cpp, line 773]
Event: 11.290 Thread 0x000001edc556f6e0 Exception <a 'java/lang/NoSuchMethodError'{0x00000000ebc53778}: 'java.lang.Object java.lang.invoke.Invokers$Holder.linkToTargetMethod(java.lang.Object, java.lang.Object, int, java.lang.Object, java.lang.Object)'> (0x00000000ebc53778) 
thrown [s\src\hotspot\share\interpreter\linkResolver.cpp, line 773]
Event: 11.292 Thread 0x000001edc5f5a060 Exception <a 'java/lang/NoSuchMethodError'{0x00000000ebc65580}: 'java.lang.Object java.lang.invoke.DirectMethodHandle$Holder.invokeSpecial(java.lang.Object, java.lang.Object, int, java.lang.Object, java.lang.Object)'> (0x00000000ebc65580) 
thrown [s\src\hotspot\share\interpreter\linkResolver.cpp, line 773]
Event: 11.293 Thread 0x000001edc5f5a060 Exception <a 'java/lang/NoSuchMethodError'{0x00000000ebc6c2b8}: 'java.lang.Object java.lang.invoke.DirectMethodHandle$Holder.newInvokeSpecial(java.lang.Object, java.lang.Object, int, java.lang.Object)'> (0x00000000ebc6c2b8) 
thrown [s\src\hotspot\share\interpreter\linkResolver.cpp, line 773]
Event: 11.466 Thread 0x000001edc556f6e0 Exception <a 'java/lang/NoSuchMethodError'{0x00000000ebd72388}: 'void java.lang.invoke.DirectMethodHandle$Holder.invokeSpecial(java.lang.Object, java.lang.Object, java.lang.Object, java.lang.Object, java.lang.Object)'> (0x00000000ebd72388) 
thrown [s\src\hotspot\share\interpreter\linkResolver.cpp, line 773]
Event: 11.598 Thread 0x000001edc556f6e0 Exception <a 'java/lang/NoSuchMethodError'{0x00000000ebf9cbe8}: 'double java.lang.invoke.DirectMethodHandle$Holder.invokeStatic(java.lang.Object, java.lang.Object)'> (0x00000000ebf9cbe8) 
thrown [s\src\hotspot\share\interpreter\linkResolver.cpp, line 773]
Event: 11.599 Thread 0x000001edc556f6e0 Exception <a 'java/lang/NoSuchMethodError'{0x00000000ebfa02a8}: 'double java.lang.invoke.DirectMethodHandle$Holder.invokeStaticInit(java.lang.Object, java.lang.Object)'> (0x00000000ebfa02a8) 
thrown [s\src\hotspot\share\interpreter\linkResolver.cpp, line 773]
Event: 13.333 Thread 0x000001edc556f6e0 Implicit null exception at 0x000001edf16748f5 to 0x000001edf1674a08

ZGC Phase Switch (0 events):
No events

VM Operations (20 events):
Event: 6.881 Executing VM operation: HandshakeAllThreads (Deoptimize)
Event: 6.881 Executing VM operation: HandshakeAllThreads (Deoptimize) done
Event: 6.905 Executing VM operation: HandshakeAllThreads (Deoptimize)
Event: 6.905 Executing VM operation: HandshakeAllThreads (Deoptimize) done
Event: 7.918 Executing VM operation: Cleanup
Event: 7.919 Executing VM operation: Cleanup done
Event: 8.921 Executing VM operation: Cleanup
Event: 8.921 Executing VM operation: Cleanup done
Event: 10.614 Executing VM operation: HandshakeAllThreads (Deoptimize)
Event: 10.614 Executing VM operation: HandshakeAllThreads (Deoptimize) done
Event: 11.626 Executing VM operation: Cleanup
Event: 11.675 Executing VM operation: Cleanup done
Event: 11.916 Executing VM operation: ParallelGCFailedAllocation (Allocation Failure)
Event: 11.923 Executing VM operation: ParallelGCFailedAllocation (Allocation Failure) done
Event: 12.936 Executing VM operation: Cleanup
Event: 12.936 Executing VM operation: Cleanup done
Event: 13.399 Executing VM operation: ParallelGCFailedAllocation (Allocation Failure)
Event: 13.405 Executing VM operation: ParallelGCFailedAllocation (Allocation Failure) done
Event: 13.640 Executing VM operation: CollectForMetadataAllocation (Metadata GC Threshold)
Event: 13.701 Executing VM operation: CollectForMetadataAllocation (Metadata GC Threshold) done

Memory protections (0 events):
No events

Nmethod flushes (0 events):
No events

Events (20 events):
Event: 0.259 Thread 0x000001ede6883a90 Thread added: 0x000001edfabaff50
Event: 0.260 Thread 0x000001ede6883a90 Thread added: 0x000001edfabb1c60
Event: 0.260 Thread 0x000001ede6883a90 Thread added: 0x000001edfabb4a80
Event: 0.260 Thread 0x000001ede6883a90 Thread added: 0x000001edfabb6640
Event: 0.260 Thread 0x000001ede6883a90 Thread added: 0x000001edfabb7090
Event: 0.261 Thread 0x000001ede6883a90 Thread added: 0x000001edfabb88b0
Event: 0.272 Thread 0x000001ede6883a90 Thread added: 0x000001edfabec210
Event: 0.348 Thread 0x000001ede6883a90 Thread added: 0x000001edc50774e0
Event: 1.202 Thread 0x000001ede6883a90 Thread added: 0x000001edc52d9400
Event: 4.407 Thread 0x000001ede6883a90 Thread added: 0x000001edc53a2e50
Event: 4.974 Thread 0x000001ede6883a90 Thread added: 0x000001edc549b750
Event: 4.980 Thread 0x000001ede6883a90 Thread added: 0x000001edc556f6e0
Event: 5.119 Thread 0x000001edc556f6e0 Thread added: 0x000001edc58c12d0
Event: 5.414 Thread 0x000001edc556f6e0 Thread added: 0x000001edc597cee0
Event: 6.316 Thread 0x000001edc556f6e0 Thread added: 0x000001edc5abcfc0
Event: 10.717 Thread 0x000001edc556f6e0 Thread added: 0x000001edc6073200
Event: 10.813 Thread 0x000001edc597cee0 Thread exited: 0x000001edc597cee0
Event: 11.093 Thread 0x000001edc556f6e0 Thread added: 0x000001edc5f5a060
Event: 11.294 Thread 0x000001edc556f6e0 Thread added: 0x000001edc5f5a6f0
Event: 11.295 Thread 0x000001edc556f6e0 Thread added: 0x000001edc5f5ad80


Dynamic libraries:
0x00007ff738ed0000 - 0x00007ff738ede000 	c:\Users\ADMIN\.vscode\extensions\redhat.java-1.42.0-win32-x64\jre\21.0.7-win32-x86_64\bin\java.exe
0x00007ff99e170000 - 0x00007ff99e387000 	C:\WINDOWS\SYSTEM32\ntdll.dll
0x00007ff99d480000 - 0x00007ff99d544000 	C:\WINDOWS\System32\KERNEL32.DLL
0x00007ff99b5b0000 - 0x00007ff99b983000 	C:\WINDOWS\System32\KERNELBASE.dll
0x00007ff99bc60000 - 0x00007ff99bd71000 	C:\WINDOWS\System32\ucrtbase.dll
0x00007ff95dbc0000 - 0x00007ff95dbd8000 	c:\Users\ADMIN\.vscode\extensions\redhat.java-1.42.0-win32-x64\jre\21.0.7-win32-x86_64\bin\jli.dll
0x00007ff99c140000 - 0x00007ff99c2f1000 	C:\WINDOWS\System32\USER32.dll
0x00007ff99b500000 - 0x00007ff99b526000 	C:\WINDOWS\System32\win32u.dll
0x00007ff99c000000 - 0x00007ff99c029000 	C:\WINDOWS\System32\GDI32.dll
0x00007ff99b9c0000 - 0x00007ff99bae2000 	C:\WINDOWS\System32\gdi32full.dll
0x00007ff99b320000 - 0x00007ff99b3ba000 	C:\WINDOWS\System32\msvcp_win.dll
0x00007ff980a40000 - 0x00007ff980cdb000 	C:\WINDOWS\WinSxS\amd64_microsoft.windows.common-controls_6595b64144ccf1df_6.0.22621.5262_none_2712bde373830908\COMCTL32.dll
0x00007ff99dff0000 - 0x00007ff99e097000 	C:\WINDOWS\System32\msvcrt.dll
0x00007ff95bac0000 - 0x00007ff95bade000 	c:\Users\ADMIN\.vscode\extensions\redhat.java-1.42.0-win32-x64\jre\21.0.7-win32-x86_64\bin\VCRUNTIME140.dll
0x00007ff99cc20000 - 0x00007ff99cc51000 	C:\WINDOWS\System32\IMM32.DLL
0x00007ff97f0d0000 - 0x00007ff97f0dc000 	c:\Users\ADMIN\.vscode\extensions\redhat.java-1.42.0-win32-x64\jre\21.0.7-win32-x86_64\bin\vcruntime140_1.dll
0x00007ff9555e0000 - 0x00007ff95566d000 	c:\Users\ADMIN\.vscode\extensions\redhat.java-1.42.0-win32-x64\jre\21.0.7-win32-x86_64\bin\msvcp140.dll
0x00007ff93a370000 - 0x00007ff93b100000 	c:\Users\ADMIN\.vscode\extensions\redhat.java-1.42.0-win32-x64\jre\21.0.7-win32-x86_64\bin\server\jvm.dll
0x00007ff99dea0000 - 0x00007ff99df51000 	C:\WINDOWS\System32\ADVAPI32.dll
0x00007ff99d2f0000 - 0x00007ff99d397000 	C:\WINDOWS\System32\sechost.dll
0x00007ff99b990000 - 0x00007ff99b9b8000 	C:\WINDOWS\System32\bcrypt.dll
0x00007ff99d0e0000 - 0x00007ff99d1f4000 	C:\WINDOWS\System32\RPCRT4.dll
0x00007ff99e0b0000 - 0x00007ff99e121000 	C:\WINDOWS\System32\WS2_32.dll
0x00007ff996980000 - 0x00007ff9969b4000 	C:\WINDOWS\SYSTEM32\WINMM.dll
0x00007ff9967c0000 - 0x00007ff9967ca000 	C:\WINDOWS\SYSTEM32\VERSION.dll
0x00007ff99b130000 - 0x00007ff99b17d000 	C:\WINDOWS\SYSTEM32\POWRPROF.dll
0x00007ff99b110000 - 0x00007ff99b123000 	C:\WINDOWS\SYSTEM32\UMPDC.dll
0x00007ff99a260000 - 0x00007ff99a278000 	C:\WINDOWS\SYSTEM32\kernel.appcore.dll
0x00007ff97eab0000 - 0x00007ff97eaba000 	c:\Users\ADMIN\.vscode\extensions\redhat.java-1.42.0-win32-x64\jre\21.0.7-win32-x86_64\bin\jimage.dll
0x00007ff998c00000 - 0x00007ff998e32000 	C:\WINDOWS\SYSTEM32\DBGHELP.DLL
0x00007ff99c300000 - 0x00007ff99c693000 	C:\WINDOWS\System32\combase.dll
0x00007ff99d3a0000 - 0x00007ff99d477000 	C:\WINDOWS\System32\OLEAUT32.dll
0x00007ff979f40000 - 0x00007ff979f72000 	C:\WINDOWS\SYSTEM32\dbgcore.DLL
0x00007ff99b530000 - 0x00007ff99b5ab000 	C:\WINDOWS\System32\bcryptPrimitives.dll
0x00007ff9979d0000 - 0x00007ff9979df000 	c:\Users\ADMIN\.vscode\extensions\redhat.java-1.42.0-win32-x64\jre\21.0.7-win32-x86_64\bin\instrument.dll
0x00007ff955b90000 - 0x00007ff955baf000 	c:\Users\ADMIN\.vscode\extensions\redhat.java-1.42.0-win32-x64\jre\21.0.7-win32-x86_64\bin\java.dll
0x00007ff99d600000 - 0x00007ff99de9d000 	C:\WINDOWS\System32\SHELL32.dll
0x00007ff99b3c0000 - 0x00007ff99b4ff000 	C:\WINDOWS\System32\wintypes.dll
0x00007ff999150000 - 0x00007ff999a6d000 	C:\WINDOWS\SYSTEM32\windows.storage.dll
0x00007ff99c030000 - 0x00007ff99c13b000 	C:\WINDOWS\System32\SHCORE.dll
0x00007ff99d210000 - 0x00007ff99d276000 	C:\WINDOWS\System32\shlwapi.dll
0x00007ff99b190000 - 0x00007ff99b1bb000 	C:\WINDOWS\SYSTEM32\profapi.dll
0x00007ff955a20000 - 0x00007ff955a38000 	c:\Users\ADMIN\.vscode\extensions\redhat.java-1.42.0-win32-x64\jre\21.0.7-win32-x86_64\bin\zip.dll
0x00007ff97e620000 - 0x00007ff97e630000 	C:\Users\ADMIN\.vscode\extensions\redhat.java-1.42.0-win32-x64\jre\21.0.7-win32-x86_64\bin\net.dll
0x00007ff994810000 - 0x00007ff99493c000 	C:\WINDOWS\SYSTEM32\WINHTTP.dll
0x00007ff99a6e0000 - 0x00007ff99a74a000 	C:\WINDOWS\system32\mswsock.dll
0x00007ff951580000 - 0x00007ff951596000 	C:\Users\ADMIN\.vscode\extensions\redhat.java-1.42.0-win32-x64\jre\21.0.7-win32-x86_64\bin\nio.dll
0x00007ff996f00000 - 0x00007ff996f10000 	c:\Users\ADMIN\.vscode\extensions\redhat.java-1.42.0-win32-x64\jre\21.0.7-win32-x86_64\bin\verify.dll
0x00007ff955100000 - 0x00007ff955145000 	C:\Users\ADMIN\AppData\Roaming\Code\User\globalStorage\redhat.java\1.42.0\config_ss_win\org.eclipse.equinox.launcher\org.eclipse.equinox.launcher.win32.win32.x86_64_1.2.1300.v20250331-1702\eclipse_11911.dll
0x00007ff99ca70000 - 0x00007ff99cc11000 	C:\WINDOWS\System32\ole32.dll
0x00007ff99a910000 - 0x00007ff99a92b000 	C:\WINDOWS\SYSTEM32\CRYPTSP.dll
0x00007ff99a1c0000 - 0x00007ff99a1f7000 	C:\WINDOWS\system32\rsaenh.dll
0x00007ff99a7a0000 - 0x00007ff99a7c8000 	C:\WINDOWS\SYSTEM32\USERENV.dll
0x00007ff99a900000 - 0x00007ff99a90c000 	C:\WINDOWS\SYSTEM32\CRYPTBASE.dll
0x00007ff999d10000 - 0x00007ff999d3d000 	C:\WINDOWS\SYSTEM32\IPHLPAPI.DLL
0x00007ff99d200000 - 0x00007ff99d209000 	C:\WINDOWS\System32\NSI.dll
0x00007ff9535b0000 - 0x00007ff9535f9000 	C:\Users\ADMIN\AppData\Local\Temp\jna-62130991\jna4343686702706636046.dll
0x00007ff99e0a0000 - 0x00007ff99e0a8000 	C:\WINDOWS\System32\PSAPI.DLL

dbghelp: loaded successfully - version: 4.0.5 - missing functions: none
symbol engine: initialized successfully - sym options: 0x614 - pdb path: .;c:\Users\ADMIN\.vscode\extensions\redhat.java-1.42.0-win32-x64\jre\21.0.7-win32-x86_64\bin;C:\WINDOWS\SYSTEM32;C:\WINDOWS\WinSxS\amd64_microsoft.windows.common-controls_6595b64144ccf1df_6.0.22621.5262_none_2712bde373830908;c:\Users\ADMIN\.vscode\extensions\redhat.java-1.42.0-win32-x64\jre\21.0.7-win32-x86_64\bin\server;C:\Users\ADMIN\AppData\Roaming\Code\User\globalStorage\redhat.java\1.42.0\config_ss_win\org.eclipse.equinox.launcher\org.eclipse.equinox.launcher.win32.win32.x86_64_1.2.1300.v20250331-1702;C:\Users\ADMIN\AppData\Local\Temp\jna-62130991

VM Arguments:
jvm_args: --add-modules=ALL-SYSTEM --add-opens=java.base/java.util=ALL-UNNAMED --add-opens=java.base/java.lang=ALL-UNNAMED --add-opens=java.base/sun.nio.fs=ALL-UNNAMED -Declipse.application=org.eclipse.jdt.ls.core.id1 -Dosgi.bundles.defaultStartLevel=4 -Declipse.product=org.eclipse.jdt.ls.core.product -Djava.import.generatesMetadataFilesAtProjectRoot=false -DDetectVMInstallationsJob.disabled=true -Dfile.encoding=utf8 -XX:+UseParallelGC -XX:GCTimeRatio=4 -XX:AdaptiveSizePolicyWeight=90 -Dsun.zip.disableMemoryMapping=true -Xmx1G -Xms100m -Xlog:disable -javaagent:c:\Users\ADMIN\.vscode\extensions\redhat.java-1.42.0-win32-x64\lombok\lombok-1.18.36.jar 
java_command: c:\Users\ADMIN\.vscode\extensions\redhat.java-1.42.0-win32-x64\server\plugins\org.eclipse.equinox.launcher_1.7.0.v20250424-1814.jar -configuration c:\Users\ADMIN\AppData\Roaming\Code\User\globalStorage\redhat.java\1.42.0\config_ss_win -data c:\Users\ADMIN\AppData\Roaming\Code\User\workspaceStorage\3aee1dc51a8e176d073eb485a32cd561\redhat.java\ss_ws --pipe=\\.\pipe\lsp-b688e4f618907261085cfd449dd3e209-sock
java_class_path (initial): c:\Users\ADMIN\.vscode\extensions\redhat.java-1.42.0-win32-x64\server\plugins\org.eclipse.equinox.launcher_1.7.0.v20250424-1814.jar
Launcher Type: SUN_STANDARD

[Global flags]
    uintx AdaptiveSizePolicyWeight                 = 90                                        {product} {command line}
     intx CICompilerCount                          = 3                                         {product} {ergonomic}
    uintx GCTimeRatio                              = 4                                         {product} {command line}
   size_t InitialHeapSize                          = 104857600                                 {product} {command line}
   size_t MaxHeapSize                              = 1073741824                                {product} {command line}
   size_t MaxNewSize                               = 357564416                                 {product} {ergonomic}
   size_t MinHeapDeltaBytes                        = 524288                                    {product} {ergonomic}
   size_t MinHeapSize                              = 104857600                                 {product} {command line}
   size_t NewSize                                  = 34603008                                  {product} {ergonomic}
    uintx NonNMethodCodeHeapSize                   = 5832780                                {pd product} {ergonomic}
    uintx NonProfiledCodeHeapSize                  = 122912730                              {pd product} {ergonomic}
   size_t OldSize                                  = 70254592                                  {product} {ergonomic}
    uintx ProfiledCodeHeapSize                     = 122912730                              {pd product} {ergonomic}
    uintx ReservedCodeCacheSize                    = 251658240                              {pd product} {ergonomic}
     bool SegmentedCodeCache                       = true                                      {product} {ergonomic}
   size_t SoftMaxHeapSize                          = 1073741824                             {manageable} {ergonomic}
     bool UseCompressedOops                        = true                           {product lp64_product} {ergonomic}
     bool UseLargePagesIndividualAllocation        = false                                  {pd product} {ergonomic}
     bool UseParallelGC                            = true                                      {product} {command line}

Logging:
Log output configuration:
 #0: stdout all=off uptime,level,tags foldmultilines=false
 #1: stderr all=off uptime,level,tags foldmultilines=false

Environment Variables:
JAVA_HOME=C:\Program Files\Java\jdk-24
PATH=C:\Program Files\Common Files\Oracle\Java\javapath;C:\WINDOWS\system32;C:\WINDOWS;C:\WINDOWS\System32\Wbem;C:\WINDOWS\System32\WindowsPowerShell\v1.0\;C:\WINDOWS\System32\OpenSSH\;C:\MinGW\bin;C:\MinGW\mingw32\bin;E:\msys64\ucrt64\bin;C:\Program Files (x86)\Microsoft SQL Server\160\Tools\Binn\;C:\Program Files\Microsoft SQL Server\160\Tools\Binn\;C:\Program Files\Microsoft SQL Server\Client SDK\ODBC\170\Tools\Binn\;C:\Program Files\Microsoft SQL Server\160\DTS\Binn\;C:\Program Files (x86)\Microsoft SQL Server\160\DTS\Binn\;C:\Users\ADMIN\AppData\Local\Microsoft\WindowsApps;C:\Program Files\JetBrains\PyCharm Community Edition 2021.3.3\bin;E:\Microsoft VS Code\bin;C:\Program Files (x86)\Nmap;C:\Users\ADMIN\AppData\Local\Microsoft\WinGet\Packages\Schniz.fnm_Microsoft.Winget.Source_8wekyb3d8bbwe;C:\Users\ADMIN\AppData\Roaming\fnm\node-versions\v22.14.0\installation;C:\Program Files\Erlang OTP\bin;C:\Program Files\RabbitMQ Server\rabbitmq_server-4.0.7\sbin;C:\Program Files\Java\jdk-24\bin;C:\Program Files\Docker\Docker\resources\bin;C:\Program Files\Git\cmd;E:\apache-maven-3.9.9-bin\apache-maven-3.9.9\bin;C:\Program Files\nodejs\;C:\Users\ADMIN\AppData\Local\Microsoft\WindowsApps;C:\Program Files\JetBrains\PyCharm Community Edition 2021.3.3\bin;;C:\Program Files (x86)\Nmap;C:\Users\ADMIN\AppData\Local\Microsoft\WinGet\Packages\Schniz.fnm_Microsoft.Winget.Source_8wekyb3d8bbwe;C:\Users\ADMIN\AppData\Local\Programs\Microsoft VS Code\bin;C:\Users\ADMIN\AppData\Roaming\npm
USERNAME=ADMIN
OS=Windows_NT
PROCESSOR_IDENTIFIER=Intel64 Family 6 Model 126 Stepping 5, GenuineIntel
TMP=C:\Users\ADMIN\AppData\Local\Temp
TEMP=C:\Users\ADMIN\AppData\Local\Temp




Periodic native trim disabled

---------------  S Y S T E M  ---------------

OS:
 Windows 11 , 64 bit Build 22621 (10.0.22621.5262)
OS uptime: 2 days 14:23 hours
Hyper-V role detected

CPU: total 4 (initial active 4) (2 cores per cpu, 2 threads per core) family 6 model 126 stepping 5 microcode 0xa0, cx8, cmov, fxsr, ht, mmx, 3dnowpref, sse, sse2, sse3, ssse3, sse4.1, sse4.2, popcnt, lzcnt, tsc, tscinvbit, avx, avx2, aes, erms, clmul, bmi1, bmi2, adx, avx512f, avx512dq, avx512cd, avx512bw, avx512vl, sha, fma, vzeroupper, avx512_vpopcntdq, avx512_vpclmulqdq, avx512_vaes, avx512_vnni, clflush, clflushopt, avx512_vbmi2, avx512_vbmi, hv, rdtscp, rdpid, fsrm, gfni, avx512_bitalg, f16c, avx512_ifma
Processor Information for the first 4 processors :
  Max Mhz: 1190, Current Mhz: 1190, Mhz Limit: 1190

Memory: 4k page, system-wide physical 3784M (18M free)
TotalPageFile size 15560M (AvailPageFile size 4M)
current process WorkingSet (physical memory assigned to process): 127M, peak: 130M
current process commit charge ("private bytes"): 234M, peak: 237M

vm_info: OpenJDK 64-Bit Server VM (21.0.7+6-LTS) for windows-amd64 JRE (21.0.7+6-LTS), built on 2025-04-15T00:00:00Z by "admin" with MS VC++ 17.7 (VS2022)

END.
