#
# There is insufficient memory for the Java Runtime Environment to continue.
# Native memory allocation (malloc) failed to allocate 32744 bytes. Error detail: Chunk::new
# Possible reasons:
#   The system is out of physical RAM or swap space
#   This process is running with CompressedOops enabled, and the Java Heap may be blocking the growth of the native heap
# Possible solutions:
#   Reduce memory load on the system
#   Increase physical memory or swap space
#   Check if swap backing store is full
#   Decrease Java heap size (-Xmx/-Xms)
#   Decrease number of Java threads
#   Decrease Java thread stack sizes (-Xss)
#   Set larger code cache with -XX:ReservedCodeCacheSize=
#   JVM is running with Unscaled Compressed Oops mode in which the Java heap is
#     placed in the first 4GB address space. The Java Heap base address is the
#     maximum limit for the native heap growth. Please use -XX:HeapBaseMinAddress
#     to set the Java Heap base and to place the Java Heap above 4GB virtual address.
# This output file may be truncated or incomplete.
#
#  Out of Memory Error (arena.cpp:168), pid=11880, tid=20292
#
# JRE version: OpenJDK Runtime Environment Temurin-21.0.7+6 (21.0.7+6) (build 21.0.7+6-LTS)
# Java VM: OpenJDK 64-Bit Server VM Temurin-21.0.7+6 (21.0.7+6-LTS, mixed mode, sharing, tiered, compressed oops, compressed class ptrs, parallel gc, windows-amd64)
# No core dump will be written. Minidumps are not enabled by default on client versions of Windows
#

---------------  S U M M A R Y ------------

Command Line: --add-modules=ALL-SYSTEM --add-opens=java.base/java.util=ALL-UNNAMED --add-opens=java.base/java.lang=ALL-UNNAMED --add-opens=java.base/sun.nio.fs=ALL-UNNAMED -Declipse.application=org.eclipse.jdt.ls.core.id1 -Dosgi.bundles.defaultStartLevel=4 -Declipse.product=org.eclipse.jdt.ls.core.product -Djava.import.generatesMetadataFilesAtProjectRoot=false -DDetectVMInstallationsJob.disabled=true -Dfile.encoding=utf8 -XX:+UseParallelGC -XX:GCTimeRatio=4 -XX:AdaptiveSizePolicyWeight=90 -Dsun.zip.disableMemoryMapping=true -Xmx1G -Xms100m -Xlog:disable -javaagent:c:\Users\ADMIN\.vscode\extensions\redhat.java-1.42.0-win32-x64\lombok\lombok-1.18.36.jar c:\Users\ADMIN\.vscode\extensions\redhat.java-1.42.0-win32-x64\server\plugins\org.eclipse.equinox.launcher_1.7.0.v20250424-1814.jar -configuration c:\Users\ADMIN\AppData\Roaming\Code\User\globalStorage\redhat.java\1.42.0\config_ss_win -data c:\Users\ADMIN\AppData\Roaming\Code\User\workspaceStorage\3aee1dc51a8e176d073eb485a32cd561\redhat.java\ss_ws --pipe=\\.\pipe\lsp-e31c3ffe0aab58295213c64631a9aaa1-sock

Host: Intel(R) Core(TM) i3-1005G1 CPU @ 1.20GHz, 4 cores, 3G,  Windows 11 , 64 bit Build 22621 (10.0.22621.5262)
Time: Sat Jun  7 21:11:53 2025 SE Asia Standard Time elapsed time: 140.065678 seconds (0d 0h 2m 20s)

---------------  T H R E A D  ---------------

Current thread (0x000001fe62f78810):  JavaThread "C2 CompilerThread0" daemon [_thread_in_native, id=20292, stack(0x000000563cd00000,0x000000563ce00000) (1024K)]


Current CompileTask:
C2:140065 5049       4       com.google.gson.stream.JsonReader::nextQuotedValue (294 bytes)

Stack: [0x000000563cd00000,0x000000563ce00000]
Native frames: (J=compiled Java code, j=interpreted, Vv=VM code, C=native code)
V  [jvm.dll+0x6ce119]
V  [jvm.dll+0x8a84a1]
V  [jvm.dll+0x8aa9ce]
V  [jvm.dll+0x8ab0b3]
V  [jvm.dll+0x27f8a6]
V  [jvm.dll+0xc507d]
V  [jvm.dll+0xc55b3]
V  [jvm.dll+0xa3b79]
V  [jvm.dll+0x65711d]
V  [jvm.dll+0x65760f]
V  [jvm.dll+0x6575ce]
V  [jvm.dll+0x65723e]
V  [jvm.dll+0x65ca8d]
V  [jvm.dll+0x65d9c6]
V  [jvm.dll+0x65bd5e]
V  [jvm.dll+0x247975]
V  [jvm.dll+0x2470cf]
V  [jvm.dll+0x1c760e]
V  [jvm.dll+0x25695a]
V  [jvm.dll+0x254efa]
V  [jvm.dll+0x3f03f6]
V  [jvm.dll+0x851f6b]
V  [jvm.dll+0x6cc7dd]
C  [ucrtbase.dll+0x29333]
C  [KERNEL32.DLL+0x1259d]
C  [ntdll.dll+0x5af58]


---------------  P R O C E S S  ---------------

Threads class SMR info:
_java_thread_list=0x000001fe684ef7a0, length=30, elements={
0x000001fe4ec45840, 0x000001fe4ecfd7a0, 0x000001fe62f70210, 0x000001fe62f72250,
0x000001fe62f73160, 0x000001fe62f75f80, 0x000001fe62f779e0, 0x000001fe62f78810,
0x000001fe62fe3f70, 0x000001fe6800e420, 0x000001fe6829fdf0, 0x000001fe688d05b0,
0x000001fe68014e80, 0x000001fe680174f0, 0x000001fe682ecfa0, 0x000001fe68a07f90,
0x000001fe68143200, 0x000001fe686ea160, 0x000001fe68f74400, 0x000001fe68f75e40,
0x000001fe68f757b0, 0x000001fe68f76b60, 0x000001fe68f75120, 0x000001fe68f74a90,
0x000001fe68f764d0, 0x000001fe68f771f0, 0x000001fe68f73d70, 0x000001fe6914b420,
0x000001fe6914a700, 0x000001fe6914ce60
}

Java Threads: ( => current thread )
  0x000001fe4ec45840 JavaThread "main"                              [_thread_blocked, id=5296, stack(0x000000563c300000,0x000000563c400000) (1024K)]
  0x000001fe4ecfd7a0 JavaThread "Reference Handler"          daemon [_thread_blocked, id=11984, stack(0x000000563c700000,0x000000563c800000) (1024K)]
  0x000001fe62f70210 JavaThread "Finalizer"                  daemon [_thread_blocked, id=14536, stack(0x000000563c800000,0x000000563c900000) (1024K)]
  0x000001fe62f72250 JavaThread "Signal Dispatcher"          daemon [_thread_blocked, id=11904, stack(0x000000563c900000,0x000000563ca00000) (1024K)]
  0x000001fe62f73160 JavaThread "Attach Listener"            daemon [_thread_blocked, id=13860, stack(0x000000563ca00000,0x000000563cb00000) (1024K)]
  0x000001fe62f75f80 JavaThread "Service Thread"             daemon [_thread_blocked, id=24584, stack(0x000000563cb00000,0x000000563cc00000) (1024K)]
  0x000001fe62f779e0 JavaThread "Monitor Deflation Thread"   daemon [_thread_blocked, id=21168, stack(0x000000563cc00000,0x000000563cd00000) (1024K)]
=>0x000001fe62f78810 JavaThread "C2 CompilerThread0"         daemon [_thread_in_native, id=20292, stack(0x000000563cd00000,0x000000563ce00000) (1024K)]
  0x000001fe62fe3f70 JavaThread "C1 CompilerThread0"         daemon [_thread_in_native, id=21364, stack(0x000000563ce00000,0x000000563cf00000) (1024K)]
  0x000001fe6800e420 JavaThread "Common-Cleaner"             daemon [_thread_blocked, id=13252, stack(0x000000563cf00000,0x000000563d000000) (1024K)]
  0x000001fe6829fdf0 JavaThread "Notification Thread"        daemon [_thread_blocked, id=24624, stack(0x000000563d000000,0x000000563d100000) (1024K)]
  0x000001fe688d05b0 JavaThread "Active Thread: Equinox Container: 8e04eb27-4e6a-47d5-a70b-e3e1ed77f069"        [_thread_blocked, id=4520, stack(0x000000563d400000,0x000000563d500000) (1024K)]
  0x000001fe68014e80 JavaThread "Framework Event Dispatcher: Equinox Container: 8e04eb27-4e6a-47d5-a70b-e3e1ed77f069" daemon [_thread_blocked, id=21744, stack(0x000000563d500000,0x000000563d600000) (1024K)]
  0x000001fe680174f0 JavaThread "Start Level: Equinox Container: 8e04eb27-4e6a-47d5-a70b-e3e1ed77f069" daemon [_thread_blocked, id=21952, stack(0x000000563d600000,0x000000563d700000) (1024K)]
  0x000001fe682ecfa0 JavaThread "SCR Component Actor"        daemon [_thread_blocked, id=16960, stack(0x000000563d700000,0x000000563d800000) (1024K)]
  0x000001fe68a07f90 JavaThread "Worker-JM"                         [_thread_blocked, id=20424, stack(0x000000563d900000,0x000000563da00000) (1024K)]
  0x000001fe68143200 JavaThread "JNA Cleaner"                daemon [_thread_blocked, id=19844, stack(0x000000563d800000,0x000000563d900000) (1024K)]
  0x000001fe686ea160 JavaThread "Worker-0"                          [_thread_blocked, id=26496, stack(0x000000563da00000,0x000000563db00000) (1024K)]
  0x000001fe68f74400 JavaThread "Thread-3"                   daemon [_thread_in_native, id=1580, stack(0x000000563c000000,0x000000563c100000) (1024K)]
  0x000001fe68f75e40 JavaThread "Thread-4"                   daemon [_thread_in_native, id=26556, stack(0x000000563dc00000,0x000000563dd00000) (1024K)]
  0x000001fe68f757b0 JavaThread "Thread-5"                   daemon [_thread_in_native, id=20360, stack(0x000000563dd00000,0x000000563de00000) (1024K)]
  0x000001fe68f76b60 JavaThread "Thread-6"                   daemon [_thread_in_native, id=25180, stack(0x000000563de00000,0x000000563df00000) (1024K)]
  0x000001fe68f75120 JavaThread "Thread-7"                   daemon [_thread_in_native, id=21208, stack(0x000000563df00000,0x000000563e000000) (1024K)]
  0x000001fe68f74a90 JavaThread "pool-2-thread-1"                   [_thread_blocked, id=24392, stack(0x000000563e000000,0x000000563e100000) (1024K)]
  0x000001fe68f764d0 JavaThread "Worker-2"                          [_thread_blocked, id=24880, stack(0x000000563e100000,0x000000563e200000) (1024K)]
  0x000001fe68f771f0 JavaThread "WorkspaceEventsHandler"            [_thread_blocked, id=17192, stack(0x000000563e200000,0x000000563e300000) (1024K)]
  0x000001fe68f73d70 JavaThread "pool-1-thread-1"                   [_thread_in_vm, id=21648, stack(0x000000563e300000,0x000000563e400000) (1024K)]
  0x000001fe6914b420 JavaThread "ForkJoinPool.commonPool-worker-1" daemon [_thread_in_Java, id=5256, stack(0x000000563c100000,0x000000563c200000) (1024K)]
  0x000001fe6914a700 JavaThread "ForkJoinPool.commonPool-worker-2" daemon [_thread_in_Java, id=21288, stack(0x000000563c200000,0x000000563c300000) (1024K)]
  0x000001fe6914ce60 JavaThread "ForkJoinPool.commonPool-worker-3" daemon [_thread_in_Java, id=15532, stack(0x000000563db00000,0x000000563dc00000) (1024K)]
Total: 30

Other Threads:
  0x000001fe4ece06c0 VMThread "VM Thread"                           [id=6592, stack(0x000000563c600000,0x000000563c700000) (1024K)]
  0x000001fe4ecb2120 WatcherThread "VM Periodic Task Thread"        [id=4732, stack(0x000000563c500000,0x000000563c600000) (1024K)]
  0x000001fe4ec64ff0 WorkerThread "GC Thread#0"                     [id=15816, stack(0x000000563c400000,0x000000563c500000) (1024K)]
  0x000001fe6886f9f0 WorkerThread "GC Thread#1"                     [id=22700, stack(0x000000563d100000,0x000000563d200000) (1024K)]
  0x000001fe685f4c80 WorkerThread "GC Thread#2"                     [id=21788, stack(0x000000563d200000,0x000000563d300000) (1024K)]
  0x000001fe685f5020 WorkerThread "GC Thread#3"                     [id=20616, stack(0x000000563d300000,0x000000563d400000) (1024K)]
Total: 6

Threads with active compile tasks:
C2 CompilerThread0  140120 5049       4       com.google.gson.stream.JsonReader::nextQuotedValue (294 bytes)
C1 CompilerThread0  140120 5050       3       java.net.URI::getPath (31 bytes)
Total: 2

VM state: not at safepoint (normal execution)

VM Mutex/Monitor currently owned by a thread: None

Heap address: 0x00000000c0000000, size: 1024 MB, Compressed Oops mode: 32-bit

CDS archive(s) mapped at: [0x000001fe00000000-0x000001fe00ba0000-0x000001fe00ba0000), size 12189696, SharedBaseAddress: 0x000001fe00000000, ArchiveRelocationMode: 1.
Compressed class space mapped at: 0x000001fe01000000-0x000001fe41000000, reserved size: 1073741824
Narrow klass base: 0x000001fe00000000, Narrow klass shift: 0, Narrow klass range: 0x100000000

GC Precious Log:
 CardTable entry size: 512
 CPUs: 4 total, 4 available
 Memory: 3784M
 Large Page Support: Disabled
 NUMA Support: Disabled
 Compressed Oops: Enabled (32-bit)
 Alignments: Space 512K, Generation 512K, Heap 2M
 Heap Min Capacity: 100M
 Heap Initial Capacity: 100M
 Heap Max Capacity: 1G
 Pre-touch: Disabled
 Parallel Workers: 4

Heap:
 PSYoungGen      total 22016K, used 4100K [0x00000000eab00000, 0x00000000ec180000, 0x0000000100000000)
  eden space 20992K, 16% used [0x00000000eab00000,0x00000000eae591a0,0x00000000ebf80000)
  from space 1024K, 65% used [0x00000000ebf80000,0x00000000ec028020,0x00000000ec080000)
  to   space 1024K, 0% used [0x00000000ec080000,0x00000000ec080000,0x00000000ec180000)
 ParOldGen       total 68608K, used 28815K [0x00000000c0000000, 0x00000000c4300000, 0x00000000eab00000)
  object space 68608K, 41% used [0x00000000c0000000,0x00000000c1c23cd8,0x00000000c4300000)
 Metaspace       used 39016K, committed 40128K, reserved 1114112K
  class space    used 3815K, committed 4352K, reserved 1048576K

Card table byte_map: [0x000001fe4e610000,0x000001fe4e820000] _byte_map_base: 0x000001fe4e010000

Marking Bits: (ParMarkBitMap*) 0x00007ff93b0231f0
 Begin Bits: [0x000001fe60e30000, 0x000001fe61e30000)
 End Bits:   [0x000001fe61e30000, 0x000001fe62e30000)

Polling page: 0x000001fe4e400000

Metaspace:

Usage:
  Non-class:     34.38 MB used.
      Class:      3.73 MB used.
       Both:     38.10 MB used.

Virtual space:
  Non-class space:       64.00 MB reserved,      34.94 MB ( 55%) committed,  1 nodes.
      Class space:        1.00 GB reserved,       4.25 MB ( <1%) committed,  1 nodes.
             Both:        1.06 GB reserved,      39.19 MB (  4%) committed. 

Chunk freelists:
   Non-Class:  12.73 MB
       Class:  11.79 MB
        Both:  24.53 MB

MaxMetaspaceSize: unlimited
CompressedClassSpaceSize: 1.00 GB
Initial GC threshold: 21.00 MB
Current GC threshold: 58.38 MB
CDS: on
 - commit_granule_bytes: 65536.
 - commit_granule_words: 8192.
 - virtual_space_node_default_size: 8388608.
 - enlarge_chunks_in_place: 1.
 - use_allocation_guard: 0.


Internal statistics:

num_allocs_failed_limit: 6.
num_arena_births: 736.
num_arena_deaths: 14.
num_vsnodes_births: 2.
num_vsnodes_deaths: 0.
num_space_committed: 627.
num_space_uncommitted: 0.
num_chunks_returned_to_freelist: 20.
num_chunks_taken_from_freelist: 2294.
num_chunk_merges: 12.
num_chunk_splits: 1517.
num_chunks_enlarged: 985.
num_inconsistent_stats: 0.

CodeHeap 'non-profiled nmethods': size=120000Kb used=2974Kb max_used=2974Kb free=117025Kb
 bounds [0x000001fe59900000, 0x000001fe59c10000, 0x000001fe60e30000]
CodeHeap 'profiled nmethods': size=120000Kb used=9839Kb max_used=9839Kb free=110160Kb
 bounds [0x000001fe51e30000, 0x000001fe52800000, 0x000001fe59360000]
CodeHeap 'non-nmethods': size=5760Kb used=1397Kb max_used=1452Kb free=4362Kb
 bounds [0x000001fe59360000, 0x000001fe595d0000, 0x000001fe59900000]
 total_blobs=5321 nmethods=4632 adapters=593
 compilation: enabled
              stopped_count=0, restarted_count=0
 full_count=0

Compilation events (20 events):
Event: 131.244 Thread 0x000001fe62fe3f70 nmethod 5039 0x000001fe52095210 code [0x000001fe520953e0, 0x000001fe520956b8]
Event: 131.244 Thread 0x000001fe62fe3f70 5040       3       java.lang.Class::isAnnotation (17 bytes)
Event: 131.245 Thread 0x000001fe62fe3f70 nmethod 5040 0x000001fe51f0c610 code [0x000001fe51f0c7c0, 0x000001fe51f0c950]
Event: 131.656 Thread 0x000001fe62fe3f70 5041       3       java.lang.invoke.LambdaForm$MH/0x000001fe011b9400::invoke (37 bytes)
Event: 131.666 Thread 0x000001fe62fe3f70 nmethod 5041 0x000001fe51e3b990 code [0x000001fe51e3bba0, 0x000001fe51e3c530]
Event: 133.275 Thread 0x000001fe62fe3f70 5042       3       sun.util.locale.LocaleUtils::isAlphaNumeric (20 bytes)
Event: 133.277 Thread 0x000001fe62fe3f70 nmethod 5042 0x000001fe51e6f090 code [0x000001fe51e6f240, 0x000001fe51e6f5c0]
Event: 137.772 Thread 0x000001fe62f78810 5043   !   4       org.eclipse.osgi.container.ModuleDatabase::getWiring (31 bytes)
Event: 137.855 Thread 0x000001fe62f78810 nmethod 5043 0x000001fe59968a10 code [0x000001fe59968c60, 0x000001fe59969468]
Event: 139.901 Thread 0x000001fe62fe3f70 5044       3       java.lang.Module::getLayer (43 bytes)
Event: 139.905 Thread 0x000001fe62fe3f70 nmethod 5044 0x000001fe51e6ea10 code [0x000001fe51e6ebe0, 0x000001fe51e6ef78]
Event: 139.920 Thread 0x000001fe62fe3f70 5045   !   3       java.io.BufferedWriter::write (82 bytes)
Event: 139.927 Thread 0x000001fe62fe3f70 nmethod 5045 0x000001fe51e6d410 code [0x000001fe51e6d6c0, 0x000001fe51e6e538]
Event: 139.927 Thread 0x000001fe62fe3f70 5046       3       java.io.BufferedWriter::implWrite (100 bytes)
Event: 139.931 Thread 0x000001fe62fe3f70 nmethod 5046 0x000001fe51e6ca90 code [0x000001fe51e6cca0, 0x000001fe51e6d1b8]
Event: 139.931 Thread 0x000001fe62fe3f70 5047       3       java.io.BufferedWriter::min (9 bytes)
Event: 139.931 Thread 0x000001fe62fe3f70 nmethod 5047 0x000001fe51ed1610 code [0x000001fe51ed17c0, 0x000001fe51ed1928]
Event: 140.012 Thread 0x000001fe62fe3f70 5048       3       java.net.URI::isAbsolute (13 bytes)
Event: 140.013 Thread 0x000001fe62fe3f70 nmethod 5048 0x000001fe51fe3290 code [0x000001fe51fe3420, 0x000001fe51fe3580]
Event: 140.026 Thread 0x000001fe62f78810 5049       4       com.google.gson.stream.JsonReader::nextQuotedValue (294 bytes)

GC Heap History (20 events):
Event: 37.310 GC heap before
{Heap before GC invocations=14 (full 1):
 PSYoungGen      total 24576K, used 24418K [0x00000000eab00000, 0x00000000ec700000, 0x0000000100000000)
  eden space 22016K, 100% used [0x00000000eab00000,0x00000000ec080000,0x00000000ec080000)
  from space 2560K, 93% used [0x00000000ec480000,0x00000000ec6d8820,0x00000000ec700000)
  to   space 2560K, 0% used [0x00000000ec200000,0x00000000ec200000,0x00000000ec480000)
 ParOldGen       total 68608K, used 18082K [0x00000000c0000000, 0x00000000c4300000, 0x00000000eab00000)
  object space 68608K, 26% used [0x00000000c0000000,0x00000000c11a8830,0x00000000c4300000)
 Metaspace       used 32117K, committed 32960K, reserved 1114112K
  class space    used 3138K, committed 3520K, reserved 1048576K
}
Event: 37.321 GC heap after
{Heap after GC invocations=14 (full 1):
 PSYoungGen      total 24064K, used 2016K [0x00000000eab00000, 0x00000000ec580000, 0x0000000100000000)
  eden space 22016K, 0% used [0x00000000eab00000,0x00000000eab00000,0x00000000ec080000)
  from space 2048K, 98% used [0x00000000ec200000,0x00000000ec3f8000,0x00000000ec400000)
  to   space 1536K, 0% used [0x00000000ec400000,0x00000000ec400000,0x00000000ec580000)
 ParOldGen       total 68608K, used 20368K [0x00000000c0000000, 0x00000000c4300000, 0x00000000eab00000)
  object space 68608K, 29% used [0x00000000c0000000,0x00000000c13e41d0,0x00000000c4300000)
 Metaspace       used 32117K, committed 32960K, reserved 1114112K
  class space    used 3138K, committed 3520K, reserved 1048576K
}
Event: 37.751 GC heap before
{Heap before GC invocations=15 (full 1):
 PSYoungGen      total 24064K, used 24032K [0x00000000eab00000, 0x00000000ec580000, 0x0000000100000000)
  eden space 22016K, 100% used [0x00000000eab00000,0x00000000ec080000,0x00000000ec080000)
  from space 2048K, 98% used [0x00000000ec200000,0x00000000ec3f8000,0x00000000ec400000)
  to   space 1536K, 0% used [0x00000000ec400000,0x00000000ec400000,0x00000000ec580000)
 ParOldGen       total 68608K, used 20368K [0x00000000c0000000, 0x00000000c4300000, 0x00000000eab00000)
  object space 68608K, 29% used [0x00000000c0000000,0x00000000c13e41d0,0x00000000c4300000)
 Metaspace       used 32121K, committed 32960K, reserved 1114112K
  class space    used 3138K, committed 3520K, reserved 1048576K
}
Event: 37.758 GC heap after
{Heap after GC invocations=15 (full 1):
 PSYoungGen      total 22528K, used 1508K [0x00000000eab00000, 0x00000000ec980000, 0x0000000100000000)
  eden space 20992K, 0% used [0x00000000eab00000,0x00000000eab00000,0x00000000ebf80000)
  from space 1536K, 98% used [0x00000000ec400000,0x00000000ec579000,0x00000000ec580000)
  to   space 4608K, 0% used [0x00000000ebf80000,0x00000000ebf80000,0x00000000ec400000)
 ParOldGen       total 68608K, used 22812K [0x00000000c0000000, 0x00000000c4300000, 0x00000000eab00000)
  object space 68608K, 33% used [0x00000000c0000000,0x00000000c1647298,0x00000000c4300000)
 Metaspace       used 32121K, committed 32960K, reserved 1114112K
  class space    used 3138K, committed 3520K, reserved 1048576K
}
Event: 38.025 GC heap before
{Heap before GC invocations=16 (full 1):
 PSYoungGen      total 22528K, used 22500K [0x00000000eab00000, 0x00000000ec980000, 0x0000000100000000)
  eden space 20992K, 100% used [0x00000000eab00000,0x00000000ebf80000,0x00000000ebf80000)
  from space 1536K, 98% used [0x00000000ec400000,0x00000000ec579000,0x00000000ec580000)
  to   space 4608K, 0% used [0x00000000ebf80000,0x00000000ebf80000,0x00000000ec400000)
 ParOldGen       total 68608K, used 22812K [0x00000000c0000000, 0x00000000c4300000, 0x00000000eab00000)
  object space 68608K, 33% used [0x00000000c0000000,0x00000000c1647298,0x00000000c4300000)
 Metaspace       used 32173K, committed 33088K, reserved 1114112K
  class space    used 3140K, committed 3584K, reserved 1048576K
}
Event: 38.033 GC heap after
{Heap after GC invocations=16 (full 1):
 PSYoungGen      total 23552K, used 2080K [0x00000000eab00000, 0x00000000ec580000, 0x0000000100000000)
  eden space 20992K, 0% used [0x00000000eab00000,0x00000000eab00000,0x00000000ebf80000)
  from space 2560K, 81% used [0x00000000ebf80000,0x00000000ec188010,0x00000000ec200000)
  to   space 3072K, 0% used [0x00000000ec280000,0x00000000ec280000,0x00000000ec580000)
 ParOldGen       total 68608K, used 24332K [0x00000000c0000000, 0x00000000c4300000, 0x00000000eab00000)
  object space 68608K, 35% used [0x00000000c0000000,0x00000000c17c3398,0x00000000c4300000)
 Metaspace       used 32173K, committed 33088K, reserved 1114112K
  class space    used 3140K, committed 3584K, reserved 1048576K
}
Event: 38.712 GC heap before
{Heap before GC invocations=17 (full 1):
 PSYoungGen      total 23552K, used 23072K [0x00000000eab00000, 0x00000000ec580000, 0x0000000100000000)
  eden space 20992K, 100% used [0x00000000eab00000,0x00000000ebf80000,0x00000000ebf80000)
  from space 2560K, 81% used [0x00000000ebf80000,0x00000000ec188010,0x00000000ec200000)
  to   space 3072K, 0% used [0x00000000ec280000,0x00000000ec280000,0x00000000ec580000)
 ParOldGen       total 68608K, used 24332K [0x00000000c0000000, 0x00000000c4300000, 0x00000000eab00000)
  object space 68608K, 35% used [0x00000000c0000000,0x00000000c17c3398,0x00000000c4300000)
 Metaspace       used 32253K, committed 33152K, reserved 1114112K
  class space    used 3141K, committed 3584K, reserved 1048576K
}
Event: 38.717 GC heap after
{Heap after GC invocations=17 (full 1):
 PSYoungGen      total 23040K, used 1824K [0x00000000eab00000, 0x00000000ec480000, 0x0000000100000000)
  eden space 20992K, 0% used [0x00000000eab00000,0x00000000eab00000,0x00000000ebf80000)
  from space 2048K, 89% used [0x00000000ec280000,0x00000000ec448000,0x00000000ec480000)
  to   space 2048K, 0% used [0x00000000ec080000,0x00000000ec080000,0x00000000ec280000)
 ParOldGen       total 68608K, used 26340K [0x00000000c0000000, 0x00000000c4300000, 0x00000000eab00000)
  object space 68608K, 38% used [0x00000000c0000000,0x00000000c19b93a8,0x00000000c4300000)
 Metaspace       used 32253K, committed 33152K, reserved 1114112K
  class space    used 3141K, committed 3584K, reserved 1048576K
}
Event: 43.594 GC heap before
{Heap before GC invocations=18 (full 1):
 PSYoungGen      total 23040K, used 22816K [0x00000000eab00000, 0x00000000ec480000, 0x0000000100000000)
  eden space 20992K, 100% used [0x00000000eab00000,0x00000000ebf80000,0x00000000ebf80000)
  from space 2048K, 89% used [0x00000000ec280000,0x00000000ec448000,0x00000000ec480000)
  to   space 2048K, 0% used [0x00000000ec080000,0x00000000ec080000,0x00000000ec280000)
 ParOldGen       total 68608K, used 26340K [0x00000000c0000000, 0x00000000c4300000, 0x00000000eab00000)
  object space 68608K, 38% used [0x00000000c0000000,0x00000000c19b93a8,0x00000000c4300000)
 Metaspace       used 34377K, committed 35328K, reserved 1114112K
  class space    used 3390K, committed 3840K, reserved 1048576K
}
Event: 43.600 GC heap after
{Heap after GC invocations=18 (full 1):
 PSYoungGen      total 22016K, used 1012K [0x00000000eab00000, 0x00000000ec300000, 0x0000000100000000)
  eden space 20992K, 0% used [0x00000000eab00000,0x00000000eab00000,0x00000000ebf80000)
  from space 1024K, 98% used [0x00000000ec080000,0x00000000ec17d3d8,0x00000000ec180000)
  to   space 1536K, 0% used [0x00000000ec180000,0x00000000ec180000,0x00000000ec300000)
 ParOldGen       total 68608K, used 28085K [0x00000000c0000000, 0x00000000c4300000, 0x00000000eab00000)
  object space 68608K, 40% used [0x00000000c0000000,0x00000000c1b6d5a8,0x00000000c4300000)
 Metaspace       used 34377K, committed 35328K, reserved 1114112K
  class space    used 3390K, committed 3840K, reserved 1048576K
}
Event: 47.540 GC heap before
{Heap before GC invocations=19 (full 1):
 PSYoungGen      total 22016K, used 13201K [0x00000000eab00000, 0x00000000ec300000, 0x0000000100000000)
  eden space 20992K, 58% used [0x00000000eab00000,0x00000000eb6e7398,0x00000000ebf80000)
  from space 1024K, 98% used [0x00000000ec080000,0x00000000ec17d3d8,0x00000000ec180000)
  to   space 1536K, 0% used [0x00000000ec180000,0x00000000ec180000,0x00000000ec300000)
 ParOldGen       total 68608K, used 28085K [0x00000000c0000000, 0x00000000c4300000, 0x00000000eab00000)
  object space 68608K, 40% used [0x00000000c0000000,0x00000000c1b6d5a8,0x00000000c4300000)
 Metaspace       used 34991K, committed 35840K, reserved 1114112K
  class space    used 3453K, committed 3904K, reserved 1048576K
}
Event: 47.545 GC heap after
{Heap after GC invocations=19 (full 1):
 PSYoungGen      total 21504K, used 320K [0x00000000eab00000, 0x00000000ec200000, 0x0000000100000000)
  eden space 20992K, 0% used [0x00000000eab00000,0x00000000eab00000,0x00000000ebf80000)
  from space 512K, 62% used [0x00000000ec180000,0x00000000ec1d0010,0x00000000ec200000)
  to   space 1024K, 0% used [0x00000000ec000000,0x00000000ec000000,0x00000000ec100000)
 ParOldGen       total 68608K, used 28967K [0x00000000c0000000, 0x00000000c4300000, 0x00000000eab00000)
  object space 68608K, 42% used [0x00000000c0000000,0x00000000c1c49c60,0x00000000c4300000)
 Metaspace       used 34991K, committed 35840K, reserved 1114112K
  class space    used 3453K, committed 3904K, reserved 1048576K
}
Event: 47.545 GC heap before
{Heap before GC invocations=20 (full 2):
 PSYoungGen      total 21504K, used 320K [0x00000000eab00000, 0x00000000ec200000, 0x0000000100000000)
  eden space 20992K, 0% used [0x00000000eab00000,0x00000000eab00000,0x00000000ebf80000)
  from space 512K, 62% used [0x00000000ec180000,0x00000000ec1d0010,0x00000000ec200000)
  to   space 1024K, 0% used [0x00000000ec000000,0x00000000ec000000,0x00000000ec100000)
 ParOldGen       total 68608K, used 28967K [0x00000000c0000000, 0x00000000c4300000, 0x00000000eab00000)
  object space 68608K, 42% used [0x00000000c0000000,0x00000000c1c49c60,0x00000000c4300000)
 Metaspace       used 34991K, committed 35840K, reserved 1114112K
  class space    used 3453K, committed 3904K, reserved 1048576K
}
Event: 47.885 GC heap after
{Heap after GC invocations=20 (full 2):
 PSYoungGen      total 21504K, used 0K [0x00000000eab00000, 0x00000000ec200000, 0x0000000100000000)
  eden space 20992K, 0% used [0x00000000eab00000,0x00000000eab00000,0x00000000ebf80000)
  from space 512K, 0% used [0x00000000ec180000,0x00000000ec180000,0x00000000ec200000)
  to   space 1024K, 0% used [0x00000000ec000000,0x00000000ec000000,0x00000000ec100000)
 ParOldGen       total 68608K, used 27980K [0x00000000c0000000, 0x00000000c4300000, 0x00000000eab00000)
  object space 68608K, 40% used [0x00000000c0000000,0x00000000c1b53108,0x00000000c4300000)
 Metaspace       used 34991K, committed 35840K, reserved 1114112K
  class space    used 3453K, committed 3904K, reserved 1048576K
}
Event: 57.369 GC heap before
{Heap before GC invocations=21 (full 2):
 PSYoungGen      total 21504K, used 20992K [0x00000000eab00000, 0x00000000ec200000, 0x0000000100000000)
  eden space 20992K, 100% used [0x00000000eab00000,0x00000000ebf80000,0x00000000ebf80000)
  from space 512K, 0% used [0x00000000ec180000,0x00000000ec180000,0x00000000ec200000)
  to   space 1024K, 0% used [0x00000000ec000000,0x00000000ec000000,0x00000000ec100000)
 ParOldGen       total 68608K, used 27980K [0x00000000c0000000, 0x00000000c4300000, 0x00000000eab00000)
  object space 68608K, 40% used [0x00000000c0000000,0x00000000c1b53108,0x00000000c4300000)
 Metaspace       used 36131K, committed 37056K, reserved 1114112K
  class space    used 3550K, committed 3968K, reserved 1048576K
}
Event: 57.460 GC heap after
{Heap after GC invocations=21 (full 2):
 PSYoungGen      total 22016K, used 1000K [0x00000000eab00000, 0x00000000ec280000, 0x0000000100000000)
  eden space 20992K, 0% used [0x00000000eab00000,0x00000000eab00000,0x00000000ebf80000)
  from space 1024K, 97% used [0x00000000ec000000,0x00000000ec0fa378,0x00000000ec100000)
  to   space 1536K, 0% used [0x00000000ec100000,0x00000000ec100000,0x00000000ec280000)
 ParOldGen       total 68608K, used 28232K [0x00000000c0000000, 0x00000000c4300000, 0x00000000eab00000)
  object space 68608K, 41% used [0x00000000c0000000,0x00000000c1b92338,0x00000000c4300000)
 Metaspace       used 36131K, committed 37056K, reserved 1114112K
  class space    used 3550K, committed 3968K, reserved 1048576K
}
Event: 59.655 GC heap before
{Heap before GC invocations=22 (full 2):
 PSYoungGen      total 22016K, used 21992K [0x00000000eab00000, 0x00000000ec280000, 0x0000000100000000)
  eden space 20992K, 100% used [0x00000000eab00000,0x00000000ebf80000,0x00000000ebf80000)
  from space 1024K, 97% used [0x00000000ec000000,0x00000000ec0fa378,0x00000000ec100000)
  to   space 1536K, 0% used [0x00000000ec100000,0x00000000ec100000,0x00000000ec280000)
 ParOldGen       total 68608K, used 28232K [0x00000000c0000000, 0x00000000c4300000, 0x00000000eab00000)
  object space 68608K, 41% used [0x00000000c0000000,0x00000000c1b92338,0x00000000c4300000)
 Metaspace       used 36153K, committed 37056K, reserved 1114112K
  class space    used 3550K, committed 3968K, reserved 1048576K
}
Event: 59.754 GC heap after
{Heap after GC invocations=22 (full 2):
 PSYoungGen      total 21504K, used 502K [0x00000000eab00000, 0x00000000ec180000, 0x0000000100000000)
  eden space 20992K, 0% used [0x00000000eab00000,0x00000000eab00000,0x00000000ebf80000)
  from space 512K, 98% used [0x00000000ec100000,0x00000000ec17d838,0x00000000ec180000)
  to   space 1024K, 0% used [0x00000000ebf80000,0x00000000ebf80000,0x00000000ec080000)
 ParOldGen       total 68608K, used 28751K [0x00000000c0000000, 0x00000000c4300000, 0x00000000eab00000)
  object space 68608K, 41% used [0x00000000c0000000,0x00000000c1c13cd8,0x00000000c4300000)
 Metaspace       used 36153K, committed 37056K, reserved 1114112K
  class space    used 3550K, committed 3968K, reserved 1048576K
}
Event: 75.588 GC heap before
{Heap before GC invocations=23 (full 2):
 PSYoungGen      total 21504K, used 21486K [0x00000000eab00000, 0x00000000ec180000, 0x0000000100000000)
  eden space 20992K, 99% used [0x00000000eab00000,0x00000000ebf7e028,0x00000000ebf80000)
  from space 512K, 98% used [0x00000000ec100000,0x00000000ec17d838,0x00000000ec180000)
  to   space 1024K, 0% used [0x00000000ebf80000,0x00000000ebf80000,0x00000000ec080000)
 ParOldGen       total 68608K, used 28751K [0x00000000c0000000, 0x00000000c4300000, 0x00000000eab00000)
  object space 68608K, 41% used [0x00000000c0000000,0x00000000c1c13cd8,0x00000000c4300000)
 Metaspace       used 38611K, committed 39552K, reserved 1114112K
  class space    used 3773K, committed 4224K, reserved 1048576K
}
Event: 75.628 GC heap after
{Heap after GC invocations=23 (full 2):
 PSYoungGen      total 22016K, used 672K [0x00000000eab00000, 0x00000000ec180000, 0x0000000100000000)
  eden space 20992K, 0% used [0x00000000eab00000,0x00000000eab00000,0x00000000ebf80000)
  from space 1024K, 65% used [0x00000000ebf80000,0x00000000ec028020,0x00000000ec080000)
  to   space 1024K, 0% used [0x00000000ec080000,0x00000000ec080000,0x00000000ec180000)
 ParOldGen       total 68608K, used 28815K [0x00000000c0000000, 0x00000000c4300000, 0x00000000eab00000)
  object space 68608K, 41% used [0x00000000c0000000,0x00000000c1c23cd8,0x00000000c4300000)
 Metaspace       used 38611K, committed 39552K, reserved 1114112K
  class space    used 3773K, committed 4224K, reserved 1048576K
}

Dll operation events (10 events):
Event: 0.062 Loaded shared library c:\Users\ADMIN\.vscode\extensions\redhat.java-1.42.0-win32-x64\jre\21.0.7-win32-x86_64\bin\java.dll
Event: 0.563 Loaded shared library c:\Users\ADMIN\.vscode\extensions\redhat.java-1.42.0-win32-x64\jre\21.0.7-win32-x86_64\bin\zip.dll
Event: 0.651 Loaded shared library C:\Users\ADMIN\.vscode\extensions\redhat.java-1.42.0-win32-x64\jre\21.0.7-win32-x86_64\bin\instrument.dll
Event: 0.658 Loaded shared library C:\Users\ADMIN\.vscode\extensions\redhat.java-1.42.0-win32-x64\jre\21.0.7-win32-x86_64\bin\net.dll
Event: 0.663 Loaded shared library C:\Users\ADMIN\.vscode\extensions\redhat.java-1.42.0-win32-x64\jre\21.0.7-win32-x86_64\bin\nio.dll
Event: 0.667 Loaded shared library C:\Users\ADMIN\.vscode\extensions\redhat.java-1.42.0-win32-x64\jre\21.0.7-win32-x86_64\bin\zip.dll
Event: 0.704 Loaded shared library C:\Users\ADMIN\.vscode\extensions\redhat.java-1.42.0-win32-x64\jre\21.0.7-win32-x86_64\bin\jimage.dll
Event: 0.918 Loaded shared library c:\Users\ADMIN\.vscode\extensions\redhat.java-1.42.0-win32-x64\jre\21.0.7-win32-x86_64\bin\verify.dll
Event: 6.801 Loaded shared library C:\Users\ADMIN\AppData\Roaming\Code\User\globalStorage\redhat.java\1.42.0\config_ss_win\org.eclipse.equinox.launcher\org.eclipse.equinox.launcher.win32.win32.x86_64_1.2.1300.v20250331-1702\eclipse_11911.dll
Event: 23.768 Loaded shared library C:\Users\ADMIN\AppData\Local\Temp\jna-62130991\jna10883918340569766472.dll

Deoptimization events (20 events):
Event: 73.564 Thread 0x000001fe68f73d70 Uncommon trap: trap_request=0xffffffcc fr.pc=0x000001fe59beeb24 relative=0x0000000000001e04
Event: 73.564 Thread 0x000001fe68f73d70 Uncommon trap: reason=intrinsic_or_type_checked_inlining action=make_not_entrant pc=0x000001fe59beeb24 method=java.util.ArrayList$SubList.toArray([Ljava/lang/Object;)[Ljava/lang/Object; @ 58 c2
Event: 73.564 Thread 0x000001fe68f73d70 DEOPT PACKING pc=0x000001fe59beeb24 sp=0x000000563e3fde50
Event: 73.565 Thread 0x000001fe68f73d70 DEOPT UNPACKING pc=0x000001fe593b6da2 sp=0x000000563e3fdd88 mode 2
Event: 73.570 Thread 0x000001fe68f73d70 Uncommon trap: trap_request=0xffffff45 fr.pc=0x000001fe59b02760 relative=0x0000000000000620
Event: 73.570 Thread 0x000001fe68f73d70 Uncommon trap: reason=unstable_if action=reinterpret pc=0x000001fe59b02760 method=java.util.ArrayList.equals(Ljava/lang/Object;)Z @ 27 c2
Event: 73.570 Thread 0x000001fe68f73d70 DEOPT PACKING pc=0x000001fe59b02760 sp=0x000000563e3fe3c0
Event: 73.570 Thread 0x000001fe68f73d70 DEOPT UNPACKING pc=0x000001fe593b6da2 sp=0x000000563e3fe398 mode 2
Event: 74.725 Thread 0x000001fe686ef7e0 Uncommon trap: trap_request=0xffffffc6 fr.pc=0x000001fe5992fcc0 relative=0x0000000000000900
Event: 74.725 Thread 0x000001fe686ef7e0 Uncommon trap: reason=bimorphic_or_optimized_type_check action=maybe_recompile pc=0x000001fe5992fcc0 method=java.util.regex.Matcher.search(I)Z @ 121 c2
Event: 74.726 Thread 0x000001fe686ef7e0 DEOPT PACKING pc=0x000001fe5992fcc0 sp=0x000000563dbff090
Event: 74.729 Thread 0x000001fe686ef7e0 DEOPT UNPACKING pc=0x000001fe593b6da2 sp=0x000000563dbff070 mode 2
Event: 75.630 Thread 0x000001fe686ef7e0 Uncommon trap: trap_request=0xffffff54 fr.pc=0x000001fe59b8a6bc relative=0x000000000000035c
Event: 75.630 Thread 0x000001fe686ef7e0 Uncommon trap: reason=speculate_null_assert action=make_not_entrant pc=0x000001fe59b8a6bc method=org.eclipse.osgi.internal.container.KeyBasedLockStore.getLock(Ljava/lang/Object;)Ljava/lang/Object; @ 71 c2
Event: 75.630 Thread 0x000001fe686ef7e0 DEOPT PACKING pc=0x000001fe59b8a6bc sp=0x000000563dbfa5a0
Event: 75.630 Thread 0x000001fe686ef7e0 DEOPT UNPACKING pc=0x000001fe593b6da2 sp=0x000000563dbfa530 mode 2
Event: 75.633 Thread 0x000001fe686ef7e0 Uncommon trap: trap_request=0xffffff45 fr.pc=0x000001fe59b782e8 relative=0x0000000000003a08
Event: 75.633 Thread 0x000001fe686ef7e0 Uncommon trap: reason=unstable_if action=reinterpret pc=0x000001fe59b782e8 method=java.util.concurrent.ConcurrentHashMap.remove(Ljava/lang/Object;Ljava/lang/Object;)Z @ 23 c2
Event: 75.633 Thread 0x000001fe686ef7e0 DEOPT PACKING pc=0x000001fe59b782e8 sp=0x000000563dbfaaa0
Event: 75.634 Thread 0x000001fe686ef7e0 DEOPT UNPACKING pc=0x000001fe593b6da2 sp=0x000000563dbfa838 mode 2

Classes loaded (20 events):
Event: 67.733 Loading class java/util/stream/Node$Builder$OfInt done
Event: 67.733 Loading class java/util/stream/Nodes$IntArrayNode
Event: 67.737 Loading class java/util/stream/Nodes$IntArrayNode done
Event: 67.737 Loading class java/util/stream/Nodes$IntFixedNodeBuilder done
Event: 67.738 Loading class java/util/stream/ReferencePipeline$4$1
Event: 67.741 Loading class java/util/stream/ReferencePipeline$4$1 done
Event: 72.796 Loading class java/util/Hashtable$ValueCollection
Event: 72.798 Loading class java/util/Hashtable$ValueCollection done
Event: 73.357 Loading class java/util/WeakHashMap$KeyIterator
Event: 73.359 Loading class java/util/WeakHashMap$KeyIterator done
Event: 139.017 Loading class java/util/concurrent/CompletableFuture$UniApply
Event: 139.060 Loading class java/util/concurrent/CompletableFuture$UniCompletion
Event: 139.071 Loading class java/util/concurrent/CompletableFuture$UniCompletion done
Event: 139.072 Loading class java/util/concurrent/CompletableFuture$UniApply done
Event: 139.174 Loading class java/util/concurrent/CancellationException
Event: 139.186 Loading class java/util/concurrent/CancellationException done
Event: 139.262 Loading class java/util/concurrent/CompletableFuture$UniAccept
Event: 139.279 Loading class java/util/concurrent/CompletableFuture$UniAccept done
Event: 139.283 Loading class java/util/concurrent/CompletableFuture$UniExceptionally
Event: 139.337 Loading class java/util/concurrent/CompletableFuture$UniExceptionally done

Classes unloaded (7 events):
Event: 29.499 Thread 0x000001fe4ece06c0 Unloading class 0x000001fe0118b400 'java/lang/invoke/LambdaForm$MH+0x000001fe0118b400'
Event: 29.499 Thread 0x000001fe4ece06c0 Unloading class 0x000001fe0118b000 'java/lang/invoke/LambdaForm$MH+0x000001fe0118b000'
Event: 29.499 Thread 0x000001fe4ece06c0 Unloading class 0x000001fe0118ac00 'java/lang/invoke/LambdaForm$MH+0x000001fe0118ac00'
Event: 29.499 Thread 0x000001fe4ece06c0 Unloading class 0x000001fe0118a800 'java/lang/invoke/LambdaForm$MH+0x000001fe0118a800'
Event: 29.499 Thread 0x000001fe4ece06c0 Unloading class 0x000001fe0118a400 'java/lang/invoke/LambdaForm$BMH+0x000001fe0118a400'
Event: 29.499 Thread 0x000001fe4ece06c0 Unloading class 0x000001fe0118a000 'java/lang/invoke/LambdaForm$DMH+0x000001fe0118a000'
Event: 29.499 Thread 0x000001fe4ece06c0 Unloading class 0x000001fe01188c00 'java/lang/invoke/LambdaForm$DMH+0x000001fe01188c00'

Classes redefined (0 events):
No events

Internal exceptions (20 events):
Event: 36.158 Thread 0x000001fe68f73d70 Exception <a 'java/lang/NoSuchMethodError'{0x00000000ebbf42b0}: 'java.lang.Object java.lang.invoke.DirectMethodHandle$Holder.invokeStaticInit(java.lang.Object, java.lang.Object, java.lang.Object, java.lang.Object, java.lang.Object, java.lang.Object, java.lang.Object)'> (0x00000000ebbf42b0) 
thrown [s\src\hotspot\share\interpreter\linkResolver.cpp, line 773]
Event: 36.161 Thread 0x000001fe68f73d70 Exception <a 'java/lang/NoSuchMethodError'{0x00000000ebbf9268}: 'java.lang.Object java.lang.invoke.Invokers$Holder.invoke_MT(java.lang.Object, java.lang.Object, java.lang.Object, java.lang.Object, java.lang.Object, java.lang.Object, java.lang.Object, java.lang.Object, java.lang.Object, java.lang.Object)'> (0x00000000ebbf9268) 
thrown [s\src\hotspot\share\interpreter\linkResolver.cpp, line 773]
Event: 36.191 Thread 0x000001fe68f73d70 Exception <a 'java/lang/NoSuchMethodError'{0x00000000ebc38f78}: 'int java.lang.invoke.DirectMethodHandle$Holder.invokeVirtual(java.lang.Object, java.lang.Object, java.lang.Object)'> (0x00000000ebc38f78) 
thrown [s\src\hotspot\share\interpreter\linkResolver.cpp, line 773]
Event: 36.194 Thread 0x000001fe68f73d70 Exception <a 'java/lang/NoSuchMethodError'{0x00000000ebc3d320}: 'int java.lang.invoke.DirectMethodHandle$Holder.invokeStaticInit(java.lang.Object, int, int)'> (0x00000000ebc3d320) 
thrown [s\src\hotspot\share\interpreter\linkResolver.cpp, line 773]
Event: 36.195 Thread 0x000001fe68f73d70 Exception <a 'java/lang/NoSuchMethodError'{0x00000000ebc44ac8}: 'int java.lang.invoke.DirectMethodHandle$Holder.invokeStaticInit(java.lang.Object, long, long)'> (0x00000000ebc44ac8) 
thrown [s\src\hotspot\share\interpreter\linkResolver.cpp, line 773]
Event: 36.196 Thread 0x000001fe68f73d70 Exception <a 'java/lang/NoSuchMethodError'{0x00000000ebc4bb98}: 'int java.lang.invoke.DirectMethodHandle$Holder.invokeStaticInit(java.lang.Object, float, float)'> (0x00000000ebc4bb98) 
thrown [s\src\hotspot\share\interpreter\linkResolver.cpp, line 773]
Event: 36.197 Thread 0x000001fe68f73d70 Exception <a 'java/lang/NoSuchMethodError'{0x00000000ebc528d8}: 'int java.lang.invoke.DirectMethodHandle$Holder.invokeStaticInit(java.lang.Object, double, double)'> (0x00000000ebc528d8) 
thrown [s\src\hotspot\share\interpreter\linkResolver.cpp, line 773]
Event: 36.197 Thread 0x000001fe68f73d70 Exception <a 'java/lang/NoSuchMethodError'{0x00000000ebc57128}: 'int java.lang.invoke.DirectMethodHandle$Holder.invokeStatic(java.lang.Object, long)'> (0x00000000ebc57128) 
thrown [s\src\hotspot\share\interpreter\linkResolver.cpp, line 773]
Event: 36.206 Thread 0x000001fe68f73d70 Exception <a 'java/lang/NoSuchMethodError'{0x00000000ebc76290}: 'int java.lang.invoke.Invokers$Holder.linkToTargetMethod(java.lang.Object, java.lang.Object)'> (0x00000000ebc76290) 
thrown [s\src\hotspot\share\interpreter\linkResolver.cpp, line 773]
Event: 48.953 Thread 0x000001fe68f73d70 Implicit null exception at 0x000001fe59ae581d to 0x000001fe59ae631c
Event: 74.033 Thread 0x000001fe686ea160 Exception <a 'java/lang/NoSuchMethodError'{0x00000000ebd83580}: 'java.lang.Object java.lang.invoke.DirectMethodHandle$Holder.invokeSpecial(java.lang.Object, java.lang.Object, int, long)'> (0x00000000ebd83580) 
thrown [s\src\hotspot\share\interpreter\linkResolver.cpp, line 773]
Event: 76.763 Thread 0x000001fe686ef7e0 Exception <a 'java/io/FileNotFoundException'{0x00000000eac602f8}> (0x00000000eac602f8) 
thrown [s\src\hotspot\share\prims\jni.cpp, line 520]
Event: 76.768 Thread 0x000001fe686ef7e0 Exception <a 'java/io/FileNotFoundException'{0x00000000eac61298}> (0x00000000eac61298) 
thrown [s\src\hotspot\share\prims\jni.cpp, line 520]
Event: 76.787 Thread 0x000001fe686ef7e0 Exception <a 'java/io/FileNotFoundException'{0x00000000eac627a8}> (0x00000000eac627a8) 
thrown [s\src\hotspot\share\prims\jni.cpp, line 520]
Event: 76.790 Thread 0x000001fe686ef7e0 Exception <a 'java/io/FileNotFoundException'{0x00000000eac637a8}> (0x00000000eac637a8) 
thrown [s\src\hotspot\share\prims\jni.cpp, line 520]
Event: 76.791 Thread 0x000001fe686ef7e0 Exception <a 'java/io/FileNotFoundException'{0x00000000eac64518}> (0x00000000eac64518) 
thrown [s\src\hotspot\share\prims\jni.cpp, line 520]
Event: 131.818 Thread 0x000001fe68f73d70 Exception <a 'java/lang/IncompatibleClassChangeError'{0x00000000ead3d1e0}: Found class java.lang.Object, but interface was expected> (0x00000000ead3d1e0) 
thrown [s\src\hotspot\share\interpreter\linkResolver.cpp, line 840]
Event: 139.836 Thread 0x000001fe68f73d70 Exception <a 'java/lang/IncompatibleClassChangeError'{0x00000000ead8eb70}: Found class java.lang.Object, but interface was expected> (0x00000000ead8eb70) 
thrown [s\src\hotspot\share\interpreter\linkResolver.cpp, line 840]
Event: 139.968 Thread 0x000001fe68f73d70 Exception <a 'java/lang/IncompatibleClassChangeError'{0x00000000eadc5578}: Found class java.lang.Object, but interface was expected> (0x00000000eadc5578) 
thrown [s\src\hotspot\share\interpreter\linkResolver.cpp, line 840]
Event: 140.061 Thread 0x000001fe68f73d70 Exception <a 'java/lang/IncompatibleClassChangeError'{0x00000000eadd6cb0}: Found class java.lang.Object, but interface was expected> (0x00000000eadd6cb0) 
thrown [s\src\hotspot\share\interpreter\linkResolver.cpp, line 840]

ZGC Phase Switch (0 events):
No events

VM Operations (20 events):
Event: 72.713 Executing VM operation: Cleanup
Event: 72.715 Executing VM operation: Cleanup done
Event: 73.717 Executing VM operation: Cleanup
Event: 73.718 Executing VM operation: Cleanup done
Event: 74.731 Executing VM operation: Cleanup
Event: 74.746 Executing VM operation: Cleanup done
Event: 75.588 Executing VM operation: ParallelGCFailedAllocation (Allocation Failure)
Event: 75.628 Executing VM operation: ParallelGCFailedAllocation (Allocation Failure) done
Event: 76.639 Executing VM operation: Cleanup
Event: 76.640 Executing VM operation: Cleanup done
Event: 77.646 Executing VM operation: Cleanup
Event: 77.646 Executing VM operation: Cleanup done
Event: 120.269 Executing VM operation: HandshakeAllThreads (HandshakeForDeflation)
Event: 120.275 Executing VM operation: HandshakeAllThreads (HandshakeForDeflation) done
Event: 120.276 Executing VM operation: RendezvousGCThreads
Event: 120.276 Executing VM operation: RendezvousGCThreads done
Event: 129.357 Executing VM operation: Cleanup
Event: 129.359 Executing VM operation: Cleanup done
Event: 139.449 Executing VM operation: Cleanup
Event: 139.464 Executing VM operation: Cleanup done

Memory protections (0 events):
No events

Nmethod flushes (20 events):
Event: 47.768 Thread 0x000001fe4ece06c0 flushing  nmethod 0x000001fe522a3210
Event: 47.768 Thread 0x000001fe4ece06c0 flushing  nmethod 0x000001fe522b7010
Event: 47.768 Thread 0x000001fe4ece06c0 flushing  nmethod 0x000001fe522b8310
Event: 47.768 Thread 0x000001fe4ece06c0 flushing  nmethod 0x000001fe522b8d90
Event: 47.768 Thread 0x000001fe4ece06c0 flushing  nmethod 0x000001fe522b9390
Event: 47.768 Thread 0x000001fe4ece06c0 flushing  nmethod 0x000001fe522bc110
Event: 47.768 Thread 0x000001fe4ece06c0 flushing  nmethod 0x000001fe522bf490
Event: 47.768 Thread 0x000001fe4ece06c0 flushing  nmethod 0x000001fe522c3510
Event: 47.768 Thread 0x000001fe4ece06c0 flushing  nmethod 0x000001fe522c3890
Event: 47.768 Thread 0x000001fe4ece06c0 flushing  nmethod 0x000001fe522c4510
Event: 47.768 Thread 0x000001fe4ece06c0 flushing  nmethod 0x000001fe522c4d90
Event: 47.768 Thread 0x000001fe4ece06c0 flushing  nmethod 0x000001fe522eb810
Event: 47.768 Thread 0x000001fe4ece06c0 flushing  nmethod 0x000001fe522edd10
Event: 47.768 Thread 0x000001fe4ece06c0 flushing  nmethod 0x000001fe522ee690
Event: 47.768 Thread 0x000001fe4ece06c0 flushing  nmethod 0x000001fe52337e10
Event: 47.768 Thread 0x000001fe4ece06c0 flushing  nmethod 0x000001fe52338210
Event: 47.768 Thread 0x000001fe4ece06c0 flushing  nmethod 0x000001fe5233bb10
Event: 47.768 Thread 0x000001fe4ece06c0 flushing  nmethod 0x000001fe5233c110
Event: 47.768 Thread 0x000001fe4ece06c0 flushing  nmethod 0x000001fe5233c610
Event: 47.768 Thread 0x000001fe4ece06c0 flushing  nmethod 0x000001fe52356790

Events (20 events):
Event: 25.097 Thread 0x000001fe680174f0 Thread added: 0x000001fe68143200
Event: 26.375 Thread 0x000001fe680174f0 Thread added: 0x000001fe686ea160
Event: 27.290 Thread 0x000001fe680174f0 Thread added: 0x000001fe686ef7e0
Event: 27.299 Thread 0x000001fe680174f0 Thread added: 0x000001fe6301cfc0
Event: 30.694 Thread 0x000001fe680174f0 Thread added: 0x000001fe6301dce0
Event: 31.041 Thread 0x000001fe6301dce0 Thread exited: 0x000001fe6301dce0
Event: 32.524 Thread 0x000001fe6301cfc0 Thread exited: 0x000001fe6301cfc0
Event: 32.872 Thread 0x000001fe4ec45840 Thread added: 0x000001fe68f74400
Event: 32.872 Thread 0x000001fe4ec45840 Thread added: 0x000001fe68f75e40
Event: 32.874 Thread 0x000001fe4ec45840 Thread added: 0x000001fe68f757b0
Event: 32.874 Thread 0x000001fe4ec45840 Thread added: 0x000001fe68f76b60
Event: 32.875 Thread 0x000001fe4ec45840 Thread added: 0x000001fe68f75120
Event: 33.124 Thread 0x000001fe4ec45840 Thread added: 0x000001fe68f74a90
Event: 33.769 Thread 0x000001fe686ef7e0 Thread added: 0x000001fe68f764d0
Event: 34.029 Thread 0x000001fe4ec45840 Thread added: 0x000001fe68f771f0
Event: 34.030 Thread 0x000001fe4ec45840 Thread added: 0x000001fe68f73d70
Event: 137.451 Thread 0x000001fe686ef7e0 Thread exited: 0x000001fe686ef7e0
Event: 139.259 Thread 0x000001fe68f73d70 Thread added: 0x000001fe6914b420
Event: 139.958 Thread 0x000001fe68f73d70 Thread added: 0x000001fe6914a700
Event: 139.984 Thread 0x000001fe6914a700 Thread added: 0x000001fe6914ce60


Dynamic libraries:
0x00007ff738ed0000 - 0x00007ff738ede000 	c:\Users\ADMIN\.vscode\extensions\redhat.java-1.42.0-win32-x64\jre\21.0.7-win32-x86_64\bin\java.exe
0x00007ff99e170000 - 0x00007ff99e387000 	C:\WINDOWS\SYSTEM32\ntdll.dll
0x00007ff99d480000 - 0x00007ff99d544000 	C:\WINDOWS\System32\KERNEL32.DLL
0x00007ff99b5b0000 - 0x00007ff99b983000 	C:\WINDOWS\System32\KERNELBASE.dll
0x00007ff99bc60000 - 0x00007ff99bd71000 	C:\WINDOWS\System32\ucrtbase.dll
0x00007ff95dbc0000 - 0x00007ff95dbd8000 	c:\Users\ADMIN\.vscode\extensions\redhat.java-1.42.0-win32-x64\jre\21.0.7-win32-x86_64\bin\jli.dll
0x00007ff99c140000 - 0x00007ff99c2f1000 	C:\WINDOWS\System32\USER32.dll
0x00007ff99b500000 - 0x00007ff99b526000 	C:\WINDOWS\System32\win32u.dll
0x00007ff99c000000 - 0x00007ff99c029000 	C:\WINDOWS\System32\GDI32.dll
0x00007ff99b9c0000 - 0x00007ff99bae2000 	C:\WINDOWS\System32\gdi32full.dll
0x00007ff99b320000 - 0x00007ff99b3ba000 	C:\WINDOWS\System32\msvcp_win.dll
0x00007ff980a40000 - 0x00007ff980cdb000 	C:\WINDOWS\WinSxS\amd64_microsoft.windows.common-controls_6595b64144ccf1df_6.0.22621.5262_none_2712bde373830908\COMCTL32.dll
0x00007ff95bac0000 - 0x00007ff95bade000 	c:\Users\ADMIN\.vscode\extensions\redhat.java-1.42.0-win32-x64\jre\21.0.7-win32-x86_64\bin\VCRUNTIME140.dll
0x00007ff99dff0000 - 0x00007ff99e097000 	C:\WINDOWS\System32\msvcrt.dll
0x00007ff99cc20000 - 0x00007ff99cc51000 	C:\WINDOWS\System32\IMM32.DLL
0x00007ff97f0d0000 - 0x00007ff97f0dc000 	c:\Users\ADMIN\.vscode\extensions\redhat.java-1.42.0-win32-x64\jre\21.0.7-win32-x86_64\bin\vcruntime140_1.dll
0x00007ff9555e0000 - 0x00007ff95566d000 	c:\Users\ADMIN\.vscode\extensions\redhat.java-1.42.0-win32-x64\jre\21.0.7-win32-x86_64\bin\msvcp140.dll
0x00007ff93a370000 - 0x00007ff93b100000 	c:\Users\ADMIN\.vscode\extensions\redhat.java-1.42.0-win32-x64\jre\21.0.7-win32-x86_64\bin\server\jvm.dll
0x00007ff99dea0000 - 0x00007ff99df51000 	C:\WINDOWS\System32\ADVAPI32.dll
0x00007ff99d2f0000 - 0x00007ff99d397000 	C:\WINDOWS\System32\sechost.dll
0x00007ff99b990000 - 0x00007ff99b9b8000 	C:\WINDOWS\System32\bcrypt.dll
0x00007ff99d0e0000 - 0x00007ff99d1f4000 	C:\WINDOWS\System32\RPCRT4.dll
0x00007ff99e0b0000 - 0x00007ff99e121000 	C:\WINDOWS\System32\WS2_32.dll
0x00007ff99b130000 - 0x00007ff99b17d000 	C:\WINDOWS\SYSTEM32\POWRPROF.dll
0x00007ff996980000 - 0x00007ff9969b4000 	C:\WINDOWS\SYSTEM32\WINMM.dll
0x00007ff9967c0000 - 0x00007ff9967ca000 	C:\WINDOWS\SYSTEM32\VERSION.dll
0x00007ff99b110000 - 0x00007ff99b123000 	C:\WINDOWS\SYSTEM32\UMPDC.dll
0x00007ff99a260000 - 0x00007ff99a278000 	C:\WINDOWS\SYSTEM32\kernel.appcore.dll
0x00007ff97eab0000 - 0x00007ff97eaba000 	c:\Users\ADMIN\.vscode\extensions\redhat.java-1.42.0-win32-x64\jre\21.0.7-win32-x86_64\bin\jimage.dll
0x00007ff998c00000 - 0x00007ff998e32000 	C:\WINDOWS\SYSTEM32\DBGHELP.DLL
0x00007ff99c300000 - 0x00007ff99c693000 	C:\WINDOWS\System32\combase.dll
0x00007ff99d3a0000 - 0x00007ff99d477000 	C:\WINDOWS\System32\OLEAUT32.dll
0x00007ff979f40000 - 0x00007ff979f72000 	C:\WINDOWS\SYSTEM32\dbgcore.DLL
0x00007ff99b530000 - 0x00007ff99b5ab000 	C:\WINDOWS\System32\bcryptPrimitives.dll
0x00007ff98c4a0000 - 0x00007ff98c4af000 	c:\Users\ADMIN\.vscode\extensions\redhat.java-1.42.0-win32-x64\jre\21.0.7-win32-x86_64\bin\instrument.dll
0x00007ff955b90000 - 0x00007ff955baf000 	c:\Users\ADMIN\.vscode\extensions\redhat.java-1.42.0-win32-x64\jre\21.0.7-win32-x86_64\bin\java.dll
0x00007ff99d600000 - 0x00007ff99de9d000 	C:\WINDOWS\System32\SHELL32.dll
0x00007ff99b3c0000 - 0x00007ff99b4ff000 	C:\WINDOWS\System32\wintypes.dll
0x00007ff999150000 - 0x00007ff999a6d000 	C:\WINDOWS\SYSTEM32\windows.storage.dll
0x00007ff99c030000 - 0x00007ff99c13b000 	C:\WINDOWS\System32\SHCORE.dll
0x00007ff99d210000 - 0x00007ff99d276000 	C:\WINDOWS\System32\shlwapi.dll
0x00007ff99b190000 - 0x00007ff99b1bb000 	C:\WINDOWS\SYSTEM32\profapi.dll
0x00007ff955a20000 - 0x00007ff955a38000 	c:\Users\ADMIN\.vscode\extensions\redhat.java-1.42.0-win32-x64\jre\21.0.7-win32-x86_64\bin\zip.dll
0x00007ff97e620000 - 0x00007ff97e630000 	C:\Users\ADMIN\.vscode\extensions\redhat.java-1.42.0-win32-x64\jre\21.0.7-win32-x86_64\bin\net.dll
0x00007ff994810000 - 0x00007ff99493c000 	C:\WINDOWS\SYSTEM32\WINHTTP.dll
0x00007ff99a6e0000 - 0x00007ff99a74a000 	C:\WINDOWS\system32\mswsock.dll
0x00007ff951580000 - 0x00007ff951596000 	C:\Users\ADMIN\.vscode\extensions\redhat.java-1.42.0-win32-x64\jre\21.0.7-win32-x86_64\bin\nio.dll
0x00007ff983450000 - 0x00007ff983460000 	c:\Users\ADMIN\.vscode\extensions\redhat.java-1.42.0-win32-x64\jre\21.0.7-win32-x86_64\bin\verify.dll
0x00007ff953520000 - 0x00007ff953565000 	C:\Users\ADMIN\AppData\Roaming\Code\User\globalStorage\redhat.java\1.42.0\config_ss_win\org.eclipse.equinox.launcher\org.eclipse.equinox.launcher.win32.win32.x86_64_1.2.1300.v20250331-1702\eclipse_11911.dll
0x00007ff99ca70000 - 0x00007ff99cc11000 	C:\WINDOWS\System32\ole32.dll
0x00007ff99a910000 - 0x00007ff99a92b000 	C:\WINDOWS\SYSTEM32\CRYPTSP.dll
0x00007ff99a1c0000 - 0x00007ff99a1f7000 	C:\WINDOWS\system32\rsaenh.dll
0x00007ff99a7a0000 - 0x00007ff99a7c8000 	C:\WINDOWS\SYSTEM32\USERENV.dll
0x00007ff99a900000 - 0x00007ff99a90c000 	C:\WINDOWS\SYSTEM32\CRYPTBASE.dll
0x00007ff999d10000 - 0x00007ff999d3d000 	C:\WINDOWS\SYSTEM32\IPHLPAPI.DLL
0x00007ff99d200000 - 0x00007ff99d209000 	C:\WINDOWS\System32\NSI.dll
0x00007ff953440000 - 0x00007ff953489000 	C:\Users\ADMIN\AppData\Local\Temp\jna-62130991\jna10883918340569766472.dll
0x00007ff99e0a0000 - 0x00007ff99e0a8000 	C:\WINDOWS\System32\PSAPI.DLL
0x00007ff9947a0000 - 0x00007ff9947b9000 	C:\WINDOWS\SYSTEM32\dhcpcsvc6.DLL
0x00007ff994630000 - 0x00007ff99464f000 	C:\WINDOWS\SYSTEM32\dhcpcsvc.DLL

dbghelp: loaded successfully - version: 4.0.5 - missing functions: none
symbol engine: initialized successfully - sym options: 0x614 - pdb path: .;c:\Users\ADMIN\.vscode\extensions\redhat.java-1.42.0-win32-x64\jre\21.0.7-win32-x86_64\bin;C:\WINDOWS\SYSTEM32;C:\WINDOWS\WinSxS\amd64_microsoft.windows.common-controls_6595b64144ccf1df_6.0.22621.5262_none_2712bde373830908;c:\Users\ADMIN\.vscode\extensions\redhat.java-1.42.0-win32-x64\jre\21.0.7-win32-x86_64\bin\server;C:\Users\ADMIN\AppData\Roaming\Code\User\globalStorage\redhat.java\1.42.0\config_ss_win\org.eclipse.equinox.launcher\org.eclipse.equinox.launcher.win32.win32.x86_64_1.2.1300.v20250331-1702;C:\Users\ADMIN\AppData\Local\Temp\jna-62130991

VM Arguments:
jvm_args: --add-modules=ALL-SYSTEM --add-opens=java.base/java.util=ALL-UNNAMED --add-opens=java.base/java.lang=ALL-UNNAMED --add-opens=java.base/sun.nio.fs=ALL-UNNAMED -Declipse.application=org.eclipse.jdt.ls.core.id1 -Dosgi.bundles.defaultStartLevel=4 -Declipse.product=org.eclipse.jdt.ls.core.product -Djava.import.generatesMetadataFilesAtProjectRoot=false -DDetectVMInstallationsJob.disabled=true -Dfile.encoding=utf8 -XX:+UseParallelGC -XX:GCTimeRatio=4 -XX:AdaptiveSizePolicyWeight=90 -Dsun.zip.disableMemoryMapping=true -Xmx1G -Xms100m -Xlog:disable -javaagent:c:\Users\ADMIN\.vscode\extensions\redhat.java-1.42.0-win32-x64\lombok\lombok-1.18.36.jar 
java_command: c:\Users\ADMIN\.vscode\extensions\redhat.java-1.42.0-win32-x64\server\plugins\org.eclipse.equinox.launcher_1.7.0.v20250424-1814.jar -configuration c:\Users\ADMIN\AppData\Roaming\Code\User\globalStorage\redhat.java\1.42.0\config_ss_win -data c:\Users\ADMIN\AppData\Roaming\Code\User\workspaceStorage\3aee1dc51a8e176d073eb485a32cd561\redhat.java\ss_ws --pipe=\\.\pipe\lsp-e31c3ffe0aab58295213c64631a9aaa1-sock
java_class_path (initial): c:\Users\ADMIN\.vscode\extensions\redhat.java-1.42.0-win32-x64\server\plugins\org.eclipse.equinox.launcher_1.7.0.v20250424-1814.jar
Launcher Type: SUN_STANDARD

[Global flags]
    uintx AdaptiveSizePolicyWeight                 = 90                                        {product} {command line}
     intx CICompilerCount                          = 3                                         {product} {ergonomic}
    uintx GCTimeRatio                              = 4                                         {product} {command line}
   size_t InitialHeapSize                          = 104857600                                 {product} {command line}
   size_t MaxHeapSize                              = 1073741824                                {product} {command line}
   size_t MaxNewSize                               = 357564416                                 {product} {ergonomic}
   size_t MinHeapDeltaBytes                        = 524288                                    {product} {ergonomic}
   size_t MinHeapSize                              = 104857600                                 {product} {command line}
   size_t NewSize                                  = 34603008                                  {product} {ergonomic}
    uintx NonNMethodCodeHeapSize                   = 5832780                                {pd product} {ergonomic}
    uintx NonProfiledCodeHeapSize                  = 122912730                              {pd product} {ergonomic}
   size_t OldSize                                  = 70254592                                  {product} {ergonomic}
    uintx ProfiledCodeHeapSize                     = 122912730                              {pd product} {ergonomic}
    uintx ReservedCodeCacheSize                    = 251658240                              {pd product} {ergonomic}
     bool SegmentedCodeCache                       = true                                      {product} {ergonomic}
   size_t SoftMaxHeapSize                          = 1073741824                             {manageable} {ergonomic}
     bool UseCompressedOops                        = true                           {product lp64_product} {ergonomic}
     bool UseLargePagesIndividualAllocation        = false                                  {pd product} {ergonomic}
     bool UseParallelGC                            = true                                      {product} {command line}

Logging:
Log output configuration:
 #0: stdout all=off uptime,level,tags foldmultilines=false
 #1: stderr all=off uptime,level,tags foldmultilines=false

Environment Variables:
JAVA_HOME=C:\Program Files\Java\jdk-24
PATH=C:\Program Files\Common Files\Oracle\Java\javapath;C:\WINDOWS\system32;C:\WINDOWS;C:\WINDOWS\System32\Wbem;C:\WINDOWS\System32\WindowsPowerShell\v1.0\;C:\WINDOWS\System32\OpenSSH\;C:\MinGW\bin;C:\MinGW\mingw32\bin;E:\msys64\ucrt64\bin;C:\Program Files (x86)\Microsoft SQL Server\160\Tools\Binn\;C:\Program Files\Microsoft SQL Server\160\Tools\Binn\;C:\Program Files\Microsoft SQL Server\Client SDK\ODBC\170\Tools\Binn\;C:\Program Files\Microsoft SQL Server\160\DTS\Binn\;C:\Program Files (x86)\Microsoft SQL Server\160\DTS\Binn\;C:\Users\ADMIN\AppData\Local\Microsoft\WindowsApps;C:\Program Files\JetBrains\PyCharm Community Edition 2021.3.3\bin;E:\Microsoft VS Code\bin;C:\Program Files (x86)\Nmap;C:\Users\ADMIN\AppData\Local\Microsoft\WinGet\Packages\Schniz.fnm_Microsoft.Winget.Source_8wekyb3d8bbwe;C:\Users\ADMIN\AppData\Roaming\fnm\node-versions\v22.14.0\installation;C:\Program Files\Erlang OTP\bin;C:\Program Files\RabbitMQ Server\rabbitmq_server-4.0.7\sbin;C:\Program Files\Java\jdk-24\bin;C:\Program Files\Docker\Docker\resources\bin;C:\Program Files\Git\cmd;E:\apache-maven-3.9.9-bin\apache-maven-3.9.9\bin;C:\Program Files\nodejs\;C:\Users\ADMIN\AppData\Local\Microsoft\WindowsApps;C:\Program Files\JetBrains\PyCharm Community Edition 2021.3.3\bin;;C:\Program Files (x86)\Nmap;C:\Users\ADMIN\AppData\Local\Microsoft\WinGet\Packages\Schniz.fnm_Microsoft.Winget.Source_8wekyb3d8bbwe;C:\Users\ADMIN\AppData\Local\Programs\Microsoft VS Code\bin;C:\Users\ADMIN\AppData\Roaming\npm
USERNAME=ADMIN
OS=Windows_NT
PROCESSOR_IDENTIFIER=Intel64 Family 6 Model 126 Stepping 5, GenuineIntel
TMP=C:\Users\ADMIN\AppData\Local\Temp
TEMP=C:\Users\ADMIN\AppData\Local\Temp




Periodic native trim disabled

---------------  S Y S T E M  ---------------

OS:
 Windows 11 , 64 bit Build 22621 (10.0.22621.5262)
OS uptime: 2 days 14:19 hours
Hyper-V role detected

CPU: total 4 (initial active 4) (2 cores per cpu, 2 threads per core) family 6 model 126 stepping 5 microcode 0xa0, cx8, cmov, fxsr, ht, mmx, 3dnowpref, sse, sse2, sse3, ssse3, sse4.1, sse4.2, popcnt, lzcnt, tsc, tscinvbit, avx, avx2, aes, erms, clmul, bmi1, bmi2, adx, avx512f, avx512dq, avx512cd, avx512bw, avx512vl, sha, fma, vzeroupper, avx512_vpopcntdq, avx512_vpclmulqdq, avx512_vaes, avx512_vnni, clflush, clflushopt, avx512_vbmi2, avx512_vbmi, hv, rdtscp, rdpid, fsrm, gfni, avx512_bitalg, f16c, avx512_ifma
Processor Information for the first 4 processors :
  Max Mhz: 1190, Current Mhz: 1190, Mhz Limit: 1190

Memory: 4k page, system-wide physical 3784M (17M free)
TotalPageFile size 15560M (AvailPageFile size 0M)
current process WorkingSet (physical memory assigned to process): 40M, peak: 153M
current process commit charge ("private bytes"): 234M, peak: 262M

vm_info: OpenJDK 64-Bit Server VM (21.0.7+6-LTS) for windows-amd64 JRE (21.0.7+6-LTS), built on 2025-04-15T00:00:00Z by "admin" with MS VC++ 17.7 (VS2022)

END.
