#
# There is insufficient memory for the Java Runtime Environment to continue.
# Native memory allocation (malloc) failed to allocate 724608 bytes. Error detail: Chunk::new
# Possible reasons:
#   The system is out of physical RAM or swap space
#   This process is running with CompressedOops enabled, and the Java Heap may be blocking the growth of the native heap
# Possible solutions:
#   Reduce memory load on the system
#   Increase physical memory or swap space
#   Check if swap backing store is full
#   Decrease Java heap size (-Xmx/-Xms)
#   Decrease number of Java threads
#   Decrease Java thread stack sizes (-Xss)
#   Set larger code cache with -XX:ReservedCodeCacheSize=
#   JVM is running with Unscaled Compressed Oops mode in which the Java heap is
#     placed in the first 4GB address space. The Java Heap base address is the
#     maximum limit for the native heap growth. Please use -XX:HeapBaseMinAddress
#     to set the Java Heap base and to place the Java Heap above 4GB virtual address.
# This output file may be truncated or incomplete.
#
#  Out of Memory Error (arena.cpp:168), pid=6188, tid=21624
#
# JRE version: OpenJDK Runtime Environment Temurin-21.0.7+6 (21.0.7+6) (build 21.0.7+6-LTS)
# Java VM: OpenJDK 64-Bit Server VM Temurin-21.0.7+6 (21.0.7+6-LTS, mixed mode, sharing, tiered, compressed oops, compressed class ptrs, parallel gc, windows-amd64)
# No core dump will be written. Minidumps are not enabled by default on client versions of Windows
#

---------------  S U M M A R Y ------------

Command Line: --add-modules=ALL-SYSTEM --add-opens=java.base/java.util=ALL-UNNAMED --add-opens=java.base/java.lang=ALL-UNNAMED --add-opens=java.base/sun.nio.fs=ALL-UNNAMED -Declipse.application=org.eclipse.jdt.ls.core.id1 -Dosgi.bundles.defaultStartLevel=4 -Declipse.product=org.eclipse.jdt.ls.core.product -Djava.import.generatesMetadataFilesAtProjectRoot=false -DDetectVMInstallationsJob.disabled=true -Dfile.encoding=utf8 -XX:+UseParallelGC -XX:GCTimeRatio=4 -XX:AdaptiveSizePolicyWeight=90 -Dsun.zip.disableMemoryMapping=true -Xmx1G -Xms100m -Xlog:disable -javaagent:c:\Users\ADMIN\.vscode\extensions\redhat.java-1.42.0-win32-x64\lombok\lombok-1.18.36.jar -XX:+HeapDumpOnOutOfMemoryError -XX:HeapDumpPath=c:\Users\ADMIN\AppData\Roaming\Code\User\workspaceStorage\3aee1dc51a8e176d073eb485a32cd561\redhat.java -Daether.dependencyCollector.impl=bf c:\Users\ADMIN\.vscode\extensions\redhat.java-1.42.0-win32-x64\server\plugins\org.eclipse.equinox.launcher_1.7.0.v20250424-1814.jar -configuration c:\Users\ADMIN\AppData\Roaming\Code\User\globalStorage\redhat.java\1.42.0\config_win -data c:\Users\ADMIN\AppData\Roaming\Code\User\workspaceStorage\3aee1dc51a8e176d073eb485a32cd561\redhat.java\jdt_ws --pipe=\\.\pipe\lsp-6435d15a114faa3a64d0311b16ab1bb3-sock

Host: Intel(R) Core(TM) i3-1005G1 CPU @ 1.20GHz, 4 cores, 3G,  Windows 11 , 64 bit Build 22621 (10.0.22621.5262)
Time: Sat Jun  7 21:47:15 2025 SE Asia Standard Time elapsed time: 3.540540 seconds (0d 0h 0m 3s)

---------------  T H R E A D  ---------------

Current thread (0x00000281d4647310):  JavaThread "C2 CompilerThread0" daemon [_thread_in_native, id=21624, stack(0x000000f5ca800000,0x000000f5ca900000) (1024K)]


Current CompileTask:
C2:3540 1353       4       java.io.DataInputStream::readUTF (501 bytes)

Stack: [0x000000f5ca800000,0x000000f5ca900000]
Native frames: (J=compiled Java code, j=interpreted, Vv=VM code, C=native code)
V  [jvm.dll+0x6ce119]
V  [jvm.dll+0x8a84a1]
V  [jvm.dll+0x8aa9ce]
V  [jvm.dll+0x8ab0b3]
V  [jvm.dll+0x27f8a6]
V  [jvm.dll+0xc507d]
V  [jvm.dll+0xc55b3]
V  [jvm.dll+0x3b692c]
V  [jvm.dll+0x382aa5]
V  [jvm.dll+0x381f0a]
V  [jvm.dll+0x247af0]
V  [jvm.dll+0x2470cf]
V  [jvm.dll+0x1c760e]
V  [jvm.dll+0x25695a]
V  [jvm.dll+0x254efa]
V  [jvm.dll+0x3f03f6]
V  [jvm.dll+0x851f6b]
V  [jvm.dll+0x6cc7dd]
C  [ucrtbase.dll+0x29333]
C  [KERNEL32.DLL+0x1259d]
C  [ntdll.dll+0x5af58]


---------------  P R O C E S S  ---------------

Threads class SMR info:
_java_thread_list=0x0000028216610ef0, length=11, elements={
0x00000281c0311100, 0x00000281d463d310, 0x00000281d463eb10, 0x00000281d4640db0,
0x00000281d4641cc0, 0x00000281d4643a80, 0x00000281d46464e0, 0x00000281d4647310,
0x00000281d46b9e00, 0x0000028216486df0, 0x00000282165b4f20
}

Java Threads: ( => current thread )
  0x00000281c0311100 JavaThread "main"                              [_thread_in_vm, id=16600, stack(0x000000f5c9e00000,0x000000f5c9f00000) (1024K)]
  0x00000281d463d310 JavaThread "Reference Handler"          daemon [_thread_blocked, id=5296, stack(0x000000f5ca200000,0x000000f5ca300000) (1024K)]
  0x00000281d463eb10 JavaThread "Finalizer"                  daemon [_thread_blocked, id=22920, stack(0x000000f5ca300000,0x000000f5ca400000) (1024K)]
  0x00000281d4640db0 JavaThread "Signal Dispatcher"          daemon [_thread_blocked, id=15972, stack(0x000000f5ca400000,0x000000f5ca500000) (1024K)]
  0x00000281d4641cc0 JavaThread "Attach Listener"            daemon [_thread_blocked, id=9400, stack(0x000000f5ca500000,0x000000f5ca600000) (1024K)]
  0x00000281d4643a80 JavaThread "Service Thread"             daemon [_thread_blocked, id=23928, stack(0x000000f5ca600000,0x000000f5ca700000) (1024K)]
  0x00000281d46464e0 JavaThread "Monitor Deflation Thread"   daemon [_thread_blocked, id=6428, stack(0x000000f5ca700000,0x000000f5ca800000) (1024K)]
=>0x00000281d4647310 JavaThread "C2 CompilerThread0"         daemon [_thread_in_native, id=21624, stack(0x000000f5ca800000,0x000000f5ca900000) (1024K)]
  0x00000281d46b9e00 JavaThread "C1 CompilerThread0"         daemon [_thread_in_vm, id=7284, stack(0x000000f5ca900000,0x000000f5caa00000) (1024K)]
  0x0000028216486df0 JavaThread "Common-Cleaner"             daemon [_thread_blocked, id=22908, stack(0x000000f5caa00000,0x000000f5cab00000) (1024K)]
  0x00000282165b4f20 JavaThread "Notification Thread"        daemon [_thread_blocked, id=1900, stack(0x000000f5cab00000,0x000000f5cac00000) (1024K)]
Total: 11

Other Threads:
  0x00000281d4620dc0 VMThread "VM Thread"                           [id=15936, stack(0x000000f5ca100000,0x000000f5ca200000) (1024K)]
  0x00000281c037b9a0 WatcherThread "VM Periodic Task Thread"        [id=12384, stack(0x000000f5ca000000,0x000000f5ca100000) (1024K)]
  0x00000281c032f4f0 WorkerThread "GC Thread#0"                     [id=12984, stack(0x000000f5c9f00000,0x000000f5ca000000) (1024K)]
  0x000002821b2034b0 WorkerThread "GC Thread#1"                     [id=19400, stack(0x000000f5cac00000,0x000000f5cad00000) (1024K)]
  0x000002821b2f4510 WorkerThread "GC Thread#2"                     [id=10788, stack(0x000000f5cad00000,0x000000f5cae00000) (1024K)]
  0x000002821b2f48b0 WorkerThread "GC Thread#3"                     [id=17260, stack(0x000000f5cae00000,0x000000f5caf00000) (1024K)]
Total: 6

Threads with active compile tasks:
C2 CompilerThread0  3586 1353       4       java.io.DataInputStream::readUTF (501 bytes)
C1 CompilerThread0  3586 1396       2       java.lang.ClassLoader::preDefineClass (118 bytes)
Total: 2

VM state: not at safepoint (normal execution)

VM Mutex/Monitor currently owned by a thread: None

Heap address: 0x00000000c0000000, size: 1024 MB, Compressed Oops mode: 32-bit

CDS archive(s) mapped at: [0x00000281d5000000-0x00000281d5ba0000-0x00000281d5ba0000), size 12189696, SharedBaseAddress: 0x00000281d5000000, ArchiveRelocationMode: 1.
Compressed class space mapped at: 0x00000281d6000000-0x0000028216000000, reserved size: 1073741824
Narrow klass base: 0x00000281d5000000, Narrow klass shift: 0, Narrow klass range: 0x100000000

GC Precious Log:
 CardTable entry size: 512
 CPUs: 4 total, 4 available
 Memory: 3784M
 Large Page Support: Disabled
 NUMA Support: Disabled
 Compressed Oops: Enabled (32-bit)
 Alignments: Space 512K, Generation 512K, Heap 2M
 Heap Min Capacity: 100M
 Heap Initial Capacity: 100M
 Heap Max Capacity: 1G
 Pre-touch: Disabled
 Parallel Workers: 4

Heap:
 PSYoungGen      total 29696K, used 13134K [0x00000000eab00000, 0x00000000ecc00000, 0x0000000100000000)
  eden space 25600K, 38% used [0x00000000eab00000,0x00000000eb4aa290,0x00000000ec400000)
  from space 4096K, 79% used [0x00000000ec400000,0x00000000ec729870,0x00000000ec800000)
  to   space 4096K, 0% used [0x00000000ec800000,0x00000000ec800000,0x00000000ecc00000)
 ParOldGen       total 68608K, used 0K [0x00000000c0000000, 0x00000000c4300000, 0x00000000eab00000)
  object space 68608K, 0% used [0x00000000c0000000,0x00000000c0000000,0x00000000c4300000)
 Metaspace       used 6190K, committed 6528K, reserved 1114112K
  class space    used 621K, committed 768K, reserved 1048576K

Card table byte_map: [0x00000281bfcb0000,0x00000281bfec0000] _byte_map_base: 0x00000281bf6b0000

Marking Bits: (ParMarkBitMap*) 0x00007ff93b0231f0
 Begin Bits: [0x00000281d2500000, 0x00000281d3500000)
 End Bits:   [0x00000281d3500000, 0x00000281d4500000)

Polling page: 0x00000281be1d0000

Metaspace:

Usage:
  Non-class:      5.44 MB used.
      Class:    621.09 KB used.
       Both:      6.05 MB used.

Virtual space:
  Non-class space:       64.00 MB reserved,       5.62 MB (  9%) committed,  1 nodes.
      Class space:        1.00 GB reserved,     768.00 KB ( <1%) committed,  1 nodes.
             Both:        1.06 GB reserved,       6.38 MB ( <1%) committed. 

Chunk freelists:
   Non-Class:  10.03 MB
       Class:  15.06 MB
        Both:  25.09 MB

MaxMetaspaceSize: unlimited
CompressedClassSpaceSize: 1.00 GB
Initial GC threshold: 21.00 MB
Current GC threshold: 21.00 MB
CDS: on
 - commit_granule_bytes: 65536.
 - commit_granule_words: 8192.
 - virtual_space_node_default_size: 8388608.
 - enlarge_chunks_in_place: 1.
 - use_allocation_guard: 0.


Internal statistics:

num_allocs_failed_limit: 0.
num_arena_births: 228.
num_arena_deaths: 0.
num_vsnodes_births: 2.
num_vsnodes_deaths: 0.
num_space_committed: 102.
num_space_uncommitted: 0.
num_chunks_returned_to_freelist: 0.
num_chunks_taken_from_freelist: 340.
num_chunk_merges: 0.
num_chunk_splits: 230.
num_chunks_enlarged: 151.
num_inconsistent_stats: 0.

CodeHeap 'non-profiled nmethods': size=120000Kb used=511Kb max_used=511Kb free=119488Kb
 bounds [0x00000281cafd0000, 0x00000281cb240000, 0x00000281d2500000]
CodeHeap 'profiled nmethods': size=120000Kb used=2384Kb max_used=2384Kb free=117616Kb
 bounds [0x00000281c3500000, 0x00000281c3770000, 0x00000281caa30000]
CodeHeap 'non-nmethods': size=5760Kb used=1216Kb max_used=1233Kb free=4543Kb
 bounds [0x00000281caa30000, 0x00000281caca0000, 0x00000281cafd0000]
 total_blobs=1854 nmethods=1382 adapters=379
 compilation: enabled
              stopped_count=0, restarted_count=0
 full_count=0

Compilation events (20 events):
Event: 3.478 Thread 0x00000281d46b9e00 1357       3       java.io.DataInputStream::readByte (6 bytes)
Event: 3.478 Thread 0x00000281d46b9e00 nmethod 1357 0x00000281c373f810 code [0x00000281c373f9e0, 0x00000281c373fcc8]
Event: 3.479 Thread 0x00000281d46b9e00 1358       3       org.eclipse.osgi.container.ModuleDatabase$Persistence::addToReadTable (70 bytes)
Event: 3.479 Thread 0x00000281d46b9e00 nmethod 1358 0x00000281c373fe10 code [0x00000281c3740040, 0x00000281c3740840]
Event: 3.489 Thread 0x00000281d4647310 nmethod 1347 0x00000281cb04d590 code [0x00000281cb04d880, 0x00000281cb04e5d0]
Event: 3.489 Thread 0x00000281d4647310 1353       4       java.io.DataInputStream::readUTF (501 bytes)
Event: 3.513 Thread 0x00000281d46b9e00 1365       3       java.lang.String::toCharArray (25 bytes)
Event: 3.514 Thread 0x00000281d46b9e00 nmethod 1365 0x00000281c3740a10 code [0x00000281c3740be0, 0x00000281c3740e78]
Event: 3.515 Thread 0x00000281d46b9e00 1366       3       org.eclipse.osgi.container.ModuleDatabase$Persistence::readString (7 bytes)
Event: 3.516 Thread 0x00000281d46b9e00 nmethod 1366 0x00000281c3740f90 code [0x00000281c3741140, 0x00000281c3741260]
Event: 3.517 Thread 0x00000281d46b9e00 1368       3       org.eclipse.osgi.container.ModuleDatabase$Persistence::readMapValue (111 bytes)
Event: 3.518 Thread 0x00000281d46b9e00 nmethod 1368 0x00000281c3741310 code [0x00000281c37416a0, 0x00000281c37429f8]
Event: 3.521 Thread 0x00000281d46b9e00 1370       3       org.eclipse.osgi.container.ModuleDatabase$Persistence::readVersion0 (96 bytes)
Event: 3.523 Thread 0x00000281d46b9e00 nmethod 1370 0x00000281c3743110 code [0x00000281c3743560, 0x00000281c3745380]
Event: 3.523 Thread 0x00000281d46b9e00 1372       3       org.eclipse.osgi.container.ModuleDatabase$Persistence::readMap (118 bytes)
Event: 3.524 Thread 0x00000281d46b9e00 nmethod 1372 0x00000281c3745d90 code [0x00000281c3746140, 0x00000281c37476c8]
Event: 3.524 Thread 0x00000281d46b9e00 1371       3       org.eclipse.osgi.container.ModuleDatabase$Persistence::readIndexedMap (16 bytes)
Event: 3.525 Thread 0x00000281d46b9e00 nmethod 1371 0x00000281c3748010 code [0x00000281c3748240, 0x00000281c3748938]
Event: 3.529 Thread 0x00000281d46b9e00 1373       3       org.eclipse.osgi.container.ModuleDatabase$Persistence::readListValue (97 bytes)
Event: 3.532 Thread 0x00000281d46b9e00 nmethod 1373 0x00000281c3748c90 code [0x00000281c3749000, 0x00000281c374a2d0]

GC Heap History (2 events):
Event: 2.445 GC heap before
{Heap before GC invocations=1 (full 0):
 PSYoungGen      total 29696K, used 25600K [0x00000000eab00000, 0x00000000ecc00000, 0x0000000100000000)
  eden space 25600K, 100% used [0x00000000eab00000,0x00000000ec400000,0x00000000ec400000)
  from space 4096K, 0% used [0x00000000ec800000,0x00000000ec800000,0x00000000ecc00000)
  to   space 4096K, 0% used [0x00000000ec400000,0x00000000ec400000,0x00000000ec800000)
 ParOldGen       total 68608K, used 0K [0x00000000c0000000, 0x00000000c4300000, 0x00000000eab00000)
  object space 68608K, 0% used [0x00000000c0000000,0x00000000c0000000,0x00000000c4300000)
 Metaspace       used 4377K, committed 4608K, reserved 1114112K
  class space    used 461K, committed 576K, reserved 1048576K
}
Event: 2.458 GC heap after
{Heap after GC invocations=1 (full 0):
 PSYoungGen      total 29696K, used 3238K [0x00000000eab00000, 0x00000000ecc00000, 0x0000000100000000)
  eden space 25600K, 0% used [0x00000000eab00000,0x00000000eab00000,0x00000000ec400000)
  from space 4096K, 79% used [0x00000000ec400000,0x00000000ec729870,0x00000000ec800000)
  to   space 4096K, 0% used [0x00000000ec800000,0x00000000ec800000,0x00000000ecc00000)
 ParOldGen       total 68608K, used 0K [0x00000000c0000000, 0x00000000c4300000, 0x00000000eab00000)
  object space 68608K, 0% used [0x00000000c0000000,0x00000000c0000000,0x00000000c4300000)
 Metaspace       used 4377K, committed 4608K, reserved 1114112K
  class space    used 461K, committed 576K, reserved 1048576K
}

Dll operation events (8 events):
Event: 0.026 Loaded shared library c:\Users\ADMIN\.vscode\extensions\redhat.java-1.42.0-win32-x64\jre\21.0.7-win32-x86_64\bin\java.dll
Event: 0.417 Loaded shared library c:\Users\ADMIN\.vscode\extensions\redhat.java-1.42.0-win32-x64\jre\21.0.7-win32-x86_64\bin\zip.dll
Event: 0.454 Loaded shared library C:\Users\ADMIN\.vscode\extensions\redhat.java-1.42.0-win32-x64\jre\21.0.7-win32-x86_64\bin\instrument.dll
Event: 0.468 Loaded shared library C:\Users\ADMIN\.vscode\extensions\redhat.java-1.42.0-win32-x64\jre\21.0.7-win32-x86_64\bin\net.dll
Event: 0.474 Loaded shared library C:\Users\ADMIN\.vscode\extensions\redhat.java-1.42.0-win32-x64\jre\21.0.7-win32-x86_64\bin\nio.dll
Event: 0.478 Loaded shared library C:\Users\ADMIN\.vscode\extensions\redhat.java-1.42.0-win32-x64\jre\21.0.7-win32-x86_64\bin\zip.dll
Event: 0.530 Loaded shared library C:\Users\ADMIN\.vscode\extensions\redhat.java-1.42.0-win32-x64\jre\21.0.7-win32-x86_64\bin\jimage.dll
Event: 0.907 Loaded shared library c:\Users\ADMIN\.vscode\extensions\redhat.java-1.42.0-win32-x64\jre\21.0.7-win32-x86_64\bin\verify.dll

Deoptimization events (20 events):
Event: 2.442 Thread 0x00000281c0311100 Uncommon trap: trap_request=0xffffffc6 fr.pc=0x00000281cb008758 relative=0x0000000000000298
Event: 2.442 Thread 0x00000281c0311100 Uncommon trap: reason=bimorphic_or_optimized_type_check action=maybe_recompile pc=0x00000281cb008758 method=java.util.Collections$UnmodifiableCollection$1.next()Ljava/lang/Object; @ 4 c2
Event: 2.442 Thread 0x00000281c0311100 DEOPT PACKING pc=0x00000281cb008758 sp=0x000000f5c9efe7d0
Event: 2.442 Thread 0x00000281c0311100 DEOPT UNPACKING pc=0x00000281caa86da2 sp=0x000000f5c9efe780 mode 2
Event: 2.515 Thread 0x00000281c0311100 Uncommon trap: trap_request=0xffffff45 fr.pc=0x00000281cb0289fc relative=0x00000000000009fc
Event: 2.515 Thread 0x00000281c0311100 Uncommon trap: reason=unstable_if action=reinterpret pc=0x00000281cb0289fc method=java.util.HashMap.hash(Ljava/lang/Object;)I @ 1 c2
Event: 2.515 Thread 0x00000281c0311100 DEOPT PACKING pc=0x00000281cb0289fc sp=0x000000f5c9efe620
Event: 2.516 Thread 0x00000281c0311100 DEOPT UNPACKING pc=0x00000281caa86da2 sp=0x000000f5c9efe5a0 mode 2
Event: 2.516 Thread 0x00000281c0311100 Uncommon trap: trap_request=0xffffff45 fr.pc=0x00000281cb03dac4 relative=0x0000000000000284
Event: 2.516 Thread 0x00000281c0311100 Uncommon trap: reason=unstable_if action=reinterpret pc=0x00000281cb03dac4 method=java.util.HashMap.hash(Ljava/lang/Object;)I @ 1 c2
Event: 2.516 Thread 0x00000281c0311100 DEOPT PACKING pc=0x00000281cb03dac4 sp=0x000000f5c9efe550
Event: 2.516 Thread 0x00000281c0311100 DEOPT UNPACKING pc=0x00000281caa86da2 sp=0x000000f5c9efe3e8 mode 2
Event: 2.589 Thread 0x00000281c0311100 Uncommon trap: trap_request=0xffffffde fr.pc=0x00000281cb03ae88 relative=0x0000000000000a28
Event: 2.589 Thread 0x00000281c0311100 Uncommon trap: reason=class_check action=maybe_recompile pc=0x00000281cb03ae88 method=java.util.HashMap.putVal(ILjava/lang/Object;Ljava/lang/Object;ZZ)Ljava/lang/Object; @ 253 c2
Event: 2.589 Thread 0x00000281c0311100 DEOPT PACKING pc=0x00000281cb03ae88 sp=0x000000f5c9efcc00
Event: 2.589 Thread 0x00000281c0311100 DEOPT UNPACKING pc=0x00000281caa86da2 sp=0x000000f5c9efcb80 mode 2
Event: 3.352 Thread 0x00000281c0311100 Uncommon trap: trap_request=0xffffff45 fr.pc=0x00000281cb01bff8 relative=0x0000000000000198
Event: 3.352 Thread 0x00000281c0311100 Uncommon trap: reason=unstable_if action=reinterpret pc=0x00000281cb01bff8 method=java.lang.invoke.VarHandle.checkAccessModeThenIsDirect(Ljava/lang/invoke/VarHandle$AccessDescriptor;)Z @ 4 c2
Event: 3.352 Thread 0x00000281c0311100 DEOPT PACKING pc=0x00000281cb01bff8 sp=0x000000f5c9efe550
Event: 3.352 Thread 0x00000281c0311100 DEOPT UNPACKING pc=0x00000281caa86da2 sp=0x000000f5c9efe488 mode 2

Classes loaded (20 events):
Event: 3.442 Loading class java/util/AbstractQueue done
Event: 3.442 Loading class java/util/concurrent/SynchronousQueue done
Event: 3.442 Loading class java/util/concurrent/SynchronousQueue$Transferer
Event: 3.442 Loading class java/util/concurrent/LinkedTransferQueue
Event: 3.443 Loading class java/util/concurrent/TransferQueue
Event: 3.443 Loading class java/util/concurrent/TransferQueue done
Event: 3.443 Loading class java/util/concurrent/LinkedTransferQueue done
Event: 3.443 Loading class java/util/concurrent/SynchronousQueue$Transferer done
Event: 3.443 Loading class java/util/concurrent/LinkedTransferQueue$DualNode
Event: 3.443 Loading class java/util/concurrent/LinkedTransferQueue$DualNode done
Event: 3.446 Loading class java/util/concurrent/RejectedExecutionHandler
Event: 3.446 Loading class java/util/concurrent/RejectedExecutionHandler done
Event: 3.446 Loading class java/util/concurrent/LinkedBlockingQueue
Event: 3.446 Loading class java/util/concurrent/LinkedBlockingQueue done
Event: 3.446 Loading class java/util/concurrent/LinkedBlockingQueue$Node
Event: 3.446 Loading class java/util/concurrent/LinkedBlockingQueue$Node done
Event: 3.462 Loading class java/util/concurrent/Semaphore$NonfairSync
Event: 3.462 Loading class java/util/concurrent/Semaphore$Sync
Event: 3.462 Loading class java/util/concurrent/Semaphore$Sync done
Event: 3.462 Loading class java/util/concurrent/Semaphore$NonfairSync done

Classes unloaded (0 events):
No events

Classes redefined (0 events):
No events

Internal exceptions (20 events):
Event: 1.836 Thread 0x00000281c0311100 Exception <a 'java/lang/NoSuchMethodError'{0x00000000ebab2068}: 'java.lang.Object java.lang.invoke.DirectMethodHandle$Holder.invokeInterface(java.lang.Object, java.lang.Object)'> (0x00000000ebab2068) 
thrown [s\src\hotspot\share\interpreter\linkResolver.cpp, line 773]
Event: 1.845 Thread 0x00000281c0311100 Exception <a 'java/lang/NoSuchMethodError'{0x00000000ebac5670}: 'java.lang.Object java.lang.invoke.Invokers$Holder.invokeExact_MT(java.lang.Object, java.lang.Object, java.lang.Object, java.lang.Object, java.lang.Object, java.lang.Object)'> (0x00000000ebac5670) 
thrown [s\src\hotspot\share\interpreter\linkResolver.cpp, line 773]
Event: 1.870 Thread 0x00000281c0311100 Exception <a 'java/lang/NoSuchMethodError'{0x00000000ebadc8c8}: 'int java.lang.invoke.DirectMethodHandle$Holder.invokeStatic(java.lang.Object, java.lang.Object, java.lang.Object, java.lang.Object, java.lang.Object)'> (0x00000000ebadc8c8) 
thrown [s\src\hotspot\share\interpreter\linkResolver.cpp, line 773]
Event: 1.958 Thread 0x00000281c0311100 Exception <a 'java/lang/NoSuchMethodError'{0x00000000ebb70968}: 'java.lang.Object java.lang.invoke.DirectMethodHandle$Holder.invokeInterface(java.lang.Object, java.lang.Object, int)'> (0x00000000ebb70968) 
thrown [s\src\hotspot\share\interpreter\linkResolver.cpp, line 773]
Event: 2.259 Thread 0x00000281c0311100 Exception <a 'java/lang/NoSuchMethodError'{0x00000000ebfb8db0}: 'java.lang.ClassLoader java.lang.ClassLoader.getPlatformClassLoader(java.lang.Class)'> (0x00000000ebfb8db0) 
thrown [s\src\hotspot\share\interpreter\linkResolver.cpp, line 773]
Event: 2.391 Thread 0x00000281c0311100 Exception <a 'java/lang/ClassNotFoundException'{0x00000000ec3ba548}: sun/net/www/protocol/c/Handler> (0x00000000ec3ba548) 
thrown [s\src\hotspot\share\classfile\systemDictionary.cpp, line 312]
Event: 2.400 Thread 0x00000281c0311100 Exception <a 'java/lang/ClassNotFoundException'{0x00000000ec3bb8a8}: sun/net/www/protocol/e/Handler> (0x00000000ec3bb8a8) 
thrown [s\src\hotspot\share\classfile\systemDictionary.cpp, line 312]
Event: 2.402 Thread 0x00000281c0311100 Exception <a 'java/lang/ClassNotFoundException'{0x00000000ec3bca28}: sun/net/www/protocol/c/Handler> (0x00000000ec3bca28) 
thrown [s\src\hotspot\share\classfile\systemDictionary.cpp, line 312]
Event: 2.441 Thread 0x00000281c0311100 Exception <a 'java/io/FileNotFoundException'{0x00000000ec3e6800}> (0x00000000ec3e6800) 
thrown [s\src\hotspot\share\prims\jni.cpp, line 520]
Event: 2.515 Thread 0x00000281c0311100 Implicit null exception at 0x00000281cb028049 to 0x00000281cb0289e4
Event: 2.516 Thread 0x00000281c0311100 Implicit null exception at 0x00000281cb03d89a to 0x00000281cb03daac
Event: 2.516 Thread 0x00000281c0311100 Exception <a 'java/lang/NoSuchMethodError'{0x00000000eacd4110}: 'void java.lang.invoke.DirectMethodHandle$Holder.invokeStatic(java.lang.Object, java.lang.Object, java.lang.Object, java.lang.Object)'> (0x00000000eacd4110) 
thrown [s\src\hotspot\share\interpreter\linkResolver.cpp, line 773]
Event: 2.594 Thread 0x00000281c0311100 Exception <a 'java/lang/NoSuchMethodError'{0x00000000eae91518}: 'long java.lang.invoke.DirectMethodHandle$Holder.invokeStatic(java.lang.Object, java.lang.Object, int)'> (0x00000000eae91518) 
thrown [s\src\hotspot\share\interpreter\linkResolver.cpp, line 773]
Event: 2.596 Thread 0x00000281c0311100 Exception <a 'java/lang/NoSuchMethodError'{0x00000000eae98f08}: 'java.lang.Object java.lang.invoke.DirectMethodHandle$Holder.invokeSpecial(java.lang.Object, java.lang.Object, java.lang.Object, java.lang.Object, long)'> (0x00000000eae98f08) 
thrown [s\src\hotspot\share\interpreter\linkResolver.cpp, line 773]
Event: 2.599 Thread 0x00000281c0311100 Exception <a 'java/lang/NoSuchMethodError'{0x00000000eaea6900}: 'java.lang.Object java.lang.invoke.DirectMethodHandle$Holder.invokeSpecial(java.lang.Object, java.lang.Object, java.lang.Object, int, java.lang.Object)'> (0x00000000eaea6900) 
thrown [s\src\hotspot\share\interpreter\linkResolver.cpp, line 773]
Event: 2.608 Thread 0x00000281c0311100 Exception <a 'java/lang/NoSuchMethodError'{0x00000000eaed0178}: 'int java.lang.invoke.DirectMethodHandle$Holder.invokeStaticInit(java.lang.Object, java.lang.Object, java.lang.Object, java.lang.Object)'> (0x00000000eaed0178) 
thrown [s\src\hotspot\share\interpreter\linkResolver.cpp, line 773]
Event: 2.609 Thread 0x00000281c0311100 Exception <a 'java/lang/IncompatibleClassChangeError'{0x00000000eaed8678}: Found class java.lang.Object, but interface was expected> (0x00000000eaed8678) 
thrown [s\src\hotspot\share\interpreter\linkResolver.cpp, line 840]
Event: 2.613 Thread 0x00000281c0311100 Exception <a 'java/lang/NoSuchMethodError'{0x00000000eaedc818}: 'void java.lang.invoke.DirectMethodHandle$Holder.invokeStaticInit(java.lang.Object, java.lang.Object)'> (0x00000000eaedc818) 
thrown [s\src\hotspot\share\interpreter\linkResolver.cpp, line 773]
Event: 2.621 Thread 0x00000281c0311100 Exception <a 'java/lang/NoSuchMethodError'{0x00000000eaee3730}: 'int java.lang.invoke.DirectMethodHandle$Holder.invokeStaticInit(java.lang.Object, java.lang.Object)'> (0x00000000eaee3730) 
thrown [s\src\hotspot\share\interpreter\linkResolver.cpp, line 773]
Event: 3.389 Thread 0x00000281c0311100 Exception <a 'java/lang/NoSuchMethodError'{0x00000000eb042a30}: 'void java.lang.invoke.DirectMethodHandle$Holder.invokeSpecial(java.lang.Object, java.lang.Object, java.lang.Object)'> (0x00000000eb042a30) 
thrown [s\src\hotspot\share\interpreter\linkResolver.cpp, line 773]

ZGC Phase Switch (0 events):
No events

VM Operations (16 events):
Event: 0.406 Executing VM operation: HandshakeAllThreads (Deoptimize)
Event: 0.406 Executing VM operation: HandshakeAllThreads (Deoptimize) done
Event: 0.545 Executing VM operation: HandshakeAllThreads (Deoptimize)
Event: 0.545 Executing VM operation: HandshakeAllThreads (Deoptimize) done
Event: 1.557 Executing VM operation: Cleanup
Event: 1.573 Executing VM operation: Cleanup done
Event: 1.664 Executing VM operation: HandshakeAllThreads (Deoptimize)
Event: 1.664 Executing VM operation: HandshakeAllThreads (Deoptimize) done
Event: 1.685 Executing VM operation: HandshakeAllThreads (Deoptimize)
Event: 1.685 Executing VM operation: HandshakeAllThreads (Deoptimize) done
Event: 2.328 Executing VM operation: HandshakeAllThreads (Deoptimize)
Event: 2.328 Executing VM operation: HandshakeAllThreads (Deoptimize) done
Event: 2.445 Executing VM operation: ParallelGCFailedAllocation (Allocation Failure)
Event: 2.458 Executing VM operation: ParallelGCFailedAllocation (Allocation Failure) done
Event: 3.470 Executing VM operation: Cleanup
Event: 3.470 Executing VM operation: Cleanup done

Memory protections (0 events):
No events

Nmethod flushes (0 events):
No events

Events (11 events):
Event: 0.081 Thread 0x00000281c0311100 Thread added: 0x00000281c0311100
Event: 0.203 Thread 0x00000281c0311100 Thread added: 0x00000281d463d310
Event: 0.204 Thread 0x00000281c0311100 Thread added: 0x00000281d463eb10
Event: 0.211 Thread 0x00000281c0311100 Thread added: 0x00000281d4640db0
Event: 0.211 Thread 0x00000281c0311100 Thread added: 0x00000281d4641cc0
Event: 0.211 Thread 0x00000281c0311100 Thread added: 0x00000281d4643a80
Event: 0.211 Thread 0x00000281c0311100 Thread added: 0x00000281d46464e0
Event: 0.211 Thread 0x00000281c0311100 Thread added: 0x00000281d4647310
Event: 0.226 Thread 0x00000281c0311100 Thread added: 0x00000281d46b9e00
Event: 0.309 Thread 0x00000281c0311100 Thread added: 0x0000028216486df0
Event: 1.314 Thread 0x00000281c0311100 Thread added: 0x00000282165b4f20


Dynamic libraries:
0x00007ff738ed0000 - 0x00007ff738ede000 	c:\Users\ADMIN\.vscode\extensions\redhat.java-1.42.0-win32-x64\jre\21.0.7-win32-x86_64\bin\java.exe
0x00007ff99e170000 - 0x00007ff99e387000 	C:\WINDOWS\SYSTEM32\ntdll.dll
0x00007ff99d480000 - 0x00007ff99d544000 	C:\WINDOWS\System32\KERNEL32.DLL
0x00007ff99b5b0000 - 0x00007ff99b983000 	C:\WINDOWS\System32\KERNELBASE.dll
0x00007ff99bc60000 - 0x00007ff99bd71000 	C:\WINDOWS\System32\ucrtbase.dll
0x00007ff95dbc0000 - 0x00007ff95dbd8000 	c:\Users\ADMIN\.vscode\extensions\redhat.java-1.42.0-win32-x64\jre\21.0.7-win32-x86_64\bin\jli.dll
0x00007ff99c140000 - 0x00007ff99c2f1000 	C:\WINDOWS\System32\USER32.dll
0x00007ff99b500000 - 0x00007ff99b526000 	C:\WINDOWS\System32\win32u.dll
0x00007ff99c000000 - 0x00007ff99c029000 	C:\WINDOWS\System32\GDI32.dll
0x00007ff99b9c0000 - 0x00007ff99bae2000 	C:\WINDOWS\System32\gdi32full.dll
0x00007ff99b320000 - 0x00007ff99b3ba000 	C:\WINDOWS\System32\msvcp_win.dll
0x00007ff95bac0000 - 0x00007ff95bade000 	c:\Users\ADMIN\.vscode\extensions\redhat.java-1.42.0-win32-x64\jre\21.0.7-win32-x86_64\bin\VCRUNTIME140.dll
0x00007ff980a40000 - 0x00007ff980cdb000 	C:\WINDOWS\WinSxS\amd64_microsoft.windows.common-controls_6595b64144ccf1df_6.0.22621.5262_none_2712bde373830908\COMCTL32.dll
0x00007ff99dff0000 - 0x00007ff99e097000 	C:\WINDOWS\System32\msvcrt.dll
0x00007ff99cc20000 - 0x00007ff99cc51000 	C:\WINDOWS\System32\IMM32.DLL
0x00007ff97f0d0000 - 0x00007ff97f0dc000 	c:\Users\ADMIN\.vscode\extensions\redhat.java-1.42.0-win32-x64\jre\21.0.7-win32-x86_64\bin\vcruntime140_1.dll
0x00007ff9555e0000 - 0x00007ff95566d000 	c:\Users\ADMIN\.vscode\extensions\redhat.java-1.42.0-win32-x64\jre\21.0.7-win32-x86_64\bin\msvcp140.dll
0x00007ff93a370000 - 0x00007ff93b100000 	c:\Users\ADMIN\.vscode\extensions\redhat.java-1.42.0-win32-x64\jre\21.0.7-win32-x86_64\bin\server\jvm.dll
0x00007ff99dea0000 - 0x00007ff99df51000 	C:\WINDOWS\System32\ADVAPI32.dll
0x00007ff99d2f0000 - 0x00007ff99d397000 	C:\WINDOWS\System32\sechost.dll
0x00007ff99b990000 - 0x00007ff99b9b8000 	C:\WINDOWS\System32\bcrypt.dll
0x00007ff99d0e0000 - 0x00007ff99d1f4000 	C:\WINDOWS\System32\RPCRT4.dll
0x00007ff99e0b0000 - 0x00007ff99e121000 	C:\WINDOWS\System32\WS2_32.dll
0x00007ff99b130000 - 0x00007ff99b17d000 	C:\WINDOWS\SYSTEM32\POWRPROF.dll
0x00007ff996980000 - 0x00007ff9969b4000 	C:\WINDOWS\SYSTEM32\WINMM.dll
0x00007ff9967c0000 - 0x00007ff9967ca000 	C:\WINDOWS\SYSTEM32\VERSION.dll
0x00007ff99b110000 - 0x00007ff99b123000 	C:\WINDOWS\SYSTEM32\UMPDC.dll
0x00007ff99a260000 - 0x00007ff99a278000 	C:\WINDOWS\SYSTEM32\kernel.appcore.dll
0x00007ff97eab0000 - 0x00007ff97eaba000 	c:\Users\ADMIN\.vscode\extensions\redhat.java-1.42.0-win32-x64\jre\21.0.7-win32-x86_64\bin\jimage.dll
0x00007ff998c00000 - 0x00007ff998e32000 	C:\WINDOWS\SYSTEM32\DBGHELP.DLL
0x00007ff99c300000 - 0x00007ff99c693000 	C:\WINDOWS\System32\combase.dll
0x00007ff99d3a0000 - 0x00007ff99d477000 	C:\WINDOWS\System32\OLEAUT32.dll
0x00007ff979f40000 - 0x00007ff979f72000 	C:\WINDOWS\SYSTEM32\dbgcore.DLL
0x00007ff99b530000 - 0x00007ff99b5ab000 	C:\WINDOWS\System32\bcryptPrimitives.dll
0x00007ff996f00000 - 0x00007ff996f0f000 	c:\Users\ADMIN\.vscode\extensions\redhat.java-1.42.0-win32-x64\jre\21.0.7-win32-x86_64\bin\instrument.dll
0x00007ff955b90000 - 0x00007ff955baf000 	c:\Users\ADMIN\.vscode\extensions\redhat.java-1.42.0-win32-x64\jre\21.0.7-win32-x86_64\bin\java.dll
0x00007ff99d600000 - 0x00007ff99de9d000 	C:\WINDOWS\System32\SHELL32.dll
0x00007ff99b3c0000 - 0x00007ff99b4ff000 	C:\WINDOWS\System32\wintypes.dll
0x00007ff999150000 - 0x00007ff999a6d000 	C:\WINDOWS\SYSTEM32\windows.storage.dll
0x00007ff99c030000 - 0x00007ff99c13b000 	C:\WINDOWS\System32\SHCORE.dll
0x00007ff99d210000 - 0x00007ff99d276000 	C:\WINDOWS\System32\shlwapi.dll
0x00007ff99b190000 - 0x00007ff99b1bb000 	C:\WINDOWS\SYSTEM32\profapi.dll
0x00007ff955a20000 - 0x00007ff955a38000 	c:\Users\ADMIN\.vscode\extensions\redhat.java-1.42.0-win32-x64\jre\21.0.7-win32-x86_64\bin\zip.dll
0x00007ff97e620000 - 0x00007ff97e630000 	C:\Users\ADMIN\.vscode\extensions\redhat.java-1.42.0-win32-x64\jre\21.0.7-win32-x86_64\bin\net.dll
0x00007ff994810000 - 0x00007ff99493c000 	C:\WINDOWS\SYSTEM32\WINHTTP.dll
0x00007ff99a6e0000 - 0x00007ff99a74a000 	C:\WINDOWS\system32\mswsock.dll
0x00007ff951580000 - 0x00007ff951596000 	C:\Users\ADMIN\.vscode\extensions\redhat.java-1.42.0-win32-x64\jre\21.0.7-win32-x86_64\bin\nio.dll
0x00007ff98cf20000 - 0x00007ff98cf30000 	c:\Users\ADMIN\.vscode\extensions\redhat.java-1.42.0-win32-x64\jre\21.0.7-win32-x86_64\bin\verify.dll

dbghelp: loaded successfully - version: 4.0.5 - missing functions: none
symbol engine: initialized successfully - sym options: 0x614 - pdb path: .;c:\Users\ADMIN\.vscode\extensions\redhat.java-1.42.0-win32-x64\jre\21.0.7-win32-x86_64\bin;C:\WINDOWS\SYSTEM32;C:\WINDOWS\WinSxS\amd64_microsoft.windows.common-controls_6595b64144ccf1df_6.0.22621.5262_none_2712bde373830908;c:\Users\ADMIN\.vscode\extensions\redhat.java-1.42.0-win32-x64\jre\21.0.7-win32-x86_64\bin\server

VM Arguments:
jvm_args: --add-modules=ALL-SYSTEM --add-opens=java.base/java.util=ALL-UNNAMED --add-opens=java.base/java.lang=ALL-UNNAMED --add-opens=java.base/sun.nio.fs=ALL-UNNAMED -Declipse.application=org.eclipse.jdt.ls.core.id1 -Dosgi.bundles.defaultStartLevel=4 -Declipse.product=org.eclipse.jdt.ls.core.product -Djava.import.generatesMetadataFilesAtProjectRoot=false -DDetectVMInstallationsJob.disabled=true -Dfile.encoding=utf8 -XX:+UseParallelGC -XX:GCTimeRatio=4 -XX:AdaptiveSizePolicyWeight=90 -Dsun.zip.disableMemoryMapping=true -Xmx1G -Xms100m -Xlog:disable -javaagent:c:\Users\ADMIN\.vscode\extensions\redhat.java-1.42.0-win32-x64\lombok\lombok-1.18.36.jar -XX:+HeapDumpOnOutOfMemoryError -XX:HeapDumpPath=c:\Users\ADMIN\AppData\Roaming\Code\User\workspaceStorage\3aee1dc51a8e176d073eb485a32cd561\redhat.java -Daether.dependencyCollector.impl=bf 
java_command: c:\Users\ADMIN\.vscode\extensions\redhat.java-1.42.0-win32-x64\server\plugins\org.eclipse.equinox.launcher_1.7.0.v20250424-1814.jar -configuration c:\Users\ADMIN\AppData\Roaming\Code\User\globalStorage\redhat.java\1.42.0\config_win -data c:\Users\ADMIN\AppData\Roaming\Code\User\workspaceStorage\3aee1dc51a8e176d073eb485a32cd561\redhat.java\jdt_ws --pipe=\\.\pipe\lsp-6435d15a114faa3a64d0311b16ab1bb3-sock
java_class_path (initial): c:\Users\ADMIN\.vscode\extensions\redhat.java-1.42.0-win32-x64\server\plugins\org.eclipse.equinox.launcher_1.7.0.v20250424-1814.jar
Launcher Type: SUN_STANDARD

[Global flags]
    uintx AdaptiveSizePolicyWeight                 = 90                                        {product} {command line}
     intx CICompilerCount                          = 3                                         {product} {ergonomic}
    uintx GCTimeRatio                              = 4                                         {product} {command line}
     bool HeapDumpOnOutOfMemoryError               = true                                   {manageable} {command line}
    ccstr HeapDumpPath                             = c:\Users\ADMIN\AppData\Roaming\Code\User\workspaceStorage\3aee1dc51a8e176d073eb485a32cd561\redhat.java         {manageable} {command line}
   size_t InitialHeapSize                          = 104857600                                 {product} {command line}
   size_t MaxHeapSize                              = 1073741824                                {product} {command line}
   size_t MaxNewSize                               = 357564416                                 {product} {ergonomic}
   size_t MinHeapDeltaBytes                        = 524288                                    {product} {ergonomic}
   size_t MinHeapSize                              = 104857600                                 {product} {command line}
   size_t NewSize                                  = 34603008                                  {product} {ergonomic}
    uintx NonNMethodCodeHeapSize                   = 5832780                                {pd product} {ergonomic}
    uintx NonProfiledCodeHeapSize                  = 122912730                              {pd product} {ergonomic}
   size_t OldSize                                  = 70254592                                  {product} {ergonomic}
    uintx ProfiledCodeHeapSize                     = 122912730                              {pd product} {ergonomic}
    uintx ReservedCodeCacheSize                    = 251658240                              {pd product} {ergonomic}
     bool SegmentedCodeCache                       = true                                      {product} {ergonomic}
   size_t SoftMaxHeapSize                          = 1073741824                             {manageable} {ergonomic}
     bool UseCompressedOops                        = true                           {product lp64_product} {ergonomic}
     bool UseLargePagesIndividualAllocation        = false                                  {pd product} {ergonomic}
     bool UseParallelGC                            = true                                      {product} {command line}

Logging:
Log output configuration:
 #0: stdout all=off uptime,level,tags foldmultilines=false
 #1: stderr all=off uptime,level,tags foldmultilines=false

Environment Variables:
JAVA_HOME=C:\Program Files\Java\jdk-24
PATH=C:\Program Files\Common Files\Oracle\Java\javapath;C:\WINDOWS\system32;C:\WINDOWS;C:\WINDOWS\System32\Wbem;C:\WINDOWS\System32\WindowsPowerShell\v1.0\;C:\WINDOWS\System32\OpenSSH\;C:\MinGW\bin;C:\MinGW\mingw32\bin;E:\msys64\ucrt64\bin;C:\Program Files (x86)\Microsoft SQL Server\160\Tools\Binn\;C:\Program Files\Microsoft SQL Server\160\Tools\Binn\;C:\Program Files\Microsoft SQL Server\Client SDK\ODBC\170\Tools\Binn\;C:\Program Files\Microsoft SQL Server\160\DTS\Binn\;C:\Program Files (x86)\Microsoft SQL Server\160\DTS\Binn\;C:\Users\ADMIN\AppData\Local\Microsoft\WindowsApps;C:\Program Files\JetBrains\PyCharm Community Edition 2021.3.3\bin;E:\Microsoft VS Code\bin;C:\Program Files (x86)\Nmap;C:\Users\ADMIN\AppData\Local\Microsoft\WinGet\Packages\Schniz.fnm_Microsoft.Winget.Source_8wekyb3d8bbwe;C:\Users\ADMIN\AppData\Roaming\fnm\node-versions\v22.14.0\installation;C:\Program Files\Erlang OTP\bin;C:\Program Files\RabbitMQ Server\rabbitmq_server-4.0.7\sbin;C:\Program Files\Java\jdk-24\bin;C:\Program Files\Docker\Docker\resources\bin;C:\Program Files\Git\cmd;E:\apache-maven-3.9.9-bin\apache-maven-3.9.9\bin;C:\Program Files\nodejs\;C:\Users\ADMIN\AppData\Local\Microsoft\WindowsApps;C:\Program Files\JetBrains\PyCharm Community Edition 2021.3.3\bin;;C:\Program Files (x86)\Nmap;C:\Users\ADMIN\AppData\Local\Microsoft\WinGet\Packages\Schniz.fnm_Microsoft.Winget.Source_8wekyb3d8bbwe;C:\Users\ADMIN\AppData\Local\Programs\Microsoft VS Code\bin;C:\Users\ADMIN\AppData\Roaming\npm
USERNAME=ADMIN
OS=Windows_NT
PROCESSOR_IDENTIFIER=Intel64 Family 6 Model 126 Stepping 5, GenuineIntel
TMP=C:\Users\ADMIN\AppData\Local\Temp
TEMP=C:\Users\ADMIN\AppData\Local\Temp




Periodic native trim disabled

---------------  S Y S T E M  ---------------

OS:
 Windows 11 , 64 bit Build 22621 (10.0.22621.5262)
OS uptime: 2 days 14:55 hours
Hyper-V role detected

CPU: total 4 (initial active 4) (2 cores per cpu, 2 threads per core) family 6 model 126 stepping 5 microcode 0xa0, cx8, cmov, fxsr, ht, mmx, 3dnowpref, sse, sse2, sse3, ssse3, sse4.1, sse4.2, popcnt, lzcnt, tsc, tscinvbit, avx, avx2, aes, erms, clmul, bmi1, bmi2, adx, avx512f, avx512dq, avx512cd, avx512bw, avx512vl, sha, fma, vzeroupper, avx512_vpopcntdq, avx512_vpclmulqdq, avx512_vaes, avx512_vnni, clflush, clflushopt, avx512_vbmi2, avx512_vbmi, hv, rdtscp, rdpid, fsrm, gfni, avx512_bitalg, f16c, avx512_ifma
Processor Information for the first 4 processors :
  Max Mhz: 1190, Current Mhz: 1190, Mhz Limit: 1190

Memory: 4k page, system-wide physical 3784M (52M free)
TotalPageFile size 15560M (AvailPageFile size 1M)
current process WorkingSet (physical memory assigned to process): 83M, peak: 83M
current process commit charge ("private bytes"): 190M, peak: 190M

vm_info: OpenJDK 64-Bit Server VM (21.0.7+6-LTS) for windows-amd64 JRE (21.0.7+6-LTS), built on 2025-04-15T00:00:00Z by "admin" with MS VC++ 17.7 (VS2022)

END.
