#
# There is insufficient memory for the Java Runtime Environment to continue.
# Native memory allocation (malloc) failed to allocate 1303472 bytes. Error detail: Chunk::new
# Possible reasons:
#   The system is out of physical RAM or swap space
#   This process is running with CompressedOops enabled, and the Java Heap may be blocking the growth of the native heap
# Possible solutions:
#   Reduce memory load on the system
#   Increase physical memory or swap space
#   Check if swap backing store is full
#   Decrease Java heap size (-Xmx/-Xms)
#   Decrease number of Java threads
#   Decrease Java thread stack sizes (-Xss)
#   Set larger code cache with -XX:ReservedCodeCacheSize=
#   JVM is running with Unscaled Compressed Oops mode in which the Java heap is
#     placed in the first 4GB address space. The Java Heap base address is the
#     maximum limit for the native heap growth. Please use -XX:HeapBaseMinAddress
#     to set the Java Heap base and to place the Java Heap above 4GB virtual address.
# This output file may be truncated or incomplete.
#
#  Out of Memory Error (arena.cpp:168), pid=23012, tid=15048
#
# JRE version: OpenJDK Runtime Environment Temurin-21.0.7+6 (21.0.7+6) (build 21.0.7+6-LTS)
# Java VM: OpenJDK 64-Bit Server VM Temurin-21.0.7+6 (21.0.7+6-LTS, mixed mode, sharing, tiered, compressed oops, compressed class ptrs, parallel gc, windows-amd64)
# No core dump will be written. Minidumps are not enabled by default on client versions of Windows
#

---------------  S U M M A R Y ------------

Command Line: --add-modules=ALL-SYSTEM --add-opens=java.base/java.util=ALL-UNNAMED --add-opens=java.base/java.lang=ALL-UNNAMED --add-opens=java.base/sun.nio.fs=ALL-UNNAMED -Declipse.application=org.eclipse.jdt.ls.core.id1 -Dosgi.bundles.defaultStartLevel=4 -Declipse.product=org.eclipse.jdt.ls.core.product -Djava.import.generatesMetadataFilesAtProjectRoot=false -DDetectVMInstallationsJob.disabled=true -Dfile.encoding=utf8 -XX:+UseParallelGC -XX:GCTimeRatio=4 -XX:AdaptiveSizePolicyWeight=90 -Dsun.zip.disableMemoryMapping=true -Xmx1G -Xms100m -Xlog:disable -javaagent:c:\Users\ADMIN\.vscode\extensions\redhat.java-1.42.0-win32-x64\lombok\lombok-1.18.36.jar -XX:+HeapDumpOnOutOfMemoryError -XX:HeapDumpPath=c:\Users\ADMIN\AppData\Roaming\Code\User\workspaceStorage\3aee1dc51a8e176d073eb485a32cd561\redhat.java -Daether.dependencyCollector.impl=bf c:\Users\ADMIN\.vscode\extensions\redhat.java-1.42.0-win32-x64\server\plugins\org.eclipse.equinox.launcher_1.7.0.v20250424-1814.jar -configuration c:\Users\ADMIN\AppData\Roaming\Code\User\globalStorage\redhat.java\1.42.0\config_win -data c:\Users\ADMIN\AppData\Roaming\Code\User\workspaceStorage\3aee1dc51a8e176d073eb485a32cd561\redhat.java\jdt_ws --pipe=\\.\pipe\lsp-9123fc34852a8507adad30c222cd70ea-sock

Host: Intel(R) Core(TM) i3-1005G1 CPU @ 1.20GHz, 4 cores, 3G,  Windows 11 , 64 bit Build 22621 (10.0.22621.5262)
Time: Sat Jun  7 21:06:08 2025 SE Asia Standard Time elapsed time: 43.535943 seconds (0d 0h 0m 43s)

---------------  T H R E A D  ---------------

Current thread (0x000001cdf5149c10):  JavaThread "C2 CompilerThread0" daemon [_thread_in_native, id=15048, stack(0x0000000100f00000,0x0000000101000000) (1024K)]


Current CompileTask:
C2:43536 10711       4       org.eclipse.jdt.internal.compiler.lookup.Scope::getTypeOrPackage (1525 bytes)

Stack: [0x0000000100f00000,0x0000000101000000]
Native frames: (J=compiled Java code, j=interpreted, Vv=VM code, C=native code)
V  [jvm.dll+0x6ce119]
V  [jvm.dll+0x8a84a1]
V  [jvm.dll+0x8aa9ce]
V  [jvm.dll+0x8ab0b3]
V  [jvm.dll+0x27f8a6]
V  [jvm.dll+0xc507d]
V  [jvm.dll+0xc55b3]
V  [jvm.dll+0x3b692c]
V  [jvm.dll+0x1dfe33]
V  [jvm.dll+0x247c42]
V  [jvm.dll+0x2470cf]
V  [jvm.dll+0x1c760e]
V  [jvm.dll+0x25695a]
V  [jvm.dll+0x254efa]
V  [jvm.dll+0x3f03f6]
V  [jvm.dll+0x851f6b]
V  [jvm.dll+0x6cc7dd]
C  [ucrtbase.dll+0x29333]
C  [KERNEL32.DLL+0x1259d]
C  [ntdll.dll+0x5af58]


---------------  P R O C E S S  ---------------

Threads class SMR info:
_java_thread_list=0x000001cdfb740e50, length=44, elements={
0x000001cdefe16300, 0x000001cdf513d2c0, 0x000001cdf513fb40, 0x000001cdf5141640,
0x000001cdf5142550, 0x000001cdf5145370, 0x000001cdf5146dd0, 0x000001cdf5149c10,
0x000001cdf5178b70, 0x000001cdefe81690, 0x000001cdfa2599a0, 0x000001cdfa9ad7a0,
0x000001cdfa8dd540, 0x000001cdfa88e560, 0x000001cdf51815f0, 0x000001cdfaf510a0,
0x000001cdfa9eecf0, 0x000001cdfaedc360, 0x000001cdfaeddda0, 0x000001cdfaede430,
0x000001cdfaedc9f0, 0x000001cdfaedbcd0, 0x000001cdfaedafb0, 0x000001cdfaedd710,
0x000001cdfaedb640, 0x000001cdfcafd480, 0x000001cdfcaf92e0, 0x000001cdfcafa690,
0x000001cdfcaf7f30, 0x000001cdfcafdb10, 0x000001cdfcafb3b0, 0x000001cdfcafc0d0,
0x000001cdfcafba40, 0x000001cdfcafe1a0, 0x000001cdfcafe830, 0x000001cdfcaf8c50,
0x000001cdfcaf9970, 0x000001cdfcafa000, 0x000001cdfcafad20, 0x000001cdfdc4fa10,
0x000001cdfdc51450, 0x000001cdfdc53bb0, 0x000001cdfdc569a0, 0x000001cdfdc50730
}

Java Threads: ( => current thread )
  0x000001cdefe16300 JavaThread "main"                              [_thread_blocked, id=6088, stack(0x0000000100500000,0x0000000100600000) (1024K)]
  0x000001cdf513d2c0 JavaThread "Reference Handler"          daemon [_thread_blocked, id=18776, stack(0x0000000100900000,0x0000000100a00000) (1024K)]
  0x000001cdf513fb40 JavaThread "Finalizer"                  daemon [_thread_blocked, id=20000, stack(0x0000000100a00000,0x0000000100b00000) (1024K)]
  0x000001cdf5141640 JavaThread "Signal Dispatcher"          daemon [_thread_blocked, id=20236, stack(0x0000000100b00000,0x0000000100c00000) (1024K)]
  0x000001cdf5142550 JavaThread "Attach Listener"            daemon [_thread_blocked, id=14248, stack(0x0000000100c00000,0x0000000100d00000) (1024K)]
  0x000001cdf5145370 JavaThread "Service Thread"             daemon [_thread_blocked, id=23532, stack(0x0000000100d00000,0x0000000100e00000) (1024K)]
  0x000001cdf5146dd0 JavaThread "Monitor Deflation Thread"   daemon [_thread_blocked, id=26232, stack(0x0000000100e00000,0x0000000100f00000) (1024K)]
=>0x000001cdf5149c10 JavaThread "C2 CompilerThread0"         daemon [_thread_in_native, id=15048, stack(0x0000000100f00000,0x0000000101000000) (1024K)]
  0x000001cdf5178b70 JavaThread "C1 CompilerThread0"         daemon [_thread_blocked, id=25652, stack(0x0000000101000000,0x0000000101100000) (1024K)]
  0x000001cdefe81690 JavaThread "Common-Cleaner"             daemon [_thread_blocked, id=16600, stack(0x0000000101100000,0x0000000101200000) (1024K)]
  0x000001cdfa2599a0 JavaThread "Notification Thread"        daemon [_thread_blocked, id=5704, stack(0x0000000101200000,0x0000000101300000) (1024K)]
  0x000001cdfa9ad7a0 JavaThread "Active Thread: Equinox Container: 1e5508d5-b15b-45ea-82b4-9d32012b4689"        [_thread_blocked, id=8724, stack(0x0000000101600000,0x0000000101700000) (1024K)]
  0x000001cdfa8dd540 JavaThread "Refresh Thread: Equinox Container: 1e5508d5-b15b-45ea-82b4-9d32012b4689" daemon [_thread_blocked, id=15968, stack(0x0000000101700000,0x0000000101800000) (1024K)]
  0x000001cdfa88e560 JavaThread "Framework Event Dispatcher: Equinox Container: 1e5508d5-b15b-45ea-82b4-9d32012b4689" daemon [_thread_blocked, id=13524, stack(0x0000000101800000,0x0000000101900000) (1024K)]
  0x000001cdf51815f0 JavaThread "Start Level: Equinox Container: 1e5508d5-b15b-45ea-82b4-9d32012b4689" daemon [_thread_blocked, id=23640, stack(0x0000000101900000,0x0000000101a00000) (1024K)]
  0x000001cdfaf510a0 JavaThread "Bundle File Closer"         daemon [_thread_blocked, id=12104, stack(0x0000000101a00000,0x0000000101b00000) (1024K)]
  0x000001cdfa9eecf0 JavaThread "SCR Component Actor"        daemon [_thread_blocked, id=2724, stack(0x0000000101b00000,0x0000000101c00000) (1024K)]
  0x000001cdfaedc360 JavaThread "Worker-JM"                         [_thread_blocked, id=22536, stack(0x0000000101d00000,0x0000000101e00000) (1024K)]
  0x000001cdfaeddda0 JavaThread "JNA Cleaner"                daemon [_thread_blocked, id=24344, stack(0x0000000101e00000,0x0000000101f00000) (1024K)]
  0x000001cdfaede430 JavaThread "Worker-0"                          [_thread_blocked, id=24464, stack(0x0000000101f00000,0x0000000102000000) (1024K)]
  0x000001cdfaedc9f0 JavaThread "Worker-1"                          [_thread_blocked, id=13148, stack(0x0000000102000000,0x0000000102100000) (1024K)]
  0x000001cdfaedbcd0 JavaThread "Worker-2: Java indexing... "        [_thread_blocked, id=708, stack(0x0000000102100000,0x0000000102200000) (1024K)]
  0x000001cdfaedafb0 JavaThread "Java indexing"              daemon [_thread_in_Java, id=20592, stack(0x0000000102200000,0x0000000102300000) (1024K)]
  0x000001cdfaedd710 JavaThread "Worker-3"                          [_thread_blocked, id=6260, stack(0x0000000101c00000,0x0000000101d00000) (1024K)]
  0x000001cdfaedb640 JavaThread "Worker-4"                          [_thread_blocked, id=6324, stack(0x0000000102300000,0x0000000102400000) (1024K)]
  0x000001cdfcafd480 JavaThread "Thread-2"                   daemon [_thread_in_native, id=22108, stack(0x0000000102400000,0x0000000102500000) (1024K)]
  0x000001cdfcaf92e0 JavaThread "Thread-3"                   daemon [_thread_in_native, id=1620, stack(0x0000000102500000,0x0000000102600000) (1024K)]
  0x000001cdfcafa690 JavaThread "Thread-4"                   daemon [_thread_in_native, id=23392, stack(0x0000000102600000,0x0000000102700000) (1024K)]
  0x000001cdfcaf7f30 JavaThread "Thread-5"                   daemon [_thread_in_native, id=1296, stack(0x0000000102700000,0x0000000102800000) (1024K)]
  0x000001cdfcafdb10 JavaThread "Thread-6"                   daemon [_thread_in_native, id=24540, stack(0x0000000102800000,0x0000000102900000) (1024K)]
  0x000001cdfcafb3b0 JavaThread "pool-2-thread-1"                   [_thread_blocked, id=18548, stack(0x0000000102900000,0x0000000102a00000) (1024K)]
  0x000001cdfcafc0d0 JavaThread "WorkspaceEventsHandler"            [_thread_blocked, id=5444, stack(0x0000000102a00000,0x0000000102b00000) (1024K)]
  0x000001cdfcafba40 JavaThread "pool-1-thread-1"                   [_thread_blocked, id=3448, stack(0x0000000102b00000,0x0000000102c00000) (1024K)]
  0x000001cdfcafe1a0 JavaThread "Worker-5"                          [_thread_blocked, id=22700, stack(0x0000000102c00000,0x0000000102d00000) (1024K)]
  0x000001cdfcafe830 JavaThread "Worker-6: Building"                [_thread_blocked, id=20616, stack(0x0000000102d00000,0x0000000102e00000) (1024K)]
  0x000001cdfcaf8c50 JavaThread "LocalFile Deleter"          daemon [_thread_blocked, id=15284, stack(0x0000000102e00000,0x0000000102f00000) (1024K)]
  0x000001cdfcaf9970 JavaThread "LocalFile Deleter"          daemon [_thread_blocked, id=21788, stack(0x0000000102f00000,0x0000000103000000) (1024K)]
  0x000001cdfcafa000 JavaThread "LocalFile Deleter"          daemon [_thread_blocked, id=8864, stack(0x0000000103000000,0x0000000103100000) (1024K)]
  0x000001cdfcafad20 JavaThread "LocalFile Deleter"          daemon [_thread_blocked, id=15936, stack(0x0000000103100000,0x0000000103200000) (1024K)]
  0x000001cdfdc4fa10 JavaThread "Compiler Source File Reader" daemon [_thread_blocked, id=25860, stack(0x0000000103200000,0x0000000103300000) (1024K)]
  0x000001cdfdc51450 JavaThread "Compiler Processing Task"   daemon [_thread_in_Java, id=10120, stack(0x0000000103300000,0x0000000103400000) (1024K)]
  0x000001cdfdc53bb0 JavaThread "Compiler Class File Writer" daemon [_thread_blocked, id=24260, stack(0x0000000103400000,0x0000000103500000) (1024K)]
  0x000001cdfdc569a0 JavaThread "Compiler Source File Reader" daemon [_thread_blocked, id=25584, stack(0x0000000103500000,0x0000000103600000) (1024K)]
  0x000001cdfdc50730 JavaThread "Compiler Class File Writer" daemon [_thread_blocked, id=23672, stack(0x0000000103600000,0x0000000103700000) (1024K)]
Total: 44

Other Threads:
  0x000001cdefece2b0 VMThread "VM Thread"                           [id=11828, stack(0x0000000100800000,0x0000000100900000) (1024K)]
  0x000001cdefe80410 WatcherThread "VM Periodic Task Thread"        [id=12984, stack(0x0000000100700000,0x0000000100800000) (1024K)]
  0x000001cdefe345f0 WorkerThread "GC Thread#0"                     [id=16512, stack(0x0000000100600000,0x0000000100700000) (1024K)]
  0x000001cdfa5ae610 WorkerThread "GC Thread#1"                     [id=12080, stack(0x0000000101300000,0x0000000101400000) (1024K)]
  0x000001cdfa5abd70 WorkerThread "GC Thread#2"                     [id=8204, stack(0x0000000101400000,0x0000000101500000) (1024K)]
  0x000001cdfa5ae9b0 WorkerThread "GC Thread#3"                     [id=10836, stack(0x0000000101500000,0x0000000101600000) (1024K)]
Total: 6

Threads with active compile tasks:
C2 CompilerThread0  43610 10711       4       org.eclipse.jdt.internal.compiler.lookup.Scope::getTypeOrPackage (1525 bytes)
Total: 1

VM state: not at safepoint (normal execution)

VM Mutex/Monitor currently owned by a thread: None

Heap address: 0x00000000c0000000, size: 1024 MB, Compressed Oops mode: 32-bit

CDS archive(s) mapped at: [0x000001cd8f000000-0x000001cd8fba0000-0x000001cd8fba0000), size 12189696, SharedBaseAddress: 0x000001cd8f000000, ArchiveRelocationMode: 1.
Compressed class space mapped at: 0x000001cd90000000-0x000001cdd0000000, reserved size: 1073741824
Narrow klass base: 0x000001cd8f000000, Narrow klass shift: 0, Narrow klass range: 0x100000000

GC Precious Log:
 CardTable entry size: 512
 CPUs: 4 total, 4 available
 Memory: 3784M
 Large Page Support: Disabled
 NUMA Support: Disabled
 Compressed Oops: Enabled (32-bit)
 Alignments: Space 512K, Generation 512K, Heap 2M
 Heap Min Capacity: 100M
 Heap Initial Capacity: 100M
 Heap Max Capacity: 1G
 Pre-touch: Disabled
 Parallel Workers: 4

Heap:
 PSYoungGen      total 2048K, used 1952K [0x00000000eab00000, 0x00000000eae00000, 0x0000000100000000)
  eden space 1536K, 100% used [0x00000000eab00000,0x00000000eac80000,0x00000000eac80000)
  from space 512K, 81% used [0x00000000ead00000,0x00000000ead68010,0x00000000ead80000)
  to   space 512K, 0% used [0x00000000ead80000,0x00000000ead80000,0x00000000eae00000)
 ParOldGen       total 128000K, used 115842K [0x00000000c0000000, 0x00000000c7d00000, 0x00000000eab00000)
  object space 128000K, 90% used [0x00000000c0000000,0x00000000c7120b30,0x00000000c7d00000)
 Metaspace       used 59268K, committed 60608K, reserved 1114112K
  class space    used 6020K, committed 6592K, reserved 1048576K

Card table byte_map: [0x000001cdef7e0000,0x000001cdef9f0000] _byte_map_base: 0x000001cdef1e0000

Marking Bits: (ParMarkBitMap*) 0x00007ff93b0231f0
 Begin Bits: [0x000001cdf3000000, 0x000001cdf4000000)
 End Bits:   [0x000001cdf4000000, 0x000001cdf5000000)

Polling page: 0x000001cdef5d0000

Metaspace:

Usage:
  Non-class:     52.00 MB used.
      Class:      5.88 MB used.
       Both:     57.88 MB used.

Virtual space:
  Non-class space:       64.00 MB reserved,      52.75 MB ( 82%) committed,  1 nodes.
      Class space:        1.00 GB reserved,       6.44 MB ( <1%) committed,  1 nodes.
             Both:        1.06 GB reserved,      59.19 MB (  5%) committed. 

Chunk freelists:
   Non-Class:  10.41 MB
       Class:  9.59 MB
        Both:  20.00 MB

MaxMetaspaceSize: unlimited
CompressedClassSpaceSize: 1.00 GB
Initial GC threshold: 21.00 MB
Current GC threshold: 97.31 MB
CDS: on
 - commit_granule_bytes: 65536.
 - commit_granule_words: 8192.
 - virtual_space_node_default_size: 8388608.
 - enlarge_chunks_in_place: 1.
 - use_allocation_guard: 0.


Internal statistics:

num_allocs_failed_limit: 9.
num_arena_births: 1140.
num_arena_deaths: 14.
num_vsnodes_births: 2.
num_vsnodes_deaths: 0.
num_space_committed: 947.
num_space_uncommitted: 0.
num_chunks_returned_to_freelist: 23.
num_chunks_taken_from_freelist: 3892.
num_chunk_merges: 12.
num_chunk_splits: 2406.
num_chunks_enlarged: 1348.
num_inconsistent_stats: 0.

CodeHeap 'non-profiled nmethods': size=120000Kb used=5636Kb max_used=5636Kb free=114364Kb
 bounds [0x000001cd87ad0000, 0x000001cd88060000, 0x000001cd8f000000]
CodeHeap 'profiled nmethods': size=120000Kb used=23379Kb max_used=23379Kb free=96620Kb
 bounds [0x000001cd80000000, 0x000001cd816e0000, 0x000001cd87530000]
CodeHeap 'non-nmethods': size=5760Kb used=1423Kb max_used=1479Kb free=4336Kb
 bounds [0x000001cd87530000, 0x000001cd877a0000, 0x000001cd87ad0000]
 total_blobs=10683 nmethods=9957 adapters=631
 compilation: enabled
              stopped_count=0, restarted_count=0
 full_count=0

Compilation events (20 events):
Event: 43.519 Thread 0x000001cdf5178b70 nmethod 10811 0x000001cd816b4690 code [0x000001cd816b4880, 0x000001cd816b4f20]
Event: 43.519 Thread 0x000001cdf5178b70 10810       3       org.eclipse.jdt.internal.compiler.ast.QualifiedNameReference::generateReadSequence (790 bytes)
Event: 43.522 Thread 0x000001cdf5178b70 nmethod 10810 0x000001cd816b5210 code [0x000001cd816b5760, 0x000001cd816b8e50]
Event: 43.522 Thread 0x000001cdf5178b70 10812       3       org.eclipse.jdt.internal.compiler.ast.AbstractMethodDeclaration::isStatic (29 bytes)
Event: 43.522 Thread 0x000001cdf5178b70 nmethod 10812 0x000001cd816ba010 code [0x000001cd816ba1c0, 0x000001cd816ba440]
Event: 43.522 Thread 0x000001cdf5178b70 10813       3       org.eclipse.jdt.internal.compiler.codegen.CodeStream::addVisibleLocalVariable (68 bytes)
Event: 43.522 Thread 0x000001cdf5178b70 nmethod 10813 0x000001cd816ba510 code [0x000001cd816ba6e0, 0x000001cd816bab78]
Event: 43.523 Thread 0x000001cdf5178b70 10814       3       org.eclipse.jdt.internal.compiler.parser.Parser::consumeBlockStatement (1 bytes)
Event: 43.523 Thread 0x000001cdf5178b70 nmethod 10814 0x000001cd80875b90 code [0x000001cd80875d20, 0x000001cd80875e28]
Event: 43.523 Thread 0x000001cdf5178b70 10815       3       java.lang.invoke.LambdaForm$DMH/0x000001cd90000c00::invokeStatic (15 bytes)
Event: 43.523 Thread 0x000001cdf5178b70 nmethod 10815 0x000001cd816bad10 code [0x000001cd816baee0, 0x000001cd816bb3d8]
Event: 43.524 Thread 0x000001cdf5178b70 10816       3       java.util.stream.Nodes$SpinedNodeBuilder::accept (29 bytes)
Event: 43.524 Thread 0x000001cdf5178b70 nmethod 10816 0x000001cd816bb510 code [0x000001cd816bb6c0, 0x000001cd816bb810]
Event: 43.525 Thread 0x000001cdf5178b70 10817       3       org.eclipse.core.internal.dtree.AbstractDataTreeNode::childAtIgnoreCase (61 bytes)
Event: 43.526 Thread 0x000001cdf5178b70 nmethod 10817 0x000001cd816bb890 code [0x000001cd816bba80, 0x000001cd816bbef8]
Event: 43.526 Thread 0x000001cdf5178b70 10818       3       org.eclipse.jdt.internal.compiler.lookup.Scope::isUnnecessarySamePackageImport (36 bytes)
Event: 43.526 Thread 0x000001cdf5178b70 nmethod 10818 0x000001cd816bc090 code [0x000001cd816bc280, 0x000001cd816bc860]
Event: 43.527 Thread 0x000001cdf5178b70 10819       3       org.eclipse.jdt.internal.compiler.lookup.Scope$2::substitute (49 bytes)
Event: 43.528 Thread 0x000001cdf5178b70 nmethod 10819 0x000001cd816bca10 code [0x000001cd816bcc40, 0x000001cd816bd4c8]
Event: 43.528 Thread 0x000001cdf5178b70 10821       3       org.eclipse.jdt.internal.compiler.lookup.MethodBinding::fillInDefaultNonNullness (283 bytes)

GC Heap History (20 events):
Event: 42.697 GC heap before
{Heap before GC invocations=141 (full 3):
 PSYoungGen      total 2048K, used 1869K [0x00000000eab00000, 0x00000000eae00000, 0x0000000100000000)
  eden space 1536K, 99% used [0x00000000eab00000,0x00000000eac7fc08,0x00000000eac80000)
  from space 512K, 65% used [0x00000000ead00000,0x00000000ead53920,0x00000000ead80000)
  to   space 512K, 0% used [0x00000000ead80000,0x00000000ead80000,0x00000000eae00000)
 ParOldGen       total 128000K, used 112858K [0x00000000c0000000, 0x00000000c7d00000, 0x00000000eab00000)
  object space 128000K, 88% used [0x00000000c0000000,0x00000000c6e368c8,0x00000000c7d00000)
 Metaspace       used 58575K, committed 59904K, reserved 1114112K
  class space    used 6000K, committed 6528K, reserved 1048576K
}
Event: 42.699 GC heap after
{Heap after GC invocations=141 (full 3):
 PSYoungGen      total 2048K, used 368K [0x00000000eab00000, 0x00000000eae00000, 0x0000000100000000)
  eden space 1536K, 0% used [0x00000000eab00000,0x00000000eab00000,0x00000000eac80000)
  from space 512K, 71% used [0x00000000ead80000,0x00000000eaddc010,0x00000000eae00000)
  to   space 512K, 0% used [0x00000000ead00000,0x00000000ead00000,0x00000000ead80000)
 ParOldGen       total 128000K, used 113113K [0x00000000c0000000, 0x00000000c7d00000, 0x00000000eab00000)
  object space 128000K, 88% used [0x00000000c0000000,0x00000000c6e767a0,0x00000000c7d00000)
 Metaspace       used 58575K, committed 59904K, reserved 1114112K
  class space    used 6000K, committed 6528K, reserved 1048576K
}
Event: 42.714 GC heap before
{Heap before GC invocations=142 (full 3):
 PSYoungGen      total 2048K, used 1904K [0x00000000eab00000, 0x00000000eae00000, 0x0000000100000000)
  eden space 1536K, 100% used [0x00000000eab00000,0x00000000eac80000,0x00000000eac80000)
  from space 512K, 71% used [0x00000000ead80000,0x00000000eaddc010,0x00000000eae00000)
  to   space 512K, 0% used [0x00000000ead00000,0x00000000ead00000,0x00000000ead80000)
 ParOldGen       total 128000K, used 113113K [0x00000000c0000000, 0x00000000c7d00000, 0x00000000eab00000)
  object space 128000K, 88% used [0x00000000c0000000,0x00000000c6e767a0,0x00000000c7d00000)
 Metaspace       used 58587K, committed 59904K, reserved 1114112K
  class space    used 6002K, committed 6528K, reserved 1048576K
}
Event: 42.715 GC heap after
{Heap after GC invocations=142 (full 3):
 PSYoungGen      total 2048K, used 402K [0x00000000eab00000, 0x00000000eae00000, 0x0000000100000000)
  eden space 1536K, 0% used [0x00000000eab00000,0x00000000eab00000,0x00000000eac80000)
  from space 512K, 78% used [0x00000000ead00000,0x00000000ead64af0,0x00000000ead80000)
  to   space 512K, 0% used [0x00000000ead80000,0x00000000ead80000,0x00000000eae00000)
 ParOldGen       total 128000K, used 113426K [0x00000000c0000000, 0x00000000c7d00000, 0x00000000eab00000)
  object space 128000K, 88% used [0x00000000c0000000,0x00000000c6ec48e0,0x00000000c7d00000)
 Metaspace       used 58587K, committed 59904K, reserved 1114112K
  class space    used 6002K, committed 6528K, reserved 1048576K
}
Event: 42.739 GC heap before
{Heap before GC invocations=143 (full 3):
 PSYoungGen      total 2048K, used 1938K [0x00000000eab00000, 0x00000000eae00000, 0x0000000100000000)
  eden space 1536K, 100% used [0x00000000eab00000,0x00000000eac80000,0x00000000eac80000)
  from space 512K, 78% used [0x00000000ead00000,0x00000000ead64af0,0x00000000ead80000)
  to   space 512K, 0% used [0x00000000ead80000,0x00000000ead80000,0x00000000eae00000)
 ParOldGen       total 128000K, used 113426K [0x00000000c0000000, 0x00000000c7d00000, 0x00000000eab00000)
  object space 128000K, 88% used [0x00000000c0000000,0x00000000c6ec48e0,0x00000000c7d00000)
 Metaspace       used 58640K, committed 60032K, reserved 1114112K
  class space    used 6007K, committed 6592K, reserved 1048576K
}
Event: 42.741 GC heap after
{Heap after GC invocations=143 (full 3):
 PSYoungGen      total 2048K, used 384K [0x00000000eab00000, 0x00000000eae00000, 0x0000000100000000)
  eden space 1536K, 0% used [0x00000000eab00000,0x00000000eab00000,0x00000000eac80000)
  from space 512K, 75% used [0x00000000ead80000,0x00000000eade0000,0x00000000eae00000)
  to   space 512K, 0% used [0x00000000ead00000,0x00000000ead00000,0x00000000ead80000)
 ParOldGen       total 128000K, used 113741K [0x00000000c0000000, 0x00000000c7d00000, 0x00000000eab00000)
  object space 128000K, 88% used [0x00000000c0000000,0x00000000c6f13750,0x00000000c7d00000)
 Metaspace       used 58640K, committed 60032K, reserved 1114112K
  class space    used 6007K, committed 6592K, reserved 1048576K
}
Event: 42.765 GC heap before
{Heap before GC invocations=144 (full 3):
 PSYoungGen      total 2048K, used 1920K [0x00000000eab00000, 0x00000000eae00000, 0x0000000100000000)
  eden space 1536K, 100% used [0x00000000eab00000,0x00000000eac80000,0x00000000eac80000)
  from space 512K, 75% used [0x00000000ead80000,0x00000000eade0000,0x00000000eae00000)
  to   space 512K, 0% used [0x00000000ead00000,0x00000000ead00000,0x00000000ead80000)
 ParOldGen       total 128000K, used 113741K [0x00000000c0000000, 0x00000000c7d00000, 0x00000000eab00000)
  object space 128000K, 88% used [0x00000000c0000000,0x00000000c6f13750,0x00000000c7d00000)
 Metaspace       used 58660K, committed 60032K, reserved 1114112K
  class space    used 6008K, committed 6592K, reserved 1048576K
}
Event: 42.767 GC heap after
{Heap after GC invocations=144 (full 3):
 PSYoungGen      total 2048K, used 352K [0x00000000eab00000, 0x00000000eae00000, 0x0000000100000000)
  eden space 1536K, 0% used [0x00000000eab00000,0x00000000eab00000,0x00000000eac80000)
  from space 512K, 68% used [0x00000000ead00000,0x00000000ead58000,0x00000000ead80000)
  to   space 512K, 0% used [0x00000000ead80000,0x00000000ead80000,0x00000000eae00000)
 ParOldGen       total 128000K, used 114067K [0x00000000c0000000, 0x00000000c7d00000, 0x00000000eab00000)
  object space 128000K, 89% used [0x00000000c0000000,0x00000000c6f64f48,0x00000000c7d00000)
 Metaspace       used 58660K, committed 60032K, reserved 1114112K
  class space    used 6008K, committed 6592K, reserved 1048576K
}
Event: 42.867 GC heap before
{Heap before GC invocations=145 (full 3):
 PSYoungGen      total 2048K, used 1888K [0x00000000eab00000, 0x00000000eae00000, 0x0000000100000000)
  eden space 1536K, 100% used [0x00000000eab00000,0x00000000eac80000,0x00000000eac80000)
  from space 512K, 68% used [0x00000000ead00000,0x00000000ead58000,0x00000000ead80000)
  to   space 512K, 0% used [0x00000000ead80000,0x00000000ead80000,0x00000000eae00000)
 ParOldGen       total 128000K, used 114067K [0x00000000c0000000, 0x00000000c7d00000, 0x00000000eab00000)
  object space 128000K, 89% used [0x00000000c0000000,0x00000000c6f64f48,0x00000000c7d00000)
 Metaspace       used 58734K, committed 60096K, reserved 1114112K
  class space    used 6010K, committed 6592K, reserved 1048576K
}
Event: 42.872 GC heap after
{Heap after GC invocations=145 (full 3):
 PSYoungGen      total 2048K, used 352K [0x00000000eab00000, 0x00000000eae00000, 0x0000000100000000)
  eden space 1536K, 0% used [0x00000000eab00000,0x00000000eab00000,0x00000000eac80000)
  from space 512K, 68% used [0x00000000ead80000,0x00000000eadd8000,0x00000000eae00000)
  to   space 512K, 0% used [0x00000000ead00000,0x00000000ead00000,0x00000000ead80000)
 ParOldGen       total 128000K, used 114355K [0x00000000c0000000, 0x00000000c7d00000, 0x00000000eab00000)
  object space 128000K, 89% used [0x00000000c0000000,0x00000000c6facca0,0x00000000c7d00000)
 Metaspace       used 58734K, committed 60096K, reserved 1114112K
  class space    used 6010K, committed 6592K, reserved 1048576K
}
Event: 42.985 GC heap before
{Heap before GC invocations=146 (full 3):
 PSYoungGen      total 2048K, used 1871K [0x00000000eab00000, 0x00000000eae00000, 0x0000000100000000)
  eden space 1536K, 98% used [0x00000000eab00000,0x00000000eac7be68,0x00000000eac80000)
  from space 512K, 68% used [0x00000000ead80000,0x00000000eadd8000,0x00000000eae00000)
  to   space 512K, 0% used [0x00000000ead00000,0x00000000ead00000,0x00000000ead80000)
 ParOldGen       total 128000K, used 114355K [0x00000000c0000000, 0x00000000c7d00000, 0x00000000eab00000)
  object space 128000K, 89% used [0x00000000c0000000,0x00000000c6facca0,0x00000000c7d00000)
 Metaspace       used 58823K, committed 60160K, reserved 1114112K
  class space    used 6013K, committed 6592K, reserved 1048576K
}
Event: 42.988 GC heap after
{Heap after GC invocations=146 (full 3):
 PSYoungGen      total 2048K, used 432K [0x00000000eab00000, 0x00000000eae00000, 0x0000000100000000)
  eden space 1536K, 0% used [0x00000000eab00000,0x00000000eab00000,0x00000000eac80000)
  from space 512K, 84% used [0x00000000ead00000,0x00000000ead6c200,0x00000000ead80000)
  to   space 512K, 0% used [0x00000000ead80000,0x00000000ead80000,0x00000000eae00000)
 ParOldGen       total 128000K, used 114618K [0x00000000c0000000, 0x00000000c7d00000, 0x00000000eab00000)
  object space 128000K, 89% used [0x00000000c0000000,0x00000000c6fee958,0x00000000c7d00000)
 Metaspace       used 58823K, committed 60160K, reserved 1114112K
  class space    used 6013K, committed 6592K, reserved 1048576K
}
Event: 43.091 GC heap before
{Heap before GC invocations=147 (full 3):
 PSYoungGen      total 2048K, used 1968K [0x00000000eab00000, 0x00000000eae00000, 0x0000000100000000)
  eden space 1536K, 100% used [0x00000000eab00000,0x00000000eac80000,0x00000000eac80000)
  from space 512K, 84% used [0x00000000ead00000,0x00000000ead6c200,0x00000000ead80000)
  to   space 512K, 0% used [0x00000000ead80000,0x00000000ead80000,0x00000000eae00000)
 ParOldGen       total 128000K, used 114618K [0x00000000c0000000, 0x00000000c7d00000, 0x00000000eab00000)
  object space 128000K, 89% used [0x00000000c0000000,0x00000000c6fee958,0x00000000c7d00000)
 Metaspace       used 58916K, committed 60288K, reserved 1114112K
  class space    used 6015K, committed 6592K, reserved 1048576K
}
Event: 43.095 GC heap after
{Heap after GC invocations=147 (full 3):
 PSYoungGen      total 2048K, used 384K [0x00000000eab00000, 0x00000000eae00000, 0x0000000100000000)
  eden space 1536K, 0% used [0x00000000eab00000,0x00000000eab00000,0x00000000eac80000)
  from space 512K, 75% used [0x00000000ead80000,0x00000000eade0000,0x00000000eae00000)
  to   space 512K, 0% used [0x00000000ead00000,0x00000000ead00000,0x00000000ead80000)
 ParOldGen       total 128000K, used 114914K [0x00000000c0000000, 0x00000000c7d00000, 0x00000000eab00000)
  object space 128000K, 89% used [0x00000000c0000000,0x00000000c7038978,0x00000000c7d00000)
 Metaspace       used 58916K, committed 60288K, reserved 1114112K
  class space    used 6015K, committed 6592K, reserved 1048576K
}
Event: 43.230 GC heap before
{Heap before GC invocations=148 (full 3):
 PSYoungGen      total 2048K, used 1920K [0x00000000eab00000, 0x00000000eae00000, 0x0000000100000000)
  eden space 1536K, 100% used [0x00000000eab00000,0x00000000eac80000,0x00000000eac80000)
  from space 512K, 75% used [0x00000000ead80000,0x00000000eade0000,0x00000000eae00000)
  to   space 512K, 0% used [0x00000000ead00000,0x00000000ead00000,0x00000000ead80000)
 ParOldGen       total 128000K, used 114914K [0x00000000c0000000, 0x00000000c7d00000, 0x00000000eab00000)
  object space 128000K, 89% used [0x00000000c0000000,0x00000000c7038978,0x00000000c7d00000)
 Metaspace       used 59037K, committed 60416K, reserved 1114112K
  class space    used 6018K, committed 6592K, reserved 1048576K
}
Event: 43.231 GC heap after
{Heap after GC invocations=148 (full 3):
 PSYoungGen      total 2048K, used 384K [0x00000000eab00000, 0x00000000eae00000, 0x0000000100000000)
  eden space 1536K, 0% used [0x00000000eab00000,0x00000000eab00000,0x00000000eac80000)
  from space 512K, 75% used [0x00000000ead00000,0x00000000ead60000,0x00000000ead80000)
  to   space 512K, 0% used [0x00000000ead80000,0x00000000ead80000,0x00000000eae00000)
 ParOldGen       total 128000K, used 115202K [0x00000000c0000000, 0x00000000c7d00000, 0x00000000eab00000)
  object space 128000K, 90% used [0x00000000c0000000,0x00000000c70809e0,0x00000000c7d00000)
 Metaspace       used 59037K, committed 60416K, reserved 1114112K
  class space    used 6018K, committed 6592K, reserved 1048576K
}
Event: 43.397 GC heap before
{Heap before GC invocations=149 (full 3):
 PSYoungGen      total 2048K, used 1920K [0x00000000eab00000, 0x00000000eae00000, 0x0000000100000000)
  eden space 1536K, 100% used [0x00000000eab00000,0x00000000eac80000,0x00000000eac80000)
  from space 512K, 75% used [0x00000000ead00000,0x00000000ead60000,0x00000000ead80000)
  to   space 512K, 0% used [0x00000000ead80000,0x00000000ead80000,0x00000000eae00000)
 ParOldGen       total 128000K, used 115202K [0x00000000c0000000, 0x00000000c7d00000, 0x00000000eab00000)
  object space 128000K, 90% used [0x00000000c0000000,0x00000000c70809e0,0x00000000c7d00000)
 Metaspace       used 59137K, committed 60480K, reserved 1114112K
  class space    used 6018K, committed 6592K, reserved 1048576K
}
Event: 43.399 GC heap after
{Heap after GC invocations=149 (full 3):
 PSYoungGen      total 2048K, used 416K [0x00000000eab00000, 0x00000000eae00000, 0x0000000100000000)
  eden space 1536K, 0% used [0x00000000eab00000,0x00000000eab00000,0x00000000eac80000)
  from space 512K, 81% used [0x00000000ead80000,0x00000000eade8000,0x00000000eae00000)
  to   space 512K, 0% used [0x00000000ead00000,0x00000000ead00000,0x00000000ead80000)
 ParOldGen       total 128000K, used 115531K [0x00000000c0000000, 0x00000000c7d00000, 0x00000000eab00000)
  object space 128000K, 90% used [0x00000000c0000000,0x00000000c70d2dc0,0x00000000c7d00000)
 Metaspace       used 59137K, committed 60480K, reserved 1114112K
  class space    used 6018K, committed 6592K, reserved 1048576K
}
Event: 43.512 GC heap before
{Heap before GC invocations=150 (full 3):
 PSYoungGen      total 2048K, used 1952K [0x00000000eab00000, 0x00000000eae00000, 0x0000000100000000)
  eden space 1536K, 100% used [0x00000000eab00000,0x00000000eac80000,0x00000000eac80000)
  from space 512K, 81% used [0x00000000ead80000,0x00000000eade8000,0x00000000eae00000)
  to   space 512K, 0% used [0x00000000ead00000,0x00000000ead00000,0x00000000ead80000)
 ParOldGen       total 128000K, used 115531K [0x00000000c0000000, 0x00000000c7d00000, 0x00000000eab00000)
  object space 128000K, 90% used [0x00000000c0000000,0x00000000c70d2dc0,0x00000000c7d00000)
 Metaspace       used 59228K, committed 60544K, reserved 1114112K
  class space    used 6019K, committed 6592K, reserved 1048576K
}
Event: 43.514 GC heap after
{Heap after GC invocations=150 (full 3):
 PSYoungGen      total 2048K, used 416K [0x00000000eab00000, 0x00000000eae00000, 0x0000000100000000)
  eden space 1536K, 0% used [0x00000000eab00000,0x00000000eab00000,0x00000000eac80000)
  from space 512K, 81% used [0x00000000ead00000,0x00000000ead68010,0x00000000ead80000)
  to   space 512K, 0% used [0x00000000ead80000,0x00000000ead80000,0x00000000eae00000)
 ParOldGen       total 128000K, used 115842K [0x00000000c0000000, 0x00000000c7d00000, 0x00000000eab00000)
  object space 128000K, 90% used [0x00000000c0000000,0x00000000c7120b30,0x00000000c7d00000)
 Metaspace       used 59228K, committed 60544K, reserved 1114112K
  class space    used 6019K, committed 6592K, reserved 1048576K
}

Dll operation events (10 events):
Event: 0.074 Loaded shared library c:\Users\ADMIN\.vscode\extensions\redhat.java-1.42.0-win32-x64\jre\21.0.7-win32-x86_64\bin\java.dll
Event: 0.282 Loaded shared library c:\Users\ADMIN\.vscode\extensions\redhat.java-1.42.0-win32-x64\jre\21.0.7-win32-x86_64\bin\zip.dll
Event: 0.337 Loaded shared library C:\Users\ADMIN\.vscode\extensions\redhat.java-1.42.0-win32-x64\jre\21.0.7-win32-x86_64\bin\instrument.dll
Event: 0.350 Loaded shared library C:\Users\ADMIN\.vscode\extensions\redhat.java-1.42.0-win32-x64\jre\21.0.7-win32-x86_64\bin\net.dll
Event: 0.360 Loaded shared library C:\Users\ADMIN\.vscode\extensions\redhat.java-1.42.0-win32-x64\jre\21.0.7-win32-x86_64\bin\nio.dll
Event: 0.370 Loaded shared library C:\Users\ADMIN\.vscode\extensions\redhat.java-1.42.0-win32-x64\jre\21.0.7-win32-x86_64\bin\zip.dll
Event: 0.404 Loaded shared library C:\Users\ADMIN\.vscode\extensions\redhat.java-1.42.0-win32-x64\jre\21.0.7-win32-x86_64\bin\jimage.dll
Event: 0.618 Loaded shared library c:\Users\ADMIN\.vscode\extensions\redhat.java-1.42.0-win32-x64\jre\21.0.7-win32-x86_64\bin\verify.dll
Event: 6.127 Loaded shared library C:\Users\ADMIN\AppData\Roaming\Code\User\globalStorage\redhat.java\1.42.0\config_win\org.eclipse.equinox.launcher\org.eclipse.equinox.launcher.win32.win32.x86_64_1.2.1300.v20250331-1702\eclipse_11911.dll
Event: 13.537 Loaded shared library C:\Users\ADMIN\AppData\Local\Temp\jna-62130991\jna10722548922610852191.dll

Deoptimization events (20 events):
Event: 42.759 Thread 0x000001cdfcafe830 DEOPT PACKING pc=0x000001cd87fa387c sp=0x0000000102dfe120
Event: 42.759 Thread 0x000001cdfcafe830 DEOPT UNPACKING pc=0x000001cd87586da2 sp=0x0000000102dfe0a0 mode 2
Event: 42.759 Thread 0x000001cdfcafe830 Uncommon trap: trap_request=0xffffffbe fr.pc=0x000001cd87fa387c relative=0x000000000000039c
Event: 42.759 Thread 0x000001cdfcafe830 Uncommon trap: reason=profile_predicate action=maybe_recompile pc=0x000001cd87fa387c method=java.util.Arrays.binarySearch0([Ljava/lang/Object;IILjava/lang/Object;)I @ 12 c2
Event: 42.759 Thread 0x000001cdfcafe830 DEOPT PACKING pc=0x000001cd87fa387c sp=0x0000000102dfe120
Event: 42.759 Thread 0x000001cdfcafe830 DEOPT UNPACKING pc=0x000001cd87586da2 sp=0x0000000102dfe0a0 mode 2
Event: 42.855 Thread 0x000001cdfcafe830 Uncommon trap: trap_request=0xffffff45 fr.pc=0x000001cd87df298c relative=0x00000000000000ec
Event: 42.855 Thread 0x000001cdfcafe830 Uncommon trap: reason=unstable_if action=reinterpret pc=0x000001cd87df298c method=java.util.stream.SpinedBuffer.accept(Ljava/lang/Object;)V @ 9 c2
Event: 42.855 Thread 0x000001cdfcafe830 DEOPT PACKING pc=0x000001cd87df298c sp=0x0000000102dfe0e0
Event: 42.855 Thread 0x000001cdfcafe830 DEOPT UNPACKING pc=0x000001cd87586da2 sp=0x0000000102dfe088 mode 2
Event: 42.857 Thread 0x000001cdfdc51450 DEOPT PACKING pc=0x000001cd812f6b15 sp=0x00000001033fed20
Event: 42.857 Thread 0x000001cdfdc51450 DEOPT UNPACKING pc=0x000001cd875878e2 sp=0x00000001033fe290 mode 0
Event: 42.940 Thread 0x000001cdfdc51450 Uncommon trap: trap_request=0xffffff6e fr.pc=0x000001cd87c063fc relative=0x000000000000015c
Event: 42.940 Thread 0x000001cdfdc51450 Uncommon trap: reason=loop_limit_check action=maybe_recompile pc=0x000001cd87c063fc method=org.eclipse.jdt.internal.compiler.lookup.ReferenceBinding.compare([C[CII)I @ 46 c2
Event: 42.940 Thread 0x000001cdfdc51450 DEOPT PACKING pc=0x000001cd87c063fc sp=0x00000001033fe4f0
Event: 42.940 Thread 0x000001cdfdc51450 DEOPT UNPACKING pc=0x000001cd87586da2 sp=0x00000001033fe460 mode 2
Event: 43.299 Thread 0x000001cdfdc51450 Uncommon trap: trap_request=0xffffff6e fr.pc=0x000001cd88045654 relative=0x0000000000004454
Event: 43.299 Thread 0x000001cdfdc51450 Uncommon trap: reason=loop_limit_check action=maybe_recompile pc=0x000001cd88045654 method=org.eclipse.jdt.internal.compiler.lookup.BlockScope.findLocalType([C)Lorg/eclipse/jdt/internal/compiler/lookup/ReferenceBinding; @ 79 c2
Event: 43.299 Thread 0x000001cdfdc51450 DEOPT PACKING pc=0x000001cd88045654 sp=0x00000001033fe830
Event: 43.323 Thread 0x000001cdfdc51450 DEOPT UNPACKING pc=0x000001cd87586da2 sp=0x00000001033fe7a0 mode 2

Classes loaded (20 events):
Event: 35.803 Loading class sun/util/resources/TimeZoneNames
Event: 35.804 Loading class sun/util/resources/TimeZoneNames done
Event: 35.805 Loading class sun/util/resources/TimeZoneNames_en
Event: 35.805 Loading class sun/util/resources/TimeZoneNames_en done
Event: 35.979 Loading class java/util/ArrayDeque$DeqSpliterator
Event: 36.010 Loading class java/util/ArrayDeque$DeqSpliterator done
Event: 39.577 Loading class java/nio/file/FileTreeIterator
Event: 39.582 Loading class java/nio/file/FileTreeIterator done
Event: 42.097 Loading class jdk/internal/module/IllegalAccessLogger
Event: 42.097 Loading class jdk/internal/module/IllegalAccessLogger done
Event: 42.192 Loading class java/util/stream/ReferencePipeline$4
Event: 42.193 Loading class java/util/stream/ReferencePipeline$4 done
Event: 42.194 Loading class java/util/stream/Nodes$IntFixedNodeBuilder
Event: 42.195 Loading class java/util/stream/Node$Builder$OfInt
Event: 42.195 Loading class java/util/stream/Node$Builder$OfInt done
Event: 42.195 Loading class java/util/stream/Nodes$IntArrayNode
Event: 42.196 Loading class java/util/stream/Nodes$IntArrayNode done
Event: 42.196 Loading class java/util/stream/Nodes$IntFixedNodeBuilder done
Event: 42.196 Loading class java/util/stream/ReferencePipeline$4$1
Event: 42.197 Loading class java/util/stream/ReferencePipeline$4$1 done

Classes unloaded (7 events):
Event: 15.867 Thread 0x000001cdefece2b0 Unloading class 0x000001cd901a4400 'java/lang/invoke/LambdaForm$MH+0x000001cd901a4400'
Event: 15.867 Thread 0x000001cdefece2b0 Unloading class 0x000001cd901a4000 'java/lang/invoke/LambdaForm$MH+0x000001cd901a4000'
Event: 15.867 Thread 0x000001cdefece2b0 Unloading class 0x000001cd901a3c00 'java/lang/invoke/LambdaForm$MH+0x000001cd901a3c00'
Event: 15.867 Thread 0x000001cdefece2b0 Unloading class 0x000001cd901a3800 'java/lang/invoke/LambdaForm$MH+0x000001cd901a3800'
Event: 15.867 Thread 0x000001cdefece2b0 Unloading class 0x000001cd901a3400 'java/lang/invoke/LambdaForm$BMH+0x000001cd901a3400'
Event: 15.867 Thread 0x000001cdefece2b0 Unloading class 0x000001cd901a3000 'java/lang/invoke/LambdaForm$DMH+0x000001cd901a3000'
Event: 15.867 Thread 0x000001cdefece2b0 Unloading class 0x000001cd901a1c00 'java/lang/invoke/LambdaForm$DMH+0x000001cd901a1c00'

Classes redefined (0 events):
No events

Internal exceptions (20 events):
Event: 29.623 Thread 0x000001cdfaedafb0 Implicit null exception at 0x000001cd87e0045a to 0x000001cd87e00558
Event: 33.042 Thread 0x000001cdfcafe830 Exception <a 'java/lang/NoSuchMethodError'{0x00000000eabdb740}: 'int java.lang.invoke.DirectMethodHandle$Holder.invokeSpecialIFC(java.lang.Object, java.lang.Object, java.lang.Object)'> (0x00000000eabdb740) 
thrown [s\src\hotspot\share\interpreter\linkResolver.cpp, line 773]
Event: 34.529 Thread 0x000001cdfcafe830 Exception <a 'java/lang/NoSuchMethodError'{0x00000000eaba2530}: 'java.lang.Object java.lang.invoke.DirectMethodHandle$Holder.newInvokeSpecial(java.lang.Object, java.lang.Object, int, int, java.lang.Object)'> (0x00000000eaba2530) 
thrown [s\src\hotspot\share\interpreter\linkResolver.cpp, line 773]
Event: 34.598 Thread 0x000001cdfcafe830 Exception <a 'sun/nio/fs/WindowsException'{0x00000000eabc4e90}> (0x00000000eabc4e90) 
thrown [s\src\hotspot\share\prims\jni.cpp, line 520]
Event: 34.598 Thread 0x000001cdfcafe830 Exception <a 'sun/nio/fs/WindowsException'{0x00000000eabc54c0}> (0x00000000eabc54c0) 
thrown [s\src\hotspot\share\prims\jni.cpp, line 520]
Event: 35.507 Thread 0x000001cdfa9ad7a0 Implicit null exception at 0x000001cd87bca144 to 0x000001cd87bca576
Event: 35.848 Thread 0x000001cdfcafe830 Exception <a 'sun/nio/fs/WindowsException'{0x00000000eabe5f50}> (0x00000000eabe5f50) 
thrown [s\src\hotspot\share\prims\jni.cpp, line 520]
Event: 35.853 Thread 0x000001cdfcaf8c50 Exception <a 'sun/nio/fs/WindowsException'{0x00000000eabf0cf8}> (0x00000000eabf0cf8) 
thrown [s\src\hotspot\share\prims\jni.cpp, line 520]
Event: 35.855 Thread 0x000001cdfcaf8c50 Exception <a 'sun/nio/fs/WindowsException'{0x00000000eabf1b20}> (0x00000000eabf1b20) 
thrown [s\src\hotspot\share\prims\jni.cpp, line 520]
Event: 35.858 Thread 0x000001cdfcaf8c50 Exception <a 'sun/nio/fs/WindowsException'{0x00000000eabf3ff8}> (0x00000000eabf3ff8) 
thrown [s\src\hotspot\share\prims\jni.cpp, line 520]
Event: 35.860 Thread 0x000001cdfcafad20 Exception <a 'sun/nio/fs/WindowsException'{0x00000000eabf4d50}> (0x00000000eabf4d50) 
thrown [s\src\hotspot\share\prims\jni.cpp, line 520]
Event: 35.862 Thread 0x000001cdfcafa000 Exception <a 'sun/nio/fs/WindowsException'{0x00000000eabf8b50}> (0x00000000eabf8b50) 
thrown [s\src\hotspot\share\prims\jni.cpp, line 520]
Event: 35.866 Thread 0x000001cdfcaf9970 Exception <a 'sun/nio/fs/WindowsException'{0x00000000eabfaa28}> (0x00000000eabfaa28) 
thrown [s\src\hotspot\share\prims\jni.cpp, line 520]
Event: 36.321 Thread 0x000001cdfcafad20 Exception <a 'sun/nio/fs/WindowsException'{0x00000000eab026f8}> (0x00000000eab026f8) 
thrown [s\src\hotspot\share\prims\jni.cpp, line 520]
Event: 37.045 Thread 0x000001cdfcafa000 Exception <a 'sun/nio/fs/WindowsException'{0x00000000eae7c2d8}> (0x00000000eae7c2d8) 
thrown [s\src\hotspot\share\prims\jni.cpp, line 520]
Event: 37.316 Thread 0x000001cdfcafad20 Exception <a 'sun/nio/fs/WindowsException'{0x00000000eaf646a8}> (0x00000000eaf646a8) 
thrown [s\src\hotspot\share\prims\jni.cpp, line 520]
Event: 38.620 Thread 0x000001cdfaedafb0 Implicit null exception at 0x000001cd87f52214 to 0x000001cd87f58968
Event: 41.608 Thread 0x000001cdfcafe830 Implicit null exception at 0x000001cd87dd83c6 to 0x000001cd87dd840f
Event: 42.177 Thread 0x000001cdfdc51450 Exception <a 'java/lang/NoSuchMethodError'{0x00000000eab03f58}: 'void java.lang.invoke.DirectMethodHandle$Holder.invokeStatic(java.lang.Object, int, java.lang.Object)'> (0x00000000eab03f58) 
thrown [s\src\hotspot\share\interpreter\linkResolver.cpp, line 773]
Event: 42.647 Thread 0x000001cdfdc51450 Implicit null exception at 0x000001cd88026a9e to 0x000001cd88026d28

ZGC Phase Switch (0 events):
No events

VM Operations (20 events):
Event: 42.697 Executing VM operation: ParallelGCFailedAllocation (Allocation Failure)
Event: 42.699 Executing VM operation: ParallelGCFailedAllocation (Allocation Failure) done
Event: 42.714 Executing VM operation: ParallelGCFailedAllocation (Allocation Failure)
Event: 42.716 Executing VM operation: ParallelGCFailedAllocation (Allocation Failure) done
Event: 42.739 Executing VM operation: ParallelGCFailedAllocation (Allocation Failure)
Event: 42.741 Executing VM operation: ParallelGCFailedAllocation (Allocation Failure) done
Event: 42.764 Executing VM operation: ParallelGCFailedAllocation (Allocation Failure)
Event: 42.767 Executing VM operation: ParallelGCFailedAllocation (Allocation Failure) done
Event: 42.858 Executing VM operation: ParallelGCFailedAllocation (Allocation Failure)
Event: 42.872 Executing VM operation: ParallelGCFailedAllocation (Allocation Failure) done
Event: 42.958 Executing VM operation: ParallelGCFailedAllocation (Allocation Failure)
Event: 42.988 Executing VM operation: ParallelGCFailedAllocation (Allocation Failure) done
Event: 43.091 Executing VM operation: ParallelGCFailedAllocation (Allocation Failure)
Event: 43.095 Executing VM operation: ParallelGCFailedAllocation (Allocation Failure) done
Event: 43.216 Executing VM operation: ParallelGCFailedAllocation (Allocation Failure)
Event: 43.231 Executing VM operation: ParallelGCFailedAllocation (Allocation Failure) done
Event: 43.389 Executing VM operation: ParallelGCFailedAllocation (Allocation Failure)
Event: 43.399 Executing VM operation: ParallelGCFailedAllocation (Allocation Failure) done
Event: 43.496 Executing VM operation: ParallelGCFailedAllocation (Allocation Failure)
Event: 43.514 Executing VM operation: ParallelGCFailedAllocation (Allocation Failure) done

Memory protections (0 events):
No events

Nmethod flushes (20 events):
Event: 42.479 Thread 0x000001cdefece2b0 flushing  nmethod 0x000001cd809e0210
Event: 42.479 Thread 0x000001cdefece2b0 flushing  nmethod 0x000001cd809e3790
Event: 42.479 Thread 0x000001cdefece2b0 flushing  nmethod 0x000001cd809e5210
Event: 42.479 Thread 0x000001cdefece2b0 flushing  nmethod 0x000001cd80a27d10
Event: 42.479 Thread 0x000001cdefece2b0 flushing  nmethod 0x000001cd80a28990
Event: 42.479 Thread 0x000001cdefece2b0 flushing  nmethod 0x000001cd80a2cd90
Event: 42.479 Thread 0x000001cdefece2b0 flushing  nmethod 0x000001cd80a2dc10
Event: 42.479 Thread 0x000001cdefece2b0 flushing  nmethod 0x000001cd80a2e210
Event: 42.479 Thread 0x000001cdefece2b0 flushing  nmethod 0x000001cd80a2e590
Event: 42.479 Thread 0x000001cdefece2b0 flushing  nmethod 0x000001cd80a31210
Event: 42.479 Thread 0x000001cdefece2b0 flushing  nmethod 0x000001cd80a55490
Event: 42.479 Thread 0x000001cdefece2b0 flushing  nmethod 0x000001cd80a58610
Event: 42.479 Thread 0x000001cdefece2b0 flushing  nmethod 0x000001cd80a5f590
Event: 42.479 Thread 0x000001cdefece2b0 flushing  nmethod 0x000001cd80a5fd10
Event: 42.479 Thread 0x000001cdefece2b0 flushing  nmethod 0x000001cd80a60690
Event: 42.479 Thread 0x000001cdefece2b0 flushing  nmethod 0x000001cd80a72f10
Event: 42.479 Thread 0x000001cdefece2b0 flushing  nmethod 0x000001cd80a79210
Event: 42.479 Thread 0x000001cdefece2b0 flushing  nmethod 0x000001cd80a99e90
Event: 42.479 Thread 0x000001cdefece2b0 flushing  nmethod 0x000001cd80a9d690
Event: 42.479 Thread 0x000001cdefece2b0 flushing  nmethod 0x000001cd80abc810

Events (20 events):
Event: 22.342 Thread 0x000001cdfaedd710 Thread added: 0x000001cdfaedb640
Event: 22.553 Thread 0x000001cdefe16300 Thread added: 0x000001cdfcafd480
Event: 22.554 Thread 0x000001cdefe16300 Thread added: 0x000001cdfcaf92e0
Event: 22.554 Thread 0x000001cdefe16300 Thread added: 0x000001cdfcafa690
Event: 22.554 Thread 0x000001cdefe16300 Thread added: 0x000001cdfcaf7f30
Event: 22.554 Thread 0x000001cdefe16300 Thread added: 0x000001cdfcafdb10
Event: 22.940 Thread 0x000001cdefe16300 Thread added: 0x000001cdfcafb3b0
Event: 23.729 Thread 0x000001cdefe16300 Thread added: 0x000001cdfcafc0d0
Event: 23.730 Thread 0x000001cdefe16300 Thread added: 0x000001cdfcafba40
Event: 24.544 Thread 0x000001cdfaedb640 Thread added: 0x000001cdfcafe1a0
Event: 24.609 Thread 0x000001cdfcafe1a0 Thread added: 0x000001cdfcafe830
Event: 29.233 Thread 0x000001cdfcafe830 Thread added: 0x000001cdfcaf8c50
Event: 29.249 Thread 0x000001cdfcaf8c50 Thread added: 0x000001cdfcaf9970
Event: 29.253 Thread 0x000001cdfcaf8c50 Thread added: 0x000001cdfcafa000
Event: 29.256 Thread 0x000001cdfcaf8c50 Thread added: 0x000001cdfcafad20
Event: 29.322 Thread 0x000001cdfcafe830 Thread added: 0x000001cdfdc4fa10
Event: 33.213 Thread 0x000001cdfcafe830 Thread added: 0x000001cdfdc51450
Event: 34.531 Thread 0x000001cdfcafe830 Thread added: 0x000001cdfdc53bb0
Event: 38.164 Thread 0x000001cdfcafe830 Thread added: 0x000001cdfdc569a0
Event: 42.191 Thread 0x000001cdfcafe830 Thread added: 0x000001cdfdc50730


Dynamic libraries:
0x00007ff738ed0000 - 0x00007ff738ede000 	c:\Users\ADMIN\.vscode\extensions\redhat.java-1.42.0-win32-x64\jre\21.0.7-win32-x86_64\bin\java.exe
0x00007ff99e170000 - 0x00007ff99e387000 	C:\WINDOWS\SYSTEM32\ntdll.dll
0x00007ff99d480000 - 0x00007ff99d544000 	C:\WINDOWS\System32\KERNEL32.DLL
0x00007ff99b5b0000 - 0x00007ff99b983000 	C:\WINDOWS\System32\KERNELBASE.dll
0x00007ff99bc60000 - 0x00007ff99bd71000 	C:\WINDOWS\System32\ucrtbase.dll
0x00007ff95dbc0000 - 0x00007ff95dbd8000 	c:\Users\ADMIN\.vscode\extensions\redhat.java-1.42.0-win32-x64\jre\21.0.7-win32-x86_64\bin\jli.dll
0x00007ff99c140000 - 0x00007ff99c2f1000 	C:\WINDOWS\System32\USER32.dll
0x00007ff99b500000 - 0x00007ff99b526000 	C:\WINDOWS\System32\win32u.dll
0x00007ff99c000000 - 0x00007ff99c029000 	C:\WINDOWS\System32\GDI32.dll
0x00007ff99b9c0000 - 0x00007ff99bae2000 	C:\WINDOWS\System32\gdi32full.dll
0x00007ff99b320000 - 0x00007ff99b3ba000 	C:\WINDOWS\System32\msvcp_win.dll
0x00007ff95bac0000 - 0x00007ff95bade000 	c:\Users\ADMIN\.vscode\extensions\redhat.java-1.42.0-win32-x64\jre\21.0.7-win32-x86_64\bin\VCRUNTIME140.dll
0x00007ff980a40000 - 0x00007ff980cdb000 	C:\WINDOWS\WinSxS\amd64_microsoft.windows.common-controls_6595b64144ccf1df_6.0.22621.5262_none_2712bde373830908\COMCTL32.dll
0x00007ff99dff0000 - 0x00007ff99e097000 	C:\WINDOWS\System32\msvcrt.dll
0x00007ff99cc20000 - 0x00007ff99cc51000 	C:\WINDOWS\System32\IMM32.DLL
0x00007ff97f0d0000 - 0x00007ff97f0dc000 	c:\Users\ADMIN\.vscode\extensions\redhat.java-1.42.0-win32-x64\jre\21.0.7-win32-x86_64\bin\vcruntime140_1.dll
0x00007ff9555e0000 - 0x00007ff95566d000 	c:\Users\ADMIN\.vscode\extensions\redhat.java-1.42.0-win32-x64\jre\21.0.7-win32-x86_64\bin\msvcp140.dll
0x00007ff93a370000 - 0x00007ff93b100000 	c:\Users\ADMIN\.vscode\extensions\redhat.java-1.42.0-win32-x64\jre\21.0.7-win32-x86_64\bin\server\jvm.dll
0x00007ff99dea0000 - 0x00007ff99df51000 	C:\WINDOWS\System32\ADVAPI32.dll
0x00007ff99d2f0000 - 0x00007ff99d397000 	C:\WINDOWS\System32\sechost.dll
0x00007ff99b990000 - 0x00007ff99b9b8000 	C:\WINDOWS\System32\bcrypt.dll
0x00007ff99d0e0000 - 0x00007ff99d1f4000 	C:\WINDOWS\System32\RPCRT4.dll
0x00007ff99e0b0000 - 0x00007ff99e121000 	C:\WINDOWS\System32\WS2_32.dll
0x00007ff99b130000 - 0x00007ff99b17d000 	C:\WINDOWS\SYSTEM32\POWRPROF.dll
0x00007ff996980000 - 0x00007ff9969b4000 	C:\WINDOWS\SYSTEM32\WINMM.dll
0x00007ff9967c0000 - 0x00007ff9967ca000 	C:\WINDOWS\SYSTEM32\VERSION.dll
0x00007ff99b110000 - 0x00007ff99b123000 	C:\WINDOWS\SYSTEM32\UMPDC.dll
0x00007ff99a260000 - 0x00007ff99a278000 	C:\WINDOWS\SYSTEM32\kernel.appcore.dll
0x00007ff97eab0000 - 0x00007ff97eaba000 	c:\Users\ADMIN\.vscode\extensions\redhat.java-1.42.0-win32-x64\jre\21.0.7-win32-x86_64\bin\jimage.dll
0x00007ff998c00000 - 0x00007ff998e32000 	C:\WINDOWS\SYSTEM32\DBGHELP.DLL
0x00007ff99c300000 - 0x00007ff99c693000 	C:\WINDOWS\System32\combase.dll
0x00007ff99d3a0000 - 0x00007ff99d477000 	C:\WINDOWS\System32\OLEAUT32.dll
0x00007ff979f40000 - 0x00007ff979f72000 	C:\WINDOWS\SYSTEM32\dbgcore.DLL
0x00007ff99b530000 - 0x00007ff99b5ab000 	C:\WINDOWS\System32\bcryptPrimitives.dll
0x00007ff9979d0000 - 0x00007ff9979df000 	c:\Users\ADMIN\.vscode\extensions\redhat.java-1.42.0-win32-x64\jre\21.0.7-win32-x86_64\bin\instrument.dll
0x00007ff955b90000 - 0x00007ff955baf000 	c:\Users\ADMIN\.vscode\extensions\redhat.java-1.42.0-win32-x64\jre\21.0.7-win32-x86_64\bin\java.dll
0x00007ff99d600000 - 0x00007ff99de9d000 	C:\WINDOWS\System32\SHELL32.dll
0x00007ff99b3c0000 - 0x00007ff99b4ff000 	C:\WINDOWS\System32\wintypes.dll
0x00007ff999150000 - 0x00007ff999a6d000 	C:\WINDOWS\SYSTEM32\windows.storage.dll
0x00007ff99c030000 - 0x00007ff99c13b000 	C:\WINDOWS\System32\SHCORE.dll
0x00007ff99d210000 - 0x00007ff99d276000 	C:\WINDOWS\System32\shlwapi.dll
0x00007ff99b190000 - 0x00007ff99b1bb000 	C:\WINDOWS\SYSTEM32\profapi.dll
0x00007ff955a20000 - 0x00007ff955a38000 	c:\Users\ADMIN\.vscode\extensions\redhat.java-1.42.0-win32-x64\jre\21.0.7-win32-x86_64\bin\zip.dll
0x00007ff97e620000 - 0x00007ff97e630000 	C:\Users\ADMIN\.vscode\extensions\redhat.java-1.42.0-win32-x64\jre\21.0.7-win32-x86_64\bin\net.dll
0x00007ff994810000 - 0x00007ff99493c000 	C:\WINDOWS\SYSTEM32\WINHTTP.dll
0x00007ff99a6e0000 - 0x00007ff99a74a000 	C:\WINDOWS\system32\mswsock.dll
0x00007ff951580000 - 0x00007ff951596000 	C:\Users\ADMIN\.vscode\extensions\redhat.java-1.42.0-win32-x64\jre\21.0.7-win32-x86_64\bin\nio.dll
0x00007ff996f00000 - 0x00007ff996f10000 	c:\Users\ADMIN\.vscode\extensions\redhat.java-1.42.0-win32-x64\jre\21.0.7-win32-x86_64\bin\verify.dll
0x00007ff9534d0000 - 0x00007ff953515000 	C:\Users\ADMIN\AppData\Roaming\Code\User\globalStorage\redhat.java\1.42.0\config_win\org.eclipse.equinox.launcher\org.eclipse.equinox.launcher.win32.win32.x86_64_1.2.1300.v20250331-1702\eclipse_11911.dll
0x00007ff99ca70000 - 0x00007ff99cc11000 	C:\WINDOWS\System32\ole32.dll
0x00007ff99a910000 - 0x00007ff99a92b000 	C:\WINDOWS\SYSTEM32\CRYPTSP.dll
0x00007ff99a1c0000 - 0x00007ff99a1f7000 	C:\WINDOWS\system32\rsaenh.dll
0x00007ff99a7a0000 - 0x00007ff99a7c8000 	C:\WINDOWS\SYSTEM32\USERENV.dll
0x00007ff99a900000 - 0x00007ff99a90c000 	C:\WINDOWS\SYSTEM32\CRYPTBASE.dll
0x00007ff999d10000 - 0x00007ff999d3d000 	C:\WINDOWS\SYSTEM32\IPHLPAPI.DLL
0x00007ff99d200000 - 0x00007ff99d209000 	C:\WINDOWS\System32\NSI.dll
0x00007ff9532a0000 - 0x00007ff9532e9000 	C:\Users\ADMIN\AppData\Local\Temp\jna-62130991\jna10722548922610852191.dll
0x00007ff99e0a0000 - 0x00007ff99e0a8000 	C:\WINDOWS\System32\PSAPI.DLL
0x00007ff9947a0000 - 0x00007ff9947b9000 	C:\WINDOWS\SYSTEM32\dhcpcsvc6.DLL
0x00007ff994630000 - 0x00007ff99464f000 	C:\WINDOWS\SYSTEM32\dhcpcsvc.DLL

dbghelp: loaded successfully - version: 4.0.5 - missing functions: none
symbol engine: initialized successfully - sym options: 0x614 - pdb path: .;c:\Users\ADMIN\.vscode\extensions\redhat.java-1.42.0-win32-x64\jre\21.0.7-win32-x86_64\bin;C:\WINDOWS\SYSTEM32;C:\WINDOWS\WinSxS\amd64_microsoft.windows.common-controls_6595b64144ccf1df_6.0.22621.5262_none_2712bde373830908;c:\Users\ADMIN\.vscode\extensions\redhat.java-1.42.0-win32-x64\jre\21.0.7-win32-x86_64\bin\server;C:\Users\ADMIN\AppData\Roaming\Code\User\globalStorage\redhat.java\1.42.0\config_win\org.eclipse.equinox.launcher\org.eclipse.equinox.launcher.win32.win32.x86_64_1.2.1300.v20250331-1702;C:\Users\ADMIN\AppData\Local\Temp\jna-62130991

VM Arguments:
jvm_args: --add-modules=ALL-SYSTEM --add-opens=java.base/java.util=ALL-UNNAMED --add-opens=java.base/java.lang=ALL-UNNAMED --add-opens=java.base/sun.nio.fs=ALL-UNNAMED -Declipse.application=org.eclipse.jdt.ls.core.id1 -Dosgi.bundles.defaultStartLevel=4 -Declipse.product=org.eclipse.jdt.ls.core.product -Djava.import.generatesMetadataFilesAtProjectRoot=false -DDetectVMInstallationsJob.disabled=true -Dfile.encoding=utf8 -XX:+UseParallelGC -XX:GCTimeRatio=4 -XX:AdaptiveSizePolicyWeight=90 -Dsun.zip.disableMemoryMapping=true -Xmx1G -Xms100m -Xlog:disable -javaagent:c:\Users\ADMIN\.vscode\extensions\redhat.java-1.42.0-win32-x64\lombok\lombok-1.18.36.jar -XX:+HeapDumpOnOutOfMemoryError -XX:HeapDumpPath=c:\Users\ADMIN\AppData\Roaming\Code\User\workspaceStorage\3aee1dc51a8e176d073eb485a32cd561\redhat.java -Daether.dependencyCollector.impl=bf 
java_command: c:\Users\ADMIN\.vscode\extensions\redhat.java-1.42.0-win32-x64\server\plugins\org.eclipse.equinox.launcher_1.7.0.v20250424-1814.jar -configuration c:\Users\ADMIN\AppData\Roaming\Code\User\globalStorage\redhat.java\1.42.0\config_win -data c:\Users\ADMIN\AppData\Roaming\Code\User\workspaceStorage\3aee1dc51a8e176d073eb485a32cd561\redhat.java\jdt_ws --pipe=\\.\pipe\lsp-9123fc34852a8507adad30c222cd70ea-sock
java_class_path (initial): c:\Users\ADMIN\.vscode\extensions\redhat.java-1.42.0-win32-x64\server\plugins\org.eclipse.equinox.launcher_1.7.0.v20250424-1814.jar
Launcher Type: SUN_STANDARD

[Global flags]
    uintx AdaptiveSizePolicyWeight                 = 90                                        {product} {command line}
     intx CICompilerCount                          = 3                                         {product} {ergonomic}
    uintx GCTimeRatio                              = 4                                         {product} {command line}
     bool HeapDumpOnOutOfMemoryError               = true                                   {manageable} {command line}
    ccstr HeapDumpPath                             = c:\Users\ADMIN\AppData\Roaming\Code\User\workspaceStorage\3aee1dc51a8e176d073eb485a32cd561\redhat.java         {manageable} {command line}
   size_t InitialHeapSize                          = 104857600                                 {product} {command line}
   size_t MaxHeapSize                              = 1073741824                                {product} {command line}
   size_t MaxNewSize                               = 357564416                                 {product} {ergonomic}
   size_t MinHeapDeltaBytes                        = 524288                                    {product} {ergonomic}
   size_t MinHeapSize                              = 104857600                                 {product} {command line}
   size_t NewSize                                  = 34603008                                  {product} {ergonomic}
    uintx NonNMethodCodeHeapSize                   = 5832780                                {pd product} {ergonomic}
    uintx NonProfiledCodeHeapSize                  = 122912730                              {pd product} {ergonomic}
   size_t OldSize                                  = 70254592                                  {product} {ergonomic}
    uintx ProfiledCodeHeapSize                     = 122912730                              {pd product} {ergonomic}
    uintx ReservedCodeCacheSize                    = 251658240                              {pd product} {ergonomic}
     bool SegmentedCodeCache                       = true                                      {product} {ergonomic}
   size_t SoftMaxHeapSize                          = 1073741824                             {manageable} {ergonomic}
     bool UseCompressedOops                        = true                           {product lp64_product} {ergonomic}
     bool UseLargePagesIndividualAllocation        = false                                  {pd product} {ergonomic}
     bool UseParallelGC                            = true                                      {product} {command line}

Logging:
Log output configuration:
 #0: stdout all=off uptime,level,tags foldmultilines=false
 #1: stderr all=off uptime,level,tags foldmultilines=false

Environment Variables:
JAVA_HOME=C:\Program Files\Java\jdk-24
PATH=C:\Program Files\Common Files\Oracle\Java\javapath;C:\WINDOWS\system32;C:\WINDOWS;C:\WINDOWS\System32\Wbem;C:\WINDOWS\System32\WindowsPowerShell\v1.0\;C:\WINDOWS\System32\OpenSSH\;C:\MinGW\bin;C:\MinGW\mingw32\bin;E:\msys64\ucrt64\bin;C:\Program Files (x86)\Microsoft SQL Server\160\Tools\Binn\;C:\Program Files\Microsoft SQL Server\160\Tools\Binn\;C:\Program Files\Microsoft SQL Server\Client SDK\ODBC\170\Tools\Binn\;C:\Program Files\Microsoft SQL Server\160\DTS\Binn\;C:\Program Files (x86)\Microsoft SQL Server\160\DTS\Binn\;C:\Users\ADMIN\AppData\Local\Microsoft\WindowsApps;C:\Program Files\JetBrains\PyCharm Community Edition 2021.3.3\bin;E:\Microsoft VS Code\bin;C:\Program Files (x86)\Nmap;C:\Users\ADMIN\AppData\Local\Microsoft\WinGet\Packages\Schniz.fnm_Microsoft.Winget.Source_8wekyb3d8bbwe;C:\Users\ADMIN\AppData\Roaming\fnm\node-versions\v22.14.0\installation;C:\Program Files\Erlang OTP\bin;C:\Program Files\RabbitMQ Server\rabbitmq_server-4.0.7\sbin;C:\Program Files\Java\jdk-24\bin;C:\Program Files\Docker\Docker\resources\bin;C:\Program Files\Git\cmd;E:\apache-maven-3.9.9-bin\apache-maven-3.9.9\bin;C:\Program Files\nodejs\;C:\Users\ADMIN\AppData\Local\Microsoft\WindowsApps;C:\Program Files\JetBrains\PyCharm Community Edition 2021.3.3\bin;;C:\Program Files (x86)\Nmap;C:\Users\ADMIN\AppData\Local\Microsoft\WinGet\Packages\Schniz.fnm_Microsoft.Winget.Source_8wekyb3d8bbwe;C:\Users\ADMIN\AppData\Local\Programs\Microsoft VS Code\bin;C:\Users\ADMIN\AppData\Roaming\npm
USERNAME=ADMIN
OS=Windows_NT
PROCESSOR_IDENTIFIER=Intel64 Family 6 Model 126 Stepping 5, GenuineIntel
TMP=C:\Users\ADMIN\AppData\Local\Temp
TEMP=C:\Users\ADMIN\AppData\Local\Temp




Periodic native trim disabled

---------------  S Y S T E M  ---------------

OS:
 Windows 11 , 64 bit Build 22621 (10.0.22621.5262)
OS uptime: 2 days 14:14 hours
Hyper-V role detected

CPU: total 4 (initial active 4) (2 cores per cpu, 2 threads per core) family 6 model 126 stepping 5 microcode 0xa0, cx8, cmov, fxsr, ht, mmx, 3dnowpref, sse, sse2, sse3, ssse3, sse4.1, sse4.2, popcnt, lzcnt, tsc, tscinvbit, avx, avx2, aes, erms, clmul, bmi1, bmi2, adx, avx512f, avx512dq, avx512cd, avx512bw, avx512vl, sha, fma, vzeroupper, avx512_vpopcntdq, avx512_vpclmulqdq, avx512_vaes, avx512_vnni, clflush, clflushopt, avx512_vbmi2, avx512_vbmi, hv, rdtscp, rdpid, fsrm, gfni, avx512_bitalg, f16c, avx512_ifma
Processor Information for the first 4 processors :
  Max Mhz: 1190, Current Mhz: 1190, Mhz Limit: 1190

Memory: 4k page, system-wide physical 3784M (161M free)
TotalPageFile size 15560M (AvailPageFile size 5M)
current process WorkingSet (physical memory assigned to process): 297M, peak: 298M
current process commit charge ("private bytes"): 355M, peak: 356M

vm_info: OpenJDK 64-Bit Server VM (21.0.7+6-LTS) for windows-amd64 JRE (21.0.7+6-LTS), built on 2025-04-15T00:00:00Z by "admin" with MS VC++ 17.7 (VS2022)

END.
