#
# There is insufficient memory for the Java Runtime Environment to continue.
# Native memory allocation (malloc) failed to allocate 1104576 bytes. Error detail: Chunk::new
# Possible reasons:
#   The system is out of physical RAM or swap space
#   This process is running with CompressedOops enabled, and the Java Heap may be blocking the growth of the native heap
# Possible solutions:
#   Reduce memory load on the system
#   Increase physical memory or swap space
#   Check if swap backing store is full
#   Decrease Java heap size (-Xmx/-Xms)
#   Decrease number of Java threads
#   Decrease Java thread stack sizes (-Xss)
#   Set larger code cache with -XX:ReservedCodeCacheSize=
#   JVM is running with Unscaled Compressed Oops mode in which the Java heap is
#     placed in the first 4GB address space. The Java Heap base address is the
#     maximum limit for the native heap growth. Please use -XX:HeapBaseMinAddress
#     to set the Java Heap base and to place the Java Heap above 4GB virtual address.
# This output file may be truncated or incomplete.
#
#  Out of Memory Error (arena.cpp:168), pid=20360, tid=21208
#
# JRE version: OpenJDK Runtime Environment Temurin-21.0.7+6 (21.0.7+6) (build 21.0.7+6-LTS)
# Java VM: OpenJDK 64-Bit Server VM Temurin-21.0.7+6 (21.0.7+6-LTS, mixed mode, sharing, tiered, compressed oops, compressed class ptrs, parallel gc, windows-amd64)
# No core dump will be written. Minidumps are not enabled by default on client versions of Windows
#

---------------  S U M M A R Y ------------

Command Line: --add-modules=ALL-SYSTEM --add-opens=java.base/java.util=ALL-UNNAMED --add-opens=java.base/java.lang=ALL-UNNAMED --add-opens=java.base/sun.nio.fs=ALL-UNNAMED -Declipse.application=org.eclipse.jdt.ls.core.id1 -Dosgi.bundles.defaultStartLevel=4 -Declipse.product=org.eclipse.jdt.ls.core.product -Djava.import.generatesMetadataFilesAtProjectRoot=false -DDetectVMInstallationsJob.disabled=true -Dfile.encoding=utf8 -XX:+UseParallelGC -XX:GCTimeRatio=4 -XX:AdaptiveSizePolicyWeight=90 -Dsun.zip.disableMemoryMapping=true -Xmx1G -Xms100m -Xlog:disable -javaagent:c:\Users\ADMIN\.vscode\extensions\redhat.java-1.42.0-win32-x64\lombok\lombok-1.18.36.jar -XX:+HeapDumpOnOutOfMemoryError -XX:HeapDumpPath=c:\Users\ADMIN\AppData\Roaming\Code\User\workspaceStorage\3aee1dc51a8e176d073eb485a32cd561\redhat.java -Daether.dependencyCollector.impl=bf c:\Users\ADMIN\.vscode\extensions\redhat.java-1.42.0-win32-x64\server\plugins\org.eclipse.equinox.launcher_1.7.0.v20250424-1814.jar -configuration c:\Users\ADMIN\AppData\Roaming\Code\User\globalStorage\redhat.java\1.42.0\config_win -data c:\Users\ADMIN\AppData\Roaming\Code\User\workspaceStorage\3aee1dc51a8e176d073eb485a32cd561\redhat.java\jdt_ws --pipe=\\.\pipe\lsp-d60facc7c4de1d876fa917b1a094f8f1-sock

Host: Intel(R) Core(TM) i3-1005G1 CPU @ 1.20GHz, 4 cores, 3G,  Windows 11 , 64 bit Build 22621 (10.0.22621.5262)
Time: Sat Jun  7 21:06:40 2025 SE Asia Standard Time elapsed time: 31.200462 seconds (0d 0h 0m 31s)

---------------  T H R E A D  ---------------

Current thread (0x000001c4de9b6fb0):  JavaThread "C2 CompilerThread0" daemon [_thread_in_native, id=21208, stack(0x00000081ea000000,0x00000081ea100000) (1024K)]


Current CompileTask:
C2:31202 12009 % !   4       org.eclipse.jdt.internal.core.search.indexing.BinaryIndexer::indexDocument @ 559 (1168 bytes)

Stack: [0x00000081ea000000,0x00000081ea100000]
Native frames: (J=compiled Java code, j=interpreted, Vv=VM code, C=native code)
V  [jvm.dll+0x6ce119]
V  [jvm.dll+0x8a84a1]
V  [jvm.dll+0x8aa9ce]
V  [jvm.dll+0x8ab0b3]
V  [jvm.dll+0x27f8a6]
V  [jvm.dll+0xc507d]
V  [jvm.dll+0xc55b3]
V  [jvm.dll+0x2f2c6d]
V  [jvm.dll+0x5f6bca]
V  [jvm.dll+0x250cb2]
V  [jvm.dll+0x25106f]
V  [jvm.dll+0x249934]
V  [jvm.dll+0x246fc4]
V  [jvm.dll+0x1c760e]
V  [jvm.dll+0x25695a]
V  [jvm.dll+0x254efa]
V  [jvm.dll+0x3f03f6]
V  [jvm.dll+0x851f6b]
V  [jvm.dll+0x6cc7dd]
C  [ucrtbase.dll+0x29333]
C  [KERNEL32.DLL+0x1259d]
C  [ntdll.dll+0x5af58]


---------------  P R O C E S S  ---------------

Threads class SMR info:
_java_thread_list=0x000001c4e5555800, length=47, elements={
0x000001c4ca684c20, 0x000001c4de9ab730, 0x000001c4de9acf90, 0x000001c4de9b0330,
0x000001c4de9b1330, 0x000001c4de9b2330, 0x000001c4de9b4080, 0x000001c4de9b6fb0,
0x000001c4dea28090, 0x000001c4df7b2ad0, 0x000001c4df9d2290, 0x000001c4e435e2a0,
0x000001c4e4259440, 0x000001c4e46633e0, 0x000001c4e43bf5b0, 0x000001c4e4c6f920,
0x000001c4e4c94050, 0x000001c4e49b58a0, 0x000001c4e49b5f30, 0x000001c4e49b8000,
0x000001c4e49b7970, 0x000001c4e49b6c50, 0x000001c4e49b65c0, 0x000001c4e49b8d20,
0x000001c4e49b72e0, 0x000001c4e49b8690, 0x000001c4e68ce680, 0x000001c4e68d0de0,
0x000001c4e68ced10, 0x000001c4e68cd2d0, 0x000001c4e68d3540, 0x000001c4e68cdff0,
0x000001c4e68d2eb0, 0x000001c4e68cf3a0, 0x000001c4e68cc5b0, 0x000001c4e68d1470,
0x000001c4e68cfa30, 0x000001c4e68cd960, 0x000001c4e68d0750, 0x000001c4e68d2190,
0x000001c4e68d2820, 0x000001c4e68d3bd0, 0x000001c4e68ccc40, 0x000001c4e4f285a0,
0x000001c4e4f229c0, 0x000001c4e4f21ca0, 0x000001c4e4f26b60
}
_to_delete_list=0x000001c4e5553df0
Skipping _to_delete_list fields and contents for safety.

Java Threads: ( => current thread )
  0x000001c4ca684c20 JavaThread "main"                              [_thread_blocked, id=24852, stack(0x00000081e9600000,0x00000081e9700000) (1024K)]
  0x000001c4de9ab730 JavaThread "Reference Handler"          daemon [_thread_blocked, id=17580, stack(0x00000081e9a00000,0x00000081e9b00000) (1024K)]
  0x000001c4de9acf90 JavaThread "Finalizer"                  daemon [_thread_blocked, id=21224, stack(0x00000081e9b00000,0x00000081e9c00000) (1024K)]
  0x000001c4de9b0330 JavaThread "Signal Dispatcher"          daemon [_thread_blocked, id=4280, stack(0x00000081e9c00000,0x00000081e9d00000) (1024K)]
  0x000001c4de9b1330 JavaThread "Attach Listener"            daemon [_thread_blocked, id=22104, stack(0x00000081e9d00000,0x00000081e9e00000) (1024K)]
  0x000001c4de9b2330 JavaThread "Service Thread"             daemon [_thread_blocked, id=10276, stack(0x00000081e9e00000,0x00000081e9f00000) (1024K)]
  0x000001c4de9b4080 JavaThread "Monitor Deflation Thread"   daemon [_thread_blocked, id=21044, stack(0x00000081e9f00000,0x00000081ea000000) (1024K)]
=>0x000001c4de9b6fb0 JavaThread "C2 CompilerThread0"         daemon [_thread_in_native, id=21208, stack(0x00000081ea000000,0x00000081ea100000) (1024K)]
  0x000001c4dea28090 JavaThread "C1 CompilerThread0"         daemon [_thread_blocked, id=19844, stack(0x00000081ea100000,0x00000081ea200000) (1024K)]
  0x000001c4df7b2ad0 JavaThread "Common-Cleaner"             daemon [_thread_blocked, id=1064, stack(0x00000081ea200000,0x00000081ea300000) (1024K)]
  0x000001c4df9d2290 JavaThread "Notification Thread"        daemon [_thread_blocked, id=22292, stack(0x00000081ea300000,0x00000081ea400000) (1024K)]
  0x000001c4e435e2a0 JavaThread "Active Thread: Equinox Container: 73618811-605e-4cf8-95b4-dec374c1cb3b"        [_thread_blocked, id=9860, stack(0x00000081ea700000,0x00000081ea800000) (1024K)]
  0x000001c4e4259440 JavaThread "Refresh Thread: Equinox Container: 73618811-605e-4cf8-95b4-dec374c1cb3b" daemon [_thread_blocked, id=26252, stack(0x00000081ea800000,0x00000081ea900000) (1024K)]
  0x000001c4e46633e0 JavaThread "Framework Event Dispatcher: Equinox Container: 73618811-605e-4cf8-95b4-dec374c1cb3b" daemon [_thread_blocked, id=3052, stack(0x00000081ea900000,0x00000081eaa00000) (1024K)]
  0x000001c4e43bf5b0 JavaThread "Start Level: Equinox Container: 73618811-605e-4cf8-95b4-dec374c1cb3b" daemon [_thread_blocked, id=13516, stack(0x00000081eaa00000,0x00000081eab00000) (1024K)]
  0x000001c4e4c6f920 JavaThread "Bundle File Closer"         daemon [_thread_blocked, id=15088, stack(0x00000081eab00000,0x00000081eac00000) (1024K)]
  0x000001c4e4c94050 JavaThread "SCR Component Actor"        daemon [_thread_blocked, id=26036, stack(0x00000081eac00000,0x00000081ead00000) (1024K)]
  0x000001c4e49b58a0 JavaThread "Worker-JM"                         [_thread_blocked, id=23260, stack(0x00000081eae00000,0x00000081eaf00000) (1024K)]
  0x000001c4e49b5f30 JavaThread "JNA Cleaner"                daemon [_thread_blocked, id=26496, stack(0x00000081eaf00000,0x00000081eb000000) (1024K)]
  0x000001c4e49b8000 JavaThread "Worker-0"                          [_thread_blocked, id=2612, stack(0x00000081eb000000,0x00000081eb100000) (1024K)]
  0x000001c4e49b7970 JavaThread "Worker-1"                          [_thread_blocked, id=19236, stack(0x00000081eb100000,0x00000081eb200000) (1024K)]
  0x000001c4e49b6c50 JavaThread "Worker-2"                          [_thread_blocked, id=17968, stack(0x00000081eb200000,0x00000081eb300000) (1024K)]
  0x000001c4e49b65c0 JavaThread "Java indexing"              daemon [_thread_blocked, id=11908, stack(0x00000081eb300000,0x00000081eb400000) (1024K)]
  0x000001c4e49b8d20 JavaThread "Worker-3"                          [_thread_blocked, id=20688, stack(0x00000081eb400000,0x00000081eb500000) (1024K)]
  0x000001c4e49b72e0 JavaThread "Worker-4"                          [_thread_blocked, id=24212, stack(0x00000081eb500000,0x00000081eb600000) (1024K)]
  0x000001c4e49b8690 JavaThread "Worker-5"                          [_thread_blocked, id=6344, stack(0x00000081eb600000,0x00000081eb700000) (1024K)]
  0x000001c4e68ce680 JavaThread "Worker-6: Building"                [_thread_blocked, id=25792, stack(0x00000081eb700000,0x00000081eb800000) (1024K)]
  0x000001c4e68d0de0 JavaThread "Thread-2"                   daemon [_thread_in_native, id=21632, stack(0x00000081eb800000,0x00000081eb900000) (1024K)]
  0x000001c4e68ced10 JavaThread "Thread-3"                   daemon [_thread_in_native, id=2860, stack(0x00000081eb900000,0x00000081eba00000) (1024K)]
  0x000001c4e68cd2d0 JavaThread "Thread-4"                   daemon [_thread_in_native, id=5560, stack(0x00000081eba00000,0x00000081ebb00000) (1024K)]
  0x000001c4e68d3540 JavaThread "Thread-5"                   daemon [_thread_in_native, id=22192, stack(0x00000081ebb00000,0x00000081ebc00000) (1024K)]
  0x000001c4e68cdff0 JavaThread "Thread-6"                   daemon [_thread_in_native, id=19880, stack(0x00000081ebc00000,0x00000081ebd00000) (1024K)]
  0x000001c4e68d2eb0 JavaThread "pool-2-thread-1"                   [_thread_blocked, id=12020, stack(0x00000081ebd00000,0x00000081ebe00000) (1024K)]
  0x000001c4e68cf3a0 JavaThread "Worker-7: Java indexing... "        [_thread_blocked, id=12004, stack(0x00000081ebe00000,0x00000081ebf00000) (1024K)]
  0x000001c4e68cc5b0 JavaThread "Worker-8"                          [_thread_blocked, id=20772, stack(0x00000081ebf00000,0x00000081ec000000) (1024K)]
  0x000001c4e68d1470 JavaThread "Worker-9"                          [_thread_blocked, id=10332, stack(0x00000081ec000000,0x00000081ec100000) (1024K)]
  0x000001c4e68cfa30 JavaThread "WorkspaceEventsHandler"            [_thread_blocked, id=19240, stack(0x00000081ec100000,0x00000081ec200000) (1024K)]
  0x000001c4e68cd960 JavaThread "pool-1-thread-1"                   [_thread_blocked, id=25676, stack(0x00000081ec200000,0x00000081ec300000) (1024K)]
  0x000001c4e68d0750 JavaThread "LocalFile Deleter"          daemon [_thread_blocked, id=14732, stack(0x00000081ead00000,0x00000081eae00000) (1024K)]
  0x000001c4e68d2190 JavaThread "LocalFile Deleter"          daemon [_thread_blocked, id=18344, stack(0x00000081ec300000,0x00000081ec400000) (1024K)]
  0x000001c4e68d2820 JavaThread "LocalFile Deleter"          daemon [_thread_blocked, id=20272, stack(0x00000081ec400000,0x00000081ec500000) (1024K)]
  0x000001c4e68d3bd0 JavaThread "LocalFile Deleter"          daemon [_thread_blocked, id=12980, stack(0x00000081ec500000,0x00000081ec600000) (1024K)]
  0x000001c4e68ccc40 JavaThread "Compiler Source File Reader" daemon [_thread_blocked, id=20632, stack(0x00000081ec600000,0x00000081ec700000) (1024K)]
  0x000001c4e4f285a0 JavaThread "Compiler Processing Task"   daemon [_thread_blocked, id=16576, stack(0x00000081ec700000,0x00000081ec800000) (1024K)]
  0x000001c4e4f229c0 JavaThread "Compiler Class File Writer" daemon [_thread_blocked, id=20176, stack(0x00000081ec800000,0x00000081ec900000) (1024K)]
  0x000001c4e4f21ca0 JavaThread "Compiler Source File Reader" daemon [_thread_blocked, id=25692, stack(0x00000081ec900000,0x00000081eca00000) (1024K)]
  0x000001c4e4f26b60 JavaThread "Compiler Class File Writer" daemon [_thread_blocked, id=26028, stack(0x00000081eca00000,0x00000081ecb00000) (1024K)]
Total: 47

Other Threads:
  0x000001c4c84ce880 VMThread "VM Thread"                           [id=26276, stack(0x00000081e9900000,0x00000081e9a00000) (1024K)]
  0x000001c4ca6ef8c0 WatcherThread "VM Periodic Task Thread"        [id=1920, stack(0x00000081e9800000,0x00000081e9900000) (1024K)]
  0x000001c4ca6a3270 WorkerThread "GC Thread#0"                     [id=20812, stack(0x00000081e9700000,0x00000081e9800000) (1024K)]
  0x000001c4e403be10 WorkerThread "GC Thread#1"                     [id=15780, stack(0x00000081ea400000,0x00000081ea500000) (1024K)]
  0x000001c4e403c1b0 WorkerThread "GC Thread#2"                     [id=10512, stack(0x00000081ea500000,0x00000081ea600000) (1024K)]
  0x000001c4e4050c80 WorkerThread "GC Thread#3"                     [id=9236, stack(0x00000081ea600000,0x00000081ea700000) (1024K)]
Total: 6

Threads with active compile tasks:
C2 CompilerThread0  31334 12009 % !   4       org.eclipse.jdt.internal.core.search.indexing.BinaryIndexer::indexDocument @ 559 (1168 bytes)
Total: 1

VM state: at safepoint (normal execution)

VM Mutex/Monitor currently owned by a thread:  ([mutex/lock_event])
[0x00007ff93b01e308] Threads_lock - owner thread: 0x000001c4c84ce880
[0x00007ff93b01e408] Heap_lock - owner thread: 0x000001c4e49b65c0

Heap address: 0x00000000c0000000, size: 1024 MB, Compressed Oops mode: 32-bit

CDS archive(s) mapped at: [0x000001c480000000-0x000001c480ba0000-0x000001c480ba0000), size 12189696, SharedBaseAddress: 0x000001c480000000, ArchiveRelocationMode: 1.
Compressed class space mapped at: 0x000001c481000000-0x000001c4c1000000, reserved size: 1073741824
Narrow klass base: 0x000001c480000000, Narrow klass shift: 0, Narrow klass range: 0x100000000

GC Precious Log:
 CardTable entry size: 512
 CPUs: 4 total, 4 available
 Memory: 3784M
 Large Page Support: Disabled
 NUMA Support: Disabled
 Compressed Oops: Enabled (32-bit)
 Alignments: Space 512K, Generation 512K, Heap 2M
 Heap Min Capacity: 100M
 Heap Initial Capacity: 100M
 Heap Max Capacity: 1G
 Pre-touch: Disabled
 Parallel Workers: 4

Heap:
 PSYoungGen      total 8192K, used 8174K [0x00000000eab00000, 0x00000000eba00000, 0x0000000100000000)
  eden space 6144K, 100% used [0x00000000eab00000,0x00000000eb100000,0x00000000eb100000)
  from space 2048K, 99% used [0x00000000eb100000,0x00000000eb2fb8d0,0x00000000eb300000)
  to   space 4608K, 67% used [0x00000000eb580000,0x00000000eb88b4a0,0x00000000eba00000)
 ParOldGen       total 113664K, used 113611K [0x00000000c0000000, 0x00000000c6f00000, 0x00000000eab00000)
  object space 113664K, 99% used [0x00000000c0000000,0x00000000c6ef2cb0,0x00000000c6f00000)
 Metaspace       used 60652K, committed 61952K, reserved 1114112K
  class space    used 6041K, committed 6656K, reserved 1048576K

Card table byte_map: [0x000001c4ca040000,0x000001c4ca250000] _byte_map_base: 0x000001c4c9a40000

Marking Bits: (ParMarkBitMap*) 0x00007ff93b0231f0
 Begin Bits: [0x000001c4dc870000, 0x000001c4dd870000)
 End Bits:   [0x000001c4dd870000, 0x000001c4de870000)

Polling page: 0x000001c4c8700000

Metaspace:

Usage:
  Non-class:     53.33 MB used.
      Class:      5.90 MB used.
       Both:     59.23 MB used.

Virtual space:
  Non-class space:       64.00 MB reserved,      54.00 MB ( 84%) committed,  1 nodes.
      Class space:        1.00 GB reserved,       6.50 MB ( <1%) committed,  1 nodes.
             Both:        1.06 GB reserved,      60.50 MB (  6%) committed. 

Chunk freelists:
   Non-Class:  9.27 MB
       Class:  9.55 MB
        Both:  18.81 MB

MaxMetaspaceSize: unlimited
CompressedClassSpaceSize: 1.00 GB
Initial GC threshold: 21.00 MB
Current GC threshold: 97.31 MB
CDS: on
 - commit_granule_bytes: 65536.
 - commit_granule_words: 8192.
 - virtual_space_node_default_size: 8388608.
 - enlarge_chunks_in_place: 1.
 - use_allocation_guard: 0.


Internal statistics:

num_allocs_failed_limit: 9.
num_arena_births: 1178.
num_arena_deaths: 14.
num_vsnodes_births: 2.
num_vsnodes_deaths: 0.
num_space_committed: 968.
num_space_uncommitted: 0.
num_chunks_returned_to_freelist: 23.
num_chunks_taken_from_freelist: 4054.
num_chunk_merges: 15.
num_chunk_splits: 2491.
num_chunks_enlarged: 1390.
num_inconsistent_stats: 0.

CodeHeap 'non-profiled nmethods': size=120000Kb used=5300Kb max_used=5300Kb free=114699Kb
 bounds [0x000001c4d5340000, 0x000001c4d5870000, 0x000001c4dc870000]
CodeHeap 'profiled nmethods': size=120000Kb used=26593Kb max_used=26593Kb free=93406Kb
 bounds [0x000001c4cd870000, 0x000001c4cf270000, 0x000001c4d4da0000]
CodeHeap 'non-nmethods': size=5760Kb used=1426Kb max_used=1489Kb free=4333Kb
 bounds [0x000001c4d4da0000, 0x000001c4d5010000, 0x000001c4d5340000]
 total_blobs=11955 nmethods=11228 adapters=631
 compilation: enabled
              stopped_count=0, restarted_count=0
 full_count=0

Compilation events (20 events):
Event: 30.928 Thread 0x000001c4de9b6fb0 12005   !   4       jdk.internal.ref.PhantomCleanable::remove (60 bytes)
Event: 30.928 Thread 0x000001c4dea28090 nmethod 12004 0x000001c4cf261110 code [0x000001c4cf261360, 0x000001c4cf261d00]
Event: 30.930 Thread 0x000001c4de9b6fb0 nmethod 12005 0x000001c4d586c190 code [0x000001c4d586c320, 0x000001c4d586c618]
Event: 30.931 Thread 0x000001c4dea28090 12006       1       org.eclipse.core.internal.jobs.InternalJob::getName (5 bytes)
Event: 30.931 Thread 0x000001c4dea28090 nmethod 12006 0x000001c4d586c790 code [0x000001c4d586c920, 0x000001c4d586c9e8]
Event: 30.936 Thread 0x000001c4dea28090 12007       3       org.eclipse.core.internal.jobs.DeadlockDetector::resizeGraph (93 bytes)
Event: 30.937 Thread 0x000001c4dea28090 nmethod 12007 0x000001c4cf262110 code [0x000001c4cf2622e0, 0x000001c4cf262800]
Event: 30.943 Thread 0x000001c4dea28090 12008       3       java.lang.Character::isDigit (9 bytes)
Event: 30.943 Thread 0x000001c4dea28090 nmethod 12008 0x000001c4cf262a10 code [0x000001c4cf262bc0, 0x000001c4cf262db8]
Event: 30.947 Thread 0x000001c4de9b6fb0 12009 % !   4       org.eclipse.jdt.internal.core.search.indexing.BinaryIndexer::indexDocument @ 559 (1168 bytes)
Event: 30.956 Thread 0x000001c4dea28090 12013       3       org.eclipse.jdt.ls.core.internal.handlers.ProgressReporterManager$ProgressReporter::isDone (29 bytes)
Event: 30.956 Thread 0x000001c4dea28090 nmethod 12013 0x000001c4cf262e90 code [0x000001c4cf263040, 0x000001c4cf263230]
Event: 30.956 Thread 0x000001c4dea28090 12014       3       org.eclipse.core.internal.resources.OS::isNameValid (126 bytes)
Event: 30.958 Thread 0x000001c4dea28090 nmethod 12014 0x000001c4cf263310 code [0x000001c4cf2636c0, 0x000001c4cf264a68]
Event: 30.961 Thread 0x000001c4dea28090 12016       3       org.eclipse.core.runtime.SubMonitor::newChild (7 bytes)
Event: 30.962 Thread 0x000001c4dea28090 nmethod 12016 0x000001c4cf265110 code [0x000001c4cf2652c0, 0x000001c4cf265400]
Event: 31.146 Thread 0x000001c4dea28090 12024       1       sun.nio.fs.WindowsFileAttributes::size (5 bytes)
Event: 31.146 Thread 0x000001c4dea28090 nmethod 12024 0x000001c4d586cf10 code [0x000001c4d586d0a0, 0x000001c4d586d168]
Event: 31.187 Thread 0x000001c4dea28090 12025       3       org.eclipse.jdt.internal.core.builder.ClasspathJar::isPackage (55 bytes)
Event: 31.187 Thread 0x000001c4dea28090 nmethod 12025 0x000001c4cf265490 code [0x000001c4cf2656a0, 0x000001c4cf265b80]

GC Heap History (20 events):
Event: 29.444 GC heap before
{Heap before GC invocations=67 (full 3):
 PSYoungGen      total 8192K, used 7986K [0x00000000eab00000, 0x00000000eb480000, 0x0000000100000000)
  eden space 6656K, 100% used [0x00000000eab00000,0x00000000eb180000,0x00000000eb180000)
  from space 1536K, 86% used [0x00000000eb180000,0x00000000eb2ccaf0,0x00000000eb300000)
  to   space 1536K, 0% used [0x00000000eb300000,0x00000000eb300000,0x00000000eb480000)
 ParOldGen       total 102912K, used 100359K [0x00000000c0000000, 0x00000000c6480000, 0x00000000eab00000)
  object space 102912K, 97% used [0x00000000c0000000,0x00000000c6201df0,0x00000000c6480000)
 Metaspace       used 60037K, committed 61312K, reserved 1114112K
  class space    used 6025K, committed 6592K, reserved 1048576K
}
Event: 29.448 GC heap after
{Heap after GC invocations=67 (full 3):
 PSYoungGen      total 7680K, used 1532K [0x00000000eab00000, 0x00000000eb580000, 0x0000000100000000)
  eden space 6144K, 0% used [0x00000000eab00000,0x00000000eab00000,0x00000000eb100000)
  from space 1536K, 99% used [0x00000000eb300000,0x00000000eb47f198,0x00000000eb480000)
  to   space 2048K, 0% used [0x00000000eb100000,0x00000000eb100000,0x00000000eb300000)
 ParOldGen       total 102912K, used 101596K [0x00000000c0000000, 0x00000000c6480000, 0x00000000eab00000)
  object space 102912K, 98% used [0x00000000c0000000,0x00000000c6337148,0x00000000c6480000)
 Metaspace       used 60037K, committed 61312K, reserved 1114112K
  class space    used 6025K, committed 6592K, reserved 1048576K
}
Event: 29.615 GC heap before
{Heap before GC invocations=68 (full 3):
 PSYoungGen      total 7680K, used 7670K [0x00000000eab00000, 0x00000000eb580000, 0x0000000100000000)
  eden space 6144K, 99% used [0x00000000eab00000,0x00000000eb0fe918,0x00000000eb100000)
  from space 1536K, 99% used [0x00000000eb300000,0x00000000eb47f198,0x00000000eb480000)
  to   space 2048K, 0% used [0x00000000eb100000,0x00000000eb100000,0x00000000eb300000)
 ParOldGen       total 102912K, used 101596K [0x00000000c0000000, 0x00000000c6480000, 0x00000000eab00000)
  object space 102912K, 98% used [0x00000000c0000000,0x00000000c6337148,0x00000000c6480000)
 Metaspace       used 60092K, committed 61376K, reserved 1114112K
  class space    used 6027K, committed 6592K, reserved 1048576K
}
Event: 29.618 GC heap after
{Heap after GC invocations=68 (full 3):
 PSYoungGen      total 7680K, used 1216K [0x00000000eab00000, 0x00000000eb400000, 0x0000000100000000)
  eden space 6144K, 0% used [0x00000000eab00000,0x00000000eab00000,0x00000000eb100000)
  from space 1536K, 79% used [0x00000000eb100000,0x00000000eb230010,0x00000000eb280000)
  to   space 1536K, 0% used [0x00000000eb280000,0x00000000eb280000,0x00000000eb400000)
 ParOldGen       total 103424K, used 103005K [0x00000000c0000000, 0x00000000c6500000, 0x00000000eab00000)
  object space 103424K, 99% used [0x00000000c0000000,0x00000000c6497618,0x00000000c6500000)
 Metaspace       used 60092K, committed 61376K, reserved 1114112K
  class space    used 6027K, committed 6592K, reserved 1048576K
}
Event: 29.698 GC heap before
{Heap before GC invocations=69 (full 3):
 PSYoungGen      total 7680K, used 7360K [0x00000000eab00000, 0x00000000eb400000, 0x0000000100000000)
  eden space 6144K, 100% used [0x00000000eab00000,0x00000000eb100000,0x00000000eb100000)
  from space 1536K, 79% used [0x00000000eb100000,0x00000000eb230010,0x00000000eb280000)
  to   space 1536K, 0% used [0x00000000eb280000,0x00000000eb280000,0x00000000eb400000)
 ParOldGen       total 103424K, used 103005K [0x00000000c0000000, 0x00000000c6500000, 0x00000000eab00000)
  object space 103424K, 99% used [0x00000000c0000000,0x00000000c6497618,0x00000000c6500000)
 Metaspace       used 60169K, committed 61504K, reserved 1114112K
  class space    used 6028K, committed 6592K, reserved 1048576K
}
Event: 29.701 GC heap after
{Heap after GC invocations=69 (full 3):
 PSYoungGen      total 7680K, used 1289K [0x00000000eab00000, 0x00000000eb400000, 0x0000000100000000)
  eden space 6144K, 0% used [0x00000000eab00000,0x00000000eab00000,0x00000000eb100000)
  from space 1536K, 83% used [0x00000000eb280000,0x00000000eb3c2588,0x00000000eb400000)
  to   space 1536K, 0% used [0x00000000eb100000,0x00000000eb100000,0x00000000eb280000)
 ParOldGen       total 104448K, used 104137K [0x00000000c0000000, 0x00000000c6600000, 0x00000000eab00000)
  object space 104448K, 99% used [0x00000000c0000000,0x00000000c65b2520,0x00000000c6600000)
 Metaspace       used 60169K, committed 61504K, reserved 1114112K
  class space    used 6028K, committed 6592K, reserved 1048576K
}
Event: 29.851 GC heap before
{Heap before GC invocations=70 (full 3):
 PSYoungGen      total 7680K, used 7433K [0x00000000eab00000, 0x00000000eb400000, 0x0000000100000000)
  eden space 6144K, 100% used [0x00000000eab00000,0x00000000eb100000,0x00000000eb100000)
  from space 1536K, 83% used [0x00000000eb280000,0x00000000eb3c2588,0x00000000eb400000)
  to   space 1536K, 0% used [0x00000000eb100000,0x00000000eb100000,0x00000000eb280000)
 ParOldGen       total 104448K, used 104137K [0x00000000c0000000, 0x00000000c6600000, 0x00000000eab00000)
  object space 104448K, 99% used [0x00000000c0000000,0x00000000c65b2520,0x00000000c6600000)
 Metaspace       used 60216K, committed 61504K, reserved 1114112K
  class space    used 6028K, committed 6592K, reserved 1048576K
}
Event: 29.857 GC heap after
{Heap after GC invocations=70 (full 3):
 PSYoungGen      total 7680K, used 1104K [0x00000000eab00000, 0x00000000eb400000, 0x0000000100000000)
  eden space 6144K, 0% used [0x00000000eab00000,0x00000000eab00000,0x00000000eb100000)
  from space 1536K, 71% used [0x00000000eb100000,0x00000000eb214268,0x00000000eb280000)
  to   space 1536K, 0% used [0x00000000eb280000,0x00000000eb280000,0x00000000eb400000)
 ParOldGen       total 105472K, used 105335K [0x00000000c0000000, 0x00000000c6700000, 0x00000000eab00000)
  object space 105472K, 99% used [0x00000000c0000000,0x00000000c66ddef0,0x00000000c6700000)
 Metaspace       used 60216K, committed 61504K, reserved 1114112K
  class space    used 6028K, committed 6592K, reserved 1048576K
}
Event: 30.027 GC heap before
{Heap before GC invocations=71 (full 3):
 PSYoungGen      total 7680K, used 7248K [0x00000000eab00000, 0x00000000eb400000, 0x0000000100000000)
  eden space 6144K, 100% used [0x00000000eab00000,0x00000000eb100000,0x00000000eb100000)
  from space 1536K, 71% used [0x00000000eb100000,0x00000000eb214268,0x00000000eb280000)
  to   space 1536K, 0% used [0x00000000eb280000,0x00000000eb280000,0x00000000eb400000)
 ParOldGen       total 105472K, used 105335K [0x00000000c0000000, 0x00000000c6700000, 0x00000000eab00000)
  object space 105472K, 99% used [0x00000000c0000000,0x00000000c66ddef0,0x00000000c6700000)
 Metaspace       used 60297K, committed 61568K, reserved 1114112K
  class space    used 6028K, committed 6592K, reserved 1048576K
}
Event: 30.030 GC heap after
{Heap after GC invocations=71 (full 3):
 PSYoungGen      total 7680K, used 992K [0x00000000eab00000, 0x00000000eb400000, 0x0000000100000000)
  eden space 6144K, 0% used [0x00000000eab00000,0x00000000eab00000,0x00000000eb100000)
  from space 1536K, 64% used [0x00000000eb280000,0x00000000eb378000,0x00000000eb400000)
  to   space 1536K, 0% used [0x00000000eb100000,0x00000000eb100000,0x00000000eb280000)
 ParOldGen       total 106496K, used 106322K [0x00000000c0000000, 0x00000000c6800000, 0x00000000eab00000)
  object space 106496K, 99% used [0x00000000c0000000,0x00000000c67d4bd0,0x00000000c6800000)
 Metaspace       used 60297K, committed 61568K, reserved 1114112K
  class space    used 6028K, committed 6592K, reserved 1048576K
}
Event: 30.193 GC heap before
{Heap before GC invocations=72 (full 3):
 PSYoungGen      total 7680K, used 7136K [0x00000000eab00000, 0x00000000eb400000, 0x0000000100000000)
  eden space 6144K, 100% used [0x00000000eab00000,0x00000000eb100000,0x00000000eb100000)
  from space 1536K, 64% used [0x00000000eb280000,0x00000000eb378000,0x00000000eb400000)
  to   space 1536K, 0% used [0x00000000eb100000,0x00000000eb100000,0x00000000eb280000)
 ParOldGen       total 106496K, used 106322K [0x00000000c0000000, 0x00000000c6800000, 0x00000000eab00000)
  object space 106496K, 99% used [0x00000000c0000000,0x00000000c67d4bd0,0x00000000c6800000)
 Metaspace       used 60345K, committed 61632K, reserved 1114112K
  class space    used 6028K, committed 6592K, reserved 1048576K
}
Event: 30.195 GC heap after
{Heap after GC invocations=72 (full 3):
 PSYoungGen      total 7680K, used 1179K [0x00000000eab00000, 0x00000000eb400000, 0x0000000100000000)
  eden space 6144K, 0% used [0x00000000eab00000,0x00000000eab00000,0x00000000eb100000)
  from space 1536K, 76% used [0x00000000eb100000,0x00000000eb226c98,0x00000000eb280000)
  to   space 1536K, 0% used [0x00000000eb280000,0x00000000eb280000,0x00000000eb400000)
 ParOldGen       total 107520K, used 107188K [0x00000000c0000000, 0x00000000c6900000, 0x00000000eab00000)
  object space 107520K, 99% used [0x00000000c0000000,0x00000000c68ad168,0x00000000c6900000)
 Metaspace       used 60345K, committed 61632K, reserved 1114112K
  class space    used 6028K, committed 6592K, reserved 1048576K
}
Event: 30.573 GC heap before
{Heap before GC invocations=73 (full 3):
 PSYoungGen      total 7680K, used 7323K [0x00000000eab00000, 0x00000000eb400000, 0x0000000100000000)
  eden space 6144K, 100% used [0x00000000eab00000,0x00000000eb100000,0x00000000eb100000)
  from space 1536K, 76% used [0x00000000eb100000,0x00000000eb226c98,0x00000000eb280000)
  to   space 1536K, 0% used [0x00000000eb280000,0x00000000eb280000,0x00000000eb400000)
 ParOldGen       total 107520K, used 107188K [0x00000000c0000000, 0x00000000c6900000, 0x00000000eab00000)
  object space 107520K, 99% used [0x00000000c0000000,0x00000000c68ad168,0x00000000c6900000)
 Metaspace       used 60417K, committed 61696K, reserved 1114112K
  class space    used 6028K, committed 6592K, reserved 1048576K
}
Event: 30.577 GC heap after
{Heap after GC invocations=73 (full 3):
 PSYoungGen      total 7168K, used 928K [0x00000000eab00000, 0x00000000eb380000, 0x0000000100000000)
  eden space 6144K, 0% used [0x00000000eab00000,0x00000000eab00000,0x00000000eb100000)
  from space 1024K, 90% used [0x00000000eb280000,0x00000000eb368000,0x00000000eb380000)
  to   space 1024K, 0% used [0x00000000eb180000,0x00000000eb180000,0x00000000eb280000)
 ParOldGen       total 108544K, used 108263K [0x00000000c0000000, 0x00000000c6a00000, 0x00000000eab00000)
  object space 108544K, 99% used [0x00000000c0000000,0x00000000c69b9e38,0x00000000c6a00000)
 Metaspace       used 60417K, committed 61696K, reserved 1114112K
  class space    used 6028K, committed 6592K, reserved 1048576K
}
Event: 30.780 GC heap before
{Heap before GC invocations=74 (full 3):
 PSYoungGen      total 7168K, used 7050K [0x00000000eab00000, 0x00000000eb380000, 0x0000000100000000)
  eden space 6144K, 99% used [0x00000000eab00000,0x00000000eb0fab28,0x00000000eb100000)
  from space 1024K, 90% used [0x00000000eb280000,0x00000000eb368000,0x00000000eb380000)
  to   space 1024K, 0% used [0x00000000eb180000,0x00000000eb180000,0x00000000eb280000)
 ParOldGen       total 108544K, used 108263K [0x00000000c0000000, 0x00000000c6a00000, 0x00000000eab00000)
  object space 108544K, 99% used [0x00000000c0000000,0x00000000c69b9e38,0x00000000c6a00000)
 Metaspace       used 60479K, committed 61760K, reserved 1114112K
  class space    used 6032K, committed 6592K, reserved 1048576K
}
Event: 30.784 GC heap after
{Heap after GC invocations=74 (full 3):
 PSYoungGen      total 7168K, used 1009K [0x00000000eab00000, 0x00000000eb600000, 0x0000000100000000)
  eden space 6144K, 0% used [0x00000000eab00000,0x00000000eab00000,0x00000000eb100000)
  from space 1024K, 98% used [0x00000000eb180000,0x00000000eb27c5a0,0x00000000eb280000)
  to   space 2560K, 0% used [0x00000000eb380000,0x00000000eb380000,0x00000000eb600000)
 ParOldGen       total 109568K, used 109226K [0x00000000c0000000, 0x00000000c6b00000, 0x00000000eab00000)
  object space 109568K, 99% used [0x00000000c0000000,0x00000000c6aaaba8,0x00000000c6b00000)
 Metaspace       used 60479K, committed 61760K, reserved 1114112K
  class space    used 6032K, committed 6592K, reserved 1048576K
}
Event: 30.999 GC heap before
{Heap before GC invocations=75 (full 3):
 PSYoungGen      total 7168K, used 7153K [0x00000000eab00000, 0x00000000eb600000, 0x0000000100000000)
  eden space 6144K, 100% used [0x00000000eab00000,0x00000000eb100000,0x00000000eb100000)
  from space 1024K, 98% used [0x00000000eb180000,0x00000000eb27c5a0,0x00000000eb280000)
  to   space 2560K, 0% used [0x00000000eb380000,0x00000000eb380000,0x00000000eb600000)
 ParOldGen       total 109568K, used 109226K [0x00000000c0000000, 0x00000000c6b00000, 0x00000000eab00000)
  object space 109568K, 99% used [0x00000000c0000000,0x00000000c6aaaba8,0x00000000c6b00000)
 Metaspace       used 60650K, committed 61952K, reserved 1114112K
  class space    used 6041K, committed 6656K, reserved 1048576K
}
Event: 31.003 GC heap after
{Heap after GC invocations=75 (full 3):
 PSYoungGen      total 7680K, used 1436K [0x00000000eab00000, 0x00000000eb500000, 0x0000000100000000)
  eden space 6144K, 0% used [0x00000000eab00000,0x00000000eab00000,0x00000000eb100000)
  from space 1536K, 93% used [0x00000000eb380000,0x00000000eb4e7330,0x00000000eb500000)
  to   space 2048K, 0% used [0x00000000eb100000,0x00000000eb100000,0x00000000eb300000)
 ParOldGen       total 110592K, used 110194K [0x00000000c0000000, 0x00000000c6c00000, 0x00000000eab00000)
  object space 110592K, 99% used [0x00000000c0000000,0x00000000c6b9c980,0x00000000c6c00000)
 Metaspace       used 60650K, committed 61952K, reserved 1114112K
  class space    used 6041K, committed 6656K, reserved 1048576K
}
Event: 31.101 GC heap before
{Heap before GC invocations=76 (full 3):
 PSYoungGen      total 7680K, used 7580K [0x00000000eab00000, 0x00000000eb500000, 0x0000000100000000)
  eden space 6144K, 100% used [0x00000000eab00000,0x00000000eb100000,0x00000000eb100000)
  from space 1536K, 93% used [0x00000000eb380000,0x00000000eb4e7330,0x00000000eb500000)
  to   space 2048K, 0% used [0x00000000eb100000,0x00000000eb100000,0x00000000eb300000)
 ParOldGen       total 110592K, used 110194K [0x00000000c0000000, 0x00000000c6c00000, 0x00000000eab00000)
  object space 110592K, 99% used [0x00000000c0000000,0x00000000c6b9c980,0x00000000c6c00000)
 Metaspace       used 60650K, committed 61952K, reserved 1114112K
  class space    used 6041K, committed 6656K, reserved 1048576K
}
Event: 31.104 GC heap after
{Heap after GC invocations=76 (full 3):
 PSYoungGen      total 8192K, used 2030K [0x00000000eab00000, 0x00000000eba00000, 0x0000000100000000)
  eden space 6144K, 0% used [0x00000000eab00000,0x00000000eab00000,0x00000000eb100000)
  from space 2048K, 99% used [0x00000000eb100000,0x00000000eb2fb8d0,0x00000000eb300000)
  to   space 4608K, 0% used [0x00000000eb580000,0x00000000eb580000,0x00000000eba00000)
 ParOldGen       total 112640K, used 112304K [0x00000000c0000000, 0x00000000c6e00000, 0x00000000eab00000)
  object space 112640K, 99% used [0x00000000c0000000,0x00000000c6dac018,0x00000000c6e00000)
 Metaspace       used 60650K, committed 61952K, reserved 1114112K
  class space    used 6041K, committed 6656K, reserved 1048576K
}

Dll operation events (10 events):
Event: 0.064 Loaded shared library c:\Users\ADMIN\.vscode\extensions\redhat.java-1.42.0-win32-x64\jre\21.0.7-win32-x86_64\bin\java.dll
Event: 0.353 Loaded shared library c:\Users\ADMIN\.vscode\extensions\redhat.java-1.42.0-win32-x64\jre\21.0.7-win32-x86_64\bin\zip.dll
Event: 0.503 Loaded shared library C:\Users\ADMIN\.vscode\extensions\redhat.java-1.42.0-win32-x64\jre\21.0.7-win32-x86_64\bin\instrument.dll
Event: 0.515 Loaded shared library C:\Users\ADMIN\.vscode\extensions\redhat.java-1.42.0-win32-x64\jre\21.0.7-win32-x86_64\bin\net.dll
Event: 0.520 Loaded shared library C:\Users\ADMIN\.vscode\extensions\redhat.java-1.42.0-win32-x64\jre\21.0.7-win32-x86_64\bin\nio.dll
Event: 0.528 Loaded shared library C:\Users\ADMIN\.vscode\extensions\redhat.java-1.42.0-win32-x64\jre\21.0.7-win32-x86_64\bin\zip.dll
Event: 0.567 Loaded shared library C:\Users\ADMIN\.vscode\extensions\redhat.java-1.42.0-win32-x64\jre\21.0.7-win32-x86_64\bin\jimage.dll
Event: 1.026 Loaded shared library c:\Users\ADMIN\.vscode\extensions\redhat.java-1.42.0-win32-x64\jre\21.0.7-win32-x86_64\bin\verify.dll
Event: 3.832 Loaded shared library C:\Users\ADMIN\AppData\Roaming\Code\User\globalStorage\redhat.java\1.42.0\config_win\org.eclipse.equinox.launcher\org.eclipse.equinox.launcher.win32.win32.x86_64_1.2.1300.v20250331-1702\eclipse_11911.dll
Event: 9.918 Loaded shared library C:\Users\ADMIN\AppData\Local\Temp\jna-62130991\jna9766172843876328295.dll

Deoptimization events (20 events):
Event: 30.459 Thread 0x000001c4e4f285a0 Uncommon trap: trap_request=0xffffff45 fr.pc=0x000001c4d56ee378 relative=0x0000000000000238
Event: 30.460 Thread 0x000001c4e4f285a0 Uncommon trap: reason=unstable_if action=reinterpret pc=0x000001c4d56ee378 method=java.util.HashMap.getNode(Ljava/lang/Object;)Ljava/util/HashMap$Node; @ 85 c2
Event: 30.460 Thread 0x000001c4e4f285a0 DEOPT PACKING pc=0x000001c4d56ee378 sp=0x00000081ec7fe090
Event: 30.460 Thread 0x000001c4e4f285a0 DEOPT UNPACKING pc=0x000001c4d4df6da2 sp=0x00000081ec7fe010 mode 2
Event: 30.970 Thread 0x000001c4e68ce680 Uncommon trap: trap_request=0xffffffc6 fr.pc=0x000001c4d5778ca0 relative=0x0000000000000f20
Event: 30.970 Thread 0x000001c4e68ce680 Uncommon trap: reason=bimorphic_or_optimized_type_check action=maybe_recompile pc=0x000001c4d5778ca0 method=org.eclipse.jdt.internal.core.builder.ClasspathLocation.getModulesDeclaringPackage(Ljava/lang/String;Ljava/lang/String;)[[C @ 4 c2
Event: 30.970 Thread 0x000001c4e68ce680 DEOPT PACKING pc=0x000001c4d5778ca0 sp=0x00000081eb7fe2c0
Event: 30.970 Thread 0x000001c4e68ce680 DEOPT UNPACKING pc=0x000001c4d4df6da2 sp=0x00000081eb7fe2b0 mode 2
Event: 30.970 Thread 0x000001c4e68ce680 Uncommon trap: trap_request=0xffffffc6 fr.pc=0x000001c4d5778ca0 relative=0x0000000000000f20
Event: 30.970 Thread 0x000001c4e68ce680 Uncommon trap: reason=bimorphic_or_optimized_type_check action=maybe_recompile pc=0x000001c4d5778ca0 method=org.eclipse.jdt.internal.core.builder.ClasspathLocation.getModulesDeclaringPackage(Ljava/lang/String;Ljava/lang/String;)[[C @ 4 c2
Event: 30.970 Thread 0x000001c4e68ce680 DEOPT PACKING pc=0x000001c4d5778ca0 sp=0x00000081eb7fe2c0
Event: 30.970 Thread 0x000001c4e68ce680 DEOPT UNPACKING pc=0x000001c4d4df6da2 sp=0x00000081eb7fe2b0 mode 2
Event: 30.971 Thread 0x000001c4e68ce680 Uncommon trap: trap_request=0xffffff45 fr.pc=0x000001c4d5778b48 relative=0x0000000000000dc8
Event: 30.971 Thread 0x000001c4e68ce680 Uncommon trap: reason=unstable_if action=reinterpret pc=0x000001c4d5778b48 method=org.eclipse.jdt.internal.core.builder.ClasspathJar.isPackage(Ljava/lang/String;Ljava/lang/String;)Z @ 36 c2
Event: 30.971 Thread 0x000001c4e68ce680 DEOPT PACKING pc=0x000001c4d5778b48 sp=0x00000081eb7fe2c0
Event: 30.971 Thread 0x000001c4e68ce680 DEOPT UNPACKING pc=0x000001c4d4df6da2 sp=0x00000081eb7fe250 mode 2
Event: 30.972 Thread 0x000001c4e68ce680 Uncommon trap: trap_request=0xffffff45 fr.pc=0x000001c4d5775d94 relative=0x00000000000006f4
Event: 30.972 Thread 0x000001c4e68ce680 Uncommon trap: reason=unstable_if action=reinterpret pc=0x000001c4d5775d94 method=org.eclipse.jdt.internal.core.builder.ClasspathJar.isPackage(Ljava/lang/String;Ljava/lang/String;)Z @ 36 c2
Event: 30.972 Thread 0x000001c4e68ce680 DEOPT PACKING pc=0x000001c4d5775d94 sp=0x00000081eb7fe280
Event: 30.972 Thread 0x000001c4e68ce680 DEOPT UNPACKING pc=0x000001c4d4df6da2 sp=0x00000081eb7fe240 mode 2

Classes loaded (20 events):
Event: 21.806 Loading class java/nio/file/attribute/PosixFileAttributes
Event: 21.808 Loading class java/nio/file/attribute/PosixFileAttributes done
Event: 21.843 Loading class java/nio/file/attribute/PosixFileAttributeView
Event: 21.843 Loading class java/nio/file/attribute/PosixFileAttributeView done
Event: 22.035 Loading class java/nio/file/DirectoryIteratorException
Event: 22.035 Loading class java/nio/file/DirectoryIteratorException done
Event: 23.099 Loading class java/nio/file/FileTreeIterator
Event: 23.100 Loading class java/nio/file/FileTreeIterator done
Event: 27.109 Loading class jdk/internal/module/IllegalAccessLogger
Event: 27.109 Loading class jdk/internal/module/IllegalAccessLogger done
Event: 27.183 Loading class java/util/stream/ReferencePipeline$4
Event: 27.183 Loading class java/util/stream/ReferencePipeline$4 done
Event: 27.184 Loading class java/util/stream/Nodes$IntFixedNodeBuilder
Event: 27.185 Loading class java/util/stream/Node$Builder$OfInt
Event: 27.185 Loading class java/util/stream/Node$Builder$OfInt done
Event: 27.186 Loading class java/util/stream/Nodes$IntArrayNode
Event: 27.186 Loading class java/util/stream/Nodes$IntArrayNode done
Event: 27.186 Loading class java/util/stream/Nodes$IntFixedNodeBuilder done
Event: 27.188 Loading class java/util/stream/ReferencePipeline$4$1
Event: 27.188 Loading class java/util/stream/ReferencePipeline$4$1 done

Classes unloaded (7 events):
Event: 11.405 Thread 0x000001c4c84ce880 Unloading class 0x000001c4811a4400 'java/lang/invoke/LambdaForm$MH+0x000001c4811a4400'
Event: 11.405 Thread 0x000001c4c84ce880 Unloading class 0x000001c4811a4000 'java/lang/invoke/LambdaForm$MH+0x000001c4811a4000'
Event: 11.405 Thread 0x000001c4c84ce880 Unloading class 0x000001c4811a3c00 'java/lang/invoke/LambdaForm$MH+0x000001c4811a3c00'
Event: 11.405 Thread 0x000001c4c84ce880 Unloading class 0x000001c4811a3800 'java/lang/invoke/LambdaForm$MH+0x000001c4811a3800'
Event: 11.405 Thread 0x000001c4c84ce880 Unloading class 0x000001c4811a3400 'java/lang/invoke/LambdaForm$BMH+0x000001c4811a3400'
Event: 11.405 Thread 0x000001c4c84ce880 Unloading class 0x000001c4811a3000 'java/lang/invoke/LambdaForm$DMH+0x000001c4811a3000'
Event: 11.405 Thread 0x000001c4c84ce880 Unloading class 0x000001c4811a1c00 'java/lang/invoke/LambdaForm$DMH+0x000001c4811a1c00'

Classes redefined (0 events):
No events

Internal exceptions (20 events):
Event: 19.146 Thread 0x000001c4e68ce680 Implicit null exception at 0x000001c4d5614eb7 to 0x000001c4d5615870
Event: 20.030 Thread 0x000001c4e49b65c0 Implicit null exception at 0x000001c4d5625cda to 0x000001c4d5625dd8
Event: 20.820 Thread 0x000001c4e68ce680 Exception <a 'java/lang/NoSuchMethodError'{0x00000000eb8aa8e0}: 'int java.lang.invoke.DirectMethodHandle$Holder.invokeSpecialIFC(java.lang.Object, java.lang.Object, java.lang.Object)'> (0x00000000eb8aa8e0) 
thrown [s\src\hotspot\share\interpreter\linkResolver.cpp, line 773]
Event: 21.746 Thread 0x000001c4e68ce680 Exception <a 'java/lang/NoSuchMethodError'{0x00000000eb30bb28}: 'java.lang.Object java.lang.invoke.DirectMethodHandle$Holder.newInvokeSpecial(java.lang.Object, java.lang.Object, int, int, java.lang.Object)'> (0x00000000eb30bb28) 
thrown [s\src\hotspot\share\interpreter\linkResolver.cpp, line 773]
Event: 21.756 Thread 0x000001c4e68ce680 Exception <a 'sun/nio/fs/WindowsException'{0x00000000eb318db8}> (0x00000000eb318db8) 
thrown [s\src\hotspot\share\prims\jni.cpp, line 520]
Event: 21.756 Thread 0x000001c4e68ce680 Exception <a 'sun/nio/fs/WindowsException'{0x00000000eb3193e8}> (0x00000000eb3193e8) 
thrown [s\src\hotspot\share\prims\jni.cpp, line 520]
Event: 22.379 Thread 0x000001c4e68ce680 Exception <a 'sun/nio/fs/WindowsException'{0x00000000eb2f14e8}> (0x00000000eb2f14e8) 
thrown [s\src\hotspot\share\prims\jni.cpp, line 520]
Event: 22.381 Thread 0x000001c4e68d3bd0 Exception <a 'sun/nio/fs/WindowsException'{0x00000000eb2f6f70}> (0x00000000eb2f6f70) 
thrown [s\src\hotspot\share\prims\jni.cpp, line 520]
Event: 22.382 Thread 0x000001c4e68d2820 Exception <a 'sun/nio/fs/WindowsException'{0x00000000eb2f93f8}> (0x00000000eb2f93f8) 
thrown [s\src\hotspot\share\prims\jni.cpp, line 520]
Event: 22.383 Thread 0x000001c4e68d2190 Exception <a 'sun/nio/fs/WindowsException'{0x00000000eb2fdcc8}> (0x00000000eb2fdcc8) 
thrown [s\src\hotspot\share\prims\jni.cpp, line 520]
Event: 22.383 Thread 0x000001c4e68d0750 Exception <a 'sun/nio/fs/WindowsException'{0x00000000eb2fff10}> (0x00000000eb2fff10) 
thrown [s\src\hotspot\share\prims\jni.cpp, line 520]
Event: 24.278 Thread 0x000001c4e68ce680 Implicit null exception at 0x000001c4d574b825 to 0x000001c4d574bb90
Event: 26.289 Thread 0x000001c4e49b65c0 Implicit null exception at 0x000001c4d5799333 to 0x000001c4d579d7d4
Event: 26.328 Thread 0x000001c4e68ce680 Implicit null exception at 0x000001c4d55fd3d5 to 0x000001c4d55fd594
Event: 27.144 Thread 0x000001c4e4f285a0 Implicit null exception at 0x000001c4d56ff981 to 0x000001c4d56ffcbc
Event: 27.173 Thread 0x000001c4e4f285a0 Exception <a 'java/lang/NoSuchMethodError'{0x00000000ead087e0}: 'void java.lang.invoke.DirectMethodHandle$Holder.invokeStatic(java.lang.Object, int, java.lang.Object)'> (0x00000000ead087e0) 
thrown [s\src\hotspot\share\interpreter\linkResolver.cpp, line 773]
Event: 27.309 Thread 0x000001c4e49b65c0 Implicit null exception at 0x000001c4d57c2e00 to 0x000001c4d57c7588
Event: 30.941 Thread 0x000001c4e68ce680 Exception <a 'sun/nio/fs/WindowsException'{0x00000000eae20350}> (0x00000000eae20350) 
thrown [s\src\hotspot\share\prims\jni.cpp, line 520]
Event: 30.945 Thread 0x000001c4e68d3bd0 Exception <a 'sun/nio/fs/WindowsException'{0x00000000eae8b680}> (0x00000000eae8b680) 
thrown [s\src\hotspot\share\prims\jni.cpp, line 520]
Event: 30.946 Thread 0x000001c4e68d3bd0 Exception <a 'sun/nio/fs/WindowsException'{0x00000000eae8c790}> (0x00000000eae8c790) 
thrown [s\src\hotspot\share\prims\jni.cpp, line 520]

ZGC Phase Switch (0 events):
No events

VM Operations (20 events):
Event: 29.444 Executing VM operation: ParallelGCFailedAllocation (Allocation Failure)
Event: 29.448 Executing VM operation: ParallelGCFailedAllocation (Allocation Failure) done
Event: 29.614 Executing VM operation: ParallelGCFailedAllocation (Allocation Failure)
Event: 29.618 Executing VM operation: ParallelGCFailedAllocation (Allocation Failure) done
Event: 29.698 Executing VM operation: ParallelGCFailedAllocation (Allocation Failure)
Event: 29.701 Executing VM operation: ParallelGCFailedAllocation (Allocation Failure) done
Event: 29.829 Executing VM operation: ParallelGCFailedAllocation (Allocation Failure)
Event: 29.857 Executing VM operation: ParallelGCFailedAllocation (Allocation Failure) done
Event: 30.027 Executing VM operation: ParallelGCFailedAllocation (Allocation Failure)
Event: 30.030 Executing VM operation: ParallelGCFailedAllocation (Allocation Failure) done
Event: 30.192 Executing VM operation: ParallelGCFailedAllocation (Allocation Failure)
Event: 30.195 Executing VM operation: ParallelGCFailedAllocation (Allocation Failure) done
Event: 30.527 Executing VM operation: ParallelGCFailedAllocation (Allocation Failure)
Event: 30.577 Executing VM operation: ParallelGCFailedAllocation (Allocation Failure) done
Event: 30.766 Executing VM operation: ParallelGCFailedAllocation (Allocation Failure)
Event: 30.784 Executing VM operation: ParallelGCFailedAllocation (Allocation Failure) done
Event: 30.999 Executing VM operation: ParallelGCFailedAllocation (Allocation Failure)
Event: 31.003 Executing VM operation: ParallelGCFailedAllocation (Allocation Failure) done
Event: 31.088 Executing VM operation: ParallelGCFailedAllocation (Allocation Failure)
Event: 31.104 Executing VM operation: ParallelGCFailedAllocation (Allocation Failure) done

Memory protections (0 events):
No events

Nmethod flushes (20 events):
Event: 27.535 Thread 0x000001c4c84ce880 flushing  nmethod 0x000001c4ce25f390
Event: 27.535 Thread 0x000001c4c84ce880 flushing  nmethod 0x000001c4ce26a710
Event: 27.535 Thread 0x000001c4c84ce880 flushing  nmethod 0x000001c4ce272510
Event: 27.535 Thread 0x000001c4c84ce880 flushing  nmethod 0x000001c4ce2d8f10
Event: 27.535 Thread 0x000001c4c84ce880 flushing  nmethod 0x000001c4ce2da990
Event: 27.535 Thread 0x000001c4c84ce880 flushing  nmethod 0x000001c4ce2db990
Event: 27.535 Thread 0x000001c4c84ce880 flushing  nmethod 0x000001c4ce2dcf90
Event: 27.535 Thread 0x000001c4c84ce880 flushing  nmethod 0x000001c4ce2dd590
Event: 27.535 Thread 0x000001c4c84ce880 flushing  nmethod 0x000001c4ce2ddd90
Event: 27.535 Thread 0x000001c4c84ce880 flushing  nmethod 0x000001c4ce2df210
Event: 27.535 Thread 0x000001c4c84ce880 flushing  nmethod 0x000001c4ce2df690
Event: 27.535 Thread 0x000001c4c84ce880 flushing  nmethod 0x000001c4ce2e5b90
Event: 27.535 Thread 0x000001c4c84ce880 flushing  nmethod 0x000001c4ce2e7110
Event: 27.535 Thread 0x000001c4c84ce880 flushing  nmethod 0x000001c4ce2e7710
Event: 27.535 Thread 0x000001c4c84ce880 flushing  nmethod 0x000001c4ce2faa90
Event: 27.535 Thread 0x000001c4c84ce880 flushing  nmethod 0x000001c4ce2fb090
Event: 27.535 Thread 0x000001c4c84ce880 flushing  nmethod 0x000001c4ce300e10
Event: 27.535 Thread 0x000001c4c84ce880 flushing  nmethod 0x000001c4ce302c90
Event: 27.535 Thread 0x000001c4c84ce880 flushing  nmethod 0x000001c4ce320690
Event: 27.535 Thread 0x000001c4c84ce880 flushing  nmethod 0x000001c4ce34fa10

Events (20 events):
Event: 15.245 Thread 0x000001c4ca684c20 Thread added: 0x000001c4e68ced10
Event: 15.245 Thread 0x000001c4ca684c20 Thread added: 0x000001c4e68cd2d0
Event: 15.245 Thread 0x000001c4ca684c20 Thread added: 0x000001c4e68d3540
Event: 15.245 Thread 0x000001c4ca684c20 Thread added: 0x000001c4e68cdff0
Event: 15.283 Thread 0x000001c4ca684c20 Thread added: 0x000001c4e68d2eb0
Event: 15.380 Thread 0x000001c4e49b8690 Thread added: 0x000001c4e68cf3a0
Event: 15.447 Thread 0x000001c4e49b8690 Thread added: 0x000001c4e68cc5b0
Event: 15.451 Thread 0x000001c4e49b8690 Thread added: 0x000001c4e68d1470
Event: 15.943 Thread 0x000001c4ca684c20 Thread added: 0x000001c4e68cfa30
Event: 15.943 Thread 0x000001c4ca684c20 Thread added: 0x000001c4e68cd960
Event: 16.746 Thread 0x000001c4e4b0c700 Thread exited: 0x000001c4e4b0c700
Event: 18.777 Thread 0x000001c4e68ce680 Thread added: 0x000001c4e68d0750
Event: 18.808 Thread 0x000001c4e68d0750 Thread added: 0x000001c4e68d2190
Event: 18.818 Thread 0x000001c4e68d0750 Thread added: 0x000001c4e68d2820
Event: 18.820 Thread 0x000001c4e68d0750 Thread added: 0x000001c4e68d3bd0
Event: 19.159 Thread 0x000001c4e68ce680 Thread added: 0x000001c4e68ccc40
Event: 21.024 Thread 0x000001c4e68ce680 Thread added: 0x000001c4e4f285a0
Event: 21.747 Thread 0x000001c4e68ce680 Thread added: 0x000001c4e4f229c0
Event: 22.531 Thread 0x000001c4e68ce680 Thread added: 0x000001c4e4f21ca0
Event: 27.203 Thread 0x000001c4e68ce680 Thread added: 0x000001c4e4f26b60


Dynamic libraries:
0x00007ff738ed0000 - 0x00007ff738ede000 	c:\Users\ADMIN\.vscode\extensions\redhat.java-1.42.0-win32-x64\jre\21.0.7-win32-x86_64\bin\java.exe
0x00007ff99e170000 - 0x00007ff99e387000 	C:\WINDOWS\SYSTEM32\ntdll.dll
0x00007ff99d480000 - 0x00007ff99d544000 	C:\WINDOWS\System32\KERNEL32.DLL
0x00007ff99b5b0000 - 0x00007ff99b983000 	C:\WINDOWS\System32\KERNELBASE.dll
0x00007ff99bc60000 - 0x00007ff99bd71000 	C:\WINDOWS\System32\ucrtbase.dll
0x00007ff95dbc0000 - 0x00007ff95dbd8000 	c:\Users\ADMIN\.vscode\extensions\redhat.java-1.42.0-win32-x64\jre\21.0.7-win32-x86_64\bin\jli.dll
0x00007ff95bac0000 - 0x00007ff95bade000 	c:\Users\ADMIN\.vscode\extensions\redhat.java-1.42.0-win32-x64\jre\21.0.7-win32-x86_64\bin\VCRUNTIME140.dll
0x00007ff99c140000 - 0x00007ff99c2f1000 	C:\WINDOWS\System32\USER32.dll
0x00007ff980a40000 - 0x00007ff980cdb000 	C:\WINDOWS\WinSxS\amd64_microsoft.windows.common-controls_6595b64144ccf1df_6.0.22621.5262_none_2712bde373830908\COMCTL32.dll
0x00007ff99dff0000 - 0x00007ff99e097000 	C:\WINDOWS\System32\msvcrt.dll
0x00007ff99b500000 - 0x00007ff99b526000 	C:\WINDOWS\System32\win32u.dll
0x00007ff99c000000 - 0x00007ff99c029000 	C:\WINDOWS\System32\GDI32.dll
0x00007ff99b9c0000 - 0x00007ff99bae2000 	C:\WINDOWS\System32\gdi32full.dll
0x00007ff99b320000 - 0x00007ff99b3ba000 	C:\WINDOWS\System32\msvcp_win.dll
0x00007ff99cc20000 - 0x00007ff99cc51000 	C:\WINDOWS\System32\IMM32.DLL
0x00007ff97f0d0000 - 0x00007ff97f0dc000 	c:\Users\ADMIN\.vscode\extensions\redhat.java-1.42.0-win32-x64\jre\21.0.7-win32-x86_64\bin\vcruntime140_1.dll
0x00007ff9555e0000 - 0x00007ff95566d000 	c:\Users\ADMIN\.vscode\extensions\redhat.java-1.42.0-win32-x64\jre\21.0.7-win32-x86_64\bin\msvcp140.dll
0x00007ff93a370000 - 0x00007ff93b100000 	c:\Users\ADMIN\.vscode\extensions\redhat.java-1.42.0-win32-x64\jre\21.0.7-win32-x86_64\bin\server\jvm.dll
0x00007ff99dea0000 - 0x00007ff99df51000 	C:\WINDOWS\System32\ADVAPI32.dll
0x00007ff99d2f0000 - 0x00007ff99d397000 	C:\WINDOWS\System32\sechost.dll
0x00007ff99b990000 - 0x00007ff99b9b8000 	C:\WINDOWS\System32\bcrypt.dll
0x00007ff99d0e0000 - 0x00007ff99d1f4000 	C:\WINDOWS\System32\RPCRT4.dll
0x00007ff99e0b0000 - 0x00007ff99e121000 	C:\WINDOWS\System32\WS2_32.dll
0x00007ff99b130000 - 0x00007ff99b17d000 	C:\WINDOWS\SYSTEM32\POWRPROF.dll
0x00007ff996980000 - 0x00007ff9969b4000 	C:\WINDOWS\SYSTEM32\WINMM.dll
0x00007ff9967c0000 - 0x00007ff9967ca000 	C:\WINDOWS\SYSTEM32\VERSION.dll
0x00007ff99b110000 - 0x00007ff99b123000 	C:\WINDOWS\SYSTEM32\UMPDC.dll
0x00007ff99a260000 - 0x00007ff99a278000 	C:\WINDOWS\SYSTEM32\kernel.appcore.dll
0x00007ff97eab0000 - 0x00007ff97eaba000 	c:\Users\ADMIN\.vscode\extensions\redhat.java-1.42.0-win32-x64\jre\21.0.7-win32-x86_64\bin\jimage.dll
0x00007ff998c00000 - 0x00007ff998e32000 	C:\WINDOWS\SYSTEM32\DBGHELP.DLL
0x00007ff99c300000 - 0x00007ff99c693000 	C:\WINDOWS\System32\combase.dll
0x00007ff99d3a0000 - 0x00007ff99d477000 	C:\WINDOWS\System32\OLEAUT32.dll
0x00007ff979f40000 - 0x00007ff979f72000 	C:\WINDOWS\SYSTEM32\dbgcore.DLL
0x00007ff99b530000 - 0x00007ff99b5ab000 	C:\WINDOWS\System32\bcryptPrimitives.dll
0x00007ff9979d0000 - 0x00007ff9979df000 	c:\Users\ADMIN\.vscode\extensions\redhat.java-1.42.0-win32-x64\jre\21.0.7-win32-x86_64\bin\instrument.dll
0x00007ff955b90000 - 0x00007ff955baf000 	c:\Users\ADMIN\.vscode\extensions\redhat.java-1.42.0-win32-x64\jre\21.0.7-win32-x86_64\bin\java.dll
0x00007ff99d600000 - 0x00007ff99de9d000 	C:\WINDOWS\System32\SHELL32.dll
0x00007ff99b3c0000 - 0x00007ff99b4ff000 	C:\WINDOWS\System32\wintypes.dll
0x00007ff999150000 - 0x00007ff999a6d000 	C:\WINDOWS\SYSTEM32\windows.storage.dll
0x00007ff99c030000 - 0x00007ff99c13b000 	C:\WINDOWS\System32\SHCORE.dll
0x00007ff99d210000 - 0x00007ff99d276000 	C:\WINDOWS\System32\shlwapi.dll
0x00007ff99b190000 - 0x00007ff99b1bb000 	C:\WINDOWS\SYSTEM32\profapi.dll
0x00007ff955a20000 - 0x00007ff955a38000 	c:\Users\ADMIN\.vscode\extensions\redhat.java-1.42.0-win32-x64\jre\21.0.7-win32-x86_64\bin\zip.dll
0x00007ff97e620000 - 0x00007ff97e630000 	C:\Users\ADMIN\.vscode\extensions\redhat.java-1.42.0-win32-x64\jre\21.0.7-win32-x86_64\bin\net.dll
0x00007ff994810000 - 0x00007ff99493c000 	C:\WINDOWS\SYSTEM32\WINHTTP.dll
0x00007ff99a6e0000 - 0x00007ff99a74a000 	C:\WINDOWS\system32\mswsock.dll
0x00007ff951580000 - 0x00007ff951596000 	C:\Users\ADMIN\.vscode\extensions\redhat.java-1.42.0-win32-x64\jre\21.0.7-win32-x86_64\bin\nio.dll
0x00007ff996f00000 - 0x00007ff996f10000 	c:\Users\ADMIN\.vscode\extensions\redhat.java-1.42.0-win32-x64\jre\21.0.7-win32-x86_64\bin\verify.dll
0x00007ff9534d0000 - 0x00007ff953515000 	C:\Users\ADMIN\AppData\Roaming\Code\User\globalStorage\redhat.java\1.42.0\config_win\org.eclipse.equinox.launcher\org.eclipse.equinox.launcher.win32.win32.x86_64_1.2.1300.v20250331-1702\eclipse_11911.dll
0x00007ff99ca70000 - 0x00007ff99cc11000 	C:\WINDOWS\System32\ole32.dll
0x00007ff99a910000 - 0x00007ff99a92b000 	C:\WINDOWS\SYSTEM32\CRYPTSP.dll
0x00007ff99a1c0000 - 0x00007ff99a1f7000 	C:\WINDOWS\system32\rsaenh.dll
0x00007ff99a7a0000 - 0x00007ff99a7c8000 	C:\WINDOWS\SYSTEM32\USERENV.dll
0x00007ff99a900000 - 0x00007ff99a90c000 	C:\WINDOWS\SYSTEM32\CRYPTBASE.dll
0x00007ff999d10000 - 0x00007ff999d3d000 	C:\WINDOWS\SYSTEM32\IPHLPAPI.DLL
0x00007ff99d200000 - 0x00007ff99d209000 	C:\WINDOWS\System32\NSI.dll
0x00007ff9532a0000 - 0x00007ff9532e9000 	C:\Users\ADMIN\AppData\Local\Temp\jna-62130991\jna9766172843876328295.dll
0x00007ff99e0a0000 - 0x00007ff99e0a8000 	C:\WINDOWS\System32\PSAPI.DLL
0x00007ff9947a0000 - 0x00007ff9947b9000 	C:\WINDOWS\SYSTEM32\dhcpcsvc6.DLL
0x00007ff994630000 - 0x00007ff99464f000 	C:\WINDOWS\SYSTEM32\dhcpcsvc.DLL

dbghelp: loaded successfully - version: 4.0.5 - missing functions: none
symbol engine: initialized successfully - sym options: 0x614 - pdb path: .;c:\Users\ADMIN\.vscode\extensions\redhat.java-1.42.0-win32-x64\jre\21.0.7-win32-x86_64\bin;C:\WINDOWS\SYSTEM32;C:\WINDOWS\WinSxS\amd64_microsoft.windows.common-controls_6595b64144ccf1df_6.0.22621.5262_none_2712bde373830908;c:\Users\ADMIN\.vscode\extensions\redhat.java-1.42.0-win32-x64\jre\21.0.7-win32-x86_64\bin\server;C:\Users\ADMIN\AppData\Roaming\Code\User\globalStorage\redhat.java\1.42.0\config_win\org.eclipse.equinox.launcher\org.eclipse.equinox.launcher.win32.win32.x86_64_1.2.1300.v20250331-1702;C:\Users\ADMIN\AppData\Local\Temp\jna-62130991

VM Arguments:
jvm_args: --add-modules=ALL-SYSTEM --add-opens=java.base/java.util=ALL-UNNAMED --add-opens=java.base/java.lang=ALL-UNNAMED --add-opens=java.base/sun.nio.fs=ALL-UNNAMED -Declipse.application=org.eclipse.jdt.ls.core.id1 -Dosgi.bundles.defaultStartLevel=4 -Declipse.product=org.eclipse.jdt.ls.core.product -Djava.import.generatesMetadataFilesAtProjectRoot=false -DDetectVMInstallationsJob.disabled=true -Dfile.encoding=utf8 -XX:+UseParallelGC -XX:GCTimeRatio=4 -XX:AdaptiveSizePolicyWeight=90 -Dsun.zip.disableMemoryMapping=true -Xmx1G -Xms100m -Xlog:disable -javaagent:c:\Users\ADMIN\.vscode\extensions\redhat.java-1.42.0-win32-x64\lombok\lombok-1.18.36.jar -XX:+HeapDumpOnOutOfMemoryError -XX:HeapDumpPath=c:\Users\ADMIN\AppData\Roaming\Code\User\workspaceStorage\3aee1dc51a8e176d073eb485a32cd561\redhat.java -Daether.dependencyCollector.impl=bf 
java_command: c:\Users\ADMIN\.vscode\extensions\redhat.java-1.42.0-win32-x64\server\plugins\org.eclipse.equinox.launcher_1.7.0.v20250424-1814.jar -configuration c:\Users\ADMIN\AppData\Roaming\Code\User\globalStorage\redhat.java\1.42.0\config_win -data c:\Users\ADMIN\AppData\Roaming\Code\User\workspaceStorage\3aee1dc51a8e176d073eb485a32cd561\redhat.java\jdt_ws --pipe=\\.\pipe\lsp-d60facc7c4de1d876fa917b1a094f8f1-sock
java_class_path (initial): c:\Users\ADMIN\.vscode\extensions\redhat.java-1.42.0-win32-x64\server\plugins\org.eclipse.equinox.launcher_1.7.0.v20250424-1814.jar
Launcher Type: SUN_STANDARD

[Global flags]
    uintx AdaptiveSizePolicyWeight                 = 90                                        {product} {command line}
     intx CICompilerCount                          = 3                                         {product} {ergonomic}
    uintx GCTimeRatio                              = 4                                         {product} {command line}
     bool HeapDumpOnOutOfMemoryError               = true                                   {manageable} {command line}
    ccstr HeapDumpPath                             = c:\Users\ADMIN\AppData\Roaming\Code\User\workspaceStorage\3aee1dc51a8e176d073eb485a32cd561\redhat.java         {manageable} {command line}
   size_t InitialHeapSize                          = 104857600                                 {product} {command line}
   size_t MaxHeapSize                              = 1073741824                                {product} {command line}
   size_t MaxNewSize                               = 357564416                                 {product} {ergonomic}
   size_t MinHeapDeltaBytes                        = 524288                                    {product} {ergonomic}
   size_t MinHeapSize                              = 104857600                                 {product} {command line}
   size_t NewSize                                  = 34603008                                  {product} {ergonomic}
    uintx NonNMethodCodeHeapSize                   = 5832780                                {pd product} {ergonomic}
    uintx NonProfiledCodeHeapSize                  = 122912730                              {pd product} {ergonomic}
   size_t OldSize                                  = 70254592                                  {product} {ergonomic}
    uintx ProfiledCodeHeapSize                     = 122912730                              {pd product} {ergonomic}
    uintx ReservedCodeCacheSize                    = 251658240                              {pd product} {ergonomic}
     bool SegmentedCodeCache                       = true                                      {product} {ergonomic}
   size_t SoftMaxHeapSize                          = 1073741824                             {manageable} {ergonomic}
     bool UseCompressedOops                        = true                           {product lp64_product} {ergonomic}
     bool UseLargePagesIndividualAllocation        = false                                  {pd product} {ergonomic}
     bool UseParallelGC                            = true                                      {product} {command line}

Logging:
Log output configuration:
 #0: stdout all=off uptime,level,tags foldmultilines=false
 #1: stderr all=off uptime,level,tags foldmultilines=false

Environment Variables:
JAVA_HOME=C:\Program Files\Java\jdk-24
PATH=C:\Program Files\Common Files\Oracle\Java\javapath;C:\WINDOWS\system32;C:\WINDOWS;C:\WINDOWS\System32\Wbem;C:\WINDOWS\System32\WindowsPowerShell\v1.0\;C:\WINDOWS\System32\OpenSSH\;C:\MinGW\bin;C:\MinGW\mingw32\bin;E:\msys64\ucrt64\bin;C:\Program Files (x86)\Microsoft SQL Server\160\Tools\Binn\;C:\Program Files\Microsoft SQL Server\160\Tools\Binn\;C:\Program Files\Microsoft SQL Server\Client SDK\ODBC\170\Tools\Binn\;C:\Program Files\Microsoft SQL Server\160\DTS\Binn\;C:\Program Files (x86)\Microsoft SQL Server\160\DTS\Binn\;C:\Users\ADMIN\AppData\Local\Microsoft\WindowsApps;C:\Program Files\JetBrains\PyCharm Community Edition 2021.3.3\bin;E:\Microsoft VS Code\bin;C:\Program Files (x86)\Nmap;C:\Users\ADMIN\AppData\Local\Microsoft\WinGet\Packages\Schniz.fnm_Microsoft.Winget.Source_8wekyb3d8bbwe;C:\Users\ADMIN\AppData\Roaming\fnm\node-versions\v22.14.0\installation;C:\Program Files\Erlang OTP\bin;C:\Program Files\RabbitMQ Server\rabbitmq_server-4.0.7\sbin;C:\Program Files\Java\jdk-24\bin;C:\Program Files\Docker\Docker\resources\bin;C:\Program Files\Git\cmd;E:\apache-maven-3.9.9-bin\apache-maven-3.9.9\bin;C:\Program Files\nodejs\;C:\Users\ADMIN\AppData\Local\Microsoft\WindowsApps;C:\Program Files\JetBrains\PyCharm Community Edition 2021.3.3\bin;;C:\Program Files (x86)\Nmap;C:\Users\ADMIN\AppData\Local\Microsoft\WinGet\Packages\Schniz.fnm_Microsoft.Winget.Source_8wekyb3d8bbwe;C:\Users\ADMIN\AppData\Local\Programs\Microsoft VS Code\bin;C:\Users\ADMIN\AppData\Roaming\npm
USERNAME=ADMIN
OS=Windows_NT
PROCESSOR_IDENTIFIER=Intel64 Family 6 Model 126 Stepping 5, GenuineIntel
TMP=C:\Users\ADMIN\AppData\Local\Temp
TEMP=C:\Users\ADMIN\AppData\Local\Temp




Periodic native trim disabled

---------------  S Y S T E M  ---------------

OS:
 Windows 11 , 64 bit Build 22621 (10.0.22621.5262)
OS uptime: 2 days 14:14 hours
Hyper-V role detected

CPU: total 4 (initial active 4) (2 cores per cpu, 2 threads per core) family 6 model 126 stepping 5 microcode 0xa0, cx8, cmov, fxsr, ht, mmx, 3dnowpref, sse, sse2, sse3, ssse3, sse4.1, sse4.2, popcnt, lzcnt, tsc, tscinvbit, avx, avx2, aes, erms, clmul, bmi1, bmi2, adx, avx512f, avx512dq, avx512cd, avx512bw, avx512vl, sha, fma, vzeroupper, avx512_vpopcntdq, avx512_vpclmulqdq, avx512_vaes, avx512_vnni, clflush, clflushopt, avx512_vbmi2, avx512_vbmi, hv, rdtscp, rdpid, fsrm, gfni, avx512_bitalg, f16c, avx512_ifma
Processor Information for the first 4 processors :
  Max Mhz: 1190, Current Mhz: 1190, Mhz Limit: 1190

Memory: 4k page, system-wide physical 3784M (85M free)
TotalPageFile size 15560M (AvailPageFile size 5M)
current process WorkingSet (physical memory assigned to process): 234M, peak: 284M
current process commit charge ("private bytes"): 358M, peak: 930M

vm_info: OpenJDK 64-Bit Server VM (21.0.7+6-LTS) for windows-amd64 JRE (21.0.7+6-LTS), built on 2025-04-15T00:00:00Z by "admin" with MS VC++ 17.7 (VS2022)

END.
