#
# There is insufficient memory for the Java Runtime Environment to continue.
# Native memory allocation (malloc) failed to allocate 3630896 bytes. Error detail: Chunk::new
# Possible reasons:
#   The system is out of physical RAM or swap space
#   This process is running with CompressedOops enabled, and the Java Heap may be blocking the growth of the native heap
# Possible solutions:
#   Reduce memory load on the system
#   Increase physical memory or swap space
#   Check if swap backing store is full
#   Decrease Java heap size (-Xmx/-Xms)
#   Decrease number of Java threads
#   Decrease Java thread stack sizes (-Xss)
#   Set larger code cache with -XX:ReservedCodeCacheSize=
#   JVM is running with Unscaled Compressed Oops mode in which the Java heap is
#     placed in the first 4GB address space. The Java Heap base address is the
#     maximum limit for the native heap growth. Please use -XX:HeapBaseMinAddress
#     to set the Java Heap base and to place the Java Heap above 4GB virtual address.
# This output file may be truncated or incomplete.
#
#  Out of Memory Error (arena.cpp:168), pid=10396, tid=20776
#
# JRE version: OpenJDK Runtime Environment Temurin-21.0.7+6 (21.0.7+6) (build 21.0.7+6-LTS)
# Java VM: OpenJDK 64-Bit Server VM Temurin-21.0.7+6 (21.0.7+6-LTS, mixed mode, sharing, tiered, compressed oops, compressed class ptrs, parallel gc, windows-amd64)
# No core dump will be written. Minidumps are not enabled by default on client versions of Windows
#

---------------  S U M M A R Y ------------

Command Line: --add-modules=ALL-SYSTEM --add-opens=java.base/java.util=ALL-UNNAMED --add-opens=java.base/java.lang=ALL-UNNAMED --add-opens=java.base/sun.nio.fs=ALL-UNNAMED -Declipse.application=org.eclipse.jdt.ls.core.id1 -Dosgi.bundles.defaultStartLevel=4 -Declipse.product=org.eclipse.jdt.ls.core.product -Djava.import.generatesMetadataFilesAtProjectRoot=false -DDetectVMInstallationsJob.disabled=true -Dfile.encoding=utf8 -XX:+UseParallelGC -XX:GCTimeRatio=4 -XX:AdaptiveSizePolicyWeight=90 -Dsun.zip.disableMemoryMapping=true -Xmx1G -Xms100m -Xlog:disable -javaagent:c:\Users\ADMIN\.vscode\extensions\redhat.java-1.42.0-win32-x64\lombok\lombok-1.18.36.jar -XX:+HeapDumpOnOutOfMemoryError -XX:HeapDumpPath=c:\Users\ADMIN\AppData\Roaming\Code\User\workspaceStorage\3aee1dc51a8e176d073eb485a32cd561\redhat.java -Daether.dependencyCollector.impl=bf c:\Users\ADMIN\.vscode\extensions\redhat.java-1.42.0-win32-x64\server\plugins\org.eclipse.equinox.launcher_1.7.0.v20250424-1814.jar -configuration c:\Users\ADMIN\AppData\Roaming\Code\User\globalStorage\redhat.java\1.42.0\config_win -data c:\Users\ADMIN\AppData\Roaming\Code\User\workspaceStorage\3aee1dc51a8e176d073eb485a32cd561\redhat.java\jdt_ws --pipe=\\.\pipe\lsp-c817cb28d95775efe7475adbb09a4b25-sock

Host: Intel(R) Core(TM) i3-1005G1 CPU @ 1.20GHz, 4 cores, 3G,  Windows 11 , 64 bit Build 22621 (10.0.22621.5262)
Time: Sat Jun  7 21:11:52 2025 SE Asia Standard Time elapsed time: 138.252337 seconds (0d 0h 2m 18s)

---------------  T H R E A D  ---------------

Current thread (0x0000023e1d3a6510):  JavaThread "C2 CompilerThread0" daemon [_thread_in_native, id=20776, stack(0x000000c62fa00000,0x000000c62fb00000) (1024K)]


Current CompileTask:
C2:138252 11986       4       org.eclipse.jdt.internal.compiler.lookup.BoundSet::incorporate (1297 bytes)

Stack: [0x000000c62fa00000,0x000000c62fb00000]
Native frames: (J=compiled Java code, j=interpreted, Vv=VM code, C=native code)
V  [jvm.dll+0x6ce119]
V  [jvm.dll+0x8a84a1]
V  [jvm.dll+0x8aa9ce]
V  [jvm.dll+0x8ab0b3]
V  [jvm.dll+0x27f8a6]
V  [jvm.dll+0xc507d]
V  [jvm.dll+0xc55b3]
V  [jvm.dll+0x3b692c]
V  [jvm.dll+0x1e0029]
V  [jvm.dll+0x247c42]
V  [jvm.dll+0x2470cf]
V  [jvm.dll+0x1c760e]
V  [jvm.dll+0x25695a]
V  [jvm.dll+0x254efa]
V  [jvm.dll+0x3f03f6]
V  [jvm.dll+0x851f6b]
V  [jvm.dll+0x6cc7dd]
C  [ucrtbase.dll+0x29333]
C  [KERNEL32.DLL+0x1259d]
C  [ntdll.dll+0x5af58]


---------------  P R O C E S S  ---------------

Threads class SMR info:
_java_thread_list=0x0000023e66bca240, length=43, elements={
0x0000023e09075bb0, 0x0000023e1d39b3a0, 0x0000023e1d39dbb0, 0x0000023e1d39fe50,
0x0000023e1d3a0d60, 0x0000023e1d3a1c70, 0x0000023e1d3a56e0, 0x0000023e1d3a6510,
0x0000023e1d418c00, 0x0000023e1d44c380, 0x0000023e5f493cf0, 0x0000023e5f29c720,
0x0000023e5fa86f60, 0x0000023e5f2cd240, 0x0000023e5f478ad0, 0x0000023e1d405860,
0x0000023e5fe1e5e0, 0x0000023e5f9aa280, 0x0000023e5f9ac350, 0x0000023e5f9ac9e0,
0x0000023e5f9ad070, 0x0000023e5f9ab630, 0x0000023e5f9abcc0, 0x0000023e5f9a9bf0,
0x0000023e5f9aa910, 0x0000023e5f9aafa0, 0x0000023e65cd8e60, 0x0000023e65cdbc50,
0x0000023e65cd94f0, 0x0000023e65cd4cc0, 0x0000023e65cd9b80, 0x0000023e65cd6700,
0x0000023e65cdb5c0, 0x0000023e65cd5350, 0x0000023e65cd6d90, 0x0000023e65cda8a0,
0x0000023e65cd7420, 0x0000023e65cd7ab0, 0x0000023e65cd59e0, 0x0000023e65cda210,
0x0000023e65cd6070, 0x0000023e65cd8140, 0x0000023e65cdc2e0
}

Java Threads: ( => current thread )
  0x0000023e09075bb0 JavaThread "main"                              [_thread_blocked, id=10748, stack(0x000000c62f000000,0x000000c62f100000) (1024K)]
  0x0000023e1d39b3a0 JavaThread "Reference Handler"          daemon [_thread_blocked, id=19908, stack(0x000000c62f400000,0x000000c62f500000) (1024K)]
  0x0000023e1d39dbb0 JavaThread "Finalizer"                  daemon [_thread_blocked, id=22424, stack(0x000000c62f500000,0x000000c62f600000) (1024K)]
  0x0000023e1d39fe50 JavaThread "Signal Dispatcher"          daemon [_thread_blocked, id=1248, stack(0x000000c62f600000,0x000000c62f700000) (1024K)]
  0x0000023e1d3a0d60 JavaThread "Attach Listener"            daemon [_thread_blocked, id=24952, stack(0x000000c62f700000,0x000000c62f800000) (1024K)]
  0x0000023e1d3a1c70 JavaThread "Service Thread"             daemon [_thread_blocked, id=3404, stack(0x000000c62f800000,0x000000c62f900000) (1024K)]
  0x0000023e1d3a56e0 JavaThread "Monitor Deflation Thread"   daemon [_thread_blocked, id=4424, stack(0x000000c62f900000,0x000000c62fa00000) (1024K)]
=>0x0000023e1d3a6510 JavaThread "C2 CompilerThread0"         daemon [_thread_in_native, id=20776, stack(0x000000c62fa00000,0x000000c62fb00000) (1024K)]
  0x0000023e1d418c00 JavaThread "C1 CompilerThread0"         daemon [_thread_in_native, id=20744, stack(0x000000c62fb00000,0x000000c62fc00000) (1024K)]
  0x0000023e1d44c380 JavaThread "Common-Cleaner"             daemon [_thread_blocked, id=13060, stack(0x000000c62fc00000,0x000000c62fd00000) (1024K)]
  0x0000023e5f493cf0 JavaThread "Notification Thread"        daemon [_thread_blocked, id=10060, stack(0x000000c62fd00000,0x000000c62fe00000) (1024K)]
  0x0000023e5f29c720 JavaThread "Active Thread: Equinox Container: 17a299ad-832f-4a25-a73f-e95739795f00"        [_thread_blocked, id=25260, stack(0x000000c630100000,0x000000c630200000) (1024K)]
  0x0000023e5fa86f60 JavaThread "Refresh Thread: Equinox Container: 17a299ad-832f-4a25-a73f-e95739795f00" daemon [_thread_blocked, id=22124, stack(0x000000c630200000,0x000000c630300000) (1024K)]
  0x0000023e5f2cd240 JavaThread "Framework Event Dispatcher: Equinox Container: 17a299ad-832f-4a25-a73f-e95739795f00" daemon [_thread_blocked, id=4828, stack(0x000000c630300000,0x000000c630400000) (1024K)]
  0x0000023e5f478ad0 JavaThread "Start Level: Equinox Container: 17a299ad-832f-4a25-a73f-e95739795f00" daemon [_thread_blocked, id=16712, stack(0x000000c630400000,0x000000c630500000) (1024K)]
  0x0000023e1d405860 JavaThread "Bundle File Closer"         daemon [_thread_blocked, id=7064, stack(0x000000c630500000,0x000000c630600000) (1024K)]
  0x0000023e5fe1e5e0 JavaThread "SCR Component Actor"        daemon [_thread_blocked, id=11724, stack(0x000000c630600000,0x000000c630700000) (1024K)]
  0x0000023e5f9aa280 JavaThread "Worker-JM"                         [_thread_blocked, id=5232, stack(0x000000c630800000,0x000000c630900000) (1024K)]
  0x0000023e5f9ac350 JavaThread "JNA Cleaner"                daemon [_thread_blocked, id=9372, stack(0x000000c62ee00000,0x000000c62ef00000) (1024K)]
  0x0000023e5f9ac9e0 JavaThread "Worker-0"                          [_thread_blocked, id=19364, stack(0x000000c630900000,0x000000c630a00000) (1024K)]
  0x0000023e5f9ad070 JavaThread "Worker-1"                          [_thread_blocked, id=23048, stack(0x000000c630700000,0x000000c630800000) (1024K)]
  0x0000023e5f9ab630 JavaThread "Worker-2: Java indexing... "        [_thread_blocked, id=14888, stack(0x000000c630b00000,0x000000c630c00000) (1024K)]
  0x0000023e5f9abcc0 JavaThread "Java indexing"              daemon [_thread_in_Java, id=15188, stack(0x000000c630a00000,0x000000c630b00000) (1024K)]
  0x0000023e5f9a9bf0 JavaThread "Worker-3: Building"                [_thread_in_native, id=16152, stack(0x000000c630c00000,0x000000c630d00000) (1024K)]
  0x0000023e5f9aa910 JavaThread "Worker-4"                          [_thread_blocked, id=26244, stack(0x000000c630d00000,0x000000c630e00000) (1024K)]
  0x0000023e5f9aafa0 JavaThread "Thread-4"                   daemon [_thread_in_native, id=17608, stack(0x000000c630e00000,0x000000c630f00000) (1024K)]
  0x0000023e65cd8e60 JavaThread "Thread-5"                   daemon [_thread_in_native, id=15544, stack(0x000000c630f00000,0x000000c631000000) (1024K)]
  0x0000023e65cdbc50 JavaThread "Thread-6"                   daemon [_thread_in_native, id=13952, stack(0x000000c631000000,0x000000c631100000) (1024K)]
  0x0000023e65cd94f0 JavaThread "Thread-7"                   daemon [_thread_in_native, id=23672, stack(0x000000c631100000,0x000000c631200000) (1024K)]
  0x0000023e65cd4cc0 JavaThread "Thread-8"                   daemon [_thread_in_native, id=20832, stack(0x000000c631200000,0x000000c631300000) (1024K)]
  0x0000023e65cd9b80 JavaThread "pool-2-thread-1"                   [_thread_blocked, id=18436, stack(0x000000c631300000,0x000000c631400000) (1024K)]
  0x0000023e65cd6700 JavaThread "WorkspaceEventsHandler"            [_thread_blocked, id=20604, stack(0x000000c631400000,0x000000c631500000) (1024K)]
  0x0000023e65cdb5c0 JavaThread "pool-1-thread-1"                   [_thread_blocked, id=21384, stack(0x000000c631500000,0x000000c631600000) (1024K)]
  0x0000023e65cd5350 JavaThread "Worker-5"                          [_thread_blocked, id=21532, stack(0x000000c631600000,0x000000c631700000) (1024K)]
  0x0000023e65cd6d90 JavaThread "LocalFile Deleter"          daemon [_thread_blocked, id=22612, stack(0x000000c62ed00000,0x000000c62ee00000) (1024K)]
  0x0000023e65cda8a0 JavaThread "LocalFile Deleter"          daemon [_thread_blocked, id=9736, stack(0x000000c62ef00000,0x000000c62f000000) (1024K)]
  0x0000023e65cd7420 JavaThread "LocalFile Deleter"          daemon [_thread_blocked, id=25024, stack(0x000000c631900000,0x000000c631a00000) (1024K)]
  0x0000023e65cd7ab0 JavaThread "Compiler Source File Reader" daemon [_thread_blocked, id=12900, stack(0x000000c631a00000,0x000000c631b00000) (1024K)]
  0x0000023e65cd59e0 JavaThread "Compiler Processing Task"   daemon [_thread_blocked, id=15764, stack(0x000000c631b00000,0x000000c631c00000) (1024K)]
  0x0000023e65cda210 JavaThread "Compiler Class File Writer" daemon [_thread_blocked, id=3128, stack(0x000000c631c00000,0x000000c631d00000) (1024K)]
  0x0000023e65cd6070 JavaThread "LocalFile Deleter"          daemon [_thread_blocked, id=5244, stack(0x000000c631d00000,0x000000c631e00000) (1024K)]
  0x0000023e65cd8140 JavaThread "Compiler Source File Reader" daemon [_thread_blocked, id=13044, stack(0x000000c631e00000,0x000000c631f00000) (1024K)]
  0x0000023e65cdc2e0 JavaThread "Compiler Class File Writer" daemon [_thread_blocked, id=26108, stack(0x000000c631f00000,0x000000c632000000) (1024K)]
Total: 43

Other Threads:
  0x0000023e0912e020 VMThread "VM Thread"                           [id=23628, stack(0x000000c62f300000,0x000000c62f400000) (1024K)]
  0x0000023e090df6e0 WatcherThread "VM Periodic Task Thread"        [id=10624, stack(0x000000c62f200000,0x000000c62f300000) (1024K)]
  0x0000023e09094100 WorkerThread "GC Thread#0"                     [id=26024, stack(0x000000c62f100000,0x000000c62f200000) (1024K)]
  0x0000023e5f64c060 WorkerThread "GC Thread#1"                     [id=15048, stack(0x000000c62fe00000,0x000000c62ff00000) (1024K)]
  0x0000023e5f64c400 WorkerThread "GC Thread#2"                     [id=22720, stack(0x000000c62ff00000,0x000000c630000000) (1024K)]
  0x0000023e5f64c7a0 WorkerThread "GC Thread#3"                     [id=16636, stack(0x000000c630000000,0x000000c630100000) (1024K)]
Total: 6

Threads with active compile tasks:
C2 CompilerThread0  138380 11986       4       org.eclipse.jdt.internal.compiler.lookup.BoundSet::incorporate (1297 bytes)
Total: 1

VM state: not at safepoint (normal execution)

VM Mutex/Monitor currently owned by a thread: None

Heap address: 0x00000000c0000000, size: 1024 MB, Compressed Oops mode: 32-bit

CDS archive(s) mapped at: [0x0000023e1e000000-0x0000023e1eba0000-0x0000023e1eba0000), size 12189696, SharedBaseAddress: 0x0000023e1e000000, ArchiveRelocationMode: 1.
Compressed class space mapped at: 0x0000023e1f000000-0x0000023e5f000000, reserved size: 1073741824
Narrow klass base: 0x0000023e1e000000, Narrow klass shift: 0, Narrow klass range: 0x100000000

GC Precious Log:
 CardTable entry size: 512
 CPUs: 4 total, 4 available
 Memory: 3784M
 Large Page Support: Disabled
 NUMA Support: Disabled
 Compressed Oops: Enabled (32-bit)
 Alignments: Space 512K, Generation 512K, Heap 2M
 Heap Min Capacity: 100M
 Heap Initial Capacity: 100M
 Heap Max Capacity: 1G
 Pre-touch: Disabled
 Parallel Workers: 4

Heap:
 PSYoungGen      total 8192K, used 7231K [0x00000000eab00000, 0x00000000eb580000, 0x0000000100000000)
  eden space 6656K, 89% used [0x00000000eab00000,0x00000000eb0d8248,0x00000000eb180000)
  from space 1536K, 81% used [0x00000000eb400000,0x00000000eb537d78,0x00000000eb580000)
  to   space 1536K, 0% used [0x00000000eb180000,0x00000000eb180000,0x00000000eb300000)
 ParOldGen       total 132608K, used 132486K [0x00000000c0000000, 0x00000000c8180000, 0x00000000eab00000)
  object space 132608K, 99% used [0x00000000c0000000,0x00000000c8161b28,0x00000000c8180000)
 Metaspace       used 60910K, committed 62208K, reserved 1114112K
  class space    used 6057K, committed 6656K, reserved 1048576K

Card table byte_map: [0x0000023e08a10000,0x0000023e08c20000] _byte_map_base: 0x0000023e08410000

Marking Bits: (ParMarkBitMap*) 0x00007ff93b0231f0
 Begin Bits: [0x0000023e1b260000, 0x0000023e1c260000)
 End Bits:   [0x0000023e1c260000, 0x0000023e1d260000)

Polling page: 0x0000023e06eb0000

Metaspace:

Usage:
  Non-class:     53.57 MB used.
      Class:      5.92 MB used.
       Both:     59.48 MB used.

Virtual space:
  Non-class space:       64.00 MB reserved,      54.25 MB ( 85%) committed,  1 nodes.
      Class space:        1.00 GB reserved,       6.50 MB ( <1%) committed,  1 nodes.
             Both:        1.06 GB reserved,      60.75 MB (  6%) committed. 

Chunk freelists:
   Non-Class:  9.56 MB
       Class:  9.51 MB
        Both:  19.07 MB

MaxMetaspaceSize: unlimited
CompressedClassSpaceSize: 1.00 GB
Initial GC threshold: 21.00 MB
Current GC threshold: 97.31 MB
CDS: on
 - commit_granule_bytes: 65536.
 - commit_granule_words: 8192.
 - virtual_space_node_default_size: 8388608.
 - enlarge_chunks_in_place: 1.
 - use_allocation_guard: 0.


Internal statistics:

num_allocs_failed_limit: 9.
num_arena_births: 1178.
num_arena_deaths: 14.
num_vsnodes_births: 2.
num_vsnodes_deaths: 0.
num_space_committed: 972.
num_space_uncommitted: 0.
num_chunks_returned_to_freelist: 23.
num_chunks_taken_from_freelist: 4006.
num_chunk_merges: 12.
num_chunk_splits: 2486.
num_chunks_enlarged: 1441.
num_inconsistent_stats: 0.

CodeHeap 'non-profiled nmethods': size=120000Kb used=7987Kb max_used=7987Kb free=112012Kb
 bounds [0x0000023e13d30000, 0x0000023e14500000, 0x0000023e1b260000]
CodeHeap 'profiled nmethods': size=120000Kb used=28421Kb max_used=28421Kb free=91578Kb
 bounds [0x0000023e0c260000, 0x0000023e0de30000, 0x0000023e13790000]
CodeHeap 'non-nmethods': size=5760Kb used=1430Kb max_used=1482Kb free=4329Kb
 bounds [0x0000023e13790000, 0x0000023e13a00000, 0x0000023e13d30000]
 total_blobs=12007 nmethods=11279 adapters=632
 compilation: enabled
              stopped_count=0, restarted_count=0
 full_count=0

Compilation events (20 events):
Event: 137.199 Thread 0x0000023e1d418c00 12167       1       org.eclipse.sisu.plexus.PlexusTypeRegistry::getSpace (5 bytes)
Event: 137.200 Thread 0x0000023e1d418c00 nmethod 12167 0x0000023e144fc110 code [0x0000023e144fc2a0, 0x0000023e144fc368]
Event: 137.221 Thread 0x0000023e1d418c00 12169       2       org.eclipse.sisu.plexus.PlexusXmlScanner::parseRequirement (223 bytes)
Event: 137.230 Thread 0x0000023e1d418c00 nmethod 12169 0x0000023e0de10e90 code [0x0000023e0de11200, 0x0000023e0de11e48]
Event: 137.230 Thread 0x0000023e1d418c00 12170       2       org.eclipse.sisu.plexus.Hints::canonicalHints (72 bytes)
Event: 137.232 Thread 0x0000023e1d418c00 nmethod 12170 0x0000023e0de12710 code [0x0000023e0de12920, 0x0000023e0de12cb0]
Event: 137.232 Thread 0x0000023e1d418c00 12171       2       org.eclipse.sisu.plexus.RequirementImpl::<init> (128 bytes)
Event: 137.234 Thread 0x0000023e1d418c00 nmethod 12171 0x0000023e0de12f10 code [0x0000023e0de13120, 0x0000023e0de13608]
Event: 137.451 Thread 0x0000023e1d418c00 12176       2       org.eclipse.sisu.plexus.PlexusXmlMetadata::addIfMissing (40 bytes)
Event: 137.454 Thread 0x0000023e1d418c00 nmethod 12176 0x0000023e0de13810 code [0x0000023e0de13a00, 0x0000023e0de13cb0]
Event: 138.134 Thread 0x0000023e1d418c00 12178       2       org.codehaus.plexus.util.xml.pull.MXParser::fillBuf (836 bytes)
Event: 138.141 Thread 0x0000023e1d418c00 nmethod 12178 0x0000023e0de13e10 code [0x0000023e0de14300, 0x0000023e0de15a20]
Event: 138.234 Thread 0x0000023e1d418c00 12179       1       org.eclipse.sisu.plexus.ComponentImpl::hint (5 bytes)
Event: 138.235 Thread 0x0000023e1d418c00 nmethod 12179 0x0000023e144fc410 code [0x0000023e144fc5a0, 0x0000023e144fc668]
Event: 138.235 Thread 0x0000023e1d418c00 12180       1       org.eclipse.sisu.plexus.ComponentImpl::instantiationStrategy (5 bytes)
Event: 138.235 Thread 0x0000023e1d418c00 nmethod 12180 0x0000023e144fc710 code [0x0000023e144fc8a0, 0x0000023e144fc968]
Event: 138.235 Thread 0x0000023e1d418c00 12181       1       org.eclipse.sisu.plexus.ComponentImpl::description (5 bytes)
Event: 138.235 Thread 0x0000023e1d418c00 nmethod 12181 0x0000023e144fca10 code [0x0000023e144fcba0, 0x0000023e144fcc68]
Event: 138.237 Thread 0x0000023e1d418c00 12182       2       org.eclipse.sisu.plexus.Hints::isDefaultHint (27 bytes)
Event: 138.237 Thread 0x0000023e1d418c00 nmethod 12182 0x0000023e0de16710 code [0x0000023e0de168c0, 0x0000023e0de16a28]

GC Heap History (20 events):
Event: 122.571 GC heap before
{Heap before GC invocations=74 (full 3):
 PSYoungGen      total 9728K, used 9188K [0x00000000eab00000, 0x00000000eb680000, 0x0000000100000000)
  eden space 7680K, 100% used [0x00000000eab00000,0x00000000eb280000,0x00000000eb280000)
  from space 2048K, 73% used [0x00000000eb480000,0x00000000eb5f9190,0x00000000eb680000)
  to   space 2048K, 0% used [0x00000000eb280000,0x00000000eb280000,0x00000000eb480000)
 ParOldGen       total 120320K, used 119831K [0x00000000c0000000, 0x00000000c7580000, 0x00000000eab00000)
  object space 120320K, 99% used [0x00000000c0000000,0x00000000c7505eb0,0x00000000c7580000)
 Metaspace       used 60473K, committed 61824K, reserved 1114112K
  class space    used 6038K, committed 6656K, reserved 1048576K
}
Event: 122.576 GC heap after
{Heap after GC invocations=74 (full 3):
 PSYoungGen      total 9728K, used 1614K [0x00000000eab00000, 0x00000000eb680000, 0x0000000100000000)
  eden space 7680K, 0% used [0x00000000eab00000,0x00000000eab00000,0x00000000eb280000)
  from space 2048K, 78% used [0x00000000eb280000,0x00000000eb413920,0x00000000eb480000)
  to   space 2048K, 0% used [0x00000000eb480000,0x00000000eb480000,0x00000000eb680000)
 ParOldGen       total 121344K, used 121243K [0x00000000c0000000, 0x00000000c7680000, 0x00000000eab00000)
  object space 121344K, 99% used [0x00000000c0000000,0x00000000c7666da8,0x00000000c7680000)
 Metaspace       used 60473K, committed 61824K, reserved 1114112K
  class space    used 6038K, committed 6656K, reserved 1048576K
}
Event: 123.687 GC heap before
{Heap before GC invocations=75 (full 3):
 PSYoungGen      total 9728K, used 9294K [0x00000000eab00000, 0x00000000eb680000, 0x0000000100000000)
  eden space 7680K, 100% used [0x00000000eab00000,0x00000000eb280000,0x00000000eb280000)
  from space 2048K, 78% used [0x00000000eb280000,0x00000000eb413920,0x00000000eb480000)
  to   space 2048K, 0% used [0x00000000eb480000,0x00000000eb480000,0x00000000eb680000)
 ParOldGen       total 121344K, used 121243K [0x00000000c0000000, 0x00000000c7680000, 0x00000000eab00000)
  object space 121344K, 99% used [0x00000000c0000000,0x00000000c7666da8,0x00000000c7680000)
 Metaspace       used 60518K, committed 61888K, reserved 1114112K
  class space    used 6038K, committed 6656K, reserved 1048576K
}
Event: 123.698 GC heap after
{Heap after GC invocations=75 (full 3):
 PSYoungGen      total 9216K, used 1264K [0x00000000eab00000, 0x00000000eb600000, 0x0000000100000000)
  eden space 7680K, 0% used [0x00000000eab00000,0x00000000eab00000,0x00000000eb280000)
  from space 1536K, 82% used [0x00000000eb480000,0x00000000eb5bc200,0x00000000eb600000)
  to   space 1536K, 0% used [0x00000000eb300000,0x00000000eb300000,0x00000000eb480000)
 ParOldGen       total 122880K, used 122702K [0x00000000c0000000, 0x00000000c7800000, 0x00000000eab00000)
  object space 122880K, 99% used [0x00000000c0000000,0x00000000c77d38b0,0x00000000c7800000)
 Metaspace       used 60518K, committed 61888K, reserved 1114112K
  class space    used 6038K, committed 6656K, reserved 1048576K
}
Event: 124.232 GC heap before
{Heap before GC invocations=76 (full 3):
 PSYoungGen      total 9216K, used 8944K [0x00000000eab00000, 0x00000000eb600000, 0x0000000100000000)
  eden space 7680K, 100% used [0x00000000eab00000,0x00000000eb280000,0x00000000eb280000)
  from space 1536K, 82% used [0x00000000eb480000,0x00000000eb5bc200,0x00000000eb600000)
  to   space 1536K, 0% used [0x00000000eb300000,0x00000000eb300000,0x00000000eb480000)
 ParOldGen       total 122880K, used 122702K [0x00000000c0000000, 0x00000000c7800000, 0x00000000eab00000)
  object space 122880K, 99% used [0x00000000c0000000,0x00000000c77d38b0,0x00000000c7800000)
 Metaspace       used 60550K, committed 61952K, reserved 1114112K
  class space    used 6038K, committed 6656K, reserved 1048576K
}
Event: 124.239 GC heap after
{Heap after GC invocations=76 (full 3):
 PSYoungGen      total 9216K, used 1280K [0x00000000eab00000, 0x00000000eb580000, 0x0000000100000000)
  eden space 7680K, 0% used [0x00000000eab00000,0x00000000eab00000,0x00000000eb280000)
  from space 1536K, 83% used [0x00000000eb300000,0x00000000eb440000,0x00000000eb480000)
  to   space 1024K, 0% used [0x00000000eb480000,0x00000000eb480000,0x00000000eb580000)
 ParOldGen       total 123904K, used 123838K [0x00000000c0000000, 0x00000000c7900000, 0x00000000eab00000)
  object space 123904K, 99% used [0x00000000c0000000,0x00000000c78efbb8,0x00000000c7900000)
 Metaspace       used 60550K, committed 61952K, reserved 1114112K
  class space    used 6038K, committed 6656K, reserved 1048576K
}
Event: 124.590 GC heap before
{Heap before GC invocations=77 (full 3):
 PSYoungGen      total 9216K, used 8960K [0x00000000eab00000, 0x00000000eb580000, 0x0000000100000000)
  eden space 7680K, 100% used [0x00000000eab00000,0x00000000eb280000,0x00000000eb280000)
  from space 1536K, 83% used [0x00000000eb300000,0x00000000eb440000,0x00000000eb480000)
  to   space 1024K, 0% used [0x00000000eb480000,0x00000000eb480000,0x00000000eb580000)
 ParOldGen       total 123904K, used 123838K [0x00000000c0000000, 0x00000000c7900000, 0x00000000eab00000)
  object space 123904K, 99% used [0x00000000c0000000,0x00000000c78efbb8,0x00000000c7900000)
 Metaspace       used 60578K, committed 61952K, reserved 1114112K
  class space    used 6038K, committed 6656K, reserved 1048576K
}
Event: 124.595 GC heap after
{Heap after GC invocations=77 (full 3):
 PSYoungGen      total 7680K, used 1024K [0x00000000eab00000, 0x00000000eb880000, 0x0000000100000000)
  eden space 6656K, 0% used [0x00000000eab00000,0x00000000eab00000,0x00000000eb180000)
  from space 1024K, 100% used [0x00000000eb480000,0x00000000eb580000,0x00000000eb580000)
  to   space 3072K, 0% used [0x00000000eb180000,0x00000000eb180000,0x00000000eb480000)
 ParOldGen       total 125440K, used 125297K [0x00000000c0000000, 0x00000000c7a80000, 0x00000000eab00000)
  object space 125440K, 99% used [0x00000000c0000000,0x00000000c7a5c790,0x00000000c7a80000)
 Metaspace       used 60578K, committed 61952K, reserved 1114112K
  class space    used 6038K, committed 6656K, reserved 1048576K
}
Event: 125.289 GC heap before
{Heap before GC invocations=78 (full 3):
 PSYoungGen      total 7680K, used 7680K [0x00000000eab00000, 0x00000000eb880000, 0x0000000100000000)
  eden space 6656K, 100% used [0x00000000eab00000,0x00000000eb180000,0x00000000eb180000)
  from space 1024K, 100% used [0x00000000eb480000,0x00000000eb580000,0x00000000eb580000)
  to   space 3072K, 0% used [0x00000000eb180000,0x00000000eb180000,0x00000000eb480000)
 ParOldGen       total 125440K, used 125297K [0x00000000c0000000, 0x00000000c7a80000, 0x00000000eab00000)
  object space 125440K, 99% used [0x00000000c0000000,0x00000000c7a5c790,0x00000000c7a80000)
 Metaspace       used 60635K, committed 62016K, reserved 1114112K
  class space    used 6041K, committed 6656K, reserved 1048576K
}
Event: 125.331 GC heap after
{Heap after GC invocations=78 (full 3):
 PSYoungGen      total 8192K, used 1297K [0x00000000eab00000, 0x00000000eb580000, 0x0000000100000000)
  eden space 6656K, 0% used [0x00000000eab00000,0x00000000eab00000,0x00000000eb180000)
  from space 1536K, 84% used [0x00000000eb180000,0x00000000eb2c4750,0x00000000eb300000)
  to   space 2048K, 0% used [0x00000000eb380000,0x00000000eb380000,0x00000000eb580000)
 ParOldGen       total 126464K, used 126314K [0x00000000c0000000, 0x00000000c7b80000, 0x00000000eab00000)
  object space 126464K, 99% used [0x00000000c0000000,0x00000000c7b5ab38,0x00000000c7b80000)
 Metaspace       used 60635K, committed 62016K, reserved 1114112K
  class space    used 6041K, committed 6656K, reserved 1048576K
}
Event: 126.395 GC heap before
{Heap before GC invocations=79 (full 3):
 PSYoungGen      total 8192K, used 7953K [0x00000000eab00000, 0x00000000eb580000, 0x0000000100000000)
  eden space 6656K, 100% used [0x00000000eab00000,0x00000000eb180000,0x00000000eb180000)
  from space 1536K, 84% used [0x00000000eb180000,0x00000000eb2c4750,0x00000000eb300000)
  to   space 2048K, 0% used [0x00000000eb380000,0x00000000eb380000,0x00000000eb580000)
 ParOldGen       total 126464K, used 126314K [0x00000000c0000000, 0x00000000c7b80000, 0x00000000eab00000)
  object space 126464K, 99% used [0x00000000c0000000,0x00000000c7b5ab38,0x00000000c7b80000)
 Metaspace       used 60655K, committed 62016K, reserved 1114112K
  class space    used 6042K, committed 6656K, reserved 1048576K
}
Event: 126.407 GC heap after
{Heap after GC invocations=79 (full 3):
 PSYoungGen      total 8704K, used 1693K [0x00000000eab00000, 0x00000000eb580000, 0x0000000100000000)
  eden space 6656K, 0% used [0x00000000eab00000,0x00000000eab00000,0x00000000eb180000)
  from space 2048K, 82% used [0x00000000eb380000,0x00000000eb5276c8,0x00000000eb580000)
  to   space 2048K, 0% used [0x00000000eb180000,0x00000000eb180000,0x00000000eb380000)
 ParOldGen       total 128000K, used 127542K [0x00000000c0000000, 0x00000000c7d00000, 0x00000000eab00000)
  object space 128000K, 99% used [0x00000000c0000000,0x00000000c7c8d9b0,0x00000000c7d00000)
 Metaspace       used 60655K, committed 62016K, reserved 1114112K
  class space    used 6042K, committed 6656K, reserved 1048576K
}
Event: 127.982 GC heap before
{Heap before GC invocations=80 (full 3):
 PSYoungGen      total 8704K, used 8346K [0x00000000eab00000, 0x00000000eb580000, 0x0000000100000000)
  eden space 6656K, 99% used [0x00000000eab00000,0x00000000eb17f4f0,0x00000000eb180000)
  from space 2048K, 82% used [0x00000000eb380000,0x00000000eb5276c8,0x00000000eb580000)
  to   space 2048K, 0% used [0x00000000eb180000,0x00000000eb180000,0x00000000eb380000)
 ParOldGen       total 128000K, used 127542K [0x00000000c0000000, 0x00000000c7d00000, 0x00000000eab00000)
  object space 128000K, 99% used [0x00000000c0000000,0x00000000c7c8d9b0,0x00000000c7d00000)
 Metaspace       used 60795K, committed 62144K, reserved 1114112K
  class space    used 6049K, committed 6656K, reserved 1048576K
}
Event: 128.011 GC heap after
{Heap after GC invocations=80 (full 3):
 PSYoungGen      total 8704K, used 2029K [0x00000000eab00000, 0x00000000eb980000, 0x0000000100000000)
  eden space 6656K, 0% used [0x00000000eab00000,0x00000000eab00000,0x00000000eb180000)
  from space 2048K, 99% used [0x00000000eb180000,0x00000000eb37b548,0x00000000eb380000)
  to   space 4096K, 0% used [0x00000000eb580000,0x00000000eb580000,0x00000000eb980000)
 ParOldGen       total 129536K, used 129059K [0x00000000c0000000, 0x00000000c7e80000, 0x00000000eab00000)
  object space 129536K, 99% used [0x00000000c0000000,0x00000000c7e08c58,0x00000000c7e80000)
 Metaspace       used 60795K, committed 62144K, reserved 1114112K
  class space    used 6049K, committed 6656K, reserved 1048576K
}
Event: 128.901 GC heap before
{Heap before GC invocations=81 (full 3):
 PSYoungGen      total 8704K, used 8685K [0x00000000eab00000, 0x00000000eb980000, 0x0000000100000000)
  eden space 6656K, 100% used [0x00000000eab00000,0x00000000eb180000,0x00000000eb180000)
  from space 2048K, 99% used [0x00000000eb180000,0x00000000eb37b548,0x00000000eb380000)
  to   space 4096K, 0% used [0x00000000eb580000,0x00000000eb580000,0x00000000eb980000)
 ParOldGen       total 129536K, used 129059K [0x00000000c0000000, 0x00000000c7e80000, 0x00000000eab00000)
  object space 129536K, 99% used [0x00000000c0000000,0x00000000c7e08c58,0x00000000c7e80000)
 Metaspace       used 60797K, committed 62144K, reserved 1114112K
  class space    used 6049K, committed 6656K, reserved 1048576K
}
Event: 128.912 GC heap after
{Heap after GC invocations=81 (full 3):
 PSYoungGen      total 10752K, used 3888K [0x00000000eab00000, 0x00000000eb980000, 0x0000000100000000)
  eden space 6656K, 0% used [0x00000000eab00000,0x00000000eab00000,0x00000000eb180000)
  from space 4096K, 94% used [0x00000000eb580000,0x00000000eb94c0e0,0x00000000eb980000)
  to   space 4096K, 0% used [0x00000000eb180000,0x00000000eb180000,0x00000000eb580000)
 ParOldGen       total 131072K, used 131029K [0x00000000c0000000, 0x00000000c8000000, 0x00000000eab00000)
  object space 131072K, 99% used [0x00000000c0000000,0x00000000c7ff5730,0x00000000c8000000)
 Metaspace       used 60797K, committed 62144K, reserved 1114112K
  class space    used 6049K, committed 6656K, reserved 1048576K
}
Event: 132.366 GC heap before
{Heap before GC invocations=82 (full 3):
 PSYoungGen      total 10752K, used 10544K [0x00000000eab00000, 0x00000000eb980000, 0x0000000100000000)
  eden space 6656K, 100% used [0x00000000eab00000,0x00000000eb180000,0x00000000eb180000)
  from space 4096K, 94% used [0x00000000eb580000,0x00000000eb94c0e0,0x00000000eb980000)
  to   space 4096K, 0% used [0x00000000eb180000,0x00000000eb180000,0x00000000eb580000)
 ParOldGen       total 131072K, used 131029K [0x00000000c0000000, 0x00000000c8000000, 0x00000000eab00000)
  object space 131072K, 99% used [0x00000000c0000000,0x00000000c7ff5730,0x00000000c8000000)
 Metaspace       used 60873K, committed 62208K, reserved 1114112K
  class space    used 6056K, committed 6656K, reserved 1048576K
}
Event: 132.412 GC heap after
{Heap after GC invocations=82 (full 3):
 PSYoungGen      total 8192K, used 1268K [0x00000000eab00000, 0x00000000eb680000, 0x0000000100000000)
  eden space 6656K, 0% used [0x00000000eab00000,0x00000000eab00000,0x00000000eb180000)
  from space 1536K, 82% used [0x00000000eb180000,0x00000000eb2bd108,0x00000000eb300000)
  to   space 2560K, 0% used [0x00000000eb400000,0x00000000eb400000,0x00000000eb680000)
 ParOldGen       total 131584K, used 131302K [0x00000000c0000000, 0x00000000c8080000, 0x00000000eab00000)
  object space 131584K, 99% used [0x00000000c0000000,0x00000000c8039910,0x00000000c8080000)
 Metaspace       used 60873K, committed 62208K, reserved 1114112K
  class space    used 6056K, committed 6656K, reserved 1048576K
}
Event: 137.279 GC heap before
{Heap before GC invocations=83 (full 3):
 PSYoungGen      total 8192K, used 7924K [0x00000000eab00000, 0x00000000eb680000, 0x0000000100000000)
  eden space 6656K, 100% used [0x00000000eab00000,0x00000000eb180000,0x00000000eb180000)
  from space 1536K, 82% used [0x00000000eb180000,0x00000000eb2bd108,0x00000000eb300000)
  to   space 2560K, 0% used [0x00000000eb400000,0x00000000eb400000,0x00000000eb680000)
 ParOldGen       total 131584K, used 131302K [0x00000000c0000000, 0x00000000c8080000, 0x00000000eab00000)
  object space 131584K, 99% used [0x00000000c0000000,0x00000000c8039910,0x00000000c8080000)
 Metaspace       used 60903K, committed 62208K, reserved 1114112K
  class space    used 6057K, committed 6656K, reserved 1048576K
}
Event: 137.298 GC heap after
{Heap after GC invocations=83 (full 3):
 PSYoungGen      total 8192K, used 1247K [0x00000000eab00000, 0x00000000eb580000, 0x0000000100000000)
  eden space 6656K, 0% used [0x00000000eab00000,0x00000000eab00000,0x00000000eb180000)
  from space 1536K, 81% used [0x00000000eb400000,0x00000000eb537d78,0x00000000eb580000)
  to   space 1536K, 0% used [0x00000000eb180000,0x00000000eb180000,0x00000000eb300000)
 ParOldGen       total 132608K, used 132486K [0x00000000c0000000, 0x00000000c8180000, 0x00000000eab00000)
  object space 132608K, 99% used [0x00000000c0000000,0x00000000c8161b28,0x00000000c8180000)
 Metaspace       used 60903K, committed 62208K, reserved 1114112K
  class space    used 6057K, committed 6656K, reserved 1048576K
}

Dll operation events (10 events):
Event: 0.023 Loaded shared library c:\Users\ADMIN\.vscode\extensions\redhat.java-1.42.0-win32-x64\jre\21.0.7-win32-x86_64\bin\java.dll
Event: 0.479 Loaded shared library c:\Users\ADMIN\.vscode\extensions\redhat.java-1.42.0-win32-x64\jre\21.0.7-win32-x86_64\bin\zip.dll
Event: 0.755 Loaded shared library C:\Users\ADMIN\.vscode\extensions\redhat.java-1.42.0-win32-x64\jre\21.0.7-win32-x86_64\bin\instrument.dll
Event: 0.766 Loaded shared library C:\Users\ADMIN\.vscode\extensions\redhat.java-1.42.0-win32-x64\jre\21.0.7-win32-x86_64\bin\net.dll
Event: 0.779 Loaded shared library C:\Users\ADMIN\.vscode\extensions\redhat.java-1.42.0-win32-x64\jre\21.0.7-win32-x86_64\bin\nio.dll
Event: 0.784 Loaded shared library C:\Users\ADMIN\.vscode\extensions\redhat.java-1.42.0-win32-x64\jre\21.0.7-win32-x86_64\bin\zip.dll
Event: 0.839 Loaded shared library C:\Users\ADMIN\.vscode\extensions\redhat.java-1.42.0-win32-x64\jre\21.0.7-win32-x86_64\bin\jimage.dll
Event: 1.378 Loaded shared library c:\Users\ADMIN\.vscode\extensions\redhat.java-1.42.0-win32-x64\jre\21.0.7-win32-x86_64\bin\verify.dll
Event: 12.152 Loaded shared library C:\Users\ADMIN\AppData\Roaming\Code\User\globalStorage\redhat.java\1.42.0\config_win\org.eclipse.equinox.launcher\org.eclipse.equinox.launcher.win32.win32.x86_64_1.2.1300.v20250331-1702\eclipse_11911.dll
Event: 32.402 Loaded shared library C:\Users\ADMIN\AppData\Local\Temp\jna-62130991\jna16309102183228465003.dll

Deoptimization events (20 events):
Event: 135.492 Thread 0x0000023e5f9a9bf0 Uncommon trap: trap_request=0xffffffde fr.pc=0x0000023e14050a48 relative=0x0000000000000248
Event: 135.492 Thread 0x0000023e5f9a9bf0 Uncommon trap: reason=class_check action=maybe_recompile pc=0x0000023e14050a48 method=java.io.BufferedReader.readLine(Z[Z)Ljava/lang/String; @ 6 c2
Event: 135.492 Thread 0x0000023e5f9a9bf0 DEOPT PACKING pc=0x0000023e14050a48 sp=0x000000c630cfe6c0
Event: 135.492 Thread 0x0000023e5f9a9bf0 DEOPT UNPACKING pc=0x0000023e137e6da2 sp=0x000000c630cfe5d8 mode 2
Event: 135.513 Thread 0x0000023e5f9a9bf0 Uncommon trap: trap_request=0xffffffde fr.pc=0x0000023e144a53dc relative=0x000000000000065c
Event: 135.513 Thread 0x0000023e5f9a9bf0 Uncommon trap: reason=class_check action=maybe_recompile pc=0x0000023e144a53dc method=java.util.stream.ReferencePipeline.collect(Ljava/util/stream/Collector;)Ljava/lang/Object; @ 118 c2
Event: 135.513 Thread 0x0000023e5f9a9bf0 DEOPT PACKING pc=0x0000023e144a53dc sp=0x000000c630cfea30
Event: 135.513 Thread 0x0000023e5f9a9bf0 DEOPT UNPACKING pc=0x0000023e137e6da2 sp=0x000000c630cfe9e8 mode 2
Event: 137.125 Thread 0x0000023e5f9a9bf0 Uncommon trap: trap_request=0xffffffde fr.pc=0x0000023e14050a48 relative=0x0000000000000248
Event: 137.125 Thread 0x0000023e5f9a9bf0 Uncommon trap: reason=class_check action=maybe_recompile pc=0x0000023e14050a48 method=java.io.BufferedReader.readLine(Z[Z)Ljava/lang/String; @ 6 c2
Event: 137.125 Thread 0x0000023e5f9a9bf0 DEOPT PACKING pc=0x0000023e14050a48 sp=0x000000c630cfde70
Event: 137.125 Thread 0x0000023e5f9a9bf0 DEOPT UNPACKING pc=0x0000023e137e6da2 sp=0x000000c630cfdd88 mode 2
Event: 137.125 Thread 0x0000023e5f9a9bf0 Uncommon trap: trap_request=0xffffffde fr.pc=0x0000023e14050a48 relative=0x0000000000000248
Event: 137.125 Thread 0x0000023e5f9a9bf0 Uncommon trap: reason=class_check action=maybe_recompile pc=0x0000023e14050a48 method=java.io.BufferedReader.readLine(Z[Z)Ljava/lang/String; @ 6 c2
Event: 137.125 Thread 0x0000023e5f9a9bf0 DEOPT PACKING pc=0x0000023e14050a48 sp=0x000000c630cfde70
Event: 137.125 Thread 0x0000023e5f9a9bf0 DEOPT UNPACKING pc=0x0000023e137e6da2 sp=0x000000c630cfdd88 mode 2
Event: 137.249 Thread 0x0000023e5f9a9bf0 Uncommon trap: trap_request=0xffffffde fr.pc=0x0000023e14051460 relative=0x0000000000000260
Event: 137.249 Thread 0x0000023e5f9a9bf0 Uncommon trap: reason=class_check action=maybe_recompile pc=0x0000023e14051460 method=java.io.BufferedReader.readLine(Z[Z)Ljava/lang/String; @ 6 c2
Event: 137.250 Thread 0x0000023e5f9a9bf0 DEOPT PACKING pc=0x0000023e14051460 sp=0x000000c630cfddf0
Event: 137.250 Thread 0x0000023e5f9a9bf0 DEOPT UNPACKING pc=0x0000023e137e6da2 sp=0x000000c630cfdd88 mode 2

Classes loaded (20 events):
Event: 105.182 Loading class java/util/regex/PatternSyntaxException
Event: 105.183 Loading class java/util/regex/PatternSyntaxException done
Event: 106.644 Loading class java/nio/file/FileTreeIterator
Event: 106.646 Loading class java/nio/file/FileTreeIterator done
Event: 111.019 Loading class jdk/internal/module/IllegalAccessLogger
Event: 111.019 Loading class jdk/internal/module/IllegalAccessLogger done
Event: 111.241 Loading class java/util/stream/ReferencePipeline$4
Event: 111.248 Loading class java/util/stream/ReferencePipeline$4 done
Event: 111.253 Loading class java/util/stream/Nodes$IntFixedNodeBuilder
Event: 111.254 Loading class java/util/stream/Node$Builder$OfInt
Event: 111.256 Loading class java/util/stream/Node$Builder$OfInt done
Event: 111.265 Loading class java/util/stream/Nodes$IntArrayNode
Event: 111.267 Loading class java/util/stream/Nodes$IntArrayNode done
Event: 111.267 Loading class java/util/stream/Nodes$IntFixedNodeBuilder done
Event: 111.269 Loading class java/util/stream/ReferencePipeline$4$1
Event: 111.269 Loading class java/util/stream/ReferencePipeline$4$1 done
Event: 120.081 Loading class java/util/ArrayDeque$DeqSpliterator
Event: 120.091 Loading class java/util/ArrayDeque$DeqSpliterator done
Event: 129.517 Loading class jdk/internal/module/IllegalAccessLogger
Event: 129.527 Loading class jdk/internal/module/IllegalAccessLogger done

Classes unloaded (7 events):
Event: 35.297 Thread 0x0000023e0912e020 Unloading class 0x0000023e1f1a4400 'java/lang/invoke/LambdaForm$MH+0x0000023e1f1a4400'
Event: 35.298 Thread 0x0000023e0912e020 Unloading class 0x0000023e1f1a4000 'java/lang/invoke/LambdaForm$MH+0x0000023e1f1a4000'
Event: 35.298 Thread 0x0000023e0912e020 Unloading class 0x0000023e1f1a3c00 'java/lang/invoke/LambdaForm$MH+0x0000023e1f1a3c00'
Event: 35.298 Thread 0x0000023e0912e020 Unloading class 0x0000023e1f1a3800 'java/lang/invoke/LambdaForm$MH+0x0000023e1f1a3800'
Event: 35.298 Thread 0x0000023e0912e020 Unloading class 0x0000023e1f1a3400 'java/lang/invoke/LambdaForm$BMH+0x0000023e1f1a3400'
Event: 35.298 Thread 0x0000023e0912e020 Unloading class 0x0000023e1f1a3000 'java/lang/invoke/LambdaForm$DMH+0x0000023e1f1a3000'
Event: 35.298 Thread 0x0000023e0912e020 Unloading class 0x0000023e1f1a1c00 'java/lang/invoke/LambdaForm$DMH+0x0000023e1f1a1c00'

Classes redefined (0 events):
No events

Internal exceptions (20 events):
Event: 105.686 Thread 0x0000023e65cd6070 Exception <a 'sun/nio/fs/WindowsException'{0x00000000eb235ad0}> (0x00000000eb235ad0) 
thrown [s\src\hotspot\share\prims\jni.cpp, line 520]
Event: 105.687 Thread 0x0000023e65cd6d90 Exception <a 'sun/nio/fs/WindowsException'{0x00000000eb22e2b8}> (0x00000000eb22e2b8) 
thrown [s\src\hotspot\share\prims\jni.cpp, line 520]
Event: 105.690 Thread 0x0000023e65cda8a0 Exception <a 'sun/nio/fs/WindowsException'{0x00000000eb234db0}> (0x00000000eb234db0) 
thrown [s\src\hotspot\share\prims\jni.cpp, line 520]
Event: 105.881 Thread 0x0000023e65cd6070 Exception <a 'sun/nio/fs/WindowsException'{0x00000000ead11c00}> (0x00000000ead11c00) 
thrown [s\src\hotspot\share\prims\jni.cpp, line 520]
Event: 105.889 Thread 0x0000023e65cda8a0 Exception <a 'sun/nio/fs/WindowsException'{0x00000000eada2458}> (0x00000000eada2458) 
thrown [s\src\hotspot\share\prims\jni.cpp, line 520]
Event: 109.389 Thread 0x0000023e5f9a9bf0 Implicit null exception at 0x0000023e14103ce8 to 0x0000023e14103e9c
Event: 111.119 Thread 0x0000023e65cd59e0 Implicit null exception at 0x0000023e14286252 to 0x0000023e142868ac
Event: 111.198 Thread 0x0000023e65cd59e0 Exception <a 'java/lang/NoSuchMethodError'{0x00000000eaf28a28}: 'void java.lang.invoke.DirectMethodHandle$Holder.invokeStatic(java.lang.Object, int, java.lang.Object)'> (0x00000000eaf28a28) 
thrown [s\src\hotspot\share\interpreter\linkResolver.cpp, line 773]
Event: 111.398 Thread 0x0000023e65cd59e0 Implicit null exception at 0x0000023e1433581e to 0x0000023e14335aa8
Event: 111.589 Thread 0x0000023e65cd59e0 Implicit null exception at 0x0000023e143548c3 to 0x0000023e14354948
Event: 117.238 Thread 0x0000023e65cd59e0 Implicit null exception at 0x0000023e13efe6c6 to 0x0000023e13efe734
Event: 127.644 Thread 0x0000023e5f9a9bf0 Exception <a 'sun/nio/fs/WindowsException'{0x00000000eaff2eb0}> (0x00000000eaff2eb0) 
thrown [s\src\hotspot\share\prims\jni.cpp, line 520]
Event: 127.661 Thread 0x0000023e65cd7420 Exception <a 'sun/nio/fs/WindowsException'{0x00000000eaff44c8}> (0x00000000eaff44c8) 
thrown [s\src\hotspot\share\prims\jni.cpp, line 520]
Event: 127.673 Thread 0x0000023e65cd7420 Exception <a 'sun/nio/fs/WindowsException'{0x00000000eaff5840}> (0x00000000eaff5840) 
thrown [s\src\hotspot\share\prims\jni.cpp, line 520]
Event: 129.272 Thread 0x0000023e5f9a9bf0 Implicit null exception at 0x0000023e1436d8d4 to 0x0000023e1436e7f8
Event: 129.382 Thread 0x0000023e5f9a9bf0 Implicit null exception at 0x0000023e14364f9b to 0x0000023e14365008
Event: 129.894 Thread 0x0000023e5f9a9bf0 Exception <a 'sun/nio/fs/WindowsException'{0x00000000eadf7c80}> (0x00000000eadf7c80) 
thrown [s\src\hotspot\share\prims\jni.cpp, line 520]
Event: 129.895 Thread 0x0000023e5f9a9bf0 Exception <a 'sun/nio/fs/WindowsException'{0x00000000eadf82b0}> (0x00000000eadf82b0) 
thrown [s\src\hotspot\share\prims\jni.cpp, line 520]
Event: 129.913 Thread 0x0000023e5f9a9bf0 Exception <a 'sun/nio/fs/WindowsException'{0x00000000eadf8c58}> (0x00000000eadf8c58) 
thrown [s\src\hotspot\share\prims\jni.cpp, line 520]
Event: 129.914 Thread 0x0000023e5f9a9bf0 Exception <a 'sun/nio/fs/WindowsException'{0x00000000eadf9288}> (0x00000000eadf9288) 
thrown [s\src\hotspot\share\prims\jni.cpp, line 520]

ZGC Phase Switch (0 events):
No events

VM Operations (20 events):
Event: 127.954 Executing VM operation: ParallelGCFailedAllocation (Allocation Failure)
Event: 128.011 Executing VM operation: ParallelGCFailedAllocation (Allocation Failure) done
Event: 128.897 Executing VM operation: ParallelGCFailedAllocation (Allocation Failure)
Event: 128.912 Executing VM operation: ParallelGCFailedAllocation (Allocation Failure) done
Event: 129.915 Executing VM operation: Cleanup
Event: 129.933 Executing VM operation: Cleanup done
Event: 130.949 Executing VM operation: Cleanup
Event: 131.069 Executing VM operation: Cleanup done
Event: 132.085 Executing VM operation: Cleanup
Event: 132.134 Executing VM operation: Cleanup done
Event: 132.362 Executing VM operation: ParallelGCFailedAllocation (Allocation Failure)
Event: 132.412 Executing VM operation: ParallelGCFailedAllocation (Allocation Failure) done
Event: 133.413 Executing VM operation: Cleanup
Event: 133.571 Executing VM operation: Cleanup done
Event: 134.572 Executing VM operation: Cleanup
Event: 135.222 Executing VM operation: Cleanup done
Event: 136.226 Executing VM operation: Cleanup
Event: 136.362 Executing VM operation: Cleanup done
Event: 137.255 Executing VM operation: ParallelGCFailedAllocation (Allocation Failure)
Event: 137.298 Executing VM operation: ParallelGCFailedAllocation (Allocation Failure) done

Memory protections (0 events):
No events

Nmethod flushes (20 events):
Event: 112.584 Thread 0x0000023e0912e020 flushing  nmethod 0x0000023e0cc7d790
Event: 112.585 Thread 0x0000023e0912e020 flushing  nmethod 0x0000023e0cc7eb10
Event: 112.585 Thread 0x0000023e0912e020 flushing  nmethod 0x0000023e0cc82290
Event: 112.585 Thread 0x0000023e0912e020 flushing  nmethod 0x0000023e0cc82710
Event: 112.585 Thread 0x0000023e0912e020 flushing  nmethod 0x0000023e0cc83210
Event: 112.585 Thread 0x0000023e0912e020 flushing  nmethod 0x0000023e0cc83b10
Event: 112.585 Thread 0x0000023e0912e020 flushing  nmethod 0x0000023e0cc84210
Event: 112.585 Thread 0x0000023e0912e020 flushing  nmethod 0x0000023e0cc8ab10
Event: 112.585 Thread 0x0000023e0912e020 flushing  nmethod 0x0000023e0cc99a10
Event: 112.585 Thread 0x0000023e0912e020 flushing  nmethod 0x0000023e0cc9b090
Event: 112.585 Thread 0x0000023e0912e020 flushing  nmethod 0x0000023e0cc9e490
Event: 112.585 Thread 0x0000023e0912e020 flushing  nmethod 0x0000023e0ccad790
Event: 112.586 Thread 0x0000023e0912e020 flushing  nmethod 0x0000023e0ccae810
Event: 112.586 Thread 0x0000023e0912e020 flushing  nmethod 0x0000023e0cce9790
Event: 112.586 Thread 0x0000023e0912e020 flushing  nmethod 0x0000023e0ccecf90
Event: 112.586 Thread 0x0000023e0912e020 flushing  nmethod 0x0000023e0cd1a710
Event: 112.587 Thread 0x0000023e0912e020 flushing  nmethod 0x0000023e0cd29790
Event: 112.587 Thread 0x0000023e0912e020 flushing  nmethod 0x0000023e0cd2b790
Event: 112.587 Thread 0x0000023e0912e020 flushing  nmethod 0x0000023e0cd2fb10
Event: 112.587 Thread 0x0000023e0912e020 flushing  nmethod 0x0000023e0cd3bd10

Events (20 events):
Event: 47.480 Thread 0x0000023e5f9ab630 Thread added: 0x0000023e5f9a9bf0
Event: 48.928 Thread 0x0000023e5f9a9bf0 Thread added: 0x0000023e5f9aa910
Event: 50.152 Thread 0x0000023e09075bb0 Thread added: 0x0000023e5f9aafa0
Event: 50.154 Thread 0x0000023e09075bb0 Thread added: 0x0000023e65cd8e60
Event: 50.154 Thread 0x0000023e09075bb0 Thread added: 0x0000023e65cdbc50
Event: 50.154 Thread 0x0000023e09075bb0 Thread added: 0x0000023e65cd94f0
Event: 50.154 Thread 0x0000023e09075bb0 Thread added: 0x0000023e65cd4cc0
Event: 50.698 Thread 0x0000023e09075bb0 Thread added: 0x0000023e65cd9b80
Event: 52.264 Thread 0x0000023e09075bb0 Thread added: 0x0000023e65cd6700
Event: 52.264 Thread 0x0000023e09075bb0 Thread added: 0x0000023e65cdb5c0
Event: 72.998 Thread 0x0000023e5f9a9bf0 Thread added: 0x0000023e65cd5350
Event: 99.448 Thread 0x0000023e5f9a9bf0 Thread added: 0x0000023e65cd6d90
Event: 99.474 Thread 0x0000023e65cd6d90 Thread added: 0x0000023e65cda8a0
Event: 99.488 Thread 0x0000023e65cd6d90 Thread added: 0x0000023e65cd7420
Event: 99.783 Thread 0x0000023e5f9a9bf0 Thread added: 0x0000023e65cd7ab0
Event: 104.037 Thread 0x0000023e5f9a9bf0 Thread added: 0x0000023e65cd59e0
Event: 104.863 Thread 0x0000023e5f9a9bf0 Thread added: 0x0000023e65cda210
Event: 105.681 Thread 0x0000023e65cd7420 Thread added: 0x0000023e65cd6070
Event: 106.253 Thread 0x0000023e5f9a9bf0 Thread added: 0x0000023e65cd8140
Event: 111.257 Thread 0x0000023e5f9a9bf0 Thread added: 0x0000023e65cdc2e0


Dynamic libraries:
0x00007ff738ed0000 - 0x00007ff738ede000 	c:\Users\ADMIN\.vscode\extensions\redhat.java-1.42.0-win32-x64\jre\21.0.7-win32-x86_64\bin\java.exe
0x00007ff99e170000 - 0x00007ff99e387000 	C:\WINDOWS\SYSTEM32\ntdll.dll
0x00007ff99d480000 - 0x00007ff99d544000 	C:\WINDOWS\System32\KERNEL32.DLL
0x00007ff99b5b0000 - 0x00007ff99b983000 	C:\WINDOWS\System32\KERNELBASE.dll
0x00007ff99bc60000 - 0x00007ff99bd71000 	C:\WINDOWS\System32\ucrtbase.dll
0x00007ff95dbc0000 - 0x00007ff95dbd8000 	c:\Users\ADMIN\.vscode\extensions\redhat.java-1.42.0-win32-x64\jre\21.0.7-win32-x86_64\bin\jli.dll
0x00007ff99c140000 - 0x00007ff99c2f1000 	C:\WINDOWS\System32\USER32.dll
0x00007ff99b500000 - 0x00007ff99b526000 	C:\WINDOWS\System32\win32u.dll
0x00007ff99c000000 - 0x00007ff99c029000 	C:\WINDOWS\System32\GDI32.dll
0x00007ff99b9c0000 - 0x00007ff99bae2000 	C:\WINDOWS\System32\gdi32full.dll
0x00007ff99b320000 - 0x00007ff99b3ba000 	C:\WINDOWS\System32\msvcp_win.dll
0x00007ff980a40000 - 0x00007ff980cdb000 	C:\WINDOWS\WinSxS\amd64_microsoft.windows.common-controls_6595b64144ccf1df_6.0.22621.5262_none_2712bde373830908\COMCTL32.dll
0x00007ff99dff0000 - 0x00007ff99e097000 	C:\WINDOWS\System32\msvcrt.dll
0x00007ff95bac0000 - 0x00007ff95bade000 	c:\Users\ADMIN\.vscode\extensions\redhat.java-1.42.0-win32-x64\jre\21.0.7-win32-x86_64\bin\VCRUNTIME140.dll
0x00007ff99cc20000 - 0x00007ff99cc51000 	C:\WINDOWS\System32\IMM32.DLL
0x00007ff97f0d0000 - 0x00007ff97f0dc000 	c:\Users\ADMIN\.vscode\extensions\redhat.java-1.42.0-win32-x64\jre\21.0.7-win32-x86_64\bin\vcruntime140_1.dll
0x00007ff9555e0000 - 0x00007ff95566d000 	c:\Users\ADMIN\.vscode\extensions\redhat.java-1.42.0-win32-x64\jre\21.0.7-win32-x86_64\bin\msvcp140.dll
0x00007ff93a370000 - 0x00007ff93b100000 	c:\Users\ADMIN\.vscode\extensions\redhat.java-1.42.0-win32-x64\jre\21.0.7-win32-x86_64\bin\server\jvm.dll
0x00007ff99dea0000 - 0x00007ff99df51000 	C:\WINDOWS\System32\ADVAPI32.dll
0x00007ff99d2f0000 - 0x00007ff99d397000 	C:\WINDOWS\System32\sechost.dll
0x00007ff99b990000 - 0x00007ff99b9b8000 	C:\WINDOWS\System32\bcrypt.dll
0x00007ff99d0e0000 - 0x00007ff99d1f4000 	C:\WINDOWS\System32\RPCRT4.dll
0x00007ff99e0b0000 - 0x00007ff99e121000 	C:\WINDOWS\System32\WS2_32.dll
0x00007ff99b130000 - 0x00007ff99b17d000 	C:\WINDOWS\SYSTEM32\POWRPROF.dll
0x00007ff996980000 - 0x00007ff9969b4000 	C:\WINDOWS\SYSTEM32\WINMM.dll
0x00007ff9967c0000 - 0x00007ff9967ca000 	C:\WINDOWS\SYSTEM32\VERSION.dll
0x00007ff99b110000 - 0x00007ff99b123000 	C:\WINDOWS\SYSTEM32\UMPDC.dll
0x00007ff99a260000 - 0x00007ff99a278000 	C:\WINDOWS\SYSTEM32\kernel.appcore.dll
0x00007ff97eab0000 - 0x00007ff97eaba000 	c:\Users\ADMIN\.vscode\extensions\redhat.java-1.42.0-win32-x64\jre\21.0.7-win32-x86_64\bin\jimage.dll
0x00007ff998c00000 - 0x00007ff998e32000 	C:\WINDOWS\SYSTEM32\DBGHELP.DLL
0x00007ff99c300000 - 0x00007ff99c693000 	C:\WINDOWS\System32\combase.dll
0x00007ff99d3a0000 - 0x00007ff99d477000 	C:\WINDOWS\System32\OLEAUT32.dll
0x00007ff979f40000 - 0x00007ff979f72000 	C:\WINDOWS\SYSTEM32\dbgcore.DLL
0x00007ff99b530000 - 0x00007ff99b5ab000 	C:\WINDOWS\System32\bcryptPrimitives.dll
0x00007ff98c4a0000 - 0x00007ff98c4af000 	c:\Users\ADMIN\.vscode\extensions\redhat.java-1.42.0-win32-x64\jre\21.0.7-win32-x86_64\bin\instrument.dll
0x00007ff955b90000 - 0x00007ff955baf000 	c:\Users\ADMIN\.vscode\extensions\redhat.java-1.42.0-win32-x64\jre\21.0.7-win32-x86_64\bin\java.dll
0x00007ff99d600000 - 0x00007ff99de9d000 	C:\WINDOWS\System32\SHELL32.dll
0x00007ff99b3c0000 - 0x00007ff99b4ff000 	C:\WINDOWS\System32\wintypes.dll
0x00007ff999150000 - 0x00007ff999a6d000 	C:\WINDOWS\SYSTEM32\windows.storage.dll
0x00007ff99c030000 - 0x00007ff99c13b000 	C:\WINDOWS\System32\SHCORE.dll
0x00007ff99d210000 - 0x00007ff99d276000 	C:\WINDOWS\System32\shlwapi.dll
0x00007ff99b190000 - 0x00007ff99b1bb000 	C:\WINDOWS\SYSTEM32\profapi.dll
0x00007ff955a20000 - 0x00007ff955a38000 	c:\Users\ADMIN\.vscode\extensions\redhat.java-1.42.0-win32-x64\jre\21.0.7-win32-x86_64\bin\zip.dll
0x00007ff97e620000 - 0x00007ff97e630000 	C:\Users\ADMIN\.vscode\extensions\redhat.java-1.42.0-win32-x64\jre\21.0.7-win32-x86_64\bin\net.dll
0x00007ff994810000 - 0x00007ff99493c000 	C:\WINDOWS\SYSTEM32\WINHTTP.dll
0x00007ff99a6e0000 - 0x00007ff99a74a000 	C:\WINDOWS\system32\mswsock.dll
0x00007ff951580000 - 0x00007ff951596000 	C:\Users\ADMIN\.vscode\extensions\redhat.java-1.42.0-win32-x64\jre\21.0.7-win32-x86_64\bin\nio.dll
0x00007ff983450000 - 0x00007ff983460000 	c:\Users\ADMIN\.vscode\extensions\redhat.java-1.42.0-win32-x64\jre\21.0.7-win32-x86_64\bin\verify.dll
0x00007ff9534d0000 - 0x00007ff953515000 	C:\Users\ADMIN\AppData\Roaming\Code\User\globalStorage\redhat.java\1.42.0\config_win\org.eclipse.equinox.launcher\org.eclipse.equinox.launcher.win32.win32.x86_64_1.2.1300.v20250331-1702\eclipse_11911.dll
0x00007ff99ca70000 - 0x00007ff99cc11000 	C:\WINDOWS\System32\ole32.dll
0x00007ff99a910000 - 0x00007ff99a92b000 	C:\WINDOWS\SYSTEM32\CRYPTSP.dll
0x00007ff99a1c0000 - 0x00007ff99a1f7000 	C:\WINDOWS\system32\rsaenh.dll
0x00007ff99a7a0000 - 0x00007ff99a7c8000 	C:\WINDOWS\SYSTEM32\USERENV.dll
0x00007ff99a900000 - 0x00007ff99a90c000 	C:\WINDOWS\SYSTEM32\CRYPTBASE.dll
0x00007ff999d10000 - 0x00007ff999d3d000 	C:\WINDOWS\SYSTEM32\IPHLPAPI.DLL
0x00007ff99d200000 - 0x00007ff99d209000 	C:\WINDOWS\System32\NSI.dll
0x00007ff9532a0000 - 0x00007ff9532e9000 	C:\Users\ADMIN\AppData\Local\Temp\jna-62130991\jna16309102183228465003.dll
0x00007ff99e0a0000 - 0x00007ff99e0a8000 	C:\WINDOWS\System32\PSAPI.DLL
0x00007ff9947a0000 - 0x00007ff9947b9000 	C:\WINDOWS\SYSTEM32\dhcpcsvc6.DLL
0x00007ff994630000 - 0x00007ff99464f000 	C:\WINDOWS\SYSTEM32\dhcpcsvc.DLL

dbghelp: loaded successfully - version: 4.0.5 - missing functions: none
symbol engine: initialized successfully - sym options: 0x614 - pdb path: .;c:\Users\ADMIN\.vscode\extensions\redhat.java-1.42.0-win32-x64\jre\21.0.7-win32-x86_64\bin;C:\WINDOWS\SYSTEM32;C:\WINDOWS\WinSxS\amd64_microsoft.windows.common-controls_6595b64144ccf1df_6.0.22621.5262_none_2712bde373830908;c:\Users\ADMIN\.vscode\extensions\redhat.java-1.42.0-win32-x64\jre\21.0.7-win32-x86_64\bin\server;C:\Users\ADMIN\AppData\Roaming\Code\User\globalStorage\redhat.java\1.42.0\config_win\org.eclipse.equinox.launcher\org.eclipse.equinox.launcher.win32.win32.x86_64_1.2.1300.v20250331-1702;C:\Users\ADMIN\AppData\Local\Temp\jna-62130991

VM Arguments:
jvm_args: --add-modules=ALL-SYSTEM --add-opens=java.base/java.util=ALL-UNNAMED --add-opens=java.base/java.lang=ALL-UNNAMED --add-opens=java.base/sun.nio.fs=ALL-UNNAMED -Declipse.application=org.eclipse.jdt.ls.core.id1 -Dosgi.bundles.defaultStartLevel=4 -Declipse.product=org.eclipse.jdt.ls.core.product -Djava.import.generatesMetadataFilesAtProjectRoot=false -DDetectVMInstallationsJob.disabled=true -Dfile.encoding=utf8 -XX:+UseParallelGC -XX:GCTimeRatio=4 -XX:AdaptiveSizePolicyWeight=90 -Dsun.zip.disableMemoryMapping=true -Xmx1G -Xms100m -Xlog:disable -javaagent:c:\Users\ADMIN\.vscode\extensions\redhat.java-1.42.0-win32-x64\lombok\lombok-1.18.36.jar -XX:+HeapDumpOnOutOfMemoryError -XX:HeapDumpPath=c:\Users\ADMIN\AppData\Roaming\Code\User\workspaceStorage\3aee1dc51a8e176d073eb485a32cd561\redhat.java -Daether.dependencyCollector.impl=bf 
java_command: c:\Users\ADMIN\.vscode\extensions\redhat.java-1.42.0-win32-x64\server\plugins\org.eclipse.equinox.launcher_1.7.0.v20250424-1814.jar -configuration c:\Users\ADMIN\AppData\Roaming\Code\User\globalStorage\redhat.java\1.42.0\config_win -data c:\Users\ADMIN\AppData\Roaming\Code\User\workspaceStorage\3aee1dc51a8e176d073eb485a32cd561\redhat.java\jdt_ws --pipe=\\.\pipe\lsp-c817cb28d95775efe7475adbb09a4b25-sock
java_class_path (initial): c:\Users\ADMIN\.vscode\extensions\redhat.java-1.42.0-win32-x64\server\plugins\org.eclipse.equinox.launcher_1.7.0.v20250424-1814.jar
Launcher Type: SUN_STANDARD

[Global flags]
    uintx AdaptiveSizePolicyWeight                 = 90                                        {product} {command line}
     intx CICompilerCount                          = 3                                         {product} {ergonomic}
    uintx GCTimeRatio                              = 4                                         {product} {command line}
     bool HeapDumpOnOutOfMemoryError               = true                                   {manageable} {command line}
    ccstr HeapDumpPath                             = c:\Users\ADMIN\AppData\Roaming\Code\User\workspaceStorage\3aee1dc51a8e176d073eb485a32cd561\redhat.java         {manageable} {command line}
   size_t InitialHeapSize                          = 104857600                                 {product} {command line}
   size_t MaxHeapSize                              = 1073741824                                {product} {command line}
   size_t MaxNewSize                               = 357564416                                 {product} {ergonomic}
   size_t MinHeapDeltaBytes                        = 524288                                    {product} {ergonomic}
   size_t MinHeapSize                              = 104857600                                 {product} {command line}
   size_t NewSize                                  = 34603008                                  {product} {ergonomic}
    uintx NonNMethodCodeHeapSize                   = 5832780                                {pd product} {ergonomic}
    uintx NonProfiledCodeHeapSize                  = 122912730                              {pd product} {ergonomic}
   size_t OldSize                                  = 70254592                                  {product} {ergonomic}
    uintx ProfiledCodeHeapSize                     = 122912730                              {pd product} {ergonomic}
    uintx ReservedCodeCacheSize                    = 251658240                              {pd product} {ergonomic}
     bool SegmentedCodeCache                       = true                                      {product} {ergonomic}
   size_t SoftMaxHeapSize                          = 1073741824                             {manageable} {ergonomic}
     bool UseCompressedOops                        = true                           {product lp64_product} {ergonomic}
     bool UseLargePagesIndividualAllocation        = false                                  {pd product} {ergonomic}
     bool UseParallelGC                            = true                                      {product} {command line}

Logging:
Log output configuration:
 #0: stdout all=off uptime,level,tags foldmultilines=false
 #1: stderr all=off uptime,level,tags foldmultilines=false

Environment Variables:
JAVA_HOME=C:\Program Files\Java\jdk-24
PATH=C:\Program Files\Common Files\Oracle\Java\javapath;C:\WINDOWS\system32;C:\WINDOWS;C:\WINDOWS\System32\Wbem;C:\WINDOWS\System32\WindowsPowerShell\v1.0\;C:\WINDOWS\System32\OpenSSH\;C:\MinGW\bin;C:\MinGW\mingw32\bin;E:\msys64\ucrt64\bin;C:\Program Files (x86)\Microsoft SQL Server\160\Tools\Binn\;C:\Program Files\Microsoft SQL Server\160\Tools\Binn\;C:\Program Files\Microsoft SQL Server\Client SDK\ODBC\170\Tools\Binn\;C:\Program Files\Microsoft SQL Server\160\DTS\Binn\;C:\Program Files (x86)\Microsoft SQL Server\160\DTS\Binn\;C:\Users\ADMIN\AppData\Local\Microsoft\WindowsApps;C:\Program Files\JetBrains\PyCharm Community Edition 2021.3.3\bin;E:\Microsoft VS Code\bin;C:\Program Files (x86)\Nmap;C:\Users\ADMIN\AppData\Local\Microsoft\WinGet\Packages\Schniz.fnm_Microsoft.Winget.Source_8wekyb3d8bbwe;C:\Users\ADMIN\AppData\Roaming\fnm\node-versions\v22.14.0\installation;C:\Program Files\Erlang OTP\bin;C:\Program Files\RabbitMQ Server\rabbitmq_server-4.0.7\sbin;C:\Program Files\Java\jdk-24\bin;C:\Program Files\Docker\Docker\resources\bin;C:\Program Files\Git\cmd;E:\apache-maven-3.9.9-bin\apache-maven-3.9.9\bin;C:\Program Files\nodejs\;C:\Users\ADMIN\AppData\Local\Microsoft\WindowsApps;C:\Program Files\JetBrains\PyCharm Community Edition 2021.3.3\bin;;C:\Program Files (x86)\Nmap;C:\Users\ADMIN\AppData\Local\Microsoft\WinGet\Packages\Schniz.fnm_Microsoft.Winget.Source_8wekyb3d8bbwe;C:\Users\ADMIN\AppData\Local\Programs\Microsoft VS Code\bin;C:\Users\ADMIN\AppData\Roaming\npm
USERNAME=ADMIN
OS=Windows_NT
PROCESSOR_IDENTIFIER=Intel64 Family 6 Model 126 Stepping 5, GenuineIntel
TMP=C:\Users\ADMIN\AppData\Local\Temp
TEMP=C:\Users\ADMIN\AppData\Local\Temp




Periodic native trim disabled

---------------  S Y S T E M  ---------------

OS:
 Windows 11 , 64 bit Build 22621 (10.0.22621.5262)
OS uptime: 2 days 14:19 hours
Hyper-V role detected

CPU: total 4 (initial active 4) (2 cores per cpu, 2 threads per core) family 6 model 126 stepping 5 microcode 0xa0, cx8, cmov, fxsr, ht, mmx, 3dnowpref, sse, sse2, sse3, ssse3, sse4.1, sse4.2, popcnt, lzcnt, tsc, tscinvbit, avx, avx2, aes, erms, clmul, bmi1, bmi2, adx, avx512f, avx512dq, avx512cd, avx512bw, avx512vl, sha, fma, vzeroupper, avx512_vpopcntdq, avx512_vpclmulqdq, avx512_vaes, avx512_vnni, clflush, clflushopt, avx512_vbmi2, avx512_vbmi, hv, rdtscp, rdpid, fsrm, gfni, avx512_bitalg, f16c, avx512_ifma
Processor Information for the first 4 processors :
  Max Mhz: 1190, Current Mhz: 1190, Mhz Limit: 1190

Memory: 4k page, system-wide physical 3784M (22M free)
TotalPageFile size 15560M (AvailPageFile size 3M)
current process WorkingSet (physical memory assigned to process): 123M, peak: 235M
current process commit charge ("private bytes"): 391M, peak: 395M

vm_info: OpenJDK 64-Bit Server VM (21.0.7+6-LTS) for windows-amd64 JRE (21.0.7+6-LTS), built on 2025-04-15T00:00:00Z by "admin" with MS VC++ 17.7 (VS2022)

END.
